[0.545s] DEBUG:colcon:Command line arguments: ['/home/nick/.local/bin/colcon', 'build']
[0.545s] DEBUG:colcon:Parsed command line arguments: Namespace(ament_cmake_args=None, base_paths='.', build_base='build', catkin_cmake_args=None, catkin_skip_building_tests=False, cmake_args=None, cmake_clean_cache=False, cmake_clean_first=False, cmake_force_configure=False, cmake_target=None, cmake_target_skip_unavailable=False, continue_on_error=False, event_handlers=None, executor='parallel', ignore_user_meta=False, install_base='install', log_base='log', log_level=None, main=<bound method BuildVerb.main of <colcon_core.verb.build.BuildVerb object at 0x7f254496fe80>>, merge_install=False, metas='./colcon.meta', packages_above=None, packages_end=None, packages_ignore=None, packages_ignore_regex=None, packages_select=None, packages_select_build_failed=False, packages_select_by_dep=None, packages_select_regex=None, packages_select_test_failures=False, packages_skip=None, packages_skip_build_finished=False, packages_skip_by_dep=None, packages_skip_regex=None, packages_skip_test_passed=False, packages_skip_up_to=None, packages_start=None, packages_up_to=None, parallel_workers=4, paths=None, symlink_install=False, test_result_base=None, verb_extension=<colcon_core.verb.build.BuildVerb object at 0x7f254496fe80>, verb_name='build', verb_parser=<colcon_defaults.argument_parser.defaults.DefaultArgumentsDecorator object at 0x7f25441cc4a8>)
[0.608s] Level 1:colcon.colcon_core.package_discovery:discover_packages(colcon_meta) check parameters
[0.609s] Level 1:colcon.colcon_core.package_discovery:discover_packages(recursive) check parameters
[0.609s] Level 1:colcon.colcon_core.package_discovery:discover_packages(ignore) check parameters
[0.609s] Level 1:colcon.colcon_core.package_discovery:discover_packages(path) check parameters
[0.609s] Level 1:colcon.colcon_core.package_discovery:discover_packages(recursive) discover
[0.609s] INFO:colcon.colcon_core.package_discovery:Crawling recursively for packages in '/home/nick/aws-robomaker-sample-application-roverrobotics/robot_ws'
[0.609s] Level 1:colcon.colcon_core.package_identification:_identify(/home/nick/aws-robomaker-sample-application-roverrobotics/robot_ws) by extensions ['ignore', 'ignore_ament_install']
[0.609s] Level 1:colcon.colcon_core.package_identification:_identify(/home/nick/aws-robomaker-sample-application-roverrobotics/robot_ws) by extension 'ignore'
[0.610s] Level 1:colcon.colcon_core.package_identification:_identify(/home/nick/aws-robomaker-sample-application-roverrobotics/robot_ws) by extension 'ignore_ament_install'
[0.610s] Level 1:colcon.colcon_core.package_identification:_identify(/home/nick/aws-robomaker-sample-application-roverrobotics/robot_ws) by extensions ['colcon_pkg']
[0.610s] Level 1:colcon.colcon_core.package_identification:_identify(/home/nick/aws-robomaker-sample-application-roverrobotics/robot_ws) by extension 'colcon_pkg'
[0.610s] Level 1:colcon.colcon_core.package_identification:_identify(/home/nick/aws-robomaker-sample-application-roverrobotics/robot_ws) by extensions ['colcon_meta']
[0.610s] Level 1:colcon.colcon_core.package_identification:_identify(/home/nick/aws-robomaker-sample-application-roverrobotics/robot_ws) by extension 'colcon_meta'
[0.610s] Level 1:colcon.colcon_core.package_identification:_identify(/home/nick/aws-robomaker-sample-application-roverrobotics/robot_ws) by extensions ['ros']
[0.610s] Level 1:colcon.colcon_core.package_identification:_identify(/home/nick/aws-robomaker-sample-application-roverrobotics/robot_ws) by extension 'ros'
[0.622s] Level 1:colcon.colcon_core.package_identification:_identify(/home/nick/aws-robomaker-sample-application-roverrobotics/robot_ws) by extensions ['cmake', 'python']
[0.622s] Level 1:colcon.colcon_core.package_identification:_identify(/home/nick/aws-robomaker-sample-application-roverrobotics/robot_ws) by extension 'cmake'
[0.622s] Level 1:colcon.colcon_core.package_identification:_identify(/home/nick/aws-robomaker-sample-application-roverrobotics/robot_ws) by extension 'python'
[0.622s] Level 1:colcon.colcon_core.package_identification:_identify(/home/nick/aws-robomaker-sample-application-roverrobotics/robot_ws) by extensions ['python_setup_py']
[0.622s] Level 1:colcon.colcon_core.package_identification:_identify(/home/nick/aws-robomaker-sample-application-roverrobotics/robot_ws) by extension 'python_setup_py'
[0.622s] Level 1:colcon.colcon_core.package_identification:_identify(/home/nick/aws-robomaker-sample-application-roverrobotics/robot_ws/build) by extensions ['ignore', 'ignore_ament_install']
[0.622s] Level 1:colcon.colcon_core.package_identification:_identify(/home/nick/aws-robomaker-sample-application-roverrobotics/robot_ws/build) by extension 'ignore'
[0.622s] Level 1:colcon.colcon_core.package_identification:_identify(/home/nick/aws-robomaker-sample-application-roverrobotics/robot_ws/build) ignored
[0.623s] Level 1:colcon.colcon_core.package_identification:_identify(/home/nick/aws-robomaker-sample-application-roverrobotics/robot_ws/install) by extensions ['ignore', 'ignore_ament_install']
[0.623s] Level 1:colcon.colcon_core.package_identification:_identify(/home/nick/aws-robomaker-sample-application-roverrobotics/robot_ws/install) by extension 'ignore'
[0.623s] Level 1:colcon.colcon_core.package_identification:_identify(/home/nick/aws-robomaker-sample-application-roverrobotics/robot_ws/install) ignored
[0.623s] Level 1:colcon.colcon_core.package_identification:_identify(/home/nick/aws-robomaker-sample-application-roverrobotics/robot_ws/log) by extensions ['ignore', 'ignore_ament_install']
[0.623s] Level 1:colcon.colcon_core.package_identification:_identify(/home/nick/aws-robomaker-sample-application-roverrobotics/robot_ws/log) by extension 'ignore'
[0.623s] Level 1:colcon.colcon_core.package_identification:_identify(/home/nick/aws-robomaker-sample-application-roverrobotics/robot_ws/log) ignored
[0.623s] Level 1:colcon.colcon_core.package_identification:_identify(/home/nick/aws-robomaker-sample-application-roverrobotics/robot_ws/src) by extensions ['ignore', 'ignore_ament_install']
[0.623s] Level 1:colcon.colcon_core.package_identification:_identify(/home/nick/aws-robomaker-sample-application-roverrobotics/robot_ws/src) by extension 'ignore'
[0.623s] Level 1:colcon.colcon_core.package_identification:_identify(/home/nick/aws-robomaker-sample-application-roverrobotics/robot_ws/src) by extension 'ignore_ament_install'
[0.623s] Level 1:colcon.colcon_core.package_identification:_identify(/home/nick/aws-robomaker-sample-application-roverrobotics/robot_ws/src) by extensions ['colcon_pkg']
[0.624s] Level 1:colcon.colcon_core.package_identification:_identify(/home/nick/aws-robomaker-sample-application-roverrobotics/robot_ws/src) by extension 'colcon_pkg'
[0.624s] Level 1:colcon.colcon_core.package_identification:_identify(/home/nick/aws-robomaker-sample-application-roverrobotics/robot_ws/src) by extensions ['colcon_meta']
[0.624s] Level 1:colcon.colcon_core.package_identification:_identify(/home/nick/aws-robomaker-sample-application-roverrobotics/robot_ws/src) by extension 'colcon_meta'
[0.624s] Level 1:colcon.colcon_core.package_identification:_identify(/home/nick/aws-robomaker-sample-application-roverrobotics/robot_ws/src) by extensions ['ros']
[0.624s] Level 1:colcon.colcon_core.package_identification:_identify(/home/nick/aws-robomaker-sample-application-roverrobotics/robot_ws/src) by extension 'ros'
[0.624s] Level 1:colcon.colcon_core.package_identification:_identify(/home/nick/aws-robomaker-sample-application-roverrobotics/robot_ws/src) by extensions ['cmake', 'python']
[0.624s] Level 1:colcon.colcon_core.package_identification:_identify(/home/nick/aws-robomaker-sample-application-roverrobotics/robot_ws/src) by extension 'cmake'
[0.624s] Level 1:colcon.colcon_core.package_identification:_identify(/home/nick/aws-robomaker-sample-application-roverrobotics/robot_ws/src) by extension 'python'
[0.624s] Level 1:colcon.colcon_core.package_identification:_identify(/home/nick/aws-robomaker-sample-application-roverrobotics/robot_ws/src) by extensions ['python_setup_py']
[0.624s] Level 1:colcon.colcon_core.package_identification:_identify(/home/nick/aws-robomaker-sample-application-roverrobotics/robot_ws/src) by extension 'python_setup_py'
[0.624s] Level 1:colcon.colcon_core.package_identification:_identify(/home/nick/aws-robomaker-sample-application-roverrobotics/robot_ws/src/robot_app) by extensions ['ignore', 'ignore_ament_install']
[0.625s] Level 1:colcon.colcon_core.package_identification:_identify(/home/nick/aws-robomaker-sample-application-roverrobotics/robot_ws/src/robot_app) by extension 'ignore'
[0.625s] Level 1:colcon.colcon_core.package_identification:_identify(/home/nick/aws-robomaker-sample-application-roverrobotics/robot_ws/src/robot_app) by extension 'ignore_ament_install'
[0.625s] Level 1:colcon.colcon_core.package_identification:_identify(/home/nick/aws-robomaker-sample-application-roverrobotics/robot_ws/src/robot_app) by extensions ['colcon_pkg']
[0.625s] Level 1:colcon.colcon_core.package_identification:_identify(/home/nick/aws-robomaker-sample-application-roverrobotics/robot_ws/src/robot_app) by extension 'colcon_pkg'
[0.625s] Level 1:colcon.colcon_core.package_identification:_identify(/home/nick/aws-robomaker-sample-application-roverrobotics/robot_ws/src/robot_app) by extensions ['colcon_meta']
[0.625s] Level 1:colcon.colcon_core.package_identification:_identify(/home/nick/aws-robomaker-sample-application-roverrobotics/robot_ws/src/robot_app) by extension 'colcon_meta'
[0.625s] Level 1:colcon.colcon_core.package_identification:_identify(/home/nick/aws-robomaker-sample-application-roverrobotics/robot_ws/src/robot_app) by extensions ['ros']
[0.625s] Level 1:colcon.colcon_core.package_identification:_identify(/home/nick/aws-robomaker-sample-application-roverrobotics/robot_ws/src/robot_app) by extension 'ros'
[0.628s] DEBUG:colcon.colcon_core.package_identification:Package '/home/nick/aws-robomaker-sample-application-roverrobotics/robot_ws/src/robot_app' with type 'ros.catkin' and name 'robot_app'
[0.628s] Level 1:colcon.colcon_core.package_discovery:discover_packages(recursive) using defaults
[0.649s] Level 5:colcon.colcon_core.verb:set package 'robot_app' build argument 'cmake_args' from command line to 'None'
[0.649s] Level 5:colcon.colcon_core.verb:set package 'robot_app' build argument 'cmake_target' from command line to 'None'
[0.649s] Level 5:colcon.colcon_core.verb:set package 'robot_app' build argument 'cmake_target_skip_unavailable' from command line to 'False'
[0.649s] Level 5:colcon.colcon_core.verb:set package 'robot_app' build argument 'cmake_clean_cache' from command line to 'False'
[0.649s] Level 5:colcon.colcon_core.verb:set package 'robot_app' build argument 'cmake_clean_first' from command line to 'False'
[0.649s] Level 5:colcon.colcon_core.verb:set package 'robot_app' build argument 'cmake_force_configure' from command line to 'False'
[0.649s] Level 5:colcon.colcon_core.verb:set package 'robot_app' build argument 'ament_cmake_args' from command line to 'None'
[0.649s] Level 5:colcon.colcon_core.verb:set package 'robot_app' build argument 'catkin_cmake_args' from command line to 'None'
[0.649s] Level 5:colcon.colcon_core.verb:set package 'robot_app' build argument 'catkin_skip_building_tests' from command line to 'False'
[0.649s] DEBUG:colcon.colcon_core.verb:Building package 'robot_app' with the following arguments: {'ament_cmake_args': None, 'build_base': '/home/nick/aws-robomaker-sample-application-roverrobotics/robot_ws/build/robot_app', 'catkin_cmake_args': None, 'catkin_skip_building_tests': False, 'cmake_args': None, 'cmake_clean_cache': False, 'cmake_clean_first': False, 'cmake_force_configure': False, 'cmake_target': None, 'cmake_target_skip_unavailable': False, 'install_base': '/home/nick/aws-robomaker-sample-application-roverrobotics/robot_ws/install/robot_app', 'merge_install': False, 'path': '/home/nick/aws-robomaker-sample-application-roverrobotics/robot_ws/src/robot_app', 'symlink_install': False, 'test_result_base': None}
[0.664s] INFO:colcon.colcon_core.executor:Executing jobs using 'parallel' executor
[0.665s] DEBUG:colcon.colcon_parallel_executor.executor.parallel:run_until_complete
[0.665s] INFO:colcon.colcon_ros.task.catkin.build:Building ROS package in '/home/nick/aws-robomaker-sample-application-roverrobotics/robot_ws/src/robot_app' with build type 'catkin'
[0.665s] INFO:colcon.colcon_cmake.task.cmake.build:Building CMake package in '/home/nick/aws-robomaker-sample-application-roverrobotics/robot_ws/src/robot_app'
[0.675s] INFO:colcon.colcon_core.plugin_system:Skipping extension 'colcon_core.shell.bat': Not used on non-Windows systems
[0.675s] INFO:colcon.colcon_core.shell:Skip shell extension 'powershell' for command environment: Not usable outside of PowerShell
[0.681s] WARNING:colcon.colcon_core.prefix_path.colcon:The path '/home/nick/MyApp/simulation_ws/install' in the environment variable COLCON_PREFIX_PATH doesn't exist
[0.681s] WARNING:colcon.colcon_core.prefix_path.colcon:The path '/home/nick/MyApp/robot_ws/install' in the environment variable COLCON_PREFIX_PATH doesn't exist
[0.681s] WARNING:colcon.colcon_ros.prefix_path.catkin:The path '/home/nick/MyApp/robot_ws/install/robot_app' in the environment variable CMAKE_PREFIX_PATH doesn't exist
[0.682s] WARNING:colcon.colcon_ros.prefix_path.catkin:The path '/opt/ros/melodic' in the environment variable CMAKE_PREFIX_PATH seems to be a catkin workspace but it doesn't contain any 'local_setup.*' files. Maybe the catkin version is not up-to-date?
[0.682s] DEBUG:colcon.colcon_core.shell:Ignoring prefix path '/opt/ros/crystal'
[0.691s] DEBUG:colcon.colcon_core.event_handler.log_command:Invoking command in '/home/nick/aws-robomaker-sample-application-roverrobotics/robot_ws/build/robot_app': /usr/bin/cmake /home/nick/aws-robomaker-sample-application-roverrobotics/robot_ws/src/robot_app -DCATKIN_INSTALL_INTO_PREFIX_ROOT=0 -DCMAKE_INSTALL_PREFIX=/home/nick/aws-robomaker-sample-application-roverrobotics/robot_ws/install/robot_app
[2.993s] DEBUG:colcon.colcon_core.event_handler.log_command:Invoked command in '/home/nick/aws-robomaker-sample-application-roverrobotics/robot_ws/build/robot_app' returned '0': /usr/bin/cmake /home/nick/aws-robomaker-sample-application-roverrobotics/robot_ws/src/robot_app -DCATKIN_INSTALL_INTO_PREFIX_ROOT=0 -DCMAKE_INSTALL_PREFIX=/home/nick/aws-robomaker-sample-application-roverrobotics/robot_ws/install/robot_app
[2.995s] DEBUG:colcon.colcon_core.event_handler.log_command:Invoking command in '/home/nick/aws-robomaker-sample-application-roverrobotics/robot_ws/build/robot_app': /usr/bin/cmake --build /home/nick/aws-robomaker-sample-application-roverrobotics/robot_ws/build/robot_app -- -j4 -l4
[3.035s] DEBUG:colcon.colcon_core.event_handler.log_command:Invoked command in '/home/nick/aws-robomaker-sample-application-roverrobotics/robot_ws/build/robot_app' returned '0': /usr/bin/cmake --build /home/nick/aws-robomaker-sample-application-roverrobotics/robot_ws/build/robot_app -- -j4 -l4
[3.067s] DEBUG:colcon.colcon_core.event_handler.log_command:Invoking command in '/home/nick/aws-robomaker-sample-application-roverrobotics/robot_ws/build/robot_app': /usr/bin/cmake --build /home/nick/aws-robomaker-sample-application-roverrobotics/robot_ws/build/robot_app --target tests -- -j4 -l4
[3.149s] DEBUG:colcon.colcon_core.event_handler.log_command:Invoked command in '/home/nick/aws-robomaker-sample-application-roverrobotics/robot_ws/build/robot_app' returned '0': /usr/bin/cmake --build /home/nick/aws-robomaker-sample-application-roverrobotics/robot_ws/build/robot_app --target tests -- -j4 -l4
[3.192s] DEBUG:colcon.colcon_core.event_handler.log_command:Invoking command in '/home/nick/aws-robomaker-sample-application-roverrobotics/robot_ws/build/robot_app': /usr/bin/cmake --build /home/nick/aws-robomaker-sample-application-roverrobotics/robot_ws/build/robot_app --target install
[3.313s] Level 1:colcon.colcon_core.shell:create_environment_hook('robot_app', 'ros_package_path')
[3.319s] INFO:colcon.colcon_core.shell:Creating environment hook '/home/nick/aws-robomaker-sample-application-roverrobotics/robot_ws/install/robot_app/share/robot_app/hook/ros_package_path.ps1'
[3.320s] INFO:colcon.colcon_core.shell:Creating environment hook '/home/nick/aws-robomaker-sample-application-roverrobotics/robot_ws/install/robot_app/share/robot_app/hook/ros_package_path.sh'
[3.321s] DEBUG:colcon.colcon_core.event_handler.log_command:Invoked command in '/home/nick/aws-robomaker-sample-application-roverrobotics/robot_ws/build/robot_app' returned '0': /usr/bin/cmake --build /home/nick/aws-robomaker-sample-application-roverrobotics/robot_ws/build/robot_app --target install
[3.321s] Level 1:colcon.colcon_ros.task.catkin:checking '/home/nick/aws-robomaker-sample-application-roverrobotics/robot_ws/install/robot_app/lib/python2.7/dist-packages'
[3.321s] Level 1:colcon.colcon_core.shell:create_environment_hook('robot_app', 'python2path')
[3.327s] INFO:colcon.colcon_core.shell:Creating environment hook '/home/nick/aws-robomaker-sample-application-roverrobotics/robot_ws/install/robot_app/share/robot_app/hook/python2path.ps1'
[3.327s] INFO:colcon.colcon_core.shell:Creating environment hook '/home/nick/aws-robomaker-sample-application-roverrobotics/robot_ws/install/robot_app/share/robot_app/hook/python2path.sh'
[3.327s] Level 1:colcon.colcon_ros.task.catkin:checking '/home/nick/aws-robomaker-sample-application-roverrobotics/robot_ws/install/robot_app/lib/python2.7/site-packages'
[3.333s] Level 1:colcon.colcon_core.environment:create_environment_scripts_only(robot_app)
[3.343s] Level 1:colcon.colcon_core.environment:checking '/home/nick/aws-robomaker-sample-application-roverrobotics/robot_ws/install/robot_app' for CMake module files
[3.344s] Level 1:colcon.colcon_core.environment:checking '/home/nick/aws-robomaker-sample-application-roverrobotics/robot_ws/install/robot_app' for CMake config files
[3.344s] Level 1:colcon.colcon_core.shell:create_environment_hook('robot_app', 'cmake_prefix_path')
[3.349s] INFO:colcon.colcon_core.shell:Creating environment hook '/home/nick/aws-robomaker-sample-application-roverrobotics/robot_ws/install/robot_app/share/robot_app/hook/cmake_prefix_path.ps1'
[3.349s] INFO:colcon.colcon_core.shell:Creating environment hook '/home/nick/aws-robomaker-sample-application-roverrobotics/robot_ws/install/robot_app/share/robot_app/hook/cmake_prefix_path.sh'
[3.350s] Level 1:colcon.colcon_core.environment:checking '/home/nick/aws-robomaker-sample-application-roverrobotics/robot_ws/install/robot_app/lib'
[3.350s] Level 1:colcon.colcon_core.environment:checking '/home/nick/aws-robomaker-sample-application-roverrobotics/robot_ws/install/robot_app/bin'
[3.350s] Level 1:colcon.colcon_core.environment:checking '/home/nick/aws-robomaker-sample-application-roverrobotics/robot_ws/install/robot_app/lib/pkgconfig/robot_app.pc'
[3.350s] Level 1:colcon.colcon_core.shell:create_environment_hook('robot_app', 'pkg_config')
[3.355s] INFO:colcon.colcon_core.shell:Creating environment hook '/home/nick/aws-robomaker-sample-application-roverrobotics/robot_ws/install/robot_app/share/robot_app/hook/pkg_config.ps1'
[3.355s] INFO:colcon.colcon_core.shell:Creating environment hook '/home/nick/aws-robomaker-sample-application-roverrobotics/robot_ws/install/robot_app/share/robot_app/hook/pkg_config.sh'
[3.356s] Level 1:colcon.colcon_core.environment:checking '/home/nick/aws-robomaker-sample-application-roverrobotics/robot_ws/install/robot_app/lib/python3.6/site-packages'
[3.361s] INFO:colcon.colcon_core.shell:Creating package script '/home/nick/aws-robomaker-sample-application-roverrobotics/robot_ws/install/robot_app/share/robot_app/package.ps1'
[3.362s] INFO:colcon.colcon_core.shell:Creating package script '/home/nick/aws-robomaker-sample-application-roverrobotics/robot_ws/install/robot_app/share/robot_app/package.sh'
[3.363s] INFO:colcon.colcon_core.shell:Creating package script '/home/nick/aws-robomaker-sample-application-roverrobotics/robot_ws/install/robot_app/share/robot_app/package.bash'
[3.364s] INFO:colcon.colcon_core.shell:Creating package script '/home/nick/aws-robomaker-sample-application-roverrobotics/robot_ws/install/robot_app/share/robot_app/package.zsh'
[3.365s] Level 1:colcon.colcon_core.environment:create_file_with_runtime_dependencies(/home/nick/aws-robomaker-sample-application-roverrobotics/robot_ws/install/robot_app/share/colcon-core/packages/robot_app)
[3.365s] DEBUG:colcon.colcon_parallel_executor.executor.parallel:closing loop
[3.366s] DEBUG:colcon.colcon_parallel_executor.executor.parallel:loop closed
[3.366s] DEBUG:colcon.colcon_parallel_executor.executor.parallel:run_until_complete finished with '0'
[3.366s] DEBUG:colcon.colcon_core.event_reactor:joining thread
[3.376s] INFO:colcon.colcon_core.plugin_system:Skipping extension 'colcon_notification.desktop_notification.terminal_notifier': Not used on non-Darwin systems
[3.376s] INFO:colcon.colcon_core.plugin_system:Skipping extension 'colcon_notification.desktop_notification.win32': Not used on non-Windows systems
[3.377s] INFO:colcon.colcon_notification.desktop_notification:Sending desktop notification using 'notify2'
[3.383s] DEBUG:colcon.colcon_core.event_reactor:joined thread
[3.388s] INFO:colcon.colcon_core.shell:Creating prefix script '/home/nick/aws-robomaker-sample-application-roverrobotics/robot_ws/install/local_setup.ps1'
[3.390s] INFO:colcon.colcon_core.shell:Creating prefix chain script '/home/nick/aws-robomaker-sample-application-roverrobotics/robot_ws/install/setup.ps1'
[3.396s] INFO:colcon.colcon_core.shell:Creating prefix script '/home/nick/aws-robomaker-sample-application-roverrobotics/robot_ws/install/local_setup.sh'
[3.397s] INFO:colcon.colcon_core.shell:Creating prefix chain script '/home/nick/aws-robomaker-sample-application-roverrobotics/robot_ws/install/setup.sh'
[3.403s] INFO:colcon.colcon_core.shell:Creating prefix script '/home/nick/aws-robomaker-sample-application-roverrobotics/robot_ws/install/local_setup.bash'
[3.404s] INFO:colcon.colcon_core.shell:Creating prefix chain script '/home/nick/aws-robomaker-sample-application-roverrobotics/robot_ws/install/setup.bash'
[3.409s] INFO:colcon.colcon_core.shell:Creating prefix script '/home/nick/aws-robomaker-sample-application-roverrobotics/robot_ws/install/local_setup.zsh'
[3.410s] INFO:colcon.colcon_core.shell:Creating prefix chain script '/home/nick/aws-robomaker-sample-application-roverrobotics/robot_ws/install/setup.zsh'
