Determining if the pthread_create exist failed with the following output:
Change Dir: /home/nickp/Desktop/aws-robomaker-sample-application-roverrobotics/robot_ws/build/reset_amcl_pose/CMakeFiles/CMakeTmp

Run Build Command:"/usr/bin/make" "cmTC_d95bc/fast"
/usr/bin/make -f CMakeFiles/cmTC_d95bc.dir/build.make CMakeFiles/cmTC_d95bc.dir/build
make[1]: Entering directory '/home/nickp/Desktop/aws-robomaker-sample-application-roverrobotics/robot_ws/build/reset_amcl_pose/CMakeFiles/CMakeTmp'
Building C object CMakeFiles/cmTC_d95bc.dir/CheckSymbolExists.c.o
/usr/bin/cc     -o CMakeFiles/cmTC_d95bc.dir/CheckSymbolExists.c.o   -c /home/nickp/Desktop/aws-robomaker-sample-application-roverrobotics/robot_ws/build/reset_amcl_pose/CMakeFiles/CMakeTmp/CheckSymbolExists.c
Linking C executable cmTC_d95bc
/usr/bin/cmake -E cmake_link_script CMakeFiles/cmTC_d95bc.dir/link.txt --verbose=1
/usr/bin/cc       CMakeFiles/cmTC_d95bc.dir/CheckSymbolExists.c.o  -o cmTC_d95bc -rdynamic 
CMakeFiles/cmTC_d95bc.dir/CheckSymbolExists.c.o: In function `main':
CheckSymbolExists.c:(.text+0x16): undefined reference to `pthread_create'
collect2: error: ld returned 1 exit status
CMakeFiles/cmTC_d95bc.dir/build.make:97: recipe for target 'cmTC_d95bc' failed
make[1]: *** [cmTC_d95bc] Error 1
make[1]: Leaving directory '/home/nickp/Desktop/aws-robomaker-sample-application-roverrobotics/robot_ws/build/reset_amcl_pose/CMakeFiles/CMakeTmp'
Makefile:126: recipe for target 'cmTC_d95bc/fast' failed
make: *** [cmTC_d95bc/fast] Error 2

File /home/nickp/Desktop/aws-robomaker-sample-application-roverrobotics/robot_ws/build/reset_amcl_pose/CMakeFiles/CMakeTmp/CheckSymbolExists.c:
/* */
#include <pthread.h>

int main(int argc, char** argv)
{
  (void)argv;
#ifndef pthread_create
  return ((int*)(&pthread_create))[argc];
#else
  (void)argc;
  return 0;
#endif
}

Determining if the function pthread_create exists in the pthreads failed with the following output:
Change Dir: /home/nickp/Desktop/aws-robomaker-sample-application-roverrobotics/robot_ws/build/reset_amcl_pose/CMakeFiles/CMakeTmp

Run Build Command:"/usr/bin/make" "cmTC_ba819/fast"
/usr/bin/make -f CMakeFiles/cmTC_ba819.dir/build.make CMakeFiles/cmTC_ba819.dir/build
make[1]: Entering directory '/home/nickp/Desktop/aws-robomaker-sample-application-roverrobotics/robot_ws/build/reset_amcl_pose/CMakeFiles/CMakeTmp'
Building C object CMakeFiles/cmTC_ba819.dir/CheckFunctionExists.c.o
/usr/bin/cc    -DCHECK_FUNCTION_EXISTS=pthread_create   -o CMakeFiles/cmTC_ba819.dir/CheckFunctionExists.c.o   -c /usr/share/cmake-3.5/Modules/CheckFunctionExists.c
Linking C executable cmTC_ba819
/usr/bin/cmake -E cmake_link_script CMakeFiles/cmTC_ba819.dir/link.txt --verbose=1
/usr/bin/cc   -DCHECK_FUNCTION_EXISTS=pthread_create    CMakeFiles/cmTC_ba819.dir/CheckFunctionExists.c.o  -o cmTC_ba819 -rdynamic -lpthreads 
/usr/bin/ld: cannot find -lpthreads
collect2: error: ld returned 1 exit status
CMakeFiles/cmTC_ba819.dir/build.make:97: recipe for target 'cmTC_ba819' failed
make[1]: *** [cmTC_ba819] Error 1
make[1]: Leaving directory '/home/nickp/Desktop/aws-robomaker-sample-application-roverrobotics/robot_ws/build/reset_amcl_pose/CMakeFiles/CMakeTmp'
Makefile:126: recipe for target 'cmTC_ba819/fast' failed
make: *** [cmTC_ba819/fast] Error 2


