[0.387s] DEBUG:colcon:Command line arguments: ['/home/nick/.local/bin/colcon', 'info']
[0.387s] DEBUG:colcon:Parsed command line arguments: Namespace(base_paths='.', build_base='build', ignore_user_meta=False, log_base='log', log_level=None, main=<bound method InfoVerb.main of <colcon_package_information.verb.info.InfoVerb object at 0x7fd6e527a2e8>>, metas='./colcon.meta', package_names=[], packages_above=None, packages_end=None, packages_ignore=None, packages_ignore_regex=None, packages_select=None, packages_select_build_failed=False, packages_select_by_dep=None, packages_select_regex=None, packages_select_test_failures=False, packages_skip=None, packages_skip_build_finished=False, packages_skip_by_dep=None, packages_skip_regex=None, packages_skip_test_passed=False, packages_skip_up_to=None, packages_start=None, packages_up_to=None, paths=None, verb_extension=<colcon_package_information.verb.info.InfoVerb object at 0x7fd6e527a2e8>, verb_name='info', verb_parser=<colcon_defaults.argument_parser.defaults.DefaultArgumentsDecorator object at 0x7fd6e501d550>)
[0.440s] Level 1:colcon.colcon_core.package_discovery:discover_packages(colcon_meta) check parameters
[0.441s] Level 1:colcon.colcon_core.package_discovery:discover_packages(recursive) check parameters
[0.441s] Level 1:colcon.colcon_core.package_discovery:discover_packages(ignore) check parameters
[0.441s] Level 1:colcon.colcon_core.package_discovery:discover_packages(path) check parameters
[0.441s] Level 1:colcon.colcon_core.package_discovery:discover_packages(recursive) discover
[0.441s] INFO:colcon.colcon_core.package_discovery:Crawling recursively for packages in '/home/nick/MyApplication/robot_ws'
[0.441s] Level 1:colcon.colcon_core.package_identification:_identify(/home/nick/MyApplication/robot_ws) by extensions ['ignore', 'ignore_ament_install']
[0.441s] Level 1:colcon.colcon_core.package_identification:_identify(/home/nick/MyApplication/robot_ws) by extension 'ignore'
[0.441s] Level 1:colcon.colcon_core.package_identification:_identify(/home/nick/MyApplication/robot_ws) by extension 'ignore_ament_install'
[0.442s] Level 1:colcon.colcon_core.package_identification:_identify(/home/nick/MyApplication/robot_ws) by extensions ['colcon_pkg']
[0.442s] Level 1:colcon.colcon_core.package_identification:_identify(/home/nick/MyApplication/robot_ws) by extension 'colcon_pkg'
[0.442s] Level 1:colcon.colcon_core.package_identification:_identify(/home/nick/MyApplication/robot_ws) by extensions ['colcon_meta']
[0.442s] Level 1:colcon.colcon_core.package_identification:_identify(/home/nick/MyApplication/robot_ws) by extension 'colcon_meta'
[0.442s] Level 1:colcon.colcon_core.package_identification:_identify(/home/nick/MyApplication/robot_ws) by extensions ['ros']
[0.442s] Level 1:colcon.colcon_core.package_identification:_identify(/home/nick/MyApplication/robot_ws) by extension 'ros'
[0.453s] Level 1:colcon.colcon_core.package_identification:_identify(/home/nick/MyApplication/robot_ws) by extensions ['cmake', 'python']
[0.453s] Level 1:colcon.colcon_core.package_identification:_identify(/home/nick/MyApplication/robot_ws) by extension 'cmake'
[0.453s] Level 1:colcon.colcon_core.package_identification:_identify(/home/nick/MyApplication/robot_ws) by extension 'python'
[0.453s] Level 1:colcon.colcon_core.package_identification:_identify(/home/nick/MyApplication/robot_ws) by extensions ['python_setup_py']
[0.453s] Level 1:colcon.colcon_core.package_identification:_identify(/home/nick/MyApplication/robot_ws) by extension 'python_setup_py'
[0.453s] Level 1:colcon.colcon_core.package_identification:_identify(/home/nick/MyApplication/robot_ws/build) by extensions ['ignore', 'ignore_ament_install']
[0.453s] Level 1:colcon.colcon_core.package_identification:_identify(/home/nick/MyApplication/robot_ws/build) by extension 'ignore'
[0.454s] Level 1:colcon.colcon_core.package_identification:_identify(/home/nick/MyApplication/robot_ws/build) ignored
[0.454s] Level 1:colcon.colcon_core.package_identification:_identify(/home/nick/MyApplication/robot_ws/bundle) by extensions ['ignore', 'ignore_ament_install']
[0.454s] Level 1:colcon.colcon_core.package_identification:_identify(/home/nick/MyApplication/robot_ws/bundle) by extension 'ignore'
[0.454s] Level 1:colcon.colcon_core.package_identification:_identify(/home/nick/MyApplication/robot_ws/bundle) ignored
[0.454s] Level 1:colcon.colcon_core.package_identification:_identify(/home/nick/MyApplication/robot_ws/install) by extensions ['ignore', 'ignore_ament_install']
[0.454s] Level 1:colcon.colcon_core.package_identification:_identify(/home/nick/MyApplication/robot_ws/install) by extension 'ignore'
[0.454s] Level 1:colcon.colcon_core.package_identification:_identify(/home/nick/MyApplication/robot_ws/install) ignored
[0.454s] Level 1:colcon.colcon_core.package_identification:_identify(/home/nick/MyApplication/robot_ws/log) by extensions ['ignore', 'ignore_ament_install']
[0.455s] Level 1:colcon.colcon_core.package_identification:_identify(/home/nick/MyApplication/robot_ws/log) by extension 'ignore'
[0.455s] Level 1:colcon.colcon_core.package_identification:_identify(/home/nick/MyApplication/robot_ws/log) ignored
[0.455s] Level 1:colcon.colcon_core.package_identification:_identify(/home/nick/MyApplication/robot_ws/src) by extensions ['ignore', 'ignore_ament_install']
[0.455s] Level 1:colcon.colcon_core.package_identification:_identify(/home/nick/MyApplication/robot_ws/src) by extension 'ignore'
[0.455s] Level 1:colcon.colcon_core.package_identification:_identify(/home/nick/MyApplication/robot_ws/src) by extension 'ignore_ament_install'
[0.455s] Level 1:colcon.colcon_core.package_identification:_identify(/home/nick/MyApplication/robot_ws/src) by extensions ['colcon_pkg']
[0.455s] Level 1:colcon.colcon_core.package_identification:_identify(/home/nick/MyApplication/robot_ws/src) by extension 'colcon_pkg'
[0.455s] Level 1:colcon.colcon_core.package_identification:_identify(/home/nick/MyApplication/robot_ws/src) by extensions ['colcon_meta']
[0.455s] Level 1:colcon.colcon_core.package_identification:_identify(/home/nick/MyApplication/robot_ws/src) by extension 'colcon_meta'
[0.455s] Level 1:colcon.colcon_core.package_identification:_identify(/home/nick/MyApplication/robot_ws/src) by extensions ['ros']
[0.455s] Level 1:colcon.colcon_core.package_identification:_identify(/home/nick/MyApplication/robot_ws/src) by extension 'ros'
[0.455s] Level 1:colcon.colcon_core.package_identification:_identify(/home/nick/MyApplication/robot_ws/src) by extensions ['cmake', 'python']
[0.456s] Level 1:colcon.colcon_core.package_identification:_identify(/home/nick/MyApplication/robot_ws/src) by extension 'cmake'
[0.456s] Level 1:colcon.colcon_core.package_identification:_identify(/home/nick/MyApplication/robot_ws/src) by extension 'python'
[0.456s] Level 1:colcon.colcon_core.package_identification:_identify(/home/nick/MyApplication/robot_ws/src) by extensions ['python_setup_py']
[0.456s] Level 1:colcon.colcon_core.package_identification:_identify(/home/nick/MyApplication/robot_ws/src) by extension 'python_setup_py'
[0.456s] Level 1:colcon.colcon_core.package_identification:_identify(/home/nick/MyApplication/robot_ws/src/robot_app) by extensions ['ignore', 'ignore_ament_install']
[0.456s] Level 1:colcon.colcon_core.package_identification:_identify(/home/nick/MyApplication/robot_ws/src/robot_app) by extension 'ignore'
[0.456s] Level 1:colcon.colcon_core.package_identification:_identify(/home/nick/MyApplication/robot_ws/src/robot_app) by extension 'ignore_ament_install'
[0.456s] Level 1:colcon.colcon_core.package_identification:_identify(/home/nick/MyApplication/robot_ws/src/robot_app) by extensions ['colcon_pkg']
[0.456s] Level 1:colcon.colcon_core.package_identification:_identify(/home/nick/MyApplication/robot_ws/src/robot_app) by extension 'colcon_pkg'
[0.456s] Level 1:colcon.colcon_core.package_identification:_identify(/home/nick/MyApplication/robot_ws/src/robot_app) by extensions ['colcon_meta']
[0.456s] Level 1:colcon.colcon_core.package_identification:_identify(/home/nick/MyApplication/robot_ws/src/robot_app) by extension 'colcon_meta'
[0.457s] Level 1:colcon.colcon_core.package_identification:_identify(/home/nick/MyApplication/robot_ws/src/robot_app) by extensions ['ros']
[0.457s] Level 1:colcon.colcon_core.package_identification:_identify(/home/nick/MyApplication/robot_ws/src/robot_app) by extension 'ros'
[0.473s] DEBUG:colcon.colcon_core.package_identification:Package '/home/nick/MyApplication/robot_ws/src/robot_app' with type 'ros.catkin' and name 'robot_app'
[0.473s] Level 1:colcon.colcon_core.package_discovery:discover_packages(recursive) using defaults
