Determining if the pthread_create exist failed with the following output:
Change Dir: /home/nickp/Desktop/aws-robomaker-sample-application-roverrobotics/build/localization/CMakeFiles/CMakeTmp

Run Build Command:"/usr/bin/make" "cmTC_fe107/fast"
/usr/bin/make -f CMakeFiles/cmTC_fe107.dir/build.make CMakeFiles/cmTC_fe107.dir/build
make[1]: Entering directory '/home/nickp/Desktop/aws-robomaker-sample-application-roverrobotics/build/localization/CMakeFiles/CMakeTmp'
Building C object CMakeFiles/cmTC_fe107.dir/CheckSymbolExists.c.o
/usr/bin/cc     -o CMakeFiles/cmTC_fe107.dir/CheckSymbolExists.c.o   -c /home/nickp/Desktop/aws-robomaker-sample-application-roverrobotics/build/localization/CMakeFiles/CMakeTmp/CheckSymbolExists.c
Linking C executable cmTC_fe107
/usr/bin/cmake -E cmake_link_script CMakeFiles/cmTC_fe107.dir/link.txt --verbose=1
/usr/bin/cc       CMakeFiles/cmTC_fe107.dir/CheckSymbolExists.c.o  -o cmTC_fe107 -rdynamic 
CMakeFiles/cmTC_fe107.dir/CheckSymbolExists.c.o: In function `main':
CheckSymbolExists.c:(.text+0x16): undefined reference to `pthread_create'
collect2: error: ld returned 1 exit status
CMakeFiles/cmTC_fe107.dir/build.make:97: recipe for target 'cmTC_fe107' failed
make[1]: *** [cmTC_fe107] Error 1
make[1]: Leaving directory '/home/nickp/Desktop/aws-robomaker-sample-application-roverrobotics/build/localization/CMakeFiles/CMakeTmp'
Makefile:126: recipe for target 'cmTC_fe107/fast' failed
make: *** [cmTC_fe107/fast] Error 2

File /home/nickp/Desktop/aws-robomaker-sample-application-roverrobotics/build/localization/CMakeFiles/CMakeTmp/CheckSymbolExists.c:
/* */
#include <pthread.h>

int main(int argc, char** argv)
{
  (void)argv;
#ifndef pthread_create
  return ((int*)(&pthread_create))[argc];
#else
  (void)argc;
  return 0;
#endif
}

Determining if the function pthread_create exists in the pthreads failed with the following output:
Change Dir: /home/nickp/Desktop/aws-robomaker-sample-application-roverrobotics/build/localization/CMakeFiles/CMakeTmp

Run Build Command:"/usr/bin/make" "cmTC_bfe9a/fast"
/usr/bin/make -f CMakeFiles/cmTC_bfe9a.dir/build.make CMakeFiles/cmTC_bfe9a.dir/build
make[1]: Entering directory '/home/nickp/Desktop/aws-robomaker-sample-application-roverrobotics/build/localization/CMakeFiles/CMakeTmp'
Building C object CMakeFiles/cmTC_bfe9a.dir/CheckFunctionExists.c.o
/usr/bin/cc    -DCHECK_FUNCTION_EXISTS=pthread_create   -o CMakeFiles/cmTC_bfe9a.dir/CheckFunctionExists.c.o   -c /usr/share/cmake-3.5/Modules/CheckFunctionExists.c
Linking C executable cmTC_bfe9a
/usr/bin/cmake -E cmake_link_script CMakeFiles/cmTC_bfe9a.dir/link.txt --verbose=1
/usr/bin/cc   -DCHECK_FUNCTION_EXISTS=pthread_create    CMakeFiles/cmTC_bfe9a.dir/CheckFunctionExists.c.o  -o cmTC_bfe9a -rdynamic -lpthreads 
/usr/bin/ld: cannot find -lpthreads
collect2: error: ld returned 1 exit status
CMakeFiles/cmTC_bfe9a.dir/build.make:97: recipe for target 'cmTC_bfe9a' failed
make[1]: *** [cmTC_bfe9a] Error 1
make[1]: Leaving directory '/home/nickp/Desktop/aws-robomaker-sample-application-roverrobotics/build/localization/CMakeFiles/CMakeTmp'
Makefile:126: recipe for target 'cmTC_bfe9a/fast' failed
make: *** [cmTC_bfe9a/fast] Error 2


