Invoking command in '/home/nick/aws-robomaker-sample-application-roverrobotics/robot_ws/build/tshirtbot': /usr/bin/cmake --build /home/nick/aws-robomaker-sample-application-roverrobotics/robot_ws/build/tshirtbot -- -j4 -l4
-- Using CATKIN_DEVEL_PREFIX: /home/nick/aws-robomaker-sample-application-roverrobotics/robot_ws/build/tshirtbot/devel
-- Using CMAKE_PREFIX_PATH: /home/nick/aws-robomaker-sample-application-roverrobotics/robot_ws/install/robot_app;/home/nick/aws-robomaker-sample-application-roverrobotics/simulation_ws/install/simulation_app;/opt/ros/melodic
-- This workspace overlays: /home/nick/aws-robomaker-sample-application-roverrobotics/robot_ws/install/robot_app;/home/nick/aws-robomaker-sample-application-roverrobotics/simulation_ws/install/simulation_app;/opt/ros/melodic
-- Found PythonInterp: /usr/bin/python2 (found suitable version "2.7.15", minimum required is "2") 
-- Using PYTHON_EXECUTABLE: /usr/bin/python2
-- Using Debian Python package layout
-- Using empy: /usr/bin/empy
-- Using CATKIN_ENABLE_TESTING: ON
-- Call enable_testing()
-- Using CATKIN_TEST_RESULTS_DIR: /home/nick/aws-robomaker-sample-application-roverrobotics/robot_ws/build/tshirtbot/test_results
-- Found gmock sources under '/usr/src/googletest': gmock will be built
-- Found PythonInterp: /usr/bin/python2 (found version "2.7.15") 
-- Found gtest sources under '/usr/src/googletest': gtests will be built
-- Using Python nosetests: /usr/bin/nosetests-2.7
-- catkin 0.7.14
-- Using these message generators: gencpp;geneus;genlisp;gennodejs;genpy
-- Generating .msg files for action tshirtbot/TShirtSize /home/nick/aws-robomaker-sample-application-roverrobotics/robot_ws/src/tshirtbot/action/TShirtSize.action
-- tshirtbot: 7 messages, 0 services
-- Configuring done
-- Generating done
-- Build files have been written to: /home/nick/aws-robomaker-sample-application-roverrobotics/robot_ws/build/tshirtbot
[  0%] Built target std_msgs_generate_messages_eus
[  0%] Built target actionlib_msgs_generate_messages_eus
[  0%] Built target _tshirtbot_generate_messages_check_deps_TShirtSizeFeedback
[  0%] Built target _tshirtbot_generate_messages_check_deps_TShirtSizeAction
[  0%] Built target _tshirtbot_generate_messages_check_deps_TShirtSizeActionGoal
[  0%] Built target _tshirtbot_generate_messages_check_deps_TShirtSizeGoal
[  0%] Built target _tshirtbot_generate_messages_check_deps_TShirtSizeResult
[  0%] Built target actionlib_msgs_generate_messages_cpp
[  0%] Built target std_msgs_generate_messages_cpp
[  0%] Built target _tshirtbot_generate_messages_check_deps_TShirtSizeActionFeedback
[  0%] Built target std_msgs_generate_messages_nodejs
[  0%] Built target actionlib_msgs_generate_messages_lisp
[  0%] Built target _tshirtbot_generate_messages_check_deps_TShirtSizeActionResult
[  0%] Built target std_msgs_generate_messages_lisp
[  0%] Built target std_msgs_generate_messages_py
[ 21%] Built target tshirtbot_generate_messages_eus
[  0%] Built target actionlib_msgs_generate_messages_nodejs
[ 21%] Built target actionlib_msgs_generate_messages_py
[ 59%] Built target tshirtbot_generate_messages_lisp
[ 59%] Built target tshirtbot_generate_messages_cpp
[ 78%] Built target tshirtbot_generate_messages_nodejs
[100%] Built target tshirtbot_generate_messages_py
[100%] Built target tshirtbot_generate_messages
Invoked command in '/home/nick/aws-robomaker-sample-application-roverrobotics/robot_ws/build/tshirtbot' returned '0': /usr/bin/cmake --build /home/nick/aws-robomaker-sample-application-roverrobotics/robot_ws/build/tshirtbot -- -j4 -l4
Invoking command in '/home/nick/aws-robomaker-sample-application-roverrobotics/robot_ws/build/tshirtbot': /usr/bin/cmake --build /home/nick/aws-robomaker-sample-application-roverrobotics/robot_ws/build/tshirtbot --target tests -- -j4 -l4
-- Using CATKIN_DEVEL_PREFIX: /home/nick/aws-robomaker-sample-application-roverrobotics/robot_ws/build/tshirtbot/devel
-- Using CMAKE_PREFIX_PATH: /home/nick/aws-robomaker-sample-application-roverrobotics/robot_ws/install/robot_app;/home/nick/aws-robomaker-sample-application-roverrobotics/simulation_ws/install/simulation_app;/opt/ros/melodic
-- This workspace overlays: /home/nick/aws-robomaker-sample-application-roverrobotics/robot_ws/install/robot_app;/home/nick/aws-robomaker-sample-application-roverrobotics/simulation_ws/install/simulation_app;/opt/ros/melodic
-- Found PythonInterp: /usr/bin/python2 (found suitable version "2.7.15", minimum required is "2") 
-- Using PYTHON_EXECUTABLE: /usr/bin/python2
-- Using Debian Python package layout
-- Using empy: /usr/bin/empy
-- Using CATKIN_ENABLE_TESTING: ON
-- Call enable_testing()
-- Using CATKIN_TEST_RESULTS_DIR: /home/nick/aws-robomaker-sample-application-roverrobotics/robot_ws/build/tshirtbot/test_results
-- Found gmock sources under '/usr/src/googletest': gmock will be built
-- Found PythonInterp: /usr/bin/python2 (found version "2.7.15") 
-- Found gtest sources under '/usr/src/googletest': gtests will be built
-- Using Python nosetests: /usr/bin/nosetests-2.7
-- catkin 0.7.14
-- Using these message generators: gencpp;geneus;genlisp;gennodejs;genpy
-- Generating .msg files for action tshirtbot/TShirtSize /home/nick/aws-robomaker-sample-application-roverrobotics/robot_ws/src/tshirtbot/action/TShirtSize.action
-- tshirtbot: 7 messages, 0 services
-- Configuring done
-- Generating done
-- Build files have been written to: /home/nick/aws-robomaker-sample-application-roverrobotics/robot_ws/build/tshirtbot
-- Using CATKIN_DEVEL_PREFIX: /home/nick/aws-robomaker-sample-application-roverrobotics/robot_ws/build/tshirtbot/devel
-- Using CMAKE_PREFIX_PATH: /home/nick/aws-robomaker-sample-application-roverrobotics/robot_ws/install/robot_app;/home/nick/aws-robomaker-sample-application-roverrobotics/simulation_ws/install/simulation_app;/opt/ros/melodic
-- This workspace overlays: /home/nick/aws-robomaker-sample-application-roverrobotics/robot_ws/install/robot_app;/home/nick/aws-robomaker-sample-application-roverrobotics/simulation_ws/install/simulation_app;/opt/ros/melodic
-- Found PythonInterp: /usr/bin/python2 (found suitable version "2.7.15", minimum required is "2") 
-- Using PYTHON_EXECUTABLE: /usr/bin/python2
-- Using Debian Python package layout
-- Using empy: /usr/bin/empy
-- Using CATKIN_ENABLE_TESTING: ON
-- Call enable_testing()
-- Using CATKIN_TEST_RESULTS_DIR: /home/nick/aws-robomaker-sample-application-roverrobotics/robot_ws/build/tshirtbot/test_results
-- Found gmock sources under '/usr/src/googletest': gmock will be built
-- Found PythonInterp: /usr/bin/python2 (found version "2.7.15") 
-- Found gtest sources under '/usr/src/googletest': gtests will be built
-- Using Python nosetests: /usr/bin/nosetests-2.7
-- catkin 0.7.14
-- Using these message generators: gencpp;geneus;genlisp;gennodejs;genpy
-- Generating .msg files for action tshirtbot/TShirtSize /home/nick/aws-robomaker-sample-application-roverrobotics/robot_ws/src/tshirtbot/action/TShirtSize.action
-- tshirtbot: 7 messages, 0 services
-- Configuring done
-- Generating done
-- Build files have been written to: /home/nick/aws-robomaker-sample-application-roverrobotics/robot_ws/build/tshirtbot
Built target tests
Invoked command in '/home/nick/aws-robomaker-sample-application-roverrobotics/robot_ws/build/tshirtbot' returned '0': /usr/bin/cmake --build /home/nick/aws-robomaker-sample-application-roverrobotics/robot_ws/build/tshirtbot --target tests -- -j4 -l4
Invoking command in '/home/nick/aws-robomaker-sample-application-roverrobotics/robot_ws/build/tshirtbot': /usr/bin/cmake --build /home/nick/aws-robomaker-sample-application-roverrobotics/robot_ws/build/tshirtbot --target install
-- Using CATKIN_DEVEL_PREFIX: /home/nick/aws-robomaker-sample-application-roverrobotics/robot_ws/build/tshirtbot/devel
-- Using CMAKE_PREFIX_PATH: /home/nick/aws-robomaker-sample-application-roverrobotics/robot_ws/install/robot_app;/home/nick/aws-robomaker-sample-application-roverrobotics/simulation_ws/install/simulation_app;/opt/ros/melodic
-- This workspace overlays: /home/nick/aws-robomaker-sample-application-roverrobotics/robot_ws/install/robot_app;/home/nick/aws-robomaker-sample-application-roverrobotics/simulation_ws/install/simulation_app;/opt/ros/melodic
-- Found PythonInterp: /usr/bin/python2 (found suitable version "2.7.15", minimum required is "2") 
-- Using PYTHON_EXECUTABLE: /usr/bin/python2
-- Using Debian Python package layout
-- Using empy: /usr/bin/empy
-- Using CATKIN_ENABLE_TESTING: ON
-- Call enable_testing()
-- Using CATKIN_TEST_RESULTS_DIR: /home/nick/aws-robomaker-sample-application-roverrobotics/robot_ws/build/tshirtbot/test_results
-- Found gmock sources under '/usr/src/googletest': gmock will be built
-- Found PythonInterp: /usr/bin/python2 (found version "2.7.15") 
-- Found gtest sources under '/usr/src/googletest': gtests will be built
-- Using Python nosetests: /usr/bin/nosetests-2.7
-- catkin 0.7.14
-- Using these message generators: gencpp;geneus;genlisp;gennodejs;genpy
-- Generating .msg files for action tshirtbot/TShirtSize /home/nick/aws-robomaker-sample-application-roverrobotics/robot_ws/src/tshirtbot/action/TShirtSize.action
-- tshirtbot: 7 messages, 0 services
-- Configuring done
-- Generating done
-- Build files have been written to: /home/nick/aws-robomaker-sample-application-roverrobotics/robot_ws/build/tshirtbot
[  0%] Built target _tshirtbot_generate_messages_check_deps_TShirtSizeAction
[  0%] Built target std_msgs_generate_messages_eus
[  0%] Built target actionlib_msgs_generate_messages_eus
[  0%] Built target _tshirtbot_generate_messages_check_deps_TShirtSizeFeedback
[  0%] Built target _tshirtbot_generate_messages_check_deps_TShirtSizeActionGoal
[  0%] Built target _tshirtbot_generate_messages_check_deps_TShirtSizeResult
[  0%] Built target _tshirtbot_generate_messages_check_deps_TShirtSizeGoal
[  0%] Built target _tshirtbot_generate_messages_check_deps_TShirtSizeActionFeedback
[  0%] Built target _tshirtbot_generate_messages_check_deps_TShirtSizeActionResult
[ 21%] Built target tshirtbot_generate_messages_eus
[ 21%] Built target actionlib_msgs_generate_messages_cpp
[ 21%] Built target std_msgs_generate_messages_cpp
[ 40%] Built target tshirtbot_generate_messages_cpp
[ 40%] Built target actionlib_msgs_generate_messages_lisp
[ 40%] Built target std_msgs_generate_messages_lisp
[ 59%] Built target tshirtbot_generate_messages_lisp
[ 59%] Built target std_msgs_generate_messages_nodejs
[ 59%] Built target actionlib_msgs_generate_messages_nodejs
[ 78%] Built target tshirtbot_generate_messages_nodejs
[ 78%] Built target actionlib_msgs_generate_messages_py
[ 78%] Built target std_msgs_generate_messages_py
[100%] Built target tshirtbot_generate_messages_py
[100%] Built target tshirtbot_generate_messages
[36mInstall the project...[0m
-- Install configuration: ""
+ cd /home/nick/aws-robomaker-sample-application-roverrobotics/robot_ws/src/tshirtbot
+ mkdir -p /home/nick/aws-robomaker-sample-application-roverrobotics/robot_ws/install/tshirtbot/lib/python2.7/dist-packages
+ /usr/bin/env PYTHONPATH=/home/nick/aws-robomaker-sample-application-roverrobotics/robot_ws/install/tshirtbot/lib/python2.7/dist-packages:/home/nick/aws-robomaker-sample-application-roverrobotics/robot_ws/build/tshirtbot/lib/python2.7/dist-packages:/home/nick/aws-robomaker-sample-application-roverrobotics/robot_ws/install/robot_app/lib/python2.7/dist-packages:/opt/ros/melodic/lib/python2.7/dist-packages CATKIN_BINARY_DIR=/home/nick/aws-robomaker-sample-application-roverrobotics/robot_ws/build/tshirtbot /usr/bin/python2 /home/nick/aws-robomaker-sample-application-roverrobotics/robot_ws/src/tshirtbot/setup.py build --build-base /home/nick/aws-robomaker-sample-application-roverrobotics/robot_ws/build/tshirtbot install --install-layout=deb --prefix=/home/nick/aws-robomaker-sample-application-roverrobotics/robot_ws/install/tshirtbot --install-scripts=/home/nick/aws-robomaker-sample-application-roverrobotics/robot_ws/install/tshirtbot/bin
running build
running build_py
running install
running install_lib
running install_egg_info
Removing /home/nick/aws-robomaker-sample-application-roverrobotics/robot_ws/install/tshirtbot/lib/python2.7/dist-packages/tshirtbot-1.0.0.egg-info
Writing /home/nick/aws-robomaker-sample-application-roverrobotics/robot_ws/install/tshirtbot/lib/python2.7/dist-packages/tshirtbot-1.0.0.egg-info
-- Up-to-date: /home/nick/aws-robomaker-sample-application-roverrobotics/robot_ws/install/tshirtbot/share/tshirtbot/action/TShirtSize.action
-- Up-to-date: /home/nick/aws-robomaker-sample-application-roverrobotics/robot_ws/install/tshirtbot/share/tshirtbot/msg/TShirtSizeAction.msg
-- Up-to-date: /home/nick/aws-robomaker-sample-application-roverrobotics/robot_ws/install/tshirtbot/share/tshirtbot/msg/TShirtSizeActionGoal.msg
-- Up-to-date: /home/nick/aws-robomaker-sample-application-roverrobotics/robot_ws/install/tshirtbot/share/tshirtbot/msg/TShirtSizeActionResult.msg
-- Up-to-date: /home/nick/aws-robomaker-sample-application-roverrobotics/robot_ws/install/tshirtbot/share/tshirtbot/msg/TShirtSizeActionFeedback.msg
-- Up-to-date: /home/nick/aws-robomaker-sample-application-roverrobotics/robot_ws/install/tshirtbot/share/tshirtbot/msg/TShirtSizeGoal.msg
-- Up-to-date: /home/nick/aws-robomaker-sample-application-roverrobotics/robot_ws/install/tshirtbot/share/tshirtbot/msg/TShirtSizeResult.msg
-- Up-to-date: /home/nick/aws-robomaker-sample-application-roverrobotics/robot_ws/install/tshirtbot/share/tshirtbot/msg/TShirtSizeFeedback.msg
-- Up-to-date: /home/nick/aws-robomaker-sample-application-roverrobotics/robot_ws/install/tshirtbot/share/tshirtbot/cmake/tshirtbot-msg-paths.cmake
-- Up-to-date: /home/nick/aws-robomaker-sample-application-roverrobotics/robot_ws/install/tshirtbot/include/tshirtbot
-- Up-to-date: /home/nick/aws-robomaker-sample-application-roverrobotics/robot_ws/install/tshirtbot/include/tshirtbot/TShirtSizeAction.h
-- Up-to-date: /home/nick/aws-robomaker-sample-application-roverrobotics/robot_ws/install/tshirtbot/include/tshirtbot/TShirtSizeActionGoal.h
-- Up-to-date: /home/nick/aws-robomaker-sample-application-roverrobotics/robot_ws/install/tshirtbot/include/tshirtbot/TShirtSizeActionResult.h
-- Up-to-date: /home/nick/aws-robomaker-sample-application-roverrobotics/robot_ws/install/tshirtbot/include/tshirtbot/TShirtSizeFeedback.h
-- Up-to-date: /home/nick/aws-robomaker-sample-application-roverrobotics/robot_ws/install/tshirtbot/include/tshirtbot/TShirtSizeGoal.h
-- Up-to-date: /home/nick/aws-robomaker-sample-application-roverrobotics/robot_ws/install/tshirtbot/include/tshirtbot/TShirtSizeActionFeedback.h
-- Up-to-date: /home/nick/aws-robomaker-sample-application-roverrobotics/robot_ws/install/tshirtbot/include/tshirtbot/TShirtSizeResult.h
-- Up-to-date: /home/nick/aws-robomaker-sample-application-roverrobotics/robot_ws/install/tshirtbot/share/roseus/ros/tshirtbot
-- Up-to-date: /home/nick/aws-robomaker-sample-application-roverrobotics/robot_ws/install/tshirtbot/share/roseus/ros/tshirtbot/manifest.l
-- Up-to-date: /home/nick/aws-robomaker-sample-application-roverrobotics/robot_ws/install/tshirtbot/share/roseus/ros/tshirtbot/msg
-- Up-to-date: /home/nick/aws-robomaker-sample-application-roverrobotics/robot_ws/install/tshirtbot/share/roseus/ros/tshirtbot/msg/TShirtSizeFeedback.l
-- Up-to-date: /home/nick/aws-robomaker-sample-application-roverrobotics/robot_ws/install/tshirtbot/share/roseus/ros/tshirtbot/msg/TShirtSizeActionResult.l
-- Up-to-date: /home/nick/aws-robomaker-sample-application-roverrobotics/robot_ws/install/tshirtbot/share/roseus/ros/tshirtbot/msg/TShirtSizeGoal.l
-- Up-to-date: /home/nick/aws-robomaker-sample-application-roverrobotics/robot_ws/install/tshirtbot/share/roseus/ros/tshirtbot/msg/TShirtSizeAction.l
-- Up-to-date: /home/nick/aws-robomaker-sample-application-roverrobotics/robot_ws/install/tshirtbot/share/roseus/ros/tshirtbot/msg/TShirtSizeActionFeedback.l
-- Up-to-date: /home/nick/aws-robomaker-sample-application-roverrobotics/robot_ws/install/tshirtbot/share/roseus/ros/tshirtbot/msg/TShirtSizeActionGoal.l
-- Up-to-date: /home/nick/aws-robomaker-sample-application-roverrobotics/robot_ws/install/tshirtbot/share/roseus/ros/tshirtbot/msg/TShirtSizeResult.l
-- Up-to-date: /home/nick/aws-robomaker-sample-application-roverrobotics/robot_ws/install/tshirtbot/share/common-lisp/ros/tshirtbot
-- Up-to-date: /home/nick/aws-robomaker-sample-application-roverrobotics/robot_ws/install/tshirtbot/share/common-lisp/ros/tshirtbot/msg
-- Up-to-date: /home/nick/aws-robomaker-sample-application-roverrobotics/robot_ws/install/tshirtbot/share/common-lisp/ros/tshirtbot/msg/_package_TShirtSizeAction.lisp
-- Up-to-date: /home/nick/aws-robomaker-sample-application-roverrobotics/robot_ws/install/tshirtbot/share/common-lisp/ros/tshirtbot/msg/TShirtSizeResult.lisp
-- Up-to-date: /home/nick/aws-robomaker-sample-application-roverrobotics/robot_ws/install/tshirtbot/share/common-lisp/ros/tshirtbot/msg/TShirtSizeAction.lisp
-- Up-to-date: /home/nick/aws-robomaker-sample-application-roverrobotics/robot_ws/install/tshirtbot/share/common-lisp/ros/tshirtbot/msg/TShirtSizeGoal.lisp
-- Up-to-date: /home/nick/aws-robomaker-sample-application-roverrobotics/robot_ws/install/tshirtbot/share/common-lisp/ros/tshirtbot/msg/_package_TShirtSizeFeedback.lisp
-- Up-to-date: /home/nick/aws-robomaker-sample-application-roverrobotics/robot_ws/install/tshirtbot/share/common-lisp/ros/tshirtbot/msg/tshirtbot-msg.asd
-- Up-to-date: /home/nick/aws-robomaker-sample-application-roverrobotics/robot_ws/install/tshirtbot/share/common-lisp/ros/tshirtbot/msg/_package_TShirtSizeActionGoal.lisp
-- Up-to-date: /home/nick/aws-robomaker-sample-application-roverrobotics/robot_ws/install/tshirtbot/share/common-lisp/ros/tshirtbot/msg/_package_TShirtSizeResult.lisp
-- Up-to-date: /home/nick/aws-robomaker-sample-application-roverrobotics/robot_ws/install/tshirtbot/share/common-lisp/ros/tshirtbot/msg/_package_TShirtSizeGoal.lisp
-- Up-to-date: /home/nick/aws-robomaker-sample-application-roverrobotics/robot_ws/install/tshirtbot/share/common-lisp/ros/tshirtbot/msg/_package.lisp
-- Up-to-date: /home/nick/aws-robomaker-sample-application-roverrobotics/robot_ws/install/tshirtbot/share/common-lisp/ros/tshirtbot/msg/_package_TShirtSizeActionFeedback.lisp
-- Up-to-date: /home/nick/aws-robomaker-sample-application-roverrobotics/robot_ws/install/tshirtbot/share/common-lisp/ros/tshirtbot/msg/TShirtSizeFeedback.lisp
-- Up-to-date: /home/nick/aws-robomaker-sample-application-roverrobotics/robot_ws/install/tshirtbot/share/common-lisp/ros/tshirtbot/msg/TShirtSizeActionGoal.lisp
-- Up-to-date: /home/nick/aws-robomaker-sample-application-roverrobotics/robot_ws/install/tshirtbot/share/common-lisp/ros/tshirtbot/msg/TShirtSizeActionResult.lisp
-- Up-to-date: /home/nick/aws-robomaker-sample-application-roverrobotics/robot_ws/install/tshirtbot/share/common-lisp/ros/tshirtbot/msg/_package_TShirtSizeActionResult.lisp
-- Up-to-date: /home/nick/aws-robomaker-sample-application-roverrobotics/robot_ws/install/tshirtbot/share/common-lisp/ros/tshirtbot/msg/TShirtSizeActionFeedback.lisp
-- Up-to-date: /home/nick/aws-robomaker-sample-application-roverrobotics/robot_ws/install/tshirtbot/share/gennodejs/ros/tshirtbot
-- Up-to-date: /home/nick/aws-robomaker-sample-application-roverrobotics/robot_ws/install/tshirtbot/share/gennodejs/ros/tshirtbot/msg
-- Up-to-date: /home/nick/aws-robomaker-sample-application-roverrobotics/robot_ws/install/tshirtbot/share/gennodejs/ros/tshirtbot/msg/TShirtSizeResult.js
-- Up-to-date: /home/nick/aws-robomaker-sample-application-roverrobotics/robot_ws/install/tshirtbot/share/gennodejs/ros/tshirtbot/msg/TShirtSizeActionGoal.js
-- Up-to-date: /home/nick/aws-robomaker-sample-application-roverrobotics/robot_ws/install/tshirtbot/share/gennodejs/ros/tshirtbot/msg/TShirtSizeAction.js
-- Up-to-date: /home/nick/aws-robomaker-sample-application-roverrobotics/robot_ws/install/tshirtbot/share/gennodejs/ros/tshirtbot/msg/TShirtSizeActionFeedback.js
-- Up-to-date: /home/nick/aws-robomaker-sample-application-roverrobotics/robot_ws/install/tshirtbot/share/gennodejs/ros/tshirtbot/msg/TShirtSizeFeedback.js
-- Up-to-date: /home/nick/aws-robomaker-sample-application-roverrobotics/robot_ws/install/tshirtbot/share/gennodejs/ros/tshirtbot/msg/_index.js
-- Up-to-date: /home/nick/aws-robomaker-sample-application-roverrobotics/robot_ws/install/tshirtbot/share/gennodejs/ros/tshirtbot/msg/TShirtSizeGoal.js
-- Up-to-date: /home/nick/aws-robomaker-sample-application-roverrobotics/robot_ws/install/tshirtbot/share/gennodejs/ros/tshirtbot/msg/TShirtSizeActionResult.js
-- Up-to-date: /home/nick/aws-robomaker-sample-application-roverrobotics/robot_ws/install/tshirtbot/share/gennodejs/ros/tshirtbot/_index.js
Listing /home/nick/aws-robomaker-sample-application-roverrobotics/robot_ws/build/tshirtbot/devel/lib/python2.7/dist-packages/tshirtbot ...
Listing /home/nick/aws-robomaker-sample-application-roverrobotics/robot_ws/build/tshirtbot/devel/lib/python2.7/dist-packages/tshirtbot/msg ...
-- Up-to-date: /home/nick/aws-robomaker-sample-application-roverrobotics/robot_ws/install/tshirtbot/lib/python2.7/dist-packages/tshirtbot
-- Up-to-date: /home/nick/aws-robomaker-sample-application-roverrobotics/robot_ws/install/tshirtbot/lib/python2.7/dist-packages/tshirtbot/msg
-- Up-to-date: /home/nick/aws-robomaker-sample-application-roverrobotics/robot_ws/install/tshirtbot/lib/python2.7/dist-packages/tshirtbot/msg/_TShirtSizeActionFeedback.py
-- Up-to-date: /home/nick/aws-robomaker-sample-application-roverrobotics/robot_ws/install/tshirtbot/lib/python2.7/dist-packages/tshirtbot/msg/_TShirtSizeAction.py
-- Up-to-date: /home/nick/aws-robomaker-sample-application-roverrobotics/robot_ws/install/tshirtbot/lib/python2.7/dist-packages/tshirtbot/msg/_TShirtSizeActionResult.py
-- Up-to-date: /home/nick/aws-robomaker-sample-application-roverrobotics/robot_ws/install/tshirtbot/lib/python2.7/dist-packages/tshirtbot/msg/_TShirtSizeGoal.pyc
-- Up-to-date: /home/nick/aws-robomaker-sample-application-roverrobotics/robot_ws/install/tshirtbot/lib/python2.7/dist-packages/tshirtbot/msg/_TShirtSizeActionFeedback.pyc
-- Up-to-date: /home/nick/aws-robomaker-sample-application-roverrobotics/robot_ws/install/tshirtbot/lib/python2.7/dist-packages/tshirtbot/msg/_TShirtSizeFeedback.pyc
-- Up-to-date: /home/nick/aws-robomaker-sample-application-roverrobotics/robot_ws/install/tshirtbot/lib/python2.7/dist-packages/tshirtbot/msg/_TShirtSizeResult.pyc
-- Up-to-date: /home/nick/aws-robomaker-sample-application-roverrobotics/robot_ws/install/tshirtbot/lib/python2.7/dist-packages/tshirtbot/msg/_TShirtSizeAction.pyc
-- Up-to-date: /home/nick/aws-robomaker-sample-application-roverrobotics/robot_ws/install/tshirtbot/lib/python2.7/dist-packages/tshirtbot/msg/_TShirtSizeActionResult.pyc
-- Up-to-date: /home/nick/aws-robomaker-sample-application-roverrobotics/robot_ws/install/tshirtbot/lib/python2.7/dist-packages/tshirtbot/msg/_TShirtSizeResult.py
-- Up-to-date: /home/nick/aws-robomaker-sample-application-roverrobotics/robot_ws/install/tshirtbot/lib/python2.7/dist-packages/tshirtbot/msg/_TShirtSizeGoal.py
-- Up-to-date: /home/nick/aws-robomaker-sample-application-roverrobotics/robot_ws/install/tshirtbot/lib/python2.7/dist-packages/tshirtbot/msg/_TShirtSizeActionGoal.pyc
-- Up-to-date: /home/nick/aws-robomaker-sample-application-roverrobotics/robot_ws/install/tshirtbot/lib/python2.7/dist-packages/tshirtbot/msg/_TShirtSizeActionGoal.py
-- Up-to-date: /home/nick/aws-robomaker-sample-application-roverrobotics/robot_ws/install/tshirtbot/lib/python2.7/dist-packages/tshirtbot/msg/_TShirtSizeFeedback.py
-- Up-to-date: /home/nick/aws-robomaker-sample-application-roverrobotics/robot_ws/install/tshirtbot/lib/python2.7/dist-packages/tshirtbot
-- Up-to-date: /home/nick/aws-robomaker-sample-application-roverrobotics/robot_ws/install/tshirtbot/lib/python2.7/dist-packages/tshirtbot/msg
-- Up-to-date: /home/nick/aws-robomaker-sample-application-roverrobotics/robot_ws/install/tshirtbot/lib/python2.7/dist-packages/tshirtbot/msg/__init__.py
-- Up-to-date: /home/nick/aws-robomaker-sample-application-roverrobotics/robot_ws/install/tshirtbot/lib/python2.7/dist-packages/tshirtbot/msg/__init__.pyc
-- Installing: /home/nick/aws-robomaker-sample-application-roverrobotics/robot_ws/install/tshirtbot/lib/pkgconfig/tshirtbot.pc
-- Up-to-date: /home/nick/aws-robomaker-sample-application-roverrobotics/robot_ws/install/tshirtbot/share/tshirtbot/cmake/tshirtbot-msg-extras.cmake
-- Up-to-date: /home/nick/aws-robomaker-sample-application-roverrobotics/robot_ws/install/tshirtbot/share/tshirtbot/cmake/tshirtbotConfig.cmake
-- Up-to-date: /home/nick/aws-robomaker-sample-application-roverrobotics/robot_ws/install/tshirtbot/share/tshirtbot/cmake/tshirtbotConfig-version.cmake
-- Up-to-date: /home/nick/aws-robomaker-sample-application-roverrobotics/robot_ws/install/tshirtbot/share/tshirtbot/package.xml
-- Installing: /home/nick/aws-robomaker-sample-application-roverrobotics/robot_ws/install/tshirtbot/lib/tshirtbot/get_tshirt.py
-- Up-to-date: /home/nick/aws-robomaker-sample-application-roverrobotics/robot_ws/install/tshirtbot/share/tshirtbot/launch
-- Up-to-date: /home/nick/aws-robomaker-sample-application-roverrobotics/robot_ws/install/tshirtbot/share/tshirtbot/launch/get_tshirt.launch
-- Up-to-date: /home/nick/aws-robomaker-sample-application-roverrobotics/robot_ws/install/tshirtbot/share/tshirtbot/config
-- Up-to-date: /home/nick/aws-robomaker-sample-application-roverrobotics/robot_ws/install/tshirtbot/share/tshirtbot/config/config.yaml
Invoked command in '/home/nick/aws-robomaker-sample-application-roverrobotics/robot_ws/build/tshirtbot' returned '0': /usr/bin/cmake --build /home/nick/aws-robomaker-sample-application-roverrobotics/robot_ws/build/tshirtbot --target install
