Invoking command in '/home/nick/aws-robomaker-sample-application-roverrobotics/robot_ws/build/bno055_usb_stick_msgs': /usr/bin/cmake /home/nick/aws-robomaker-sample-application-roverrobotics/robot_ws/src/bno055_usb_stick_msgs -DCATKIN_INSTALL_INTO_PREFIX_ROOT=0 -DCMAKE_INSTALL_PREFIX=/home/nick/aws-robomaker-sample-application-roverrobotics/robot_ws/install/bno055_usb_stick_msgs
-- The C compiler identification is GNU 7.3.0
-- The CXX compiler identification is GNU 7.3.0
-- Check for working C compiler: /usr/bin/cc
-- Check for working C compiler: /usr/bin/cc -- works
-- Detecting C compiler ABI info
-- Detecting C compiler ABI info - done
-- Detecting C compile features
-- Detecting C compile features - done
-- Check for working CXX compiler: /usr/bin/c++
-- Check for working CXX compiler: /usr/bin/c++ -- works
-- Detecting CXX compiler ABI info
-- Detecting CXX compiler ABI info - done
-- Detecting CXX compile features
-- Detecting CXX compile features - done
-- Using CATKIN_DEVEL_PREFIX: /home/nick/aws-robomaker-sample-application-roverrobotics/robot_ws/build/bno055_usb_stick_msgs/devel
-- Using CMAKE_PREFIX_PATH: /home/nick/aws-robomaker-sample-application-roverrobotics/robot_ws/install/robot_app;/home/nick/aws-robomaker-sample-application-roverrobotics/simulation_ws/install/simulation_app;/opt/ros/melodic
-- This workspace overlays: /home/nick/aws-robomaker-sample-application-roverrobotics/simulation_ws/install/simulation_app;/opt/ros/melodic
-- Found PythonInterp: /usr/bin/python2 (found suitable version "2.7.15", minimum required is "2") 
-- Using PYTHON_EXECUTABLE: /usr/bin/python2
-- Using Debian Python package layout
-- Using empy: /usr/bin/empy
-- Using CATKIN_ENABLE_TESTING: ON
-- Call enable_testing()
-- Using CATKIN_TEST_RESULTS_DIR: /home/nick/aws-robomaker-sample-application-roverrobotics/robot_ws/build/bno055_usb_stick_msgs/test_results
-- Found gmock sources under '/usr/src/googletest': gmock will be built
-- Found PythonInterp: /usr/bin/python2 (found version "2.7.15") 
-- Looking for pthread.h
-- Looking for pthread.h - found
-- Looking for pthread_create
-- Looking for pthread_create - not found
-- Looking for pthread_create in pthreads
-- Looking for pthread_create in pthreads - not found
-- Looking for pthread_create in pthread
-- Looking for pthread_create in pthread - found
-- Found Threads: TRUE  
-- Found gtest sources under '/usr/src/googletest': gtests will be built
-- Using Python nosetests: /usr/bin/nosetests-2.7
-- catkin 0.7.14
-- Using these message generators: gencpp;geneus;genlisp;gennodejs;genpy
-- bno055_usb_stick_msgs: 3 messages, 0 services
-- Configuring done
-- Generating done
-- Build files have been written to: /home/nick/aws-robomaker-sample-application-roverrobotics/robot_ws/build/bno055_usb_stick_msgs
Invoked command in '/home/nick/aws-robomaker-sample-application-roverrobotics/robot_ws/build/bno055_usb_stick_msgs' returned '0': /usr/bin/cmake /home/nick/aws-robomaker-sample-application-roverrobotics/robot_ws/src/bno055_usb_stick_msgs -DCATKIN_INSTALL_INTO_PREFIX_ROOT=0 -DCMAKE_INSTALL_PREFIX=/home/nick/aws-robomaker-sample-application-roverrobotics/robot_ws/install/bno055_usb_stick_msgs
Invoking command in '/home/nick/aws-robomaker-sample-application-roverrobotics/robot_ws/build/bno055_usb_stick_msgs': /usr/bin/cmake --build /home/nick/aws-robomaker-sample-application-roverrobotics/robot_ws/build/bno055_usb_stick_msgs -- -j4 -l4
[35m[1mScanning dependencies of target _bno055_usb_stick_msgs_generate_messages_check_deps_CalibrationStatus[0m
[35m[1mScanning dependencies of target _bno055_usb_stick_msgs_generate_messages_check_deps_Output[0m
[35m[1mScanning dependencies of target _bno055_usb_stick_msgs_generate_messages_check_deps_EulerAngles[0m
[35m[1mScanning dependencies of target geometry_msgs_generate_messages_cpp[0m
[  0%] Built target geometry_msgs_generate_messages_cpp
[35m[1mScanning dependencies of target std_msgs_generate_messages_cpp[0m
[  0%] Built target std_msgs_generate_messages_cpp
[  0%] Built target _bno055_usb_stick_msgs_generate_messages_check_deps_EulerAngles
[  0%] Built target _bno055_usb_stick_msgs_generate_messages_check_deps_CalibrationStatus
[35m[1mScanning dependencies of target geometry_msgs_generate_messages_nodejs[0m
[  0%] Built target _bno055_usb_stick_msgs_generate_messages_check_deps_Output
[35m[1mScanning dependencies of target std_msgs_generate_messages_nodejs[0m
[  0%] Built target geometry_msgs_generate_messages_nodejs
[35m[1mScanning dependencies of target geometry_msgs_generate_messages_lisp[0m
[  0%] Built target geometry_msgs_generate_messages_lisp
[  0%] Built target std_msgs_generate_messages_nodejs
[35m[1mScanning dependencies of target std_msgs_generate_messages_lisp[0m
[  0%] Built target std_msgs_generate_messages_lisp
[35m[1mScanning dependencies of target std_msgs_generate_messages_py[0m
[35m[1mScanning dependencies of target geometry_msgs_generate_messages_eus[0m
[35m[1mScanning dependencies of target std_msgs_generate_messages_eus[0m
[  0%] Built target std_msgs_generate_messages_py
[35m[1mScanning dependencies of target geometry_msgs_generate_messages_py[0m
[  0%] Built target std_msgs_generate_messages_eus
[  0%] Built target geometry_msgs_generate_messages_eus
[  0%] Built target geometry_msgs_generate_messages_py
[35m[1mScanning dependencies of target bno055_usb_stick_msgs_generate_messages_nodejs[0m
[35m[1mScanning dependencies of target bno055_usb_stick_msgs_generate_messages_lisp[0m
[35m[1mScanning dependencies of target bno055_usb_stick_msgs_generate_messages_eus[0m
[35m[1mScanning dependencies of target bno055_usb_stick_msgs_generate_messages_cpp[0m
[  5%] [34m[1mGenerating C++ code from bno055_usb_stick_msgs/Output.msg[0m
[ 11%] [34m[1mGenerating EusLisp code from bno055_usb_stick_msgs/Output.msg[0m
[ 17%] [34m[1mGenerating Javascript code from bno055_usb_stick_msgs/Output.msg[0m
[ 23%] [34m[1mGenerating Lisp code from bno055_usb_stick_msgs/Output.msg[0m
[ 29%] [34m[1mGenerating Lisp code from bno055_usb_stick_msgs/EulerAngles.msg[0m
[ 35%] [34m[1mGenerating Javascript code from bno055_usb_stick_msgs/EulerAngles.msg[0m
[ 41%] [34m[1mGenerating EusLisp code from bno055_usb_stick_msgs/EulerAngles.msg[0m
[ 47%] [34m[1mGenerating Javascript code from bno055_usb_stick_msgs/CalibrationStatus.msg[0m
[ 52%] [34m[1mGenerating Lisp code from bno055_usb_stick_msgs/CalibrationStatus.msg[0m
[ 58%] [34m[1mGenerating C++ code from bno055_usb_stick_msgs/EulerAngles.msg[0m
[ 64%] [34m[1mGenerating EusLisp code from bno055_usb_stick_msgs/CalibrationStatus.msg[0m
[ 64%] Built target bno055_usb_stick_msgs_generate_messages_nodejs
[ 64%] Built target bno055_usb_stick_msgs_generate_messages_lisp
[ 70%] [34m[1mGenerating C++ code from bno055_usb_stick_msgs/CalibrationStatus.msg[0m
[35m[1mScanning dependencies of target bno055_usb_stick_msgs_generate_messages_py[0m
[ 76%] [34m[1mGenerating EusLisp manifest code for bno055_usb_stick_msgs[0m
[ 82%] [34m[1mGenerating Python from MSG bno055_usb_stick_msgs/Output[0m
[ 88%] [34m[1mGenerating Python from MSG bno055_usb_stick_msgs/EulerAngles[0m
[ 88%] Built target bno055_usb_stick_msgs_generate_messages_cpp
[ 94%] [34m[1mGenerating Python from MSG bno055_usb_stick_msgs/CalibrationStatus[0m
[100%] [34m[1mGenerating Python msg __init__.py for bno055_usb_stick_msgs[0m
[100%] Built target bno055_usb_stick_msgs_generate_messages_py
[100%] Built target bno055_usb_stick_msgs_generate_messages_eus
[35m[1mScanning dependencies of target bno055_usb_stick_msgs_generate_messages[0m
[100%] Built target bno055_usb_stick_msgs_generate_messages
Invoked command in '/home/nick/aws-robomaker-sample-application-roverrobotics/robot_ws/build/bno055_usb_stick_msgs' returned '0': /usr/bin/cmake --build /home/nick/aws-robomaker-sample-application-roverrobotics/robot_ws/build/bno055_usb_stick_msgs -- -j4 -l4
Invoking command in '/home/nick/aws-robomaker-sample-application-roverrobotics/robot_ws/build/bno055_usb_stick_msgs': /usr/bin/cmake --build /home/nick/aws-robomaker-sample-application-roverrobotics/robot_ws/build/bno055_usb_stick_msgs --target tests -- -j4 -l4
[35m[1mScanning dependencies of target tests[0m
Built target tests
Invoked command in '/home/nick/aws-robomaker-sample-application-roverrobotics/robot_ws/build/bno055_usb_stick_msgs' returned '0': /usr/bin/cmake --build /home/nick/aws-robomaker-sample-application-roverrobotics/robot_ws/build/bno055_usb_stick_msgs --target tests -- -j4 -l4
Invoking command in '/home/nick/aws-robomaker-sample-application-roverrobotics/robot_ws/build/bno055_usb_stick_msgs': /usr/bin/cmake --build /home/nick/aws-robomaker-sample-application-roverrobotics/robot_ws/build/bno055_usb_stick_msgs --target install
[  0%] Built target _bno055_usb_stick_msgs_generate_messages_check_deps_EulerAngles
[  0%] Built target _bno055_usb_stick_msgs_generate_messages_check_deps_CalibrationStatus
[  0%] Built target geometry_msgs_generate_messages_cpp
[  0%] Built target _bno055_usb_stick_msgs_generate_messages_check_deps_Output
[  0%] Built target std_msgs_generate_messages_cpp
[ 17%] Built target bno055_usb_stick_msgs_generate_messages_cpp
[ 17%] Built target std_msgs_generate_messages_nodejs
[ 17%] Built target geometry_msgs_generate_messages_nodejs
[ 35%] Built target bno055_usb_stick_msgs_generate_messages_nodejs
[ 35%] Built target std_msgs_generate_messages_lisp
[ 35%] Built target geometry_msgs_generate_messages_lisp
[ 52%] Built target bno055_usb_stick_msgs_generate_messages_lisp
[ 52%] Built target std_msgs_generate_messages_py
[ 52%] Built target geometry_msgs_generate_messages_py
[ 76%] Built target bno055_usb_stick_msgs_generate_messages_py
[ 76%] Built target std_msgs_generate_messages_eus
[ 76%] Built target geometry_msgs_generate_messages_eus
[100%] Built target bno055_usb_stick_msgs_generate_messages_eus
[100%] Built target bno055_usb_stick_msgs_generate_messages
[36mInstall the project...[0m
-- Install configuration: ""
-- Installing: /home/nick/aws-robomaker-sample-application-roverrobotics/robot_ws/install/bno055_usb_stick_msgs/share/bno055_usb_stick_msgs/msg/CalibrationStatus.msg
-- Installing: /home/nick/aws-robomaker-sample-application-roverrobotics/robot_ws/install/bno055_usb_stick_msgs/share/bno055_usb_stick_msgs/msg/EulerAngles.msg
-- Installing: /home/nick/aws-robomaker-sample-application-roverrobotics/robot_ws/install/bno055_usb_stick_msgs/share/bno055_usb_stick_msgs/msg/Output.msg
-- Installing: /home/nick/aws-robomaker-sample-application-roverrobotics/robot_ws/install/bno055_usb_stick_msgs/share/bno055_usb_stick_msgs/cmake/bno055_usb_stick_msgs-msg-paths.cmake
-- Installing: /home/nick/aws-robomaker-sample-application-roverrobotics/robot_ws/install/bno055_usb_stick_msgs/include/bno055_usb_stick_msgs
-- Installing: /home/nick/aws-robomaker-sample-application-roverrobotics/robot_ws/install/bno055_usb_stick_msgs/include/bno055_usb_stick_msgs/CalibrationStatus.h
-- Installing: /home/nick/aws-robomaker-sample-application-roverrobotics/robot_ws/install/bno055_usb_stick_msgs/include/bno055_usb_stick_msgs/EulerAngles.h
-- Installing: /home/nick/aws-robomaker-sample-application-roverrobotics/robot_ws/install/bno055_usb_stick_msgs/include/bno055_usb_stick_msgs/Output.h
-- Installing: /home/nick/aws-robomaker-sample-application-roverrobotics/robot_ws/install/bno055_usb_stick_msgs/share/roseus/ros/bno055_usb_stick_msgs
-- Installing: /home/nick/aws-robomaker-sample-application-roverrobotics/robot_ws/install/bno055_usb_stick_msgs/share/roseus/ros/bno055_usb_stick_msgs/manifest.l
-- Installing: /home/nick/aws-robomaker-sample-application-roverrobotics/robot_ws/install/bno055_usb_stick_msgs/share/roseus/ros/bno055_usb_stick_msgs/msg
-- Installing: /home/nick/aws-robomaker-sample-application-roverrobotics/robot_ws/install/bno055_usb_stick_msgs/share/roseus/ros/bno055_usb_stick_msgs/msg/CalibrationStatus.l
-- Installing: /home/nick/aws-robomaker-sample-application-roverrobotics/robot_ws/install/bno055_usb_stick_msgs/share/roseus/ros/bno055_usb_stick_msgs/msg/EulerAngles.l
-- Installing: /home/nick/aws-robomaker-sample-application-roverrobotics/robot_ws/install/bno055_usb_stick_msgs/share/roseus/ros/bno055_usb_stick_msgs/msg/Output.l
-- Installing: /home/nick/aws-robomaker-sample-application-roverrobotics/robot_ws/install/bno055_usb_stick_msgs/share/common-lisp/ros/bno055_usb_stick_msgs
-- Installing: /home/nick/aws-robomaker-sample-application-roverrobotics/robot_ws/install/bno055_usb_stick_msgs/share/common-lisp/ros/bno055_usb_stick_msgs/msg
-- Installing: /home/nick/aws-robomaker-sample-application-roverrobotics/robot_ws/install/bno055_usb_stick_msgs/share/common-lisp/ros/bno055_usb_stick_msgs/msg/Output.lisp
-- Installing: /home/nick/aws-robomaker-sample-application-roverrobotics/robot_ws/install/bno055_usb_stick_msgs/share/common-lisp/ros/bno055_usb_stick_msgs/msg/_package_Output.lisp
-- Installing: /home/nick/aws-robomaker-sample-application-roverrobotics/robot_ws/install/bno055_usb_stick_msgs/share/common-lisp/ros/bno055_usb_stick_msgs/msg/_package_EulerAngles.lisp
-- Installing: /home/nick/aws-robomaker-sample-application-roverrobotics/robot_ws/install/bno055_usb_stick_msgs/share/common-lisp/ros/bno055_usb_stick_msgs/msg/_package.lisp
-- Installing: /home/nick/aws-robomaker-sample-application-roverrobotics/robot_ws/install/bno055_usb_stick_msgs/share/common-lisp/ros/bno055_usb_stick_msgs/msg/_package_CalibrationStatus.lisp
-- Installing: /home/nick/aws-robomaker-sample-application-roverrobotics/robot_ws/install/bno055_usb_stick_msgs/share/common-lisp/ros/bno055_usb_stick_msgs/msg/CalibrationStatus.lisp
-- Installing: /home/nick/aws-robomaker-sample-application-roverrobotics/robot_ws/install/bno055_usb_stick_msgs/share/common-lisp/ros/bno055_usb_stick_msgs/msg/bno055_usb_stick_msgs-msg.asd
-- Installing: /home/nick/aws-robomaker-sample-application-roverrobotics/robot_ws/install/bno055_usb_stick_msgs/share/common-lisp/ros/bno055_usb_stick_msgs/msg/EulerAngles.lisp
-- Installing: /home/nick/aws-robomaker-sample-application-roverrobotics/robot_ws/install/bno055_usb_stick_msgs/share/gennodejs/ros/bno055_usb_stick_msgs
-- Installing: /home/nick/aws-robomaker-sample-application-roverrobotics/robot_ws/install/bno055_usb_stick_msgs/share/gennodejs/ros/bno055_usb_stick_msgs/msg
-- Installing: /home/nick/aws-robomaker-sample-application-roverrobotics/robot_ws/install/bno055_usb_stick_msgs/share/gennodejs/ros/bno055_usb_stick_msgs/msg/EulerAngles.js
-- Installing: /home/nick/aws-robomaker-sample-application-roverrobotics/robot_ws/install/bno055_usb_stick_msgs/share/gennodejs/ros/bno055_usb_stick_msgs/msg/Output.js
-- Installing: /home/nick/aws-robomaker-sample-application-roverrobotics/robot_ws/install/bno055_usb_stick_msgs/share/gennodejs/ros/bno055_usb_stick_msgs/msg/CalibrationStatus.js
-- Installing: /home/nick/aws-robomaker-sample-application-roverrobotics/robot_ws/install/bno055_usb_stick_msgs/share/gennodejs/ros/bno055_usb_stick_msgs/msg/_index.js
-- Installing: /home/nick/aws-robomaker-sample-application-roverrobotics/robot_ws/install/bno055_usb_stick_msgs/share/gennodejs/ros/bno055_usb_stick_msgs/_index.js
Listing /home/nick/aws-robomaker-sample-application-roverrobotics/robot_ws/build/bno055_usb_stick_msgs/devel/lib/python2.7/dist-packages/bno055_usb_stick_msgs ...
Compiling /home/nick/aws-robomaker-sample-application-roverrobotics/robot_ws/build/bno055_usb_stick_msgs/devel/lib/python2.7/dist-packages/bno055_usb_stick_msgs/__init__.py ...
Listing /home/nick/aws-robomaker-sample-application-roverrobotics/robot_ws/build/bno055_usb_stick_msgs/devel/lib/python2.7/dist-packages/bno055_usb_stick_msgs/msg ...
Compiling /home/nick/aws-robomaker-sample-application-roverrobotics/robot_ws/build/bno055_usb_stick_msgs/devel/lib/python2.7/dist-packages/bno055_usb_stick_msgs/msg/_CalibrationStatus.py ...
Compiling /home/nick/aws-robomaker-sample-application-roverrobotics/robot_ws/build/bno055_usb_stick_msgs/devel/lib/python2.7/dist-packages/bno055_usb_stick_msgs/msg/_EulerAngles.py ...
Compiling /home/nick/aws-robomaker-sample-application-roverrobotics/robot_ws/build/bno055_usb_stick_msgs/devel/lib/python2.7/dist-packages/bno055_usb_stick_msgs/msg/_Output.py ...
Compiling /home/nick/aws-robomaker-sample-application-roverrobotics/robot_ws/build/bno055_usb_stick_msgs/devel/lib/python2.7/dist-packages/bno055_usb_stick_msgs/msg/__init__.py ...
-- Installing: /home/nick/aws-robomaker-sample-application-roverrobotics/robot_ws/install/bno055_usb_stick_msgs/lib/python2.7/dist-packages/bno055_usb_stick_msgs
-- Installing: /home/nick/aws-robomaker-sample-application-roverrobotics/robot_ws/install/bno055_usb_stick_msgs/lib/python2.7/dist-packages/bno055_usb_stick_msgs/__init__.py
-- Installing: /home/nick/aws-robomaker-sample-application-roverrobotics/robot_ws/install/bno055_usb_stick_msgs/lib/python2.7/dist-packages/bno055_usb_stick_msgs/__init__.pyc
-- Installing: /home/nick/aws-robomaker-sample-application-roverrobotics/robot_ws/install/bno055_usb_stick_msgs/lib/python2.7/dist-packages/bno055_usb_stick_msgs/msg
-- Installing: /home/nick/aws-robomaker-sample-application-roverrobotics/robot_ws/install/bno055_usb_stick_msgs/lib/python2.7/dist-packages/bno055_usb_stick_msgs/msg/_CalibrationStatus.py
-- Installing: /home/nick/aws-robomaker-sample-application-roverrobotics/robot_ws/install/bno055_usb_stick_msgs/lib/python2.7/dist-packages/bno055_usb_stick_msgs/msg/_Output.py
-- Installing: /home/nick/aws-robomaker-sample-application-roverrobotics/robot_ws/install/bno055_usb_stick_msgs/lib/python2.7/dist-packages/bno055_usb_stick_msgs/msg/__init__.py
-- Installing: /home/nick/aws-robomaker-sample-application-roverrobotics/robot_ws/install/bno055_usb_stick_msgs/lib/python2.7/dist-packages/bno055_usb_stick_msgs/msg/__init__.pyc
-- Installing: /home/nick/aws-robomaker-sample-application-roverrobotics/robot_ws/install/bno055_usb_stick_msgs/lib/python2.7/dist-packages/bno055_usb_stick_msgs/msg/_Output.pyc
-- Installing: /home/nick/aws-robomaker-sample-application-roverrobotics/robot_ws/install/bno055_usb_stick_msgs/lib/python2.7/dist-packages/bno055_usb_stick_msgs/msg/_EulerAngles.py
-- Installing: /home/nick/aws-robomaker-sample-application-roverrobotics/robot_ws/install/bno055_usb_stick_msgs/lib/python2.7/dist-packages/bno055_usb_stick_msgs/msg/_CalibrationStatus.pyc
-- Installing: /home/nick/aws-robomaker-sample-application-roverrobotics/robot_ws/install/bno055_usb_stick_msgs/lib/python2.7/dist-packages/bno055_usb_stick_msgs/msg/_EulerAngles.pyc
-- Installing: /home/nick/aws-robomaker-sample-application-roverrobotics/robot_ws/install/bno055_usb_stick_msgs/lib/pkgconfig/bno055_usb_stick_msgs.pc
-- Installing: /home/nick/aws-robomaker-sample-application-roverrobotics/robot_ws/install/bno055_usb_stick_msgs/share/bno055_usb_stick_msgs/cmake/bno055_usb_stick_msgs-msg-extras.cmake
-- Installing: /home/nick/aws-robomaker-sample-application-roverrobotics/robot_ws/install/bno055_usb_stick_msgs/share/bno055_usb_stick_msgs/cmake/bno055_usb_stick_msgsConfig.cmake
-- Installing: /home/nick/aws-robomaker-sample-application-roverrobotics/robot_ws/install/bno055_usb_stick_msgs/share/bno055_usb_stick_msgs/cmake/bno055_usb_stick_msgsConfig-version.cmake
-- Installing: /home/nick/aws-robomaker-sample-application-roverrobotics/robot_ws/install/bno055_usb_stick_msgs/share/bno055_usb_stick_msgs/package.xml
Invoked command in '/home/nick/aws-robomaker-sample-application-roverrobotics/robot_ws/build/bno055_usb_stick_msgs' returned '0': /usr/bin/cmake --build /home/nick/aws-robomaker-sample-application-roverrobotics/robot_ws/build/bno055_usb_stick_msgs --target install
