Determining if the pthread_create exist failed with the following output:
Change Dir: /home/nickp/Desktop/aws-robomaker-sample-application-roverrobotics/robot_ws/build/bno055_usb_stick/CMakeFiles/CMakeTmp

Run Build Command:"/usr/bin/make" "cmTC_16a0b/fast"
/usr/bin/make -f CMakeFiles/cmTC_16a0b.dir/build.make CMakeFiles/cmTC_16a0b.dir/build
make[1]: Entering directory '/home/nickp/Desktop/aws-robomaker-sample-application-roverrobotics/robot_ws/build/bno055_usb_stick/CMakeFiles/CMakeTmp'
Building C object CMakeFiles/cmTC_16a0b.dir/CheckSymbolExists.c.o
/usr/bin/cc     -o CMakeFiles/cmTC_16a0b.dir/CheckSymbolExists.c.o   -c /home/nickp/Desktop/aws-robomaker-sample-application-roverrobotics/robot_ws/build/bno055_usb_stick/CMakeFiles/CMakeTmp/CheckSymbolExists.c
Linking C executable cmTC_16a0b
/usr/bin/cmake -E cmake_link_script CMakeFiles/cmTC_16a0b.dir/link.txt --verbose=1
/usr/bin/cc       CMakeFiles/cmTC_16a0b.dir/CheckSymbolExists.c.o  -o cmTC_16a0b -rdynamic 
CMakeFiles/cmTC_16a0b.dir/CheckSymbolExists.c.o: In function `main':
CheckSymbolExists.c:(.text+0x16): undefined reference to `pthread_create'
collect2: error: ld returned 1 exit status
CMakeFiles/cmTC_16a0b.dir/build.make:97: recipe for target 'cmTC_16a0b' failed
make[1]: *** [cmTC_16a0b] Error 1
make[1]: Leaving directory '/home/nickp/Desktop/aws-robomaker-sample-application-roverrobotics/robot_ws/build/bno055_usb_stick/CMakeFiles/CMakeTmp'
Makefile:126: recipe for target 'cmTC_16a0b/fast' failed
make: *** [cmTC_16a0b/fast] Error 2

File /home/nickp/Desktop/aws-robomaker-sample-application-roverrobotics/robot_ws/build/bno055_usb_stick/CMakeFiles/CMakeTmp/CheckSymbolExists.c:
/* */
#include <pthread.h>

int main(int argc, char** argv)
{
  (void)argv;
#ifndef pthread_create
  return ((int*)(&pthread_create))[argc];
#else
  (void)argc;
  return 0;
#endif
}

Determining if the function pthread_create exists in the pthreads failed with the following output:
Change Dir: /home/nickp/Desktop/aws-robomaker-sample-application-roverrobotics/robot_ws/build/bno055_usb_stick/CMakeFiles/CMakeTmp

Run Build Command:"/usr/bin/make" "cmTC_82921/fast"
/usr/bin/make -f CMakeFiles/cmTC_82921.dir/build.make CMakeFiles/cmTC_82921.dir/build
make[1]: Entering directory '/home/nickp/Desktop/aws-robomaker-sample-application-roverrobotics/robot_ws/build/bno055_usb_stick/CMakeFiles/CMakeTmp'
Building C object CMakeFiles/cmTC_82921.dir/CheckFunctionExists.c.o
/usr/bin/cc    -DCHECK_FUNCTION_EXISTS=pthread_create   -o CMakeFiles/cmTC_82921.dir/CheckFunctionExists.c.o   -c /usr/share/cmake-3.5/Modules/CheckFunctionExists.c
Linking C executable cmTC_82921
/usr/bin/cmake -E cmake_link_script CMakeFiles/cmTC_82921.dir/link.txt --verbose=1
/usr/bin/cc   -DCHECK_FUNCTION_EXISTS=pthread_create    CMakeFiles/cmTC_82921.dir/CheckFunctionExists.c.o  -o cmTC_82921 -rdynamic -lpthreads 
/usr/bin/ld: cannot find -lpthreads
collect2: error: ld returned 1 exit status
CMakeFiles/cmTC_82921.dir/build.make:97: recipe for target 'cmTC_82921' failed
make[1]: *** [cmTC_82921] Error 1
make[1]: Leaving directory '/home/nickp/Desktop/aws-robomaker-sample-application-roverrobotics/robot_ws/build/bno055_usb_stick/CMakeFiles/CMakeTmp'
Makefile:126: recipe for target 'cmTC_82921/fast' failed
make: *** [cmTC_82921/fast] Error 2


