[0.264s] DEBUG:colcon:Command line arguments: ['/usr/local/bin/colcon', 'build', '--symlink-install']
[0.264s] DEBUG:colcon:Parsed command line arguments: Namespace(ament_cmake_args=None, base_paths='.', build_base='build', catkin_cmake_args=None, catkin_skip_building_tests=False, cmake_args=None, cmake_clean_cache=False, cmake_clean_first=False, cmake_force_configure=False, cmake_target=None, cmake_target_skip_unavailable=False, continue_on_error=False, event_handlers=None, executor='sequential', install_base='install', log_base='log', log_level=None, main=<bound method BuildVerb.main of <colcon_core.verb.build.BuildVerb object at 0x7f4e63aa7470>>, merge_install=False, paths=None, symlink_install=True, test_result_base=None, verb_extension=<colcon_core.verb.build.BuildVerb object at 0x7f4e63aa7470>, verb_name='build', verb_parser=CustomArgumentParser(prog='colcon build', usage=None, description='Build a set of packages.', formatter_class=<class 'colcon_core.command.CustomFormatter'>, conflict_handler='error', add_help=True))
[0.313s] Level 1:colcon.colcon_core.package_discovery:discover_packages(recursive) check parameters
[0.313s] Level 1:colcon.colcon_core.package_discovery:discover_packages(path) check parameters
[0.313s] Level 1:colcon.colcon_core.package_discovery:discover_packages(recursive) discover
[0.313s] INFO:colcon.colcon_core.package_discovery:Crawling recursively for packages in '/MyApp/simulation_ws'
[0.314s] Level 1:colcon.colcon_core.package_identification:_identify(/MyApp/simulation_ws) by extensions ['ignore', 'ignore_ament_install']
[0.314s] Level 1:colcon.colcon_core.package_identification:_identify(/MyApp/simulation_ws) by extension 'ignore'
[0.314s] Level 1:colcon.colcon_core.package_identification:_identify(/MyApp/simulation_ws) by extension 'ignore_ament_install'
[0.314s] Level 1:colcon.colcon_core.package_identification:_identify(/MyApp/simulation_ws) by extensions ['ros']
[0.314s] Level 1:colcon.colcon_core.package_identification:_identify(/MyApp/simulation_ws) by extension 'ros'
[0.326s] Level 1:colcon.colcon_core.package_identification:_identify(/MyApp/simulation_ws) by extensions ['cmake', 'python']
[0.326s] Level 1:colcon.colcon_core.package_identification:_identify(/MyApp/simulation_ws) by extension 'cmake'
[0.326s] Level 1:colcon.colcon_core.package_identification:_identify(/MyApp/simulation_ws) by extension 'python'
[0.326s] Level 1:colcon.colcon_core.package_identification:_identify(/MyApp/simulation_ws) by extensions ['python_setup_py']
[0.326s] Level 1:colcon.colcon_core.package_identification:_identify(/MyApp/simulation_ws) by extension 'python_setup_py'
[0.327s] Level 1:colcon.colcon_core.package_identification:_identify(/MyApp/simulation_ws/build) by extensions ['ignore', 'ignore_ament_install']
[0.327s] Level 1:colcon.colcon_core.package_identification:_identify(/MyApp/simulation_ws/build) by extension 'ignore'
[0.327s] Level 1:colcon.colcon_core.package_identification:_identify(/MyApp/simulation_ws/build) ignored
[0.327s] Level 1:colcon.colcon_core.package_identification:_identify(/MyApp/simulation_ws/install) by extensions ['ignore', 'ignore_ament_install']
[0.327s] Level 1:colcon.colcon_core.package_identification:_identify(/MyApp/simulation_ws/install) by extension 'ignore'
[0.327s] Level 1:colcon.colcon_core.package_identification:_identify(/MyApp/simulation_ws/install) ignored
[0.327s] Level 1:colcon.colcon_core.package_identification:_identify(/MyApp/simulation_ws/log) by extensions ['ignore', 'ignore_ament_install']
[0.327s] Level 1:colcon.colcon_core.package_identification:_identify(/MyApp/simulation_ws/log) by extension 'ignore'
[0.327s] Level 1:colcon.colcon_core.package_identification:_identify(/MyApp/simulation_ws/log) ignored
[0.328s] Level 1:colcon.colcon_core.package_identification:_identify(/MyApp/simulation_ws/src) by extensions ['ignore', 'ignore_ament_install']
[0.328s] Level 1:colcon.colcon_core.package_identification:_identify(/MyApp/simulation_ws/src) by extension 'ignore'
[0.328s] Level 1:colcon.colcon_core.package_identification:_identify(/MyApp/simulation_ws/src) by extension 'ignore_ament_install'
[0.328s] Level 1:colcon.colcon_core.package_identification:_identify(/MyApp/simulation_ws/src) by extensions ['ros']
[0.328s] Level 1:colcon.colcon_core.package_identification:_identify(/MyApp/simulation_ws/src) by extension 'ros'
[0.328s] Level 1:colcon.colcon_core.package_identification:_identify(/MyApp/simulation_ws/src) by extensions ['cmake', 'python']
[0.328s] Level 1:colcon.colcon_core.package_identification:_identify(/MyApp/simulation_ws/src) by extension 'cmake'
[0.328s] Level 1:colcon.colcon_core.package_identification:_identify(/MyApp/simulation_ws/src) by extension 'python'
[0.328s] Level 1:colcon.colcon_core.package_identification:_identify(/MyApp/simulation_ws/src) by extensions ['python_setup_py']
[0.328s] Level 1:colcon.colcon_core.package_identification:_identify(/MyApp/simulation_ws/src) by extension 'python_setup_py'
[0.329s] Level 1:colcon.colcon_core.package_identification:_identify(/MyApp/simulation_ws/src/2WD_Rover_app) by extensions ['ignore', 'ignore_ament_install']
[0.329s] Level 1:colcon.colcon_core.package_identification:_identify(/MyApp/simulation_ws/src/2WD_Rover_app) by extension 'ignore'
[0.329s] Level 1:colcon.colcon_core.package_identification:_identify(/MyApp/simulation_ws/src/2WD_Rover_app) by extension 'ignore_ament_install'
[0.329s] Level 1:colcon.colcon_core.package_identification:_identify(/MyApp/simulation_ws/src/2WD_Rover_app) by extensions ['ros']
[0.329s] Level 1:colcon.colcon_core.package_identification:_identify(/MyApp/simulation_ws/src/2WD_Rover_app) by extension 'ros'
[0.332s] DEBUG:colcon.colcon_core.package_identification:Package '/MyApp/simulation_ws/src/2WD_Rover_app' with type 'ros.catkin' and name '2WD_Rover_app'
[0.332s] Level 1:colcon.colcon_core.package_identification:_identify(/MyApp/simulation_ws/src/simulation_app) by extensions ['ignore', 'ignore_ament_install']
[0.332s] Level 1:colcon.colcon_core.package_identification:_identify(/MyApp/simulation_ws/src/simulation_app) by extension 'ignore'
[0.333s] Level 1:colcon.colcon_core.package_identification:_identify(/MyApp/simulation_ws/src/simulation_app) by extension 'ignore_ament_install'
[0.333s] Level 1:colcon.colcon_core.package_identification:_identify(/MyApp/simulation_ws/src/simulation_app) by extensions ['ros']
[0.333s] Level 1:colcon.colcon_core.package_identification:_identify(/MyApp/simulation_ws/src/simulation_app) by extension 'ros'
[0.334s] DEBUG:colcon.colcon_core.package_identification:Package '/MyApp/simulation_ws/src/simulation_app' with type 'ros.catkin' and name 'simulation_app'
[0.334s] Level 1:colcon.colcon_core.package_discovery:discover_packages(recursive) using defaults
[0.348s] Level 5:colcon.colcon_core.verb:set package '2WD_Rover_app' build argument 'cmake_args' from command line to 'None'
[0.349s] Level 5:colcon.colcon_core.verb:set package '2WD_Rover_app' build argument 'cmake_target' from command line to 'None'
[0.349s] Level 5:colcon.colcon_core.verb:set package '2WD_Rover_app' build argument 'cmake_target_skip_unavailable' from command line to 'False'
[0.349s] Level 5:colcon.colcon_core.verb:set package '2WD_Rover_app' build argument 'cmake_clean_cache' from command line to 'False'
[0.349s] Level 5:colcon.colcon_core.verb:set package '2WD_Rover_app' build argument 'cmake_clean_first' from command line to 'False'
[0.349s] Level 5:colcon.colcon_core.verb:set package '2WD_Rover_app' build argument 'cmake_force_configure' from command line to 'False'
[0.349s] Level 5:colcon.colcon_core.verb:set package '2WD_Rover_app' build argument 'ament_cmake_args' from command line to 'None'
[0.349s] Level 5:colcon.colcon_core.verb:set package '2WD_Rover_app' build argument 'catkin_cmake_args' from command line to 'None'
[0.349s] Level 5:colcon.colcon_core.verb:set package '2WD_Rover_app' build argument 'catkin_skip_building_tests' from command line to 'False'
[0.349s] DEBUG:colcon.colcon_core.verb:Building package '2WD_Rover_app' with the following arguments: {'ament_cmake_args': None, 'build_base': '/MyApp/simulation_ws/build/2WD_Rover_app', 'catkin_cmake_args': None, 'catkin_skip_building_tests': False, 'cmake_args': None, 'cmake_clean_cache': False, 'cmake_clean_first': False, 'cmake_force_configure': False, 'cmake_target': None, 'cmake_target_skip_unavailable': False, 'install_base': '/MyApp/simulation_ws/install/2WD_Rover_app', 'merge_install': False, 'path': '/MyApp/simulation_ws/src/2WD_Rover_app', 'symlink_install': True, 'test_result_base': None}
[0.360s] Level 5:colcon.colcon_core.verb:set package 'simulation_app' build argument 'cmake_args' from command line to 'None'
[0.360s] Level 5:colcon.colcon_core.verb:set package 'simulation_app' build argument 'cmake_target' from command line to 'None'
[0.360s] Level 5:colcon.colcon_core.verb:set package 'simulation_app' build argument 'cmake_target_skip_unavailable' from command line to 'False'
[0.360s] Level 5:colcon.colcon_core.verb:set package 'simulation_app' build argument 'cmake_clean_cache' from command line to 'False'
[0.360s] Level 5:colcon.colcon_core.verb:set package 'simulation_app' build argument 'cmake_clean_first' from command line to 'False'
[0.360s] Level 5:colcon.colcon_core.verb:set package 'simulation_app' build argument 'cmake_force_configure' from command line to 'False'
[0.360s] Level 5:colcon.colcon_core.verb:set package 'simulation_app' build argument 'ament_cmake_args' from command line to 'None'
[0.360s] Level 5:colcon.colcon_core.verb:set package 'simulation_app' build argument 'catkin_cmake_args' from command line to 'None'
[0.360s] Level 5:colcon.colcon_core.verb:set package 'simulation_app' build argument 'catkin_skip_building_tests' from command line to 'False'
[0.361s] DEBUG:colcon.colcon_core.verb:Building package 'simulation_app' with the following arguments: {'ament_cmake_args': None, 'build_base': '/MyApp/simulation_ws/build/simulation_app', 'catkin_cmake_args': None, 'catkin_skip_building_tests': False, 'cmake_args': None, 'cmake_clean_cache': False, 'cmake_clean_first': False, 'cmake_force_configure': False, 'cmake_target': None, 'cmake_target_skip_unavailable': False, 'install_base': '/MyApp/simulation_ws/install/simulation_app', 'merge_install': False, 'path': '/MyApp/simulation_ws/src/simulation_app', 'symlink_install': True, 'test_result_base': None}
[0.367s] INFO:colcon.colcon_core.executor:Executing jobs using 'sequential' executor
[0.377s] DEBUG:colcon.colcon_core.executor.sequential:run_until_complete '2WD_Rover_app'
[0.377s] INFO:colcon.colcon_ros.task.catkin.build:Building ROS package in '/MyApp/simulation_ws/src/2WD_Rover_app' with build type 'catkin'
[0.378s] INFO:colcon.colcon_cmake.task.cmake.build:Building CMake package in '/MyApp/simulation_ws/src/2WD_Rover_app'
[0.384s] INFO:colcon.colcon_core.plugin_system:Skipping extension 'colcon_core.shell.bat': Not used on non-Windows systems
[0.392s] WARNING:colcon.colcon_ros.prefix_path.catkin:The path '/opt/ros/kinetic' in the environment variable CMAKE_PREFIX_PATH seems to be a catkin workspace but it doesn't contain any 'local_setup.*' files. Maybe the catkin version is not up-to-date?
[0.399s] DEBUG:colcon.colcon_core.event_handler.log_command:Invoking command in '/MyApp/simulation_ws/build/2WD_Rover_app': /usr/bin/cmake --build /MyApp/simulation_ws/build/2WD_Rover_app -- -j4 -l4
[0.443s] DEBUG:colcon.colcon_core.event_handler.log_command:Invoked command in '/MyApp/simulation_ws/build/2WD_Rover_app' returned '0': /usr/bin/cmake --build /MyApp/simulation_ws/build/2WD_Rover_app -- -j4 -l4
[0.510s] DEBUG:colcon.colcon_core.event_handler.log_command:Invoking command in '/MyApp/simulation_ws/build/2WD_Rover_app': /usr/bin/cmake --build /MyApp/simulation_ws/build/2WD_Rover_app --target tests -- -j4 -l4
[0.579s] DEBUG:colcon.colcon_core.event_handler.log_command:Invoked command in '/MyApp/simulation_ws/build/2WD_Rover_app' returned '0': /usr/bin/cmake --build /MyApp/simulation_ws/build/2WD_Rover_app --target tests -- -j4 -l4
[0.649s] DEBUG:colcon.colcon_core.event_handler.log_command:Invoking command in '/MyApp/simulation_ws/build/2WD_Rover_app': /usr/bin/cmake --build /MyApp/simulation_ws/build/2WD_Rover_app --target install
[0.707s] Level 1:colcon.colcon_core.shell:create_environment_hook('2WD_Rover_app', 'ros_package_path')
[0.710s] INFO:colcon.colcon_core.shell:Creating environment hook '/MyApp/simulation_ws/install/2WD_Rover_app/share/2WD_Rover_app/hook/ros_package_path.sh'
[0.711s] DEBUG:colcon.colcon_core.event_handler.log_command:Invoked command in '/MyApp/simulation_ws/build/2WD_Rover_app' returned '0': /usr/bin/cmake --build /MyApp/simulation_ws/build/2WD_Rover_app --target install
[0.712s] Level 1:colcon.colcon_ros.task.catkin:checking '/MyApp/simulation_ws/install/2WD_Rover_app/lib/python2.7/dist-packages'
[0.712s] Level 1:colcon.colcon_ros.task.catkin:checking '/MyApp/simulation_ws/install/2WD_Rover_app/lib/python2.7/site-packages'
[0.715s] Level 1:colcon.colcon_core.environment:create_environment_scripts_only(2WD_Rover_app)
[0.728s] Level 1:colcon.colcon_core.environment:checking '/MyApp/simulation_ws/install/2WD_Rover_app' for CMake module files
[0.729s] Level 1:colcon.colcon_core.environment:checking '/MyApp/simulation_ws/install/2WD_Rover_app' for CMake config files
[0.729s] Level 1:colcon.colcon_core.shell:create_environment_hook('2WD_Rover_app', 'cmake_prefix_path')
[0.732s] INFO:colcon.colcon_core.shell:Creating environment hook '/MyApp/simulation_ws/install/2WD_Rover_app/share/2WD_Rover_app/hook/cmake_prefix_path.sh'
[0.734s] Level 1:colcon.colcon_core.environment:checking '/MyApp/simulation_ws/install/2WD_Rover_app/lib'
[0.734s] Level 1:colcon.colcon_core.environment:checking '/MyApp/simulation_ws/install/2WD_Rover_app/bin'
[0.734s] Level 1:colcon.colcon_core.environment:checking '/MyApp/simulation_ws/install/2WD_Rover_app/lib/pkgconfig/2WD_Rover_app.pc'
[0.734s] Level 1:colcon.colcon_core.shell:create_environment_hook('2WD_Rover_app', 'pkg_config')
[0.737s] INFO:colcon.colcon_core.shell:Creating environment hook '/MyApp/simulation_ws/install/2WD_Rover_app/share/2WD_Rover_app/hook/pkg_config.sh'
[0.738s] Level 1:colcon.colcon_core.environment:checking '/MyApp/simulation_ws/install/2WD_Rover_app/lib/python3.5/site-packages'
[0.741s] INFO:colcon.colcon_core.shell:Creating package script '/MyApp/simulation_ws/install/2WD_Rover_app/share/2WD_Rover_app/package.sh'
[0.742s] Level 1:colcon.colcon_core.environment:create_file_with_runtime_dependencies(/MyApp/simulation_ws/install/2WD_Rover_app/share/colcon-core/packages/2WD_Rover_app)
[0.743s] DEBUG:colcon.colcon_core.executor.sequential:run_until_complete '2WD_Rover_app' finished with '0'
[0.743s] DEBUG:colcon.colcon_core.executor.sequential:run_until_complete 'simulation_app'
[0.743s] INFO:colcon.colcon_ros.task.catkin.build:Building ROS package in '/MyApp/simulation_ws/src/simulation_app' with build type 'catkin'
[0.743s] INFO:colcon.colcon_cmake.task.cmake.build:Building CMake package in '/MyApp/simulation_ws/src/simulation_app'
[0.761s] DEBUG:colcon.colcon_core.event_handler.log_command:Invoking command in '/MyApp/simulation_ws/build/simulation_app': /usr/bin/cmake --build /MyApp/simulation_ws/build/simulation_app -- -j4 -l4
[0.799s] DEBUG:colcon.colcon_core.event_handler.log_command:Invoked command in '/MyApp/simulation_ws/build/simulation_app' returned '0': /usr/bin/cmake --build /MyApp/simulation_ws/build/simulation_app -- -j4 -l4
[0.864s] DEBUG:colcon.colcon_core.event_handler.log_command:Invoking command in '/MyApp/simulation_ws/build/simulation_app': /usr/bin/cmake --build /MyApp/simulation_ws/build/simulation_app --target tests -- -j4 -l4
[0.928s] DEBUG:colcon.colcon_core.event_handler.log_command:Invoked command in '/MyApp/simulation_ws/build/simulation_app' returned '0': /usr/bin/cmake --build /MyApp/simulation_ws/build/simulation_app --target tests -- -j4 -l4
[0.997s] DEBUG:colcon.colcon_core.event_handler.log_command:Invoking command in '/MyApp/simulation_ws/build/simulation_app': /usr/bin/cmake --build /MyApp/simulation_ws/build/simulation_app --target install
[1.053s] Level 1:colcon.colcon_core.shell:create_environment_hook('simulation_app', 'ros_package_path')
[1.053s] DEBUG:colcon.colcon_core.event_handler.log_command:Invoked command in '/MyApp/simulation_ws/build/simulation_app' returned '0': /usr/bin/cmake --build /MyApp/simulation_ws/build/simulation_app --target install
[1.057s] INFO:colcon.colcon_core.shell:Creating environment hook '/MyApp/simulation_ws/install/simulation_app/share/simulation_app/hook/ros_package_path.sh'
[1.058s] Level 1:colcon.colcon_ros.task.catkin:checking '/MyApp/simulation_ws/install/simulation_app/lib/python2.7/dist-packages'
[1.058s] Level 1:colcon.colcon_ros.task.catkin:checking '/MyApp/simulation_ws/install/simulation_app/lib/python2.7/site-packages'
[1.061s] Level 1:colcon.colcon_core.environment:create_environment_scripts_only(simulation_app)
[1.071s] Level 1:colcon.colcon_core.environment:checking '/MyApp/simulation_ws/install/simulation_app' for CMake module files
[1.072s] Level 1:colcon.colcon_core.environment:checking '/MyApp/simulation_ws/install/simulation_app' for CMake config files
[1.072s] Level 1:colcon.colcon_core.shell:create_environment_hook('simulation_app', 'cmake_prefix_path')
[1.075s] INFO:colcon.colcon_core.shell:Creating environment hook '/MyApp/simulation_ws/install/simulation_app/share/simulation_app/hook/cmake_prefix_path.sh'
[1.076s] Level 1:colcon.colcon_core.environment:checking '/MyApp/simulation_ws/install/simulation_app/lib'
[1.077s] Level 1:colcon.colcon_core.environment:checking '/MyApp/simulation_ws/install/simulation_app/bin'
[1.077s] Level 1:colcon.colcon_core.environment:checking '/MyApp/simulation_ws/install/simulation_app/lib/pkgconfig/simulation_app.pc'
[1.077s] Level 1:colcon.colcon_core.shell:create_environment_hook('simulation_app', 'pkg_config')
[1.080s] INFO:colcon.colcon_core.shell:Creating environment hook '/MyApp/simulation_ws/install/simulation_app/share/simulation_app/hook/pkg_config.sh'
[1.080s] Level 1:colcon.colcon_core.environment:checking '/MyApp/simulation_ws/install/simulation_app/lib/python3.5/site-packages'
[1.083s] INFO:colcon.colcon_core.shell:Creating package script '/MyApp/simulation_ws/install/simulation_app/share/simulation_app/package.sh'
[1.083s] Level 1:colcon.colcon_core.environment:create_file_with_runtime_dependencies(/MyApp/simulation_ws/install/simulation_app/share/colcon-core/packages/simulation_app)
[1.084s] DEBUG:colcon.colcon_core.executor.sequential:run_until_complete 'simulation_app' finished with '0'
[1.084s] DEBUG:colcon.colcon_core.executor.sequential:closing loop
[1.085s] DEBUG:colcon.colcon_core.executor.sequential:loop closed
[1.085s] DEBUG:colcon.colcon_core.event_reactor:joining thread
[1.085s] DEBUG:colcon.colcon_core.event_reactor:joined thread
[1.090s] INFO:colcon.colcon_core.shell:Creating prefix script '/MyApp/simulation_ws/install/local_setup.sh'
[1.091s] INFO:colcon.colcon_core.shell:Creating prefix chain script '/MyApp/simulation_ws/install/setup.sh'
