Invoking command in '/home/nickp/Desktop/aws-robomaker-sample-application-roverrobotics/build/tshirt_dispense_msgs': /usr/bin/cmake /home/nickp/Desktop/aws-robomaker-sample-application-roverrobotics/robot_ws/src/tshirt_dispense_msgs -DCATKIN_INSTALL_INTO_PREFIX_ROOT=0 -DCMAKE_INSTALL_PREFIX=/home/nickp/Desktop/aws-robomaker-sample-application-roverrobotics/install/tshirt_dispense_msgs
-- The C compiler identification is GNU 5.5.0
-- The CXX compiler identification is GNU 5.5.0
-- Check for working C compiler: /usr/bin/cc
-- Check for working C compiler: /usr/bin/cc -- works
-- Detecting C compiler ABI info
-- Detecting C compiler ABI info - done
-- Detecting C compile features
-- Detecting C compile features - done
-- Check for working CXX compiler: /usr/bin/c++
-- Check for working CXX compiler: /usr/bin/c++ -- works
-- Detecting CXX compiler ABI info
-- Detecting CXX compiler ABI info - done
-- Detecting CXX compile features
-- Detecting CXX compile features - done
-- Using CATKIN_DEVEL_PREFIX: /home/nickp/Desktop/aws-robomaker-sample-application-roverrobotics/build/tshirt_dispense_msgs/devel
-- Using CMAKE_PREFIX_PATH: /home/nickp/Desktop/aws-robomaker-sample-application-roverrobotics/simulation_ws/install/simulation_app;/opt/ros/kinetic
-- This workspace overlays: /home/nickp/Desktop/aws-robomaker-sample-application-roverrobotics/simulation_ws/install/simulation_app;/opt/ros/kinetic
-- Found PythonInterp: /usr/bin/python (found version "2.7.12") 
-- Using PYTHON_EXECUTABLE: /usr/bin/python
-- Using Debian Python package layout
-- Using empy: /usr/bin/empy
-- Using CATKIN_ENABLE_TESTING: ON
-- Call enable_testing()
-- Using CATKIN_TEST_RESULTS_DIR: /home/nickp/Desktop/aws-robomaker-sample-application-roverrobotics/build/tshirt_dispense_msgs/test_results
-- Found gmock sources under '/usr/src/gmock': gmock will be built
-- Looking for pthread.h
-- Looking for pthread.h - found
-- Looking for pthread_create
-- Looking for pthread_create - not found
-- Looking for pthread_create in pthreads
-- Looking for pthread_create in pthreads - not found
-- Looking for pthread_create in pthread
-- Looking for pthread_create in pthread - found
-- Found Threads: TRUE  
-- Found gtest sources under '/usr/src/gmock': gtests will be built
-- Using Python nosetests: /usr/bin/nosetests-2.7
-- catkin 0.7.14
-- Using these message generators: gencpp;geneus;genlisp;gennodejs;genpy
-- Generating .msg files for action tshirt_dispense_msgs/TShirtDispense /home/nickp/Desktop/aws-robomaker-sample-application-roverrobotics/robot_ws/src/tshirt_dispense_msgs/actions/TShirtDispense.action
Generating for action TShirtDispense
-- tshirt_dispense_msgs: 7 messages, 0 services
-- Configuring done
-- Generating done
-- Build files have been written to: /home/nickp/Desktop/aws-robomaker-sample-application-roverrobotics/build/tshirt_dispense_msgs
Invoked command in '/home/nickp/Desktop/aws-robomaker-sample-application-roverrobotics/build/tshirt_dispense_msgs' returned '0': /usr/bin/cmake /home/nickp/Desktop/aws-robomaker-sample-application-roverrobotics/robot_ws/src/tshirt_dispense_msgs -DCATKIN_INSTALL_INTO_PREFIX_ROOT=0 -DCMAKE_INSTALL_PREFIX=/home/nickp/Desktop/aws-robomaker-sample-application-roverrobotics/install/tshirt_dispense_msgs
Invoking command in '/home/nickp/Desktop/aws-robomaker-sample-application-roverrobotics/build/tshirt_dispense_msgs': /usr/bin/cmake --build /home/nickp/Desktop/aws-robomaker-sample-application-roverrobotics/build/tshirt_dispense_msgs -- -j12 -l12
[35m[1mScanning dependencies of target _tshirt_dispense_msgs_generate_messages_check_deps_TShirtDispenseResult[0m
[35m[1mScanning dependencies of target actionlib_msgs_generate_messages_cpp[0m
[35m[1mScanning dependencies of target _tshirt_dispense_msgs_generate_messages_check_deps_TShirtDispenseFeedback[0m
[35m[1mScanning dependencies of target _tshirt_dispense_msgs_generate_messages_check_deps_TShirtDispenseGoal[0m
[35m[1mScanning dependencies of target _tshirt_dispense_msgs_generate_messages_check_deps_TShirtDispenseActionGoal[0m
[35m[1mScanning dependencies of target actionlib_msgs_generate_messages_lisp[0m
[35m[1mScanning dependencies of target _tshirt_dispense_msgs_generate_messages_check_deps_TShirtDispenseAction[0m
[35m[1mScanning dependencies of target std_msgs_generate_messages_py[0m
[35m[1mScanning dependencies of target std_msgs_generate_messages_cpp[0m
[35m[1mScanning dependencies of target _tshirt_dispense_msgs_generate_messages_check_deps_TShirtDispenseActionResult[0m
[35m[1mScanning dependencies of target actionlib_msgs_generate_messages_py[0m
[35m[1mScanning dependencies of target _tshirt_dispense_msgs_generate_messages_check_deps_TShirtDispenseActionFeedback[0m
[  0%] Built target actionlib_msgs_generate_messages_lisp
[  0%] Built target std_msgs_generate_messages_py
[  0%] Built target actionlib_msgs_generate_messages_cpp
[  0%] Built target std_msgs_generate_messages_cpp
[35m[1mScanning dependencies of target actionlib_msgs_generate_messages_eus[0m
[  0%] Built target actionlib_msgs_generate_messages_py
[35m[1mScanning dependencies of target std_msgs_generate_messages_lisp[0m
[  0%] Built target std_msgs_generate_messages_lisp
[  0%] Built target _tshirt_dispense_msgs_generate_messages_check_deps_TShirtDispenseActionResult
[35m[1mScanning dependencies of target actionlib_msgs_generate_messages_nodejs[0m
[35m[1mScanning dependencies of target std_msgs_generate_messages_eus[0m
[  0%] Built target actionlib_msgs_generate_messages_eus
[  0%] Built target _tshirt_dispense_msgs_generate_messages_check_deps_TShirtDispenseAction
[35m[1mScanning dependencies of target std_msgs_generate_messages_nodejs[0m
[  0%] Built target actionlib_msgs_generate_messages_nodejs
[  0%] Built target _tshirt_dispense_msgs_generate_messages_check_deps_TShirtDispenseResult
[  0%] Built target _tshirt_dispense_msgs_generate_messages_check_deps_TShirtDispenseActionGoal
[  0%] Built target _tshirt_dispense_msgs_generate_messages_check_deps_TShirtDispenseFeedback
[  0%] Built target _tshirt_dispense_msgs_generate_messages_check_deps_TShirtDispenseGoal
[  0%] Built target std_msgs_generate_messages_eus
[  0%] Built target std_msgs_generate_messages_nodejs
[  0%] Built target _tshirt_dispense_msgs_generate_messages_check_deps_TShirtDispenseActionFeedback
[35m[1mScanning dependencies of target tshirt_dispense_msgs_generate_messages_lisp[0m
[35m[1mScanning dependencies of target tshirt_dispense_msgs_generate_messages_py[0m
[35m[1mScanning dependencies of target tshirt_dispense_msgs_generate_messages_eus[0m
[35m[1mScanning dependencies of target tshirt_dispense_msgs_generate_messages_nodejs[0m
[  2%] [34m[1mGenerating Lisp code from tshirt_dispense_msgs/TShirtDispenseActionFeedback.msg[0m
[35m[1mScanning dependencies of target tshirt_dispense_msgs_generate_messages_cpp[0m
[  5%] [34m[1mGenerating EusLisp code from tshirt_dispense_msgs/TShirtDispenseResult.msg[0m
[  8%] [34m[1mGenerating Lisp code from tshirt_dispense_msgs/TShirtDispenseActionResult.msg[0m
[ 10%] [34m[1mGenerating Lisp code from tshirt_dispense_msgs/TShirtDispenseActionGoal.msg[0m
[ 13%] [34m[1mGenerating Lisp code from tshirt_dispense_msgs/TShirtDispenseFeedback.msg[0m
[ 16%] [34m[1mGenerating Lisp code from tshirt_dispense_msgs/TShirtDispenseAction.msg[0m
[ 18%] [34m[1mGenerating Lisp code from tshirt_dispense_msgs/TShirtDispenseResult.msg[0m
[ 21%] [34m[1mGenerating Lisp code from tshirt_dispense_msgs/TShirtDispenseGoal.msg[0m
[ 24%] [34m[1mGenerating EusLisp code from tshirt_dispense_msgs/TShirtDispenseActionGoal.msg[0m
[ 27%] [34m[1mGenerating Javascript code from tshirt_dispense_msgs/TShirtDispenseResult.msg[0m
[ 29%] [34m[1mGenerating Python from MSG tshirt_dispense_msgs/TShirtDispenseResult[0m
[ 32%] [34m[1mGenerating C++ code from tshirt_dispense_msgs/TShirtDispenseResult.msg[0m
[ 35%] [34m[1mGenerating EusLisp code from tshirt_dispense_msgs/TShirtDispenseGoal.msg[0m
[ 37%] [34m[1mGenerating Python from MSG tshirt_dispense_msgs/TShirtDispenseActionGoal[0m
[ 40%] [34m[1mGenerating Python from MSG tshirt_dispense_msgs/TShirtDispenseGoal[0m
[ 43%] [34m[1mGenerating EusLisp code from tshirt_dispense_msgs/TShirtDispenseActionResult.msg[0m
[ 45%] [34m[1mGenerating C++ code from tshirt_dispense_msgs/TShirtDispenseActionGoal.msg[0m
[ 48%] [34m[1mGenerating Javascript code from tshirt_dispense_msgs/TShirtDispenseActionGoal.msg[0m
[ 48%] Built target tshirt_dispense_msgs_generate_messages_lisp
[ 51%] [34m[1mGenerating Python from MSG tshirt_dispense_msgs/TShirtDispenseActionResult[0m
[ 54%] [34m[1mGenerating EusLisp code from tshirt_dispense_msgs/TShirtDispenseFeedback.msg[0m
[ 56%] [34m[1mGenerating Python from MSG tshirt_dispense_msgs/TShirtDispenseFeedback[0m
[ 59%] [34m[1mGenerating Python from MSG tshirt_dispense_msgs/TShirtDispenseAction[0m
[ 62%] [34m[1mGenerating Javascript code from tshirt_dispense_msgs/TShirtDispenseGoal.msg[0m
[ 64%] [34m[1mGenerating EusLisp code from tshirt_dispense_msgs/TShirtDispenseAction.msg[0m
[ 67%] [34m[1mGenerating C++ code from tshirt_dispense_msgs/TShirtDispenseActionResult.msg[0m
[ 70%] [34m[1mGenerating C++ code from tshirt_dispense_msgs/TShirtDispenseGoal.msg[0m
[ 72%] [34m[1mGenerating EusLisp code from tshirt_dispense_msgs/TShirtDispenseActionFeedback.msg[0m
[ 75%] [34m[1mGenerating Python from MSG tshirt_dispense_msgs/TShirtDispenseActionFeedback[0m
[ 78%] [34m[1mGenerating Javascript code from tshirt_dispense_msgs/TShirtDispenseActionResult.msg[0m
[ 81%] [34m[1mGenerating C++ code from tshirt_dispense_msgs/TShirtDispenseFeedback.msg[0m
[ 83%] [34m[1mGenerating C++ code from tshirt_dispense_msgs/TShirtDispenseActionFeedback.msg[0m
[ 86%] [34m[1mGenerating C++ code from tshirt_dispense_msgs/TShirtDispenseAction.msg[0m
[ 89%] [34m[1mGenerating Javascript code from tshirt_dispense_msgs/TShirtDispenseFeedback.msg[0m
[ 91%] [34m[1mGenerating EusLisp manifest code for tshirt_dispense_msgs[0m
[ 94%] [34m[1mGenerating Javascript code from tshirt_dispense_msgs/TShirtDispenseAction.msg[0m
[ 97%] [34m[1mGenerating Javascript code from tshirt_dispense_msgs/TShirtDispenseActionFeedback.msg[0m
[100%] [34m[1mGenerating Python msg __init__.py for tshirt_dispense_msgs[0m
[100%] Built target tshirt_dispense_msgs_generate_messages_nodejs
[100%] Built target tshirt_dispense_msgs_generate_messages_py
[100%] Built target tshirt_dispense_msgs_generate_messages_cpp
[100%] Built target tshirt_dispense_msgs_generate_messages_eus
[35m[1mScanning dependencies of target tshirt_dispense_msgs_generate_messages[0m
[100%] Built target tshirt_dispense_msgs_generate_messages
Invoked command in '/home/nickp/Desktop/aws-robomaker-sample-application-roverrobotics/build/tshirt_dispense_msgs' returned '0': /usr/bin/cmake --build /home/nickp/Desktop/aws-robomaker-sample-application-roverrobotics/build/tshirt_dispense_msgs -- -j12 -l12
Invoking command in '/home/nickp/Desktop/aws-robomaker-sample-application-roverrobotics/build/tshirt_dispense_msgs': /usr/bin/cmake --build /home/nickp/Desktop/aws-robomaker-sample-application-roverrobotics/build/tshirt_dispense_msgs --target install
[  0%] Built target _tshirt_dispense_msgs_generate_messages_check_deps_TShirtDispenseActionGoal
[  0%] Built target _tshirt_dispense_msgs_generate_messages_check_deps_TShirtDispenseResult
[  0%] Built target std_msgs_generate_messages_cpp
[  0%] Built target actionlib_msgs_generate_messages_cpp
[  0%] Built target _tshirt_dispense_msgs_generate_messages_check_deps_TShirtDispenseActionResult
[  0%] Built target _tshirt_dispense_msgs_generate_messages_check_deps_TShirtDispenseGoal
[  0%] Built target _tshirt_dispense_msgs_generate_messages_check_deps_TShirtDispenseFeedback
[  0%] Built target _tshirt_dispense_msgs_generate_messages_check_deps_TShirtDispenseActionFeedback
[  0%] Built target _tshirt_dispense_msgs_generate_messages_check_deps_TShirtDispenseAction
[ 18%] Built target tshirt_dispense_msgs_generate_messages_cpp
[ 18%] Built target actionlib_msgs_generate_messages_py
[ 18%] Built target std_msgs_generate_messages_py
[ 40%] Built target tshirt_dispense_msgs_generate_messages_py
[ 40%] Built target actionlib_msgs_generate_messages_lisp
[ 40%] Built target std_msgs_generate_messages_lisp
[ 59%] Built target tshirt_dispense_msgs_generate_messages_lisp
[ 59%] Built target actionlib_msgs_generate_messages_eus
[ 59%] Built target std_msgs_generate_messages_eus
[ 81%] Built target tshirt_dispense_msgs_generate_messages_eus
[ 81%] Built target std_msgs_generate_messages_nodejs
[ 81%] Built target actionlib_msgs_generate_messages_nodejs
[100%] Built target tshirt_dispense_msgs_generate_messages_nodejs
[100%] Built target tshirt_dispense_msgs_generate_messages
[36mInstall the project...[0m
-- Install configuration: ""
-- Installing: /home/nickp/Desktop/aws-robomaker-sample-application-roverrobotics/install/tshirt_dispense_msgs/share/tshirt_dispense_msgs/actions/TShirtDispense.action
-- Installing: /home/nickp/Desktop/aws-robomaker-sample-application-roverrobotics/install/tshirt_dispense_msgs/share/tshirt_dispense_msgs/msg/TShirtDispenseAction.msg
-- Installing: /home/nickp/Desktop/aws-robomaker-sample-application-roverrobotics/install/tshirt_dispense_msgs/share/tshirt_dispense_msgs/msg/TShirtDispenseActionGoal.msg
-- Installing: /home/nickp/Desktop/aws-robomaker-sample-application-roverrobotics/install/tshirt_dispense_msgs/share/tshirt_dispense_msgs/msg/TShirtDispenseActionResult.msg
-- Installing: /home/nickp/Desktop/aws-robomaker-sample-application-roverrobotics/install/tshirt_dispense_msgs/share/tshirt_dispense_msgs/msg/TShirtDispenseActionFeedback.msg
-- Installing: /home/nickp/Desktop/aws-robomaker-sample-application-roverrobotics/install/tshirt_dispense_msgs/share/tshirt_dispense_msgs/msg/TShirtDispenseGoal.msg
-- Installing: /home/nickp/Desktop/aws-robomaker-sample-application-roverrobotics/install/tshirt_dispense_msgs/share/tshirt_dispense_msgs/msg/TShirtDispenseResult.msg
-- Installing: /home/nickp/Desktop/aws-robomaker-sample-application-roverrobotics/install/tshirt_dispense_msgs/share/tshirt_dispense_msgs/msg/TShirtDispenseFeedback.msg
-- Installing: /home/nickp/Desktop/aws-robomaker-sample-application-roverrobotics/install/tshirt_dispense_msgs/share/tshirt_dispense_msgs/cmake/tshirt_dispense_msgs-msg-paths.cmake
-- Installing: /home/nickp/Desktop/aws-robomaker-sample-application-roverrobotics/install/tshirt_dispense_msgs/include/tshirt_dispense_msgs
-- Installing: /home/nickp/Desktop/aws-robomaker-sample-application-roverrobotics/install/tshirt_dispense_msgs/include/tshirt_dispense_msgs/TShirtDispenseActionResult.h
-- Installing: /home/nickp/Desktop/aws-robomaker-sample-application-roverrobotics/install/tshirt_dispense_msgs/include/tshirt_dispense_msgs/TShirtDispenseAction.h
-- Installing: /home/nickp/Desktop/aws-robomaker-sample-application-roverrobotics/install/tshirt_dispense_msgs/include/tshirt_dispense_msgs/TShirtDispenseGoal.h
-- Installing: /home/nickp/Desktop/aws-robomaker-sample-application-roverrobotics/install/tshirt_dispense_msgs/include/tshirt_dispense_msgs/TShirtDispenseActionGoal.h
-- Installing: /home/nickp/Desktop/aws-robomaker-sample-application-roverrobotics/install/tshirt_dispense_msgs/include/tshirt_dispense_msgs/TShirtDispenseFeedback.h
-- Installing: /home/nickp/Desktop/aws-robomaker-sample-application-roverrobotics/install/tshirt_dispense_msgs/include/tshirt_dispense_msgs/TShirtDispenseResult.h
-- Installing: /home/nickp/Desktop/aws-robomaker-sample-application-roverrobotics/install/tshirt_dispense_msgs/include/tshirt_dispense_msgs/TShirtDispenseActionFeedback.h
-- Installing: /home/nickp/Desktop/aws-robomaker-sample-application-roverrobotics/install/tshirt_dispense_msgs/share/roseus/ros/tshirt_dispense_msgs
-- Installing: /home/nickp/Desktop/aws-robomaker-sample-application-roverrobotics/install/tshirt_dispense_msgs/share/roseus/ros/tshirt_dispense_msgs/manifest.l
-- Installing: /home/nickp/Desktop/aws-robomaker-sample-application-roverrobotics/install/tshirt_dispense_msgs/share/roseus/ros/tshirt_dispense_msgs/msg
-- Installing: /home/nickp/Desktop/aws-robomaker-sample-application-roverrobotics/install/tshirt_dispense_msgs/share/roseus/ros/tshirt_dispense_msgs/msg/TShirtDispenseGoal.l
-- Installing: /home/nickp/Desktop/aws-robomaker-sample-application-roverrobotics/install/tshirt_dispense_msgs/share/roseus/ros/tshirt_dispense_msgs/msg/TShirtDispenseResult.l
-- Installing: /home/nickp/Desktop/aws-robomaker-sample-application-roverrobotics/install/tshirt_dispense_msgs/share/roseus/ros/tshirt_dispense_msgs/msg/TShirtDispenseFeedback.l
-- Installing: /home/nickp/Desktop/aws-robomaker-sample-application-roverrobotics/install/tshirt_dispense_msgs/share/roseus/ros/tshirt_dispense_msgs/msg/TShirtDispenseAction.l
-- Installing: /home/nickp/Desktop/aws-robomaker-sample-application-roverrobotics/install/tshirt_dispense_msgs/share/roseus/ros/tshirt_dispense_msgs/msg/TShirtDispenseActionResult.l
-- Installing: /home/nickp/Desktop/aws-robomaker-sample-application-roverrobotics/install/tshirt_dispense_msgs/share/roseus/ros/tshirt_dispense_msgs/msg/TShirtDispenseActionFeedback.l
-- Installing: /home/nickp/Desktop/aws-robomaker-sample-application-roverrobotics/install/tshirt_dispense_msgs/share/roseus/ros/tshirt_dispense_msgs/msg/TShirtDispenseActionGoal.l
-- Installing: /home/nickp/Desktop/aws-robomaker-sample-application-roverrobotics/install/tshirt_dispense_msgs/share/common-lisp/ros/tshirt_dispense_msgs
-- Installing: /home/nickp/Desktop/aws-robomaker-sample-application-roverrobotics/install/tshirt_dispense_msgs/share/common-lisp/ros/tshirt_dispense_msgs/msg
-- Installing: /home/nickp/Desktop/aws-robomaker-sample-application-roverrobotics/install/tshirt_dispense_msgs/share/common-lisp/ros/tshirt_dispense_msgs/msg/_package_TShirtDispenseActionResult.lisp
-- Installing: /home/nickp/Desktop/aws-robomaker-sample-application-roverrobotics/install/tshirt_dispense_msgs/share/common-lisp/ros/tshirt_dispense_msgs/msg/_package_TShirtDispenseGoal.lisp
-- Installing: /home/nickp/Desktop/aws-robomaker-sample-application-roverrobotics/install/tshirt_dispense_msgs/share/common-lisp/ros/tshirt_dispense_msgs/msg/TShirtDispenseGoal.lisp
-- Installing: /home/nickp/Desktop/aws-robomaker-sample-application-roverrobotics/install/tshirt_dispense_msgs/share/common-lisp/ros/tshirt_dispense_msgs/msg/_package_TShirtDispenseFeedback.lisp
-- Installing: /home/nickp/Desktop/aws-robomaker-sample-application-roverrobotics/install/tshirt_dispense_msgs/share/common-lisp/ros/tshirt_dispense_msgs/msg/TShirtDispenseActionResult.lisp
-- Installing: /home/nickp/Desktop/aws-robomaker-sample-application-roverrobotics/install/tshirt_dispense_msgs/share/common-lisp/ros/tshirt_dispense_msgs/msg/_package_TShirtDispenseActionGoal.lisp
-- Installing: /home/nickp/Desktop/aws-robomaker-sample-application-roverrobotics/install/tshirt_dispense_msgs/share/common-lisp/ros/tshirt_dispense_msgs/msg/TShirtDispenseActionGoal.lisp
-- Installing: /home/nickp/Desktop/aws-robomaker-sample-application-roverrobotics/install/tshirt_dispense_msgs/share/common-lisp/ros/tshirt_dispense_msgs/msg/TShirtDispenseAction.lisp
-- Installing: /home/nickp/Desktop/aws-robomaker-sample-application-roverrobotics/install/tshirt_dispense_msgs/share/common-lisp/ros/tshirt_dispense_msgs/msg/_package_TShirtDispenseAction.lisp
-- Installing: /home/nickp/Desktop/aws-robomaker-sample-application-roverrobotics/install/tshirt_dispense_msgs/share/common-lisp/ros/tshirt_dispense_msgs/msg/TShirtDispenseActionFeedback.lisp
-- Installing: /home/nickp/Desktop/aws-robomaker-sample-application-roverrobotics/install/tshirt_dispense_msgs/share/common-lisp/ros/tshirt_dispense_msgs/msg/tshirt_dispense_msgs-msg.asd
-- Installing: /home/nickp/Desktop/aws-robomaker-sample-application-roverrobotics/install/tshirt_dispense_msgs/share/common-lisp/ros/tshirt_dispense_msgs/msg/_package_TShirtDispenseResult.lisp
-- Installing: /home/nickp/Desktop/aws-robomaker-sample-application-roverrobotics/install/tshirt_dispense_msgs/share/common-lisp/ros/tshirt_dispense_msgs/msg/_package_TShirtDispenseActionFeedback.lisp
-- Installing: /home/nickp/Desktop/aws-robomaker-sample-application-roverrobotics/install/tshirt_dispense_msgs/share/common-lisp/ros/tshirt_dispense_msgs/msg/_package.lisp
-- Installing: /home/nickp/Desktop/aws-robomaker-sample-application-roverrobotics/install/tshirt_dispense_msgs/share/common-lisp/ros/tshirt_dispense_msgs/msg/TShirtDispenseFeedback.lisp
-- Installing: /home/nickp/Desktop/aws-robomaker-sample-application-roverrobotics/install/tshirt_dispense_msgs/share/common-lisp/ros/tshirt_dispense_msgs/msg/TShirtDispenseResult.lisp
-- Installing: /home/nickp/Desktop/aws-robomaker-sample-application-roverrobotics/install/tshirt_dispense_msgs/share/gennodejs/ros/tshirt_dispense_msgs
-- Installing: /home/nickp/Desktop/aws-robomaker-sample-application-roverrobotics/install/tshirt_dispense_msgs/share/gennodejs/ros/tshirt_dispense_msgs/_index.js
-- Installing: /home/nickp/Desktop/aws-robomaker-sample-application-roverrobotics/install/tshirt_dispense_msgs/share/gennodejs/ros/tshirt_dispense_msgs/msg
-- Installing: /home/nickp/Desktop/aws-robomaker-sample-application-roverrobotics/install/tshirt_dispense_msgs/share/gennodejs/ros/tshirt_dispense_msgs/msg/TShirtDispenseActionResult.js
-- Installing: /home/nickp/Desktop/aws-robomaker-sample-application-roverrobotics/install/tshirt_dispense_msgs/share/gennodejs/ros/tshirt_dispense_msgs/msg/_index.js
-- Installing: /home/nickp/Desktop/aws-robomaker-sample-application-roverrobotics/install/tshirt_dispense_msgs/share/gennodejs/ros/tshirt_dispense_msgs/msg/TShirtDispenseResult.js
-- Installing: /home/nickp/Desktop/aws-robomaker-sample-application-roverrobotics/install/tshirt_dispense_msgs/share/gennodejs/ros/tshirt_dispense_msgs/msg/TShirtDispenseAction.js
-- Installing: /home/nickp/Desktop/aws-robomaker-sample-application-roverrobotics/install/tshirt_dispense_msgs/share/gennodejs/ros/tshirt_dispense_msgs/msg/TShirtDispenseActionFeedback.js
-- Installing: /home/nickp/Desktop/aws-robomaker-sample-application-roverrobotics/install/tshirt_dispense_msgs/share/gennodejs/ros/tshirt_dispense_msgs/msg/TShirtDispenseGoal.js
-- Installing: /home/nickp/Desktop/aws-robomaker-sample-application-roverrobotics/install/tshirt_dispense_msgs/share/gennodejs/ros/tshirt_dispense_msgs/msg/TShirtDispenseFeedback.js
-- Installing: /home/nickp/Desktop/aws-robomaker-sample-application-roverrobotics/install/tshirt_dispense_msgs/share/gennodejs/ros/tshirt_dispense_msgs/msg/TShirtDispenseActionGoal.js
Listing /home/nickp/Desktop/aws-robomaker-sample-application-roverrobotics/build/tshirt_dispense_msgs/devel/lib/python2.7/dist-packages/tshirt_dispense_msgs ...
Compiling /home/nickp/Desktop/aws-robomaker-sample-application-roverrobotics/build/tshirt_dispense_msgs/devel/lib/python2.7/dist-packages/tshirt_dispense_msgs/__init__.py ...
Listing /home/nickp/Desktop/aws-robomaker-sample-application-roverrobotics/build/tshirt_dispense_msgs/devel/lib/python2.7/dist-packages/tshirt_dispense_msgs/msg ...
Compiling /home/nickp/Desktop/aws-robomaker-sample-application-roverrobotics/build/tshirt_dispense_msgs/devel/lib/python2.7/dist-packages/tshirt_dispense_msgs/msg/_TShirtDispenseAction.py ...
Compiling /home/nickp/Desktop/aws-robomaker-sample-application-roverrobotics/build/tshirt_dispense_msgs/devel/lib/python2.7/dist-packages/tshirt_dispense_msgs/msg/_TShirtDispenseActionFeedback.py ...
Compiling /home/nickp/Desktop/aws-robomaker-sample-application-roverrobotics/build/tshirt_dispense_msgs/devel/lib/python2.7/dist-packages/tshirt_dispense_msgs/msg/_TShirtDispenseActionGoal.py ...
Compiling /home/nickp/Desktop/aws-robomaker-sample-application-roverrobotics/build/tshirt_dispense_msgs/devel/lib/python2.7/dist-packages/tshirt_dispense_msgs/msg/_TShirtDispenseActionResult.py ...
Compiling /home/nickp/Desktop/aws-robomaker-sample-application-roverrobotics/build/tshirt_dispense_msgs/devel/lib/python2.7/dist-packages/tshirt_dispense_msgs/msg/_TShirtDispenseFeedback.py ...
Compiling /home/nickp/Desktop/aws-robomaker-sample-application-roverrobotics/build/tshirt_dispense_msgs/devel/lib/python2.7/dist-packages/tshirt_dispense_msgs/msg/_TShirtDispenseGoal.py ...
Compiling /home/nickp/Desktop/aws-robomaker-sample-application-roverrobotics/build/tshirt_dispense_msgs/devel/lib/python2.7/dist-packages/tshirt_dispense_msgs/msg/_TShirtDispenseResult.py ...
Compiling /home/nickp/Desktop/aws-robomaker-sample-application-roverrobotics/build/tshirt_dispense_msgs/devel/lib/python2.7/dist-packages/tshirt_dispense_msgs/msg/__init__.py ...
-- Installing: /home/nickp/Desktop/aws-robomaker-sample-application-roverrobotics/install/tshirt_dispense_msgs/lib/python2.7/dist-packages/tshirt_dispense_msgs
-- Installing: /home/nickp/Desktop/aws-robomaker-sample-application-roverrobotics/install/tshirt_dispense_msgs/lib/python2.7/dist-packages/tshirt_dispense_msgs/__init__.py
-- Installing: /home/nickp/Desktop/aws-robomaker-sample-application-roverrobotics/install/tshirt_dispense_msgs/lib/python2.7/dist-packages/tshirt_dispense_msgs/__init__.pyc
-- Installing: /home/nickp/Desktop/aws-robomaker-sample-application-roverrobotics/install/tshirt_dispense_msgs/lib/python2.7/dist-packages/tshirt_dispense_msgs/msg
-- Installing: /home/nickp/Desktop/aws-robomaker-sample-application-roverrobotics/install/tshirt_dispense_msgs/lib/python2.7/dist-packages/tshirt_dispense_msgs/msg/__init__.py
-- Installing: /home/nickp/Desktop/aws-robomaker-sample-application-roverrobotics/install/tshirt_dispense_msgs/lib/python2.7/dist-packages/tshirt_dispense_msgs/msg/_TShirtDispenseResult.pyc
-- Installing: /home/nickp/Desktop/aws-robomaker-sample-application-roverrobotics/install/tshirt_dispense_msgs/lib/python2.7/dist-packages/tshirt_dispense_msgs/msg/_TShirtDispenseResult.py
-- Installing: /home/nickp/Desktop/aws-robomaker-sample-application-roverrobotics/install/tshirt_dispense_msgs/lib/python2.7/dist-packages/tshirt_dispense_msgs/msg/_TShirtDispenseActionResult.pyc
-- Installing: /home/nickp/Desktop/aws-robomaker-sample-application-roverrobotics/install/tshirt_dispense_msgs/lib/python2.7/dist-packages/tshirt_dispense_msgs/msg/_TShirtDispenseGoal.pyc
-- Installing: /home/nickp/Desktop/aws-robomaker-sample-application-roverrobotics/install/tshirt_dispense_msgs/lib/python2.7/dist-packages/tshirt_dispense_msgs/msg/_TShirtDispenseActionGoal.pyc
-- Installing: /home/nickp/Desktop/aws-robomaker-sample-application-roverrobotics/install/tshirt_dispense_msgs/lib/python2.7/dist-packages/tshirt_dispense_msgs/msg/_TShirtDispenseAction.py
-- Installing: /home/nickp/Desktop/aws-robomaker-sample-application-roverrobotics/install/tshirt_dispense_msgs/lib/python2.7/dist-packages/tshirt_dispense_msgs/msg/__init__.pyc
-- Installing: /home/nickp/Desktop/aws-robomaker-sample-application-roverrobotics/install/tshirt_dispense_msgs/lib/python2.7/dist-packages/tshirt_dispense_msgs/msg/_TShirtDispenseActionFeedback.py
-- Installing: /home/nickp/Desktop/aws-robomaker-sample-application-roverrobotics/install/tshirt_dispense_msgs/lib/python2.7/dist-packages/tshirt_dispense_msgs/msg/_TShirtDispenseAction.pyc
-- Installing: /home/nickp/Desktop/aws-robomaker-sample-application-roverrobotics/install/tshirt_dispense_msgs/lib/python2.7/dist-packages/tshirt_dispense_msgs/msg/_TShirtDispenseActionGoal.py
-- Installing: /home/nickp/Desktop/aws-robomaker-sample-application-roverrobotics/install/tshirt_dispense_msgs/lib/python2.7/dist-packages/tshirt_dispense_msgs/msg/_TShirtDispenseFeedback.py
-- Installing: /home/nickp/Desktop/aws-robomaker-sample-application-roverrobotics/install/tshirt_dispense_msgs/lib/python2.7/dist-packages/tshirt_dispense_msgs/msg/_TShirtDispenseGoal.py
-- Installing: /home/nickp/Desktop/aws-robomaker-sample-application-roverrobotics/install/tshirt_dispense_msgs/lib/python2.7/dist-packages/tshirt_dispense_msgs/msg/_TShirtDispenseFeedback.pyc
-- Installing: /home/nickp/Desktop/aws-robomaker-sample-application-roverrobotics/install/tshirt_dispense_msgs/lib/python2.7/dist-packages/tshirt_dispense_msgs/msg/_TShirtDispenseActionResult.py
-- Installing: /home/nickp/Desktop/aws-robomaker-sample-application-roverrobotics/install/tshirt_dispense_msgs/lib/python2.7/dist-packages/tshirt_dispense_msgs/msg/_TShirtDispenseActionFeedback.pyc
-- Installing: /home/nickp/Desktop/aws-robomaker-sample-application-roverrobotics/install/tshirt_dispense_msgs/lib/pkgconfig/tshirt_dispense_msgs.pc
-- Installing: /home/nickp/Desktop/aws-robomaker-sample-application-roverrobotics/install/tshirt_dispense_msgs/share/tshirt_dispense_msgs/cmake/tshirt_dispense_msgs-msg-extras.cmake
-- Installing: /home/nickp/Desktop/aws-robomaker-sample-application-roverrobotics/install/tshirt_dispense_msgs/share/tshirt_dispense_msgs/cmake/tshirt_dispense_msgsConfig.cmake
-- Installing: /home/nickp/Desktop/aws-robomaker-sample-application-roverrobotics/install/tshirt_dispense_msgs/share/tshirt_dispense_msgs/cmake/tshirt_dispense_msgsConfig-version.cmake
-- Installing: /home/nickp/Desktop/aws-robomaker-sample-application-roverrobotics/install/tshirt_dispense_msgs/share/tshirt_dispense_msgs/package.xml
Invoked command in '/home/nickp/Desktop/aws-robomaker-sample-application-roverrobotics/build/tshirt_dispense_msgs' returned '0': /usr/bin/cmake --build /home/nickp/Desktop/aws-robomaker-sample-application-roverrobotics/build/tshirt_dispense_msgs --target install
