-- The C compiler identification is GNU 5.5.0
-- The CXX compiler identification is GNU 5.5.0
-- Check for working C compiler: /usr/bin/cc
-- Check for working C compiler: /usr/bin/cc -- works
-- Detecting C compiler ABI info
-- Detecting C compiler ABI info - done
-- Detecting C compile features
-- Detecting C compile features - done
-- Check for working CXX compiler: /usr/bin/c++
-- Check for working CXX compiler: /usr/bin/c++ -- works
-- Detecting CXX compiler ABI info
-- Detecting CXX compiler ABI info - done
-- Detecting CXX compile features
-- Detecting CXX compile features - done
-- Using CATKIN_DEVEL_PREFIX: /home/nickp/Desktop/aws-robomaker-sample-application-roverrobotics/robot_ws/build/bno055_usb_stick/devel
-- Using CMAKE_PREFIX_PATH: /home/nickp/Desktop/aws-robomaker-sample-application-roverrobotics/robot_ws/install/bno055_usb_stick_msgs;/opt/ros/kinetic
-- This workspace overlays: /home/nickp/Desktop/aws-robomaker-sample-application-roverrobotics/robot_ws/install/bno055_usb_stick_msgs;/opt/ros/kinetic
-- Found PythonInterp: /usr/bin/python (found version "2.7.12") 
-- Using PYTHON_EXECUTABLE: /usr/bin/python
-- Using Debian Python package layout
-- Using empy: /usr/bin/empy
-- Using CATKIN_ENABLE_TESTING: ON
-- Call enable_testing()
-- Using CATKIN_TEST_RESULTS_DIR: /home/nickp/Desktop/aws-robomaker-sample-application-roverrobotics/robot_ws/build/bno055_usb_stick/test_results
-- Found gmock sources under '/usr/src/gmock': gmock will be built
-- Looking for pthread.h
-- Looking for pthread.h - found
-- Looking for pthread_create
-- Looking for pthread_create - not found
-- Looking for pthread_create in pthreads
-- Looking for pthread_create in pthreads - not found
-- Looking for pthread_create in pthread
-- Looking for pthread_create in pthread - found
-- Found Threads: TRUE  
-- Found gtest sources under '/usr/src/gmock': gtests will be built
-- Using Python nosetests: /usr/bin/nosetests-2.7
-- catkin 0.7.14
-- Using these message generators: gencpp;geneus;genlisp;gennodejs;genpy
-- Boost version: 1.58.0
-- Found the following Boost libraries:
--   system
-- Configuring done
-- Generating done
-- Build files have been written to: /home/nickp/Desktop/aws-robomaker-sample-application-roverrobotics/robot_ws/build/bno055_usb_stick
[35m[1mScanning dependencies of target bno055_usb_stick_msgs_generate_messages_cpp[0m
[  0%] Built target bno055_usb_stick_msgs_generate_messages_cpp
[35m[1mScanning dependencies of target bno055_usb_stick_node[0m
[ 50%] [32mBuilding CXX object CMakeFiles/bno055_usb_stick_node.dir/src/bno055_usb_stick_node.cpp.o[0m
[100%] [32m[1mLinking CXX executable devel/lib/bno055_usb_stick/bno055_usb_stick_node[0m
[100%] Built target bno055_usb_stick_node
[  0%] Built target bno055_usb_stick_msgs_generate_messages_cpp
[100%] Built target bno055_usb_stick_node
[36mInstall the project...[0m
-- Install configuration: ""
-- Installing: /home/nickp/Desktop/aws-robomaker-sample-application-roverrobotics/robot_ws/install/bno055_usb_stick/lib/pkgconfig/bno055_usb_stick.pc
-- Installing: /home/nickp/Desktop/aws-robomaker-sample-application-roverrobotics/robot_ws/install/bno055_usb_stick/share/bno055_usb_stick/cmake/bno055_usb_stickConfig.cmake
-- Installing: /home/nickp/Desktop/aws-robomaker-sample-application-roverrobotics/robot_ws/install/bno055_usb_stick/share/bno055_usb_stick/cmake/bno055_usb_stickConfig-version.cmake
-- Up-to-date: /home/nickp/Desktop/aws-robomaker-sample-application-roverrobotics/robot_ws/install/bno055_usb_stick/share/bno055_usb_stick/package.xml
-- Installing: /home/nickp/Desktop/aws-robomaker-sample-application-roverrobotics/robot_ws/install/bno055_usb_stick/lib/bno055_usb_stick/bno055_usb_stick_node
-- Set runtime path of "/home/nickp/Desktop/aws-robomaker-sample-application-roverrobotics/robot_ws/install/bno055_usb_stick/lib/bno055_usb_stick/bno055_usb_stick_node" to ""
-- Up-to-date: /home/nickp/Desktop/aws-robomaker-sample-application-roverrobotics/robot_ws/install/bno055_usb_stick/include/bno055_usb_stick
-- Up-to-date: /home/nickp/Desktop/aws-robomaker-sample-application-roverrobotics/robot_ws/install/bno055_usb_stick/include/bno055_usb_stick/match_conditions.hpp
-- Up-to-date: /home/nickp/Desktop/aws-robomaker-sample-application-roverrobotics/robot_ws/install/bno055_usb_stick/include/bno055_usb_stick/decoder.hpp
-- Up-to-date: /home/nickp/Desktop/aws-robomaker-sample-application-roverrobotics/robot_ws/install/bno055_usb_stick/include/bno055_usb_stick/bno055_usb_stick.hpp
-- Up-to-date: /home/nickp/Desktop/aws-robomaker-sample-application-roverrobotics/robot_ws/install/bno055_usb_stick/include/bno055_usb_stick/constants.hpp
