-- The C compiler identification is GNU 7.3.0
-- The CXX compiler identification is GNU 7.3.0
-- Check for working C compiler: /usr/bin/cc
-- Check for working C compiler: /usr/bin/cc -- works
-- Detecting C compiler ABI info
-- Detecting C compiler ABI info - done
-- Detecting C compile features
-- Detecting C compile features - done
-- Check for working CXX compiler: /usr/bin/c++
-- Check for working CXX compiler: /usr/bin/c++ -- works
-- Detecting CXX compiler ABI info
-- Detecting CXX compiler ABI info - done
-- Detecting CXX compile features
-- Detecting CXX compile features - done
-- Using CATKIN_DEVEL_PREFIX: /home/nick/aws-robomaker-sample-application-roverrobotics/robot_ws/build/rr_openrover_basic/devel
-- Using CMAKE_PREFIX_PATH: /home/nick/aws-robomaker-sample-application-roverrobotics/robot_ws/install/robot_app;/home/nick/aws-robomaker-sample-application-roverrobotics/simulation_ws/install/simulation_app;/opt/ros/melodic
-- This workspace overlays: /home/nick/aws-robomaker-sample-application-roverrobotics/simulation_ws/install/simulation_app;/opt/ros/melodic
-- Found PythonInterp: /usr/bin/python2 (found suitable version "2.7.15", minimum required is "2") 
-- Using PYTHON_EXECUTABLE: /usr/bin/python2
-- Using Debian Python package layout
-- Using empy: /usr/bin/empy
-- Using CATKIN_ENABLE_TESTING: ON
-- Call enable_testing()
-- Using CATKIN_TEST_RESULTS_DIR: /home/nick/aws-robomaker-sample-application-roverrobotics/robot_ws/build/rr_openrover_basic/test_results
-- Found gmock sources under '/usr/src/googletest': gmock will be built
-- Found PythonInterp: /usr/bin/python2 (found version "2.7.15") 
-- Looking for pthread.h
-- Looking for pthread.h - found
-- Looking for pthread_create
-- Looking for pthread_create - not found
-- Looking for pthread_create in pthreads
-- Looking for pthread_create in pthreads - not found
-- Looking for pthread_create in pthread
-- Looking for pthread_create in pthread - found
-- Found Threads: TRUE  
-- Found gtest sources under '/usr/src/googletest': gtests will be built
-- Using Python nosetests: /usr/bin/nosetests-2.7
-- catkin 0.7.14
-- Using these message generators: gencpp;geneus;genlisp;gennodejs;genpy
-- rr_openrover_basic: 4 messages, 0 services
-- Configuring done
-- Generating done
-- Build files have been written to: /home/nick/aws-robomaker-sample-application-roverrobotics/robot_ws/build/rr_openrover_basic
[35m[1mScanning dependencies of target nav_msgs_generate_messages_cpp[0m
[35m[1mScanning dependencies of target odom_control[0m
[35m[1mScanning dependencies of target _rr_openrover_basic_generate_messages_check_deps_RawRrOpenroverBasicSlowRateData[0m
[35m[1mScanning dependencies of target std_msgs_generate_messages_cpp[0m
[  0%] Built target nav_msgs_generate_messages_cpp
[  0%] Built target std_msgs_generate_messages_cpp
[  3%] [32mBuilding CXX object CMakeFiles/odom_control.dir/src/odom_control.cpp.o[0m
[35m[1mScanning dependencies of target _rr_openrover_basic_generate_messages_check_deps_SmartBatteryStatus[0m
[35m[1mScanning dependencies of target geometry_msgs_generate_messages_cpp[0m
[  3%] Built target geometry_msgs_generate_messages_cpp
[  3%] Built target _rr_openrover_basic_generate_messages_check_deps_RawRrOpenroverBasicSlowRateData
[35m[1mScanning dependencies of target _rr_openrover_basic_generate_messages_check_deps_RawRrOpenroverBasicFastRateData[0m
[35m[1mScanning dependencies of target _rr_openrover_basic_generate_messages_check_deps_RawRrOpenroverBasicMedRateData[0m
[  3%] Built target _rr_openrover_basic_generate_messages_check_deps_SmartBatteryStatus
[35m[1mScanning dependencies of target geometry_msgs_generate_messages_py[0m
[  3%] Built target geometry_msgs_generate_messages_py
[  3%] Built target _rr_openrover_basic_generate_messages_check_deps_RawRrOpenroverBasicFastRateData
[35m[1mScanning dependencies of target nav_msgs_generate_messages_py[0m
[35m[1mScanning dependencies of target std_msgs_generate_messages_py[0m
[  3%] Built target _rr_openrover_basic_generate_messages_check_deps_RawRrOpenroverBasicMedRateData
[  3%] Built target std_msgs_generate_messages_py
[35m[1mScanning dependencies of target std_msgs_generate_messages_lisp[0m
[  3%] Built target nav_msgs_generate_messages_py
[35m[1mScanning dependencies of target geometry_msgs_generate_messages_lisp[0m
[35m[1mScanning dependencies of target nav_msgs_generate_messages_lisp[0m
[  3%] Built target geometry_msgs_generate_messages_lisp
[  3%] Built target std_msgs_generate_messages_lisp
[  3%] Built target nav_msgs_generate_messages_lisp
[35m[1mScanning dependencies of target std_msgs_generate_messages_eus[0m
[35m[1mScanning dependencies of target geometry_msgs_generate_messages_eus[0m
[35m[1mScanning dependencies of target nav_msgs_generate_messages_eus[0m
[  3%] Built target std_msgs_generate_messages_eus
[  3%] Built target geometry_msgs_generate_messages_eus
[  3%] Built target nav_msgs_generate_messages_eus
[35m[1mScanning dependencies of target std_msgs_generate_messages_nodejs[0m
[35m[1mScanning dependencies of target geometry_msgs_generate_messages_nodejs[0m
[35m[1mScanning dependencies of target nav_msgs_generate_messages_nodejs[0m
[  3%] Built target std_msgs_generate_messages_nodejs
[  3%] Built target geometry_msgs_generate_messages_nodejs
[  3%] Built target nav_msgs_generate_messages_nodejs
[35m[1mScanning dependencies of target rr_openrover_basic_generate_messages_py[0m
[  7%] [34m[1mGenerating Python from MSG rr_openrover_basic/RawRrOpenroverBasicFastRateData[0m
[35m[1mScanning dependencies of target rr_openrover_basic_generate_messages_cpp[0m
[35m[1mScanning dependencies of target rr_openrover_basic_generate_messages_lisp[0m
[ 11%] [34m[1mGenerating Lisp code from rr_openrover_basic/RawRrOpenroverBasicFastRateData.msg[0m
[ 15%] [34m[1mGenerating C++ code from rr_openrover_basic/RawRrOpenroverBasicFastRateData.msg[0m
[ 19%] [34m[1mGenerating Python from MSG rr_openrover_basic/RawRrOpenroverBasicMedRateData[0m
[ 23%] [34m[1mGenerating Lisp code from rr_openrover_basic/RawRrOpenroverBasicMedRateData.msg[0m
[ 26%] [34m[1mGenerating Python from MSG rr_openrover_basic/RawRrOpenroverBasicSlowRateData[0m
[ 30%] [34m[1mGenerating Lisp code from rr_openrover_basic/RawRrOpenroverBasicSlowRateData.msg[0m
[ 34%] [34m[1mGenerating C++ code from rr_openrover_basic/RawRrOpenroverBasicMedRateData.msg[0m
[ 38%] [34m[1mGenerating Lisp code from rr_openrover_basic/SmartBatteryStatus.msg[0m
[ 42%] [34m[1mGenerating Python from MSG rr_openrover_basic/SmartBatteryStatus[0m
[ 46%] [34m[1mGenerating C++ code from rr_openrover_basic/RawRrOpenroverBasicSlowRateData.msg[0m
[ 46%] Built target rr_openrover_basic_generate_messages_lisp
[ 50%] [34m[1mGenerating Python msg __init__.py for rr_openrover_basic[0m
[35m[1mScanning dependencies of target rr_openrover_basic_generate_messages_eus[0m
[ 53%] [34m[1mGenerating EusLisp code from rr_openrover_basic/RawRrOpenroverBasicFastRateData.msg[0m
[ 53%] Built target rr_openrover_basic_generate_messages_py
[ 57%] [34m[1mGenerating C++ code from rr_openrover_basic/SmartBatteryStatus.msg[0m
[35m[1mScanning dependencies of target rr_openrover_basic_generate_messages_nodejs[0m
[ 61%] [34m[1mGenerating Javascript code from rr_openrover_basic/RawRrOpenroverBasicFastRateData.msg[0m
[ 65%] [34m[1mGenerating EusLisp code from rr_openrover_basic/RawRrOpenroverBasicMedRateData.msg[0m
[ 65%] Built target rr_openrover_basic_generate_messages_cpp
[ 69%] [34m[1mGenerating Javascript code from rr_openrover_basic/RawRrOpenroverBasicMedRateData.msg[0m
[ 73%] [34m[1mGenerating EusLisp code from rr_openrover_basic/RawRrOpenroverBasicSlowRateData.msg[0m
[ 76%] [34m[1mGenerating Javascript code from rr_openrover_basic/RawRrOpenroverBasicSlowRateData.msg[0m
[ 80%] [34m[1mGenerating EusLisp code from rr_openrover_basic/SmartBatteryStatus.msg[0m
[ 84%] [34m[1mGenerating Javascript code from rr_openrover_basic/SmartBatteryStatus.msg[0m
[ 88%] [34m[1mGenerating EusLisp manifest code for rr_openrover_basic[0m
[ 88%] Built target rr_openrover_basic_generate_messages_nodejs
[ 92%] [32m[1mLinking CXX shared library devel/lib/libodom_control.so[0m
[ 92%] Built target rr_openrover_basic_generate_messages_eus
[35m[1mScanning dependencies of target rr_openrover_basic_generate_messages[0m
[ 92%] Built target rr_openrover_basic_generate_messages
[ 92%] Built target odom_control
[35m[1mScanning dependencies of target openrover_basic_node[0m
[ 96%] [32mBuilding CXX object CMakeFiles/openrover_basic_node.dir/src/openrover_basic.cpp.o[0m
[100%] [32m[1mLinking CXX executable devel/lib/rr_openrover_basic/openrover_basic_node[0m
[100%] Built target openrover_basic_node
