[0.148s] DEBUG:colcon:Command line arguments: ['/usr/bin/colcon', 'build']
[0.148s] DEBUG:colcon:Parsed command line arguments: Namespace(ament_cmake_args=None, base_paths='.', build_base='build', catkin_cmake_args=None, cmake_args=None, cmake_clean_cache=False, cmake_clean_first=False, cmake_force_configure=False, cmake_target=None, cmake_target_skip_unavailable=False, continue_on_error=False, event_handlers=None, executor='parallel', ignore_user_meta=False, install_base='install', log_base='log', log_level=None, main=<bound method BuildVerb.main of <colcon_core.verb.build.BuildVerb object at 0x7f38fe75a278>>, merge_install=False, metas='./colcon.meta', packages_above=None, packages_end=None, packages_ignore=None, packages_ignore_regex=None, packages_select=None, packages_select_build_failed=False, packages_select_by_dep=None, packages_select_regex=None, packages_select_test_failures=False, packages_skip=None, packages_skip_build_finished=False, packages_skip_by_dep=None, packages_skip_regex=None, packages_skip_test_passed=False, packages_skip_up_to=None, packages_start=None, packages_up_to=None, parallel_workers=4, paths=None, symlink_install=False, test_result_base=None, verb_extension=<colcon_core.verb.build.BuildVerb object at 0x7f38fe75a278>, verb_name='build', verb_parser=<colcon_defaults.argument_parser.defaults.DefaultArgumentsDecorator object at 0x7f38fe75a5c0>)
[0.195s] Level 1:colcon.colcon_core.package_discovery:discover_packages(colcon_meta) check parameters
[0.196s] Level 1:colcon.colcon_core.package_discovery:discover_packages(recursive) check parameters
[0.196s] Level 1:colcon.colcon_core.package_discovery:discover_packages(ignore) check parameters
[0.196s] Level 1:colcon.colcon_core.package_discovery:discover_packages(path) check parameters
[0.196s] Level 1:colcon.colcon_core.package_discovery:discover_packages(recursive) discover
[0.196s] INFO:colcon.colcon_core.package_discovery:Crawling recursively for packages in '/home/nick/MyApplication/robot_ws'
[0.196s] Level 1:colcon.colcon_core.package_identification:_identify(/home/nick/MyApplication/robot_ws) by extensions ['ignore', 'ignore_ament_install']
[0.196s] Level 1:colcon.colcon_core.package_identification:_identify(/home/nick/MyApplication/robot_ws) by extension 'ignore'
[0.196s] Level 1:colcon.colcon_core.package_identification:_identify(/home/nick/MyApplication/robot_ws) by extension 'ignore_ament_install'
[0.196s] Level 1:colcon.colcon_core.package_identification:_identify(/home/nick/MyApplication/robot_ws) by extensions ['colcon_pkg']
[0.197s] Level 1:colcon.colcon_core.package_identification:_identify(/home/nick/MyApplication/robot_ws) by extension 'colcon_pkg'
[0.197s] Level 1:colcon.colcon_core.package_identification:_identify(/home/nick/MyApplication/robot_ws) by extensions ['colcon_meta']
[0.197s] Level 1:colcon.colcon_core.package_identification:_identify(/home/nick/MyApplication/robot_ws) by extension 'colcon_meta'
[0.197s] Level 1:colcon.colcon_core.package_identification:_identify(/home/nick/MyApplication/robot_ws) by extensions ['ros']
[0.197s] Level 1:colcon.colcon_core.package_identification:_identify(/home/nick/MyApplication/robot_ws) by extension 'ros'
[0.207s] Level 1:colcon.colcon_core.package_identification:_identify(/home/nick/MyApplication/robot_ws) by extensions ['cmake', 'python']
[0.207s] Level 1:colcon.colcon_core.package_identification:_identify(/home/nick/MyApplication/robot_ws) by extension 'cmake'
[0.208s] Level 1:colcon.colcon_core.package_identification:_identify(/home/nick/MyApplication/robot_ws) by extension 'python'
[0.208s] Level 1:colcon.colcon_core.package_identification:_identify(/home/nick/MyApplication/robot_ws) by extensions ['python_setup_py']
[0.208s] Level 1:colcon.colcon_core.package_identification:_identify(/home/nick/MyApplication/robot_ws) by extension 'python_setup_py'
[0.208s] Level 1:colcon.colcon_core.package_identification:_identify(/home/nick/MyApplication/robot_ws/build) by extensions ['ignore', 'ignore_ament_install']
[0.208s] Level 1:colcon.colcon_core.package_identification:_identify(/home/nick/MyApplication/robot_ws/build) by extension 'ignore'
[0.208s] Level 1:colcon.colcon_core.package_identification:_identify(/home/nick/MyApplication/robot_ws/build) ignored
[0.208s] Level 1:colcon.colcon_core.package_identification:_identify(/home/nick/MyApplication/robot_ws/install) by extensions ['ignore', 'ignore_ament_install']
[0.209s] Level 1:colcon.colcon_core.package_identification:_identify(/home/nick/MyApplication/robot_ws/install) by extension 'ignore'
[0.209s] Level 1:colcon.colcon_core.package_identification:_identify(/home/nick/MyApplication/robot_ws/install) ignored
[0.209s] Level 1:colcon.colcon_core.package_identification:_identify(/home/nick/MyApplication/robot_ws/log) by extensions ['ignore', 'ignore_ament_install']
[0.209s] Level 1:colcon.colcon_core.package_identification:_identify(/home/nick/MyApplication/robot_ws/log) by extension 'ignore'
[0.209s] Level 1:colcon.colcon_core.package_identification:_identify(/home/nick/MyApplication/robot_ws/log) ignored
[0.209s] Level 1:colcon.colcon_core.package_identification:_identify(/home/nick/MyApplication/robot_ws/src) by extensions ['ignore', 'ignore_ament_install']
[0.209s] Level 1:colcon.colcon_core.package_identification:_identify(/home/nick/MyApplication/robot_ws/src) by extension 'ignore'
[0.209s] Level 1:colcon.colcon_core.package_identification:_identify(/home/nick/MyApplication/robot_ws/src) by extension 'ignore_ament_install'
[0.209s] Level 1:colcon.colcon_core.package_identification:_identify(/home/nick/MyApplication/robot_ws/src) by extensions ['colcon_pkg']
[0.209s] Level 1:colcon.colcon_core.package_identification:_identify(/home/nick/MyApplication/robot_ws/src) by extension 'colcon_pkg'
[0.209s] Level 1:colcon.colcon_core.package_identification:_identify(/home/nick/MyApplication/robot_ws/src) by extensions ['colcon_meta']
[0.209s] Level 1:colcon.colcon_core.package_identification:_identify(/home/nick/MyApplication/robot_ws/src) by extension 'colcon_meta'
[0.210s] Level 1:colcon.colcon_core.package_identification:_identify(/home/nick/MyApplication/robot_ws/src) by extensions ['ros']
[0.210s] Level 1:colcon.colcon_core.package_identification:_identify(/home/nick/MyApplication/robot_ws/src) by extension 'ros'
[0.210s] Level 1:colcon.colcon_core.package_identification:_identify(/home/nick/MyApplication/robot_ws/src) by extensions ['cmake', 'python']
[0.210s] Level 1:colcon.colcon_core.package_identification:_identify(/home/nick/MyApplication/robot_ws/src) by extension 'cmake'
[0.210s] Level 1:colcon.colcon_core.package_identification:_identify(/home/nick/MyApplication/robot_ws/src) by extension 'python'
[0.210s] Level 1:colcon.colcon_core.package_identification:_identify(/home/nick/MyApplication/robot_ws/src) by extensions ['python_setup_py']
[0.210s] Level 1:colcon.colcon_core.package_identification:_identify(/home/nick/MyApplication/robot_ws/src) by extension 'python_setup_py'
[0.210s] Level 1:colcon.colcon_core.package_identification:_identify(/home/nick/MyApplication/robot_ws/src/robot_app) by extensions ['ignore', 'ignore_ament_install']
[0.210s] Level 1:colcon.colcon_core.package_identification:_identify(/home/nick/MyApplication/robot_ws/src/robot_app) by extension 'ignore'
[0.210s] Level 1:colcon.colcon_core.package_identification:_identify(/home/nick/MyApplication/robot_ws/src/robot_app) by extension 'ignore_ament_install'
[0.210s] Level 1:colcon.colcon_core.package_identification:_identify(/home/nick/MyApplication/robot_ws/src/robot_app) by extensions ['colcon_pkg']
[0.211s] Level 1:colcon.colcon_core.package_identification:_identify(/home/nick/MyApplication/robot_ws/src/robot_app) by extension 'colcon_pkg'
[0.211s] Level 1:colcon.colcon_core.package_identification:_identify(/home/nick/MyApplication/robot_ws/src/robot_app) by extensions ['colcon_meta']
[0.211s] Level 1:colcon.colcon_core.package_identification:_identify(/home/nick/MyApplication/robot_ws/src/robot_app) by extension 'colcon_meta'
[0.211s] Level 1:colcon.colcon_core.package_identification:_identify(/home/nick/MyApplication/robot_ws/src/robot_app) by extensions ['ros']
[0.211s] Level 1:colcon.colcon_core.package_identification:_identify(/home/nick/MyApplication/robot_ws/src/robot_app) by extension 'ros'
[0.213s] DEBUG:colcon.colcon_core.package_identification:Package '/home/nick/MyApplication/robot_ws/src/robot_app' with type 'ros.catkin' and name 'robot_app'
[0.213s] Level 1:colcon.colcon_core.package_discovery:discover_packages(recursive) using defaults
[0.217s] Level 5:colcon.colcon_core.verb:set package 'robot_app' build argument 'cmake_args' from command line to 'None'
[0.218s] Level 5:colcon.colcon_core.verb:set package 'robot_app' build argument 'cmake_target' from command line to 'None'
[0.218s] Level 5:colcon.colcon_core.verb:set package 'robot_app' build argument 'cmake_target_skip_unavailable' from command line to 'False'
[0.218s] Level 5:colcon.colcon_core.verb:set package 'robot_app' build argument 'cmake_clean_cache' from command line to 'False'
[0.218s] Level 5:colcon.colcon_core.verb:set package 'robot_app' build argument 'cmake_clean_first' from command line to 'False'
[0.218s] Level 5:colcon.colcon_core.verb:set package 'robot_app' build argument 'cmake_force_configure' from command line to 'False'
[0.218s] Level 5:colcon.colcon_core.verb:set package 'robot_app' build argument 'ament_cmake_args' from command line to 'None'
[0.218s] Level 5:colcon.colcon_core.verb:set package 'robot_app' build argument 'catkin_cmake_args' from command line to 'None'
[0.218s] DEBUG:colcon.colcon_core.verb:Building package 'robot_app' with the following arguments: {'ament_cmake_args': None, 'build_base': '/home/nick/MyApplication/robot_ws/build/robot_app', 'catkin_cmake_args': None, 'cmake_args': None, 'cmake_clean_cache': False, 'cmake_clean_first': False, 'cmake_force_configure': False, 'cmake_target': None, 'cmake_target_skip_unavailable': False, 'install_base': '/home/nick/MyApplication/robot_ws/install/robot_app', 'merge_install': False, 'path': '/home/nick/MyApplication/robot_ws/src/robot_app', 'symlink_install': False, 'test_result_base': None}
[0.219s] INFO:colcon.colcon_core.executor:Executing jobs using 'parallel' executor
[0.220s] DEBUG:colcon.colcon_parallel_executor.executor.parallel:run_until_complete
[0.220s] INFO:colcon.colcon_ros.task.catkin.build:Building ROS package in '/home/nick/MyApplication/robot_ws/src/robot_app' with build type 'catkin'
[0.220s] Level 1:colcon.colcon_core.shell:create_environment_hook('robot_app', 'ros_package_path')
[0.225s] INFO:colcon.colcon_core.plugin_system:Skipping extension 'colcon_core.shell.bat': Not used on non-Windows systems
[0.225s] INFO:colcon.colcon_core.shell:Creating environment hook '/home/nick/MyApplication/robot_ws/install/robot_app/share/robot_app/hook/ros_package_path.ps1'
[0.227s] INFO:colcon.colcon_core.shell:Creating environment hook '/home/nick/MyApplication/robot_ws/install/robot_app/share/robot_app/hook/ros_package_path.sh'
[0.227s] INFO:colcon.colcon_cmake.task.cmake.build:Building CMake package in '/home/nick/MyApplication/robot_ws/src/robot_app'
[0.228s] INFO:colcon.colcon_core.shell:Skip shell extension 'powershell' for command environment: Not usable outside of PowerShell
[0.249s] DEBUG:colcon.colcon_core.event_handler.log_command:Invoking command in '/home/nick/MyApplication/robot_ws/build/robot_app': /usr/bin/cmake --build /home/nick/MyApplication/robot_ws/build/robot_app -- -j4 -l4
[0.293s] DEBUG:colcon.colcon_core.event_handler.log_command:Invoked command in '/home/nick/MyApplication/robot_ws/build/robot_app' returned '0': /usr/bin/cmake --build /home/nick/MyApplication/robot_ws/build/robot_app -- -j4 -l4
[0.324s] DEBUG:colcon.colcon_core.event_handler.log_command:Invoking command in '/home/nick/MyApplication/robot_ws/build/robot_app': /usr/bin/cmake --build /home/nick/MyApplication/robot_ws/build/robot_app --target install
[0.434s] Level 1:colcon.colcon_ros.task.catkin.build:checking '/home/nick/MyApplication/robot_ws/install/robot_app/lib/python2.7/dist-packages'
[0.434s] Level 1:colcon.colcon_core.shell:create_environment_hook('robot_app', 'python2path')
[0.435s] INFO:colcon.colcon_core.shell:Creating environment hook '/home/nick/MyApplication/robot_ws/install/robot_app/share/robot_app/hook/python2path.ps1'
[0.435s] INFO:colcon.colcon_core.shell:Creating environment hook '/home/nick/MyApplication/robot_ws/install/robot_app/share/robot_app/hook/python2path.sh'
[0.436s] Level 1:colcon.colcon_ros.task.catkin.build:checking '/home/nick/MyApplication/robot_ws/install/robot_app/lib/python2.7/site-packages'
[0.440s] Level 1:colcon.colcon_core.environment:create_environment_scripts()
[0.441s] DEBUG:colcon.colcon_core.event_handler.log_command:Invoked command in '/home/nick/MyApplication/robot_ws/build/robot_app' returned '0': /usr/bin/cmake --build /home/nick/MyApplication/robot_ws/build/robot_app --target install
[0.444s] Level 1:colcon.colcon_core.environment:checking '/home/nick/MyApplication/robot_ws/install/robot_app' for CMake module files
[0.445s] Level 1:colcon.colcon_core.environment:checking '/home/nick/MyApplication/robot_ws/install/robot_app' for CMake config files
[0.445s] Level 1:colcon.colcon_core.shell:create_environment_hook('robot_app', 'cmake_prefix_path')
[0.446s] INFO:colcon.colcon_core.shell:Creating environment hook '/home/nick/MyApplication/robot_ws/install/robot_app/share/robot_app/hook/cmake_prefix_path.ps1'
[0.447s] INFO:colcon.colcon_core.shell:Creating environment hook '/home/nick/MyApplication/robot_ws/install/robot_app/share/robot_app/hook/cmake_prefix_path.sh'
[0.448s] Level 1:colcon.colcon_core.environment:checking '/home/nick/MyApplication/robot_ws/install/robot_app/lib'
[0.448s] Level 1:colcon.colcon_core.environment:checking '/home/nick/MyApplication/robot_ws/install/robot_app/bin'
[0.448s] Level 1:colcon.colcon_core.environment:checking '/home/nick/MyApplication/robot_ws/install/robot_app/lib/pkgconfig/robot_app.pc'
[0.448s] Level 1:colcon.colcon_core.shell:create_environment_hook('robot_app', 'pkg_config')
[0.449s] INFO:colcon.colcon_core.shell:Creating environment hook '/home/nick/MyApplication/robot_ws/install/robot_app/share/robot_app/hook/pkg_config.ps1'
[0.449s] INFO:colcon.colcon_core.shell:Creating environment hook '/home/nick/MyApplication/robot_ws/install/robot_app/share/robot_app/hook/pkg_config.sh'
[0.450s] Level 1:colcon.colcon_core.environment:checking '/home/nick/MyApplication/robot_ws/install/robot_app/lib/python3.6/site-packages'
[0.451s] INFO:colcon.colcon_core.shell:Creating package script '/home/nick/MyApplication/robot_ws/install/robot_app/share/robot_app/package.ps1'
[0.452s] INFO:colcon.colcon_core.shell:Creating package script '/home/nick/MyApplication/robot_ws/install/robot_app/share/robot_app/package.sh'
[0.453s] INFO:colcon.colcon_core.shell:Creating package script '/home/nick/MyApplication/robot_ws/install/robot_app/share/robot_app/package.bash'
[0.454s] INFO:colcon.colcon_core.shell:Creating package script '/home/nick/MyApplication/robot_ws/install/robot_app/share/robot_app/package.zsh'
[0.455s] DEBUG:colcon.colcon_parallel_executor.executor.parallel:closing loop
[0.456s] DEBUG:colcon.colcon_parallel_executor.executor.parallel:loop closed
[0.456s] DEBUG:colcon.colcon_parallel_executor.executor.parallel:run_until_complete finished with '0'
[0.456s] DEBUG:colcon.colcon_core.event_reactor:joining thread
[0.463s] INFO:colcon.colcon_core.plugin_system:Skipping extension 'colcon_notification.desktop_notification.terminal_notifier': Not used on non-Darwin systems
[0.463s] INFO:colcon.colcon_core.plugin_system:Skipping extension 'colcon_notification.desktop_notification.win32': Not used on non-Windows systems
[0.463s] INFO:colcon.colcon_notification.desktop_notification:Sending desktop notification using 'notify2'
[0.465s] DEBUG:colcon.colcon_core.event_reactor:joined thread
[0.466s] INFO:colcon.colcon_core.shell:Creating prefix script '/home/nick/MyApplication/robot_ws/install/local_setup.ps1'
[0.468s] INFO:colcon.colcon_core.shell:Creating prefix chain script '/home/nick/MyApplication/robot_ws/install/setup.ps1'
[0.469s] INFO:colcon.colcon_core.shell:Creating prefix script '/home/nick/MyApplication/robot_ws/install/local_setup.sh'
[0.470s] INFO:colcon.colcon_core.shell:Creating prefix chain script '/home/nick/MyApplication/robot_ws/install/setup.sh'
[0.471s] INFO:colcon.colcon_core.shell:Creating prefix script '/home/nick/MyApplication/robot_ws/install/local_setup.bash'
[0.471s] INFO:colcon.colcon_core.shell:Creating prefix chain script '/home/nick/MyApplication/robot_ws/install/setup.bash'
[0.472s] INFO:colcon.colcon_core.shell:Creating prefix script '/home/nick/MyApplication/robot_ws/install/local_setup.zsh'
[0.473s] INFO:colcon.colcon_core.shell:Creating prefix chain script '/home/nick/MyApplication/robot_ws/install/setup.zsh'
