Built target tests
[36mInstall the project...[0m
-- Install configuration: ""
+ cd /home/nick/aws-robomaker-sample-application-roverrobotics/robot_ws/src_old/robot_app
+ mkdir -p /home/nick/aws-robomaker-sample-application-roverrobotics/robot_ws/install/robot_app/lib/python2.7/dist-packages
+ /usr/bin/env PYTHONPATH=/home/nick/aws-robomaker-sample-application-roverrobotics/robot_ws/install/robot_app/lib/python2.7/dist-packages:/home/nick/aws-robomaker-sample-application-roverrobotics/robot_ws/build/robot_app/lib/python2.7/dist-packages:/home/nick/aws-robomaker-sample-application-roverrobotics/robot_ws/install/robot_app/lib/python2.7/dist-packages:/opt/ros/melodic/lib/python2.7/dist-packages CATKIN_BINARY_DIR=/home/nick/aws-robomaker-sample-application-roverrobotics/robot_ws/build/robot_app /usr/bin/python2 /home/nick/aws-robomaker-sample-application-roverrobotics/robot_ws/src_old/robot_app/setup.py build --build-base /home/nick/aws-robomaker-sample-application-roverrobotics/robot_ws/build/robot_app install --install-layout=deb --prefix=/home/nick/aws-robomaker-sample-application-roverrobotics/robot_ws/install/robot_app --install-scripts=/home/nick/aws-robomaker-sample-application-roverrobotics/robot_ws/install/robot_app/bin
running build
running build_py
running install
running install_lib
running install_egg_info
Removing /home/nick/aws-robomaker-sample-application-roverrobotics/robot_ws/install/robot_app/lib/python2.7/dist-packages/robot_app-1.0.0.egg-info
Writing /home/nick/aws-robomaker-sample-application-roverrobotics/robot_ws/install/robot_app/lib/python2.7/dist-packages/robot_app-1.0.0.egg-info
-- Up-to-date: /home/nick/aws-robomaker-sample-application-roverrobotics/robot_ws/install/robot_app/lib/pkgconfig/robot_app.pc
-- Up-to-date: /home/nick/aws-robomaker-sample-application-roverrobotics/robot_ws/install/robot_app/share/robot_app/cmake/robot_appConfig.cmake
-- Up-to-date: /home/nick/aws-robomaker-sample-application-roverrobotics/robot_ws/install/robot_app/share/robot_app/cmake/robot_appConfig-version.cmake
-- Up-to-date: /home/nick/aws-robomaker-sample-application-roverrobotics/robot_ws/install/robot_app/share/robot_app/package.xml
-- Up-to-date: /home/nick/aws-robomaker-sample-application-roverrobotics/robot_ws/install/robot_app/lib/robot_app/rotate.py
-- Up-to-date: /home/nick/aws-robomaker-sample-application-roverrobotics/robot_ws/install/robot_app/share/robot_app/launch
-- Up-to-date: /home/nick/aws-robomaker-sample-application-roverrobotics/robot_ws/install/robot_app/share/robot_app/launch/rotate.launch
