[0.128s] DEBUG:colcon:Command line arguments: ['/usr/bin/colcon', 'build']
[0.128s] DEBUG:colcon:Parsed command line arguments: Namespace(ament_cmake_args=None, base_paths='.', build_base='build', catkin_cmake_args=None, cmake_args=None, cmake_clean_cache=False, cmake_clean_first=False, cmake_force_configure=False, cmake_target=None, cmake_target_skip_unavailable=False, continue_on_error=False, event_handlers=None, executor='parallel', ignore_user_meta=False, install_base='install', log_base='log', log_level=None, main=<bound method BuildVerb.main of <colcon_core.verb.build.BuildVerb object at 0x7fdf54887320>>, merge_install=False, metas='./colcon.meta', packages_above=None, packages_above_depth=None, packages_end=None, packages_ignore=None, packages_ignore_regex=None, packages_select=None, packages_select_build_failed=False, packages_select_by_dep=None, packages_select_regex=None, packages_select_test_failures=False, packages_skip=None, packages_skip_build_finished=False, packages_skip_by_dep=None, packages_skip_regex=None, packages_skip_test_passed=False, packages_skip_up_to=None, packages_start=None, packages_up_to=None, parallel_workers=12, paths=None, symlink_install=False, test_result_base=None, verb_extension=<colcon_core.verb.build.BuildVerb object at 0x7fdf54887320>, verb_name='build', verb_parser=<colcon_defaults.argument_parser.defaults.DefaultArgumentsDecorator object at 0x7fdf548876a0>)
[0.158s] Level 1:colcon.colcon_core.package_discovery:discover_packages(colcon_meta) check parameters
[0.158s] Level 1:colcon.colcon_core.package_discovery:discover_packages(recursive) check parameters
[0.158s] Level 1:colcon.colcon_core.package_discovery:discover_packages(ignore) check parameters
[0.158s] Level 1:colcon.colcon_core.package_discovery:discover_packages(path) check parameters
[0.158s] Level 1:colcon.colcon_core.package_discovery:discover_packages(recursive) discover
[0.158s] INFO:colcon.colcon_core.package_discovery:Crawling recursively for packages in '/home/nickp/Desktop/aws-robomaker-sample-application-roverrobotics/simulation_ws'
[0.158s] Level 1:colcon.colcon_core.package_identification:_identify(/home/nickp/Desktop/aws-robomaker-sample-application-roverrobotics/simulation_ws) by extensions ['ignore', 'ignore_ament_install']
[0.159s] Level 1:colcon.colcon_core.package_identification:_identify(/home/nickp/Desktop/aws-robomaker-sample-application-roverrobotics/simulation_ws) by extension 'ignore'
[0.159s] Level 1:colcon.colcon_core.package_identification:_identify(/home/nickp/Desktop/aws-robomaker-sample-application-roverrobotics/simulation_ws) by extension 'ignore_ament_install'
[0.159s] Level 1:colcon.colcon_core.package_identification:_identify(/home/nickp/Desktop/aws-robomaker-sample-application-roverrobotics/simulation_ws) by extensions ['colcon_pkg']
[0.159s] Level 1:colcon.colcon_core.package_identification:_identify(/home/nickp/Desktop/aws-robomaker-sample-application-roverrobotics/simulation_ws) by extension 'colcon_pkg'
[0.159s] Level 1:colcon.colcon_core.package_identification:_identify(/home/nickp/Desktop/aws-robomaker-sample-application-roverrobotics/simulation_ws) by extensions ['colcon_meta']
[0.159s] Level 1:colcon.colcon_core.package_identification:_identify(/home/nickp/Desktop/aws-robomaker-sample-application-roverrobotics/simulation_ws) by extension 'colcon_meta'
[0.159s] Level 1:colcon.colcon_core.package_identification:_identify(/home/nickp/Desktop/aws-robomaker-sample-application-roverrobotics/simulation_ws) by extensions ['ros']
[0.159s] Level 1:colcon.colcon_core.package_identification:_identify(/home/nickp/Desktop/aws-robomaker-sample-application-roverrobotics/simulation_ws) by extension 'ros'
[0.166s] Level 1:colcon.colcon_core.package_identification:_identify(/home/nickp/Desktop/aws-robomaker-sample-application-roverrobotics/simulation_ws) by extensions ['cmake', 'python']
[0.166s] Level 1:colcon.colcon_core.package_identification:_identify(/home/nickp/Desktop/aws-robomaker-sample-application-roverrobotics/simulation_ws) by extension 'cmake'
[0.166s] Level 1:colcon.colcon_core.package_identification:_identify(/home/nickp/Desktop/aws-robomaker-sample-application-roverrobotics/simulation_ws) by extension 'python'
[0.166s] Level 1:colcon.colcon_core.package_identification:_identify(/home/nickp/Desktop/aws-robomaker-sample-application-roverrobotics/simulation_ws) by extensions ['python_setup_py']
[0.166s] Level 1:colcon.colcon_core.package_identification:_identify(/home/nickp/Desktop/aws-robomaker-sample-application-roverrobotics/simulation_ws) by extension 'python_setup_py'
[0.167s] Level 1:colcon.colcon_core.package_identification:_identify(/home/nickp/Desktop/aws-robomaker-sample-application-roverrobotics/simulation_ws/build) by extensions ['ignore', 'ignore_ament_install']
[0.167s] Level 1:colcon.colcon_core.package_identification:_identify(/home/nickp/Desktop/aws-robomaker-sample-application-roverrobotics/simulation_ws/build) by extension 'ignore'
[0.167s] Level 1:colcon.colcon_core.package_identification:_identify(/home/nickp/Desktop/aws-robomaker-sample-application-roverrobotics/simulation_ws/build) ignored
[0.167s] Level 1:colcon.colcon_core.package_identification:_identify(/home/nickp/Desktop/aws-robomaker-sample-application-roverrobotics/simulation_ws/install) by extensions ['ignore', 'ignore_ament_install']
[0.167s] Level 1:colcon.colcon_core.package_identification:_identify(/home/nickp/Desktop/aws-robomaker-sample-application-roverrobotics/simulation_ws/install) by extension 'ignore'
[0.167s] Level 1:colcon.colcon_core.package_identification:_identify(/home/nickp/Desktop/aws-robomaker-sample-application-roverrobotics/simulation_ws/install) ignored
[0.167s] Level 1:colcon.colcon_core.package_identification:_identify(/home/nickp/Desktop/aws-robomaker-sample-application-roverrobotics/simulation_ws/log) by extensions ['ignore', 'ignore_ament_install']
[0.167s] Level 1:colcon.colcon_core.package_identification:_identify(/home/nickp/Desktop/aws-robomaker-sample-application-roverrobotics/simulation_ws/log) by extension 'ignore'
[0.167s] Level 1:colcon.colcon_core.package_identification:_identify(/home/nickp/Desktop/aws-robomaker-sample-application-roverrobotics/simulation_ws/log) ignored
[0.167s] Level 1:colcon.colcon_core.package_identification:_identify(/home/nickp/Desktop/aws-robomaker-sample-application-roverrobotics/simulation_ws/src) by extensions ['ignore', 'ignore_ament_install']
[0.168s] Level 1:colcon.colcon_core.package_identification:_identify(/home/nickp/Desktop/aws-robomaker-sample-application-roverrobotics/simulation_ws/src) by extension 'ignore'
[0.168s] Level 1:colcon.colcon_core.package_identification:_identify(/home/nickp/Desktop/aws-robomaker-sample-application-roverrobotics/simulation_ws/src) by extension 'ignore_ament_install'
[0.168s] Level 1:colcon.colcon_core.package_identification:_identify(/home/nickp/Desktop/aws-robomaker-sample-application-roverrobotics/simulation_ws/src) by extensions ['colcon_pkg']
[0.168s] Level 1:colcon.colcon_core.package_identification:_identify(/home/nickp/Desktop/aws-robomaker-sample-application-roverrobotics/simulation_ws/src) by extension 'colcon_pkg'
[0.168s] Level 1:colcon.colcon_core.package_identification:_identify(/home/nickp/Desktop/aws-robomaker-sample-application-roverrobotics/simulation_ws/src) by extensions ['colcon_meta']
[0.168s] Level 1:colcon.colcon_core.package_identification:_identify(/home/nickp/Desktop/aws-robomaker-sample-application-roverrobotics/simulation_ws/src) by extension 'colcon_meta'
[0.168s] Level 1:colcon.colcon_core.package_identification:_identify(/home/nickp/Desktop/aws-robomaker-sample-application-roverrobotics/simulation_ws/src) by extensions ['ros']
[0.168s] Level 1:colcon.colcon_core.package_identification:_identify(/home/nickp/Desktop/aws-robomaker-sample-application-roverrobotics/simulation_ws/src) by extension 'ros'
[0.168s] Level 1:colcon.colcon_core.package_identification:_identify(/home/nickp/Desktop/aws-robomaker-sample-application-roverrobotics/simulation_ws/src) by extensions ['cmake', 'python']
[0.168s] Level 1:colcon.colcon_core.package_identification:_identify(/home/nickp/Desktop/aws-robomaker-sample-application-roverrobotics/simulation_ws/src) by extension 'cmake'
[0.168s] Level 1:colcon.colcon_core.package_identification:_identify(/home/nickp/Desktop/aws-robomaker-sample-application-roverrobotics/simulation_ws/src) by extension 'python'
[0.168s] Level 1:colcon.colcon_core.package_identification:_identify(/home/nickp/Desktop/aws-robomaker-sample-application-roverrobotics/simulation_ws/src) by extensions ['python_setup_py']
[0.168s] Level 1:colcon.colcon_core.package_identification:_identify(/home/nickp/Desktop/aws-robomaker-sample-application-roverrobotics/simulation_ws/src) by extension 'python_setup_py'
[0.169s] Level 1:colcon.colcon_core.package_identification:_identify(/home/nickp/Desktop/aws-robomaker-sample-application-roverrobotics/simulation_ws/src/simulation_app) by extensions ['ignore', 'ignore_ament_install']
[0.169s] Level 1:colcon.colcon_core.package_identification:_identify(/home/nickp/Desktop/aws-robomaker-sample-application-roverrobotics/simulation_ws/src/simulation_app) by extension 'ignore'
[0.169s] Level 1:colcon.colcon_core.package_identification:_identify(/home/nickp/Desktop/aws-robomaker-sample-application-roverrobotics/simulation_ws/src/simulation_app) by extension 'ignore_ament_install'
[0.169s] Level 1:colcon.colcon_core.package_identification:_identify(/home/nickp/Desktop/aws-robomaker-sample-application-roverrobotics/simulation_ws/src/simulation_app) by extensions ['colcon_pkg']
[0.169s] Level 1:colcon.colcon_core.package_identification:_identify(/home/nickp/Desktop/aws-robomaker-sample-application-roverrobotics/simulation_ws/src/simulation_app) by extension 'colcon_pkg'
[0.169s] Level 1:colcon.colcon_core.package_identification:_identify(/home/nickp/Desktop/aws-robomaker-sample-application-roverrobotics/simulation_ws/src/simulation_app) by extensions ['colcon_meta']
[0.169s] Level 1:colcon.colcon_core.package_identification:_identify(/home/nickp/Desktop/aws-robomaker-sample-application-roverrobotics/simulation_ws/src/simulation_app) by extension 'colcon_meta'
[0.169s] Level 1:colcon.colcon_core.package_identification:_identify(/home/nickp/Desktop/aws-robomaker-sample-application-roverrobotics/simulation_ws/src/simulation_app) by extensions ['ros']
[0.169s] Level 1:colcon.colcon_core.package_identification:_identify(/home/nickp/Desktop/aws-robomaker-sample-application-roverrobotics/simulation_ws/src/simulation_app) by extension 'ros'
[0.171s] DEBUG:colcon.colcon_core.package_identification:Package '/home/nickp/Desktop/aws-robomaker-sample-application-roverrobotics/simulation_ws/src/simulation_app' with type 'ros.catkin' and name 'simulation_app'
[0.171s] Level 1:colcon.colcon_core.package_discovery:discover_packages(recursive) using defaults
[0.176s] Level 5:colcon.colcon_core.verb:set package 'simulation_app' build argument 'cmake_args' from command line to 'None'
[0.176s] Level 5:colcon.colcon_core.verb:set package 'simulation_app' build argument 'cmake_target' from command line to 'None'
[0.176s] Level 5:colcon.colcon_core.verb:set package 'simulation_app' build argument 'cmake_target_skip_unavailable' from command line to 'False'
[0.176s] Level 5:colcon.colcon_core.verb:set package 'simulation_app' build argument 'cmake_clean_cache' from command line to 'False'
[0.176s] Level 5:colcon.colcon_core.verb:set package 'simulation_app' build argument 'cmake_clean_first' from command line to 'False'
[0.176s] Level 5:colcon.colcon_core.verb:set package 'simulation_app' build argument 'cmake_force_configure' from command line to 'False'
[0.176s] Level 5:colcon.colcon_core.verb:set package 'simulation_app' build argument 'ament_cmake_args' from command line to 'None'
[0.176s] Level 5:colcon.colcon_core.verb:set package 'simulation_app' build argument 'catkin_cmake_args' from command line to 'None'
[0.176s] DEBUG:colcon.colcon_core.verb:Building package 'simulation_app' with the following arguments: {'ament_cmake_args': None, 'build_base': '/home/nickp/Desktop/aws-robomaker-sample-application-roverrobotics/simulation_ws/build/simulation_app', 'catkin_cmake_args': None, 'cmake_args': None, 'cmake_clean_cache': False, 'cmake_clean_first': False, 'cmake_force_configure': False, 'cmake_target': None, 'cmake_target_skip_unavailable': False, 'install_base': '/home/nickp/Desktop/aws-robomaker-sample-application-roverrobotics/simulation_ws/install/simulation_app', 'merge_install': False, 'path': '/home/nickp/Desktop/aws-robomaker-sample-application-roverrobotics/simulation_ws/src/simulation_app', 'symlink_install': False, 'test_result_base': None}
[0.178s] INFO:colcon.colcon_core.executor:Executing jobs using 'parallel' executor
[0.178s] DEBUG:colcon.colcon_parallel_executor.executor.parallel:run_until_complete
[0.178s] INFO:colcon.colcon_ros.task.catkin.build:Building ROS package in '/home/nickp/Desktop/aws-robomaker-sample-application-roverrobotics/simulation_ws/src/simulation_app' with build type 'catkin'
[0.179s] Level 1:colcon.colcon_core.shell:create_environment_hook('simulation_app', 'ros_package_path')
[0.182s] INFO:colcon.colcon_core.plugin_system:Skipping extension 'colcon_core.shell.bat': Not used on non-Windows systems
[0.182s] INFO:colcon.colcon_core.shell:Creating environment hook '/home/nickp/Desktop/aws-robomaker-sample-application-roverrobotics/simulation_ws/install/simulation_app/share/simulation_app/hook/ros_package_path.ps1'
[0.182s] INFO:colcon.colcon_core.shell:Creating environment hook '/home/nickp/Desktop/aws-robomaker-sample-application-roverrobotics/simulation_ws/install/simulation_app/share/simulation_app/hook/ros_package_path.sh'
[0.183s] INFO:colcon.colcon_cmake.task.cmake.build:Building CMake package in '/home/nickp/Desktop/aws-robomaker-sample-application-roverrobotics/simulation_ws/src/simulation_app'
[0.184s] INFO:colcon.colcon_core.shell:Skip shell extension 'powershell' for command environment: Not usable outside of PowerShell
[0.192s] DEBUG:colcon.colcon_core.event_handler.log_command:Invoking command in '/home/nickp/Desktop/aws-robomaker-sample-application-roverrobotics/simulation_ws/build/simulation_app': /usr/bin/cmake /home/nickp/Desktop/aws-robomaker-sample-application-roverrobotics/simulation_ws/src/simulation_app -DCATKIN_INSTALL_INTO_PREFIX_ROOT=0 -DCMAKE_INSTALL_PREFIX=/home/nickp/Desktop/aws-robomaker-sample-application-roverrobotics/simulation_ws/install/simulation_app
[1.768s] DEBUG:colcon.colcon_core.event_handler.log_command:Invoked command in '/home/nickp/Desktop/aws-robomaker-sample-application-roverrobotics/simulation_ws/build/simulation_app' returned '0': /usr/bin/cmake /home/nickp/Desktop/aws-robomaker-sample-application-roverrobotics/simulation_ws/src/simulation_app -DCATKIN_INSTALL_INTO_PREFIX_ROOT=0 -DCMAKE_INSTALL_PREFIX=/home/nickp/Desktop/aws-robomaker-sample-application-roverrobotics/simulation_ws/install/simulation_app
[1.770s] DEBUG:colcon.colcon_core.event_handler.log_command:Invoking command in '/home/nickp/Desktop/aws-robomaker-sample-application-roverrobotics/simulation_ws/build/simulation_app': /usr/bin/cmake --build /home/nickp/Desktop/aws-robomaker-sample-application-roverrobotics/simulation_ws/build/simulation_app -- -j12 -l12
[1.799s] DEBUG:colcon.colcon_core.event_handler.log_command:Invoked command in '/home/nickp/Desktop/aws-robomaker-sample-application-roverrobotics/simulation_ws/build/simulation_app' returned '0': /usr/bin/cmake --build /home/nickp/Desktop/aws-robomaker-sample-application-roverrobotics/simulation_ws/build/simulation_app -- -j12 -l12
[1.847s] DEBUG:colcon.colcon_core.event_handler.log_command:Invoking command in '/home/nickp/Desktop/aws-robomaker-sample-application-roverrobotics/simulation_ws/build/simulation_app': /usr/bin/cmake --build /home/nickp/Desktop/aws-robomaker-sample-application-roverrobotics/simulation_ws/build/simulation_app --target install
[1.909s] Level 1:colcon.colcon_ros.task.catkin.build:checking '/home/nickp/Desktop/aws-robomaker-sample-application-roverrobotics/simulation_ws/install/simulation_app/lib/python2.7/dist-packages'
[1.909s] Level 1:colcon.colcon_ros.task.catkin.build:checking '/home/nickp/Desktop/aws-robomaker-sample-application-roverrobotics/simulation_ws/install/simulation_app/lib/python2.7/site-packages'
[1.911s] Level 1:colcon.colcon_core.environment:create_environment_scripts_only(simulation_app)
[1.919s] Level 1:colcon.colcon_core.environment:checking '/home/nickp/Desktop/aws-robomaker-sample-application-roverrobotics/simulation_ws/install/simulation_app' for CMake module files
[1.920s] Level 1:colcon.colcon_core.environment:checking '/home/nickp/Desktop/aws-robomaker-sample-application-roverrobotics/simulation_ws/install/simulation_app' for CMake config files
[1.922s] Level 1:colcon.colcon_core.shell:create_environment_hook('simulation_app', 'cmake_prefix_path')
[1.923s] INFO:colcon.colcon_core.shell:Creating environment hook '/home/nickp/Desktop/aws-robomaker-sample-application-roverrobotics/simulation_ws/install/simulation_app/share/simulation_app/hook/cmake_prefix_path.ps1'
[1.924s] INFO:colcon.colcon_core.shell:Creating environment hook '/home/nickp/Desktop/aws-robomaker-sample-application-roverrobotics/simulation_ws/install/simulation_app/share/simulation_app/hook/cmake_prefix_path.sh'
[1.926s] Level 1:colcon.colcon_core.environment:checking '/home/nickp/Desktop/aws-robomaker-sample-application-roverrobotics/simulation_ws/install/simulation_app/lib'
[1.927s] Level 1:colcon.colcon_core.environment:checking '/home/nickp/Desktop/aws-robomaker-sample-application-roverrobotics/simulation_ws/install/simulation_app/bin'
[1.927s] Level 1:colcon.colcon_core.environment:checking '/home/nickp/Desktop/aws-robomaker-sample-application-roverrobotics/simulation_ws/install/simulation_app/lib/pkgconfig/simulation_app.pc'
[1.927s] Level 1:colcon.colcon_core.shell:create_environment_hook('simulation_app', 'pkg_config')
[1.928s] INFO:colcon.colcon_core.shell:Creating environment hook '/home/nickp/Desktop/aws-robomaker-sample-application-roverrobotics/simulation_ws/install/simulation_app/share/simulation_app/hook/pkg_config.ps1'
[1.928s] INFO:colcon.colcon_core.shell:Creating environment hook '/home/nickp/Desktop/aws-robomaker-sample-application-roverrobotics/simulation_ws/install/simulation_app/share/simulation_app/hook/pkg_config.sh'
[1.929s] Level 1:colcon.colcon_core.environment:checking '/home/nickp/Desktop/aws-robomaker-sample-application-roverrobotics/simulation_ws/install/simulation_app/lib/python3.5/site-packages'
[1.930s] INFO:colcon.colcon_core.shell:Creating package script '/home/nickp/Desktop/aws-robomaker-sample-application-roverrobotics/simulation_ws/install/simulation_app/share/simulation_app/package.ps1'
[1.932s] INFO:colcon.colcon_core.shell:Creating package script '/home/nickp/Desktop/aws-robomaker-sample-application-roverrobotics/simulation_ws/install/simulation_app/share/simulation_app/package.sh'
[1.934s] INFO:colcon.colcon_core.shell:Creating package script '/home/nickp/Desktop/aws-robomaker-sample-application-roverrobotics/simulation_ws/install/simulation_app/share/simulation_app/package.bash'
[1.935s] INFO:colcon.colcon_core.shell:Creating package script '/home/nickp/Desktop/aws-robomaker-sample-application-roverrobotics/simulation_ws/install/simulation_app/share/simulation_app/package.zsh'
[1.937s] Level 1:colcon.colcon_core.environment:create_file_with_runtime_dependencies(/home/nickp/Desktop/aws-robomaker-sample-application-roverrobotics/simulation_ws/install/simulation_app/share/colcon-core/packages/simulation_app)
[1.938s] DEBUG:colcon.colcon_parallel_executor.executor.parallel:closing loop
[1.938s] DEBUG:colcon.colcon_parallel_executor.executor.parallel:loop closed
[1.938s] DEBUG:colcon.colcon_parallel_executor.executor.parallel:run_until_complete finished with '0'
[1.938s] DEBUG:colcon.colcon_core.event_reactor:joining thread
[1.974s] DEBUG:colcon.colcon_core.event_handler.log_command:Invoked command in '/home/nickp/Desktop/aws-robomaker-sample-application-roverrobotics/simulation_ws/build/simulation_app' returned '0': /usr/bin/cmake --build /home/nickp/Desktop/aws-robomaker-sample-application-roverrobotics/simulation_ws/build/simulation_app --target install
[1.979s] INFO:colcon.colcon_core.plugin_system:Skipping extension 'colcon_notification.desktop_notification.win32': Not used on non-Windows systems
[1.979s] INFO:colcon.colcon_core.plugin_system:Skipping extension 'colcon_notification.desktop_notification.terminal_notifier': Not used on non-Darwin systems
[1.980s] INFO:colcon.colcon_notification.desktop_notification:Sending desktop notification using 'notify2'
[2.021s] DEBUG:colcon.colcon_core.event_reactor:joined thread
[2.022s] INFO:colcon.colcon_core.shell:Creating prefix script '/home/nickp/Desktop/aws-robomaker-sample-application-roverrobotics/simulation_ws/install/local_setup.ps1'
[2.023s] INFO:colcon.colcon_core.shell:Creating prefix chain script '/home/nickp/Desktop/aws-robomaker-sample-application-roverrobotics/simulation_ws/install/setup.ps1'
[2.025s] INFO:colcon.colcon_core.shell:Creating prefix script '/home/nickp/Desktop/aws-robomaker-sample-application-roverrobotics/simulation_ws/install/local_setup.sh'
[2.026s] INFO:colcon.colcon_core.shell:Creating prefix chain script '/home/nickp/Desktop/aws-robomaker-sample-application-roverrobotics/simulation_ws/install/setup.sh'
[2.026s] INFO:colcon.colcon_core.shell:Creating prefix script '/home/nickp/Desktop/aws-robomaker-sample-application-roverrobotics/simulation_ws/install/local_setup.bash'
[2.027s] INFO:colcon.colcon_core.shell:Creating prefix chain script '/home/nickp/Desktop/aws-robomaker-sample-application-roverrobotics/simulation_ws/install/setup.bash'
[2.028s] INFO:colcon.colcon_core.shell:Creating prefix script '/home/nickp/Desktop/aws-robomaker-sample-application-roverrobotics/simulation_ws/install/local_setup.zsh'
[2.029s] INFO:colcon.colcon_core.shell:Creating prefix chain script '/home/nickp/Desktop/aws-robomaker-sample-application-roverrobotics/simulation_ws/install/setup.zsh'
