-- The C compiler identification is GNU 7.3.0
-- The CXX compiler identification is GNU 7.3.0
-- Check for working C compiler: /usr/bin/cc
-- Check for working C compiler: /usr/bin/cc -- works
-- Detecting C compiler ABI info
-- Detecting C compiler ABI info - done
-- Detecting C compile features
-- Detecting C compile features - done
-- Check for working CXX compiler: /usr/bin/c++
-- Check for working CXX compiler: /usr/bin/c++ -- works
-- Detecting CXX compiler ABI info
-- Detecting CXX compiler ABI info - done
-- Detecting CXX compile features
-- Detecting CXX compile features - done
-- Using CATKIN_DEVEL_PREFIX: /home/nick/aws-robomaker-sample-application-roverrobotics/robot_ws/build/localization/devel
-- Using CMAKE_PREFIX_PATH: /home/nick/aws-robomaker-sample-application-roverrobotics/robot_ws/install/robot_app;/home/nick/aws-robomaker-sample-application-roverrobotics/simulation_ws/install/simulation_app;/opt/ros/melodic
-- This workspace overlays: /home/nick/aws-robomaker-sample-application-roverrobotics/simulation_ws/install/simulation_app;/opt/ros/melodic
-- Found PythonInterp: /usr/bin/python2 (found suitable version "2.7.15", minimum required is "2") 
-- Using PYTHON_EXECUTABLE: /usr/bin/python2
-- Using Debian Python package layout
-- Using empy: /usr/bin/empy
-- Using CATKIN_ENABLE_TESTING: ON
-- Call enable_testing()
-- Using CATKIN_TEST_RESULTS_DIR: /home/nick/aws-robomaker-sample-application-roverrobotics/robot_ws/build/localization/test_results
-- Found gmock sources under '/usr/src/googletest': gmock will be built
-- Found PythonInterp: /usr/bin/python2 (found version "2.7.15") 
-- Looking for pthread.h
-- Looking for pthread.h - found
-- Looking for pthread_create
-- Looking for pthread_create - not found
-- Looking for pthread_create in pthreads
-- Looking for pthread_create in pthreads - not found
-- Looking for pthread_create in pthread
-- Looking for pthread_create in pthread - found
-- Found Threads: TRUE  
-- Found gtest sources under '/usr/src/googletest': gtests will be built
-- Using Python nosetests: /usr/bin/nosetests-2.7
-- catkin 0.7.14
-- Configuring done
-- Generating done
-- Build files have been written to: /home/nick/aws-robomaker-sample-application-roverrobotics/robot_ws/build/localization
[35m[1mScanning dependencies of target tests[0m
Built target tests
[36mInstall the project...[0m
-- Install configuration: ""
-- Installing: /home/nick/aws-robomaker-sample-application-roverrobotics/robot_ws/install/localization/lib/pkgconfig/localization.pc
-- Installing: /home/nick/aws-robomaker-sample-application-roverrobotics/robot_ws/install/localization/share/localization/cmake/localizationConfig.cmake
-- Installing: /home/nick/aws-robomaker-sample-application-roverrobotics/robot_ws/install/localization/share/localization/cmake/localizationConfig-version.cmake
-- Installing: /home/nick/aws-robomaker-sample-application-roverrobotics/robot_ws/install/localization/share/localization/package.xml
-- Installing: /home/nick/aws-robomaker-sample-application-roverrobotics/robot_ws/install/localization/share/localization/launch
-- Installing: /home/nick/aws-robomaker-sample-application-roverrobotics/robot_ws/install/localization/share/localization/launch/gmapping.launch
-- Installing: /home/nick/aws-robomaker-sample-application-roverrobotics/robot_ws/install/localization/share/localization/launch/nf_launch.launch
-- Installing: /home/nick/aws-robomaker-sample-application-roverrobotics/robot_ws/install/localization/share/localization/launch/tuning.launch
-- Installing: /home/nick/aws-robomaker-sample-application-roverrobotics/robot_ws/install/localization/share/localization/launch/odom_only.launch
-- Installing: /home/nick/aws-robomaker-sample-application-roverrobotics/robot_ws/install/localization/share/localization/launch/localization_amcl.launch
-- Installing: /home/nick/aws-robomaker-sample-application-roverrobotics/robot_ws/install/localization/share/localization/maps
-- Installing: /home/nick/aws-robomaker-sample-application-roverrobotics/robot_ws/install/localization/share/localization/maps/asym_arena.yaml
-- Installing: /home/nick/aws-robomaker-sample-application-roverrobotics/robot_ws/install/localization/share/localization/maps/arena_nav.pgm
-- Installing: /home/nick/aws-robomaker-sample-application-roverrobotics/robot_ws/install/localization/share/localization/maps/arena_8x8.yaml
-- Installing: /home/nick/aws-robomaker-sample-application-roverrobotics/robot_ws/install/localization/share/localization/maps/arena_nav.yaml
-- Installing: /home/nick/aws-robomaker-sample-application-roverrobotics/robot_ws/install/localization/share/localization/maps/arena.pgm
-- Installing: /home/nick/aws-robomaker-sample-application-roverrobotics/robot_ws/install/localization/share/localization/maps/navigation_map.pgm
-- Installing: /home/nick/aws-robomaker-sample-application-roverrobotics/robot_ws/install/localization/share/localization/maps/localization_map.pgm
-- Installing: /home/nick/aws-robomaker-sample-application-roverrobotics/robot_ws/install/localization/share/localization/maps/navigation_map.yaml
-- Installing: /home/nick/aws-robomaker-sample-application-roverrobotics/robot_ws/install/localization/share/localization/maps/arena.yaml
-- Installing: /home/nick/aws-robomaker-sample-application-roverrobotics/robot_ws/install/localization/share/localization/maps/localization_map.yaml
-- Installing: /home/nick/aws-robomaker-sample-application-roverrobotics/robot_ws/install/localization/share/localization/maps/arena_8x8.pgm
-- Installing: /home/nick/aws-robomaker-sample-application-roverrobotics/robot_ws/install/localization/share/localization/maps/asym_arena.pgm
-- Installing: /home/nick/aws-robomaker-sample-application-roverrobotics/robot_ws/install/localization/share/localization/params
-- Installing: /home/nick/aws-robomaker-sample-application-roverrobotics/robot_ws/install/localization/share/localization/params/local_costmap_params.yaml
-- Installing: /home/nick/aws-robomaker-sample-application-roverrobotics/robot_ws/install/localization/share/localization/params/costmap_common_params.yaml
-- Installing: /home/nick/aws-robomaker-sample-application-roverrobotics/robot_ws/install/localization/share/localization/params/dwa_local_planner_params.yaml
-- Installing: /home/nick/aws-robomaker-sample-application-roverrobotics/robot_ws/install/localization/share/localization/params/teb_local_planner_params.yaml
-- Installing: /home/nick/aws-robomaker-sample-application-roverrobotics/robot_ws/install/localization/share/localization/params/base_local_planner_params.yaml
-- Installing: /home/nick/aws-robomaker-sample-application-roverrobotics/robot_ws/install/localization/share/localization/params/global_costmap_params.yaml
-- Installing: /home/nick/aws-robomaker-sample-application-roverrobotics/robot_ws/install/localization/share/pre_launch_file.sh
