Invoking command in '/home/nickp/Desktop/aws-robomaker-sample-application-roverrobotics/simulation_ws/build/simulation_app': /usr/bin/cmake /home/nickp/Desktop/aws-robomaker-sample-application-roverrobotics/simulation_ws/src/simulation_app -DCATKIN_INSTALL_INTO_PREFIX_ROOT=0 -DCMAKE_INSTALL_PREFIX=/home/nickp/Desktop/aws-robomaker-sample-application-roverrobotics/simulation_ws/install/simulation_app
-- The C compiler identification is GNU 5.5.0
-- The CXX compiler identification is GNU 5.5.0
-- Check for working C compiler: /usr/bin/cc
-- Check for working C compiler: /usr/bin/cc -- works
-- Detecting C compiler ABI info
-- Detecting C compiler ABI info - done
-- Detecting C compile features
-- Detecting C compile features - done
-- Check for working CXX compiler: /usr/bin/c++
-- Check for working CXX compiler: /usr/bin/c++ -- works
-- Detecting CXX compiler ABI info
-- Detecting CXX compiler ABI info - done
-- Detecting CXX compile features
-- Detecting CXX compile features - done
-- Using CATKIN_DEVEL_PREFIX: /home/nickp/Desktop/aws-robomaker-sample-application-roverrobotics/simulation_ws/build/simulation_app/devel
-- Using CMAKE_PREFIX_PATH: /opt/ros/kinetic
-- This workspace overlays: /opt/ros/kinetic
-- Found PythonInterp: /usr/bin/python (found version "2.7.12") 
-- Using PYTHON_EXECUTABLE: /usr/bin/python
-- Using Debian Python package layout
-- Using empy: /usr/bin/empy
-- Using CATKIN_ENABLE_TESTING: ON
-- Call enable_testing()
-- Using CATKIN_TEST_RESULTS_DIR: /home/nickp/Desktop/aws-robomaker-sample-application-roverrobotics/simulation_ws/build/simulation_app/test_results
-- Found gmock sources under '/usr/src/gmock': gmock will be built
-- Looking for pthread.h
-- Looking for pthread.h - found
-- Looking for pthread_create
-- Looking for pthread_create - not found
-- Looking for pthread_create in pthreads
-- Looking for pthread_create in pthreads - not found
-- Looking for pthread_create in pthread
-- Looking for pthread_create in pthread - found
-- Found Threads: TRUE  
-- Found gtest sources under '/usr/src/gmock': gtests will be built
-- Using Python nosetests: /usr/bin/nosetests-2.7
-- catkin 0.7.14
-- Using these message generators: gencpp;geneus;genlisp;gennodejs;genpy
-- Configuring done
-- Generating done
-- Build files have been written to: /home/nickp/Desktop/aws-robomaker-sample-application-roverrobotics/simulation_ws/build/simulation_app
Invoked command in '/home/nickp/Desktop/aws-robomaker-sample-application-roverrobotics/simulation_ws/build/simulation_app' returned '0': /usr/bin/cmake /home/nickp/Desktop/aws-robomaker-sample-application-roverrobotics/simulation_ws/src/simulation_app -DCATKIN_INSTALL_INTO_PREFIX_ROOT=0 -DCMAKE_INSTALL_PREFIX=/home/nickp/Desktop/aws-robomaker-sample-application-roverrobotics/simulation_ws/install/simulation_app
Invoking command in '/home/nickp/Desktop/aws-robomaker-sample-application-roverrobotics/simulation_ws/build/simulation_app': /usr/bin/cmake --build /home/nickp/Desktop/aws-robomaker-sample-application-roverrobotics/simulation_ws/build/simulation_app -- -j12 -l12
Invoked command in '/home/nickp/Desktop/aws-robomaker-sample-application-roverrobotics/simulation_ws/build/simulation_app' returned '0': /usr/bin/cmake --build /home/nickp/Desktop/aws-robomaker-sample-application-roverrobotics/simulation_ws/build/simulation_app -- -j12 -l12
Invoking command in '/home/nickp/Desktop/aws-robomaker-sample-application-roverrobotics/simulation_ws/build/simulation_app': /usr/bin/cmake --build /home/nickp/Desktop/aws-robomaker-sample-application-roverrobotics/simulation_ws/build/simulation_app --target install
[36mInstall the project...[0m
-- Install configuration: ""
-- Installing: /home/nickp/Desktop/aws-robomaker-sample-application-roverrobotics/simulation_ws/install/simulation_app/lib/pkgconfig/simulation_app.pc
-- Installing: /home/nickp/Desktop/aws-robomaker-sample-application-roverrobotics/simulation_ws/install/simulation_app/share/simulation_app/cmake/simulation_appConfig.cmake
-- Installing: /home/nickp/Desktop/aws-robomaker-sample-application-roverrobotics/simulation_ws/install/simulation_app/share/simulation_app/cmake/simulation_appConfig-version.cmake
-- Installing: /home/nickp/Desktop/aws-robomaker-sample-application-roverrobotics/simulation_ws/install/simulation_app/share/simulation_app/package.xml
-- Installing: /home/nickp/Desktop/aws-robomaker-sample-application-roverrobotics/simulation_ws/install/simulation_app/share/simulation_app/launch
-- Installing: /home/nickp/Desktop/aws-robomaker-sample-application-roverrobotics/simulation_ws/install/simulation_app/share/simulation_app/launch/spawn_rover.launch
-- Installing: /home/nickp/Desktop/aws-robomaker-sample-application-roverrobotics/simulation_ws/install/simulation_app/share/simulation_app/launch/example.launch
-- Installing: /home/nickp/Desktop/aws-robomaker-sample-application-roverrobotics/simulation_ws/install/simulation_app/share/simulation_app/models
-- Installing: /home/nickp/Desktop/aws-robomaker-sample-application-roverrobotics/simulation_ws/install/simulation_app/share/simulation_app/models/aws_robomaker_warehouse_Sign_01
-- Installing: /home/nickp/Desktop/aws-robomaker-sample-application-roverrobotics/simulation_ws/install/simulation_app/share/simulation_app/models/aws_robomaker_warehouse_Sign_01/meshes
-- Installing: /home/nickp/Desktop/aws-robomaker-sample-application-roverrobotics/simulation_ws/install/simulation_app/share/simulation_app/models/aws_robomaker_warehouse_Sign_01/meshes/aws_robomaker_warehouse_Sign_01_visual.DAE
-- Installing: /home/nickp/Desktop/aws-robomaker-sample-application-roverrobotics/simulation_ws/install/simulation_app/share/simulation_app/models/aws_robomaker_warehouse_Sign_01/meshes/aws_robomaker_warehouse_Sign_01_collision.DAE
-- Installing: /home/nickp/Desktop/aws-robomaker-sample-application-roverrobotics/simulation_ws/install/simulation_app/share/simulation_app/models/aws_robomaker_warehouse_Sign_01/materials
-- Installing: /home/nickp/Desktop/aws-robomaker-sample-application-roverrobotics/simulation_ws/install/simulation_app/share/simulation_app/models/aws_robomaker_warehouse_Sign_01/materials/textures
-- Installing: /home/nickp/Desktop/aws-robomaker-sample-application-roverrobotics/simulation_ws/install/simulation_app/share/simulation_app/models/aws_robomaker_warehouse_Sign_01/materials/textures/aws_robomaker_warehouse_Sign_01.png
-- Installing: /home/nickp/Desktop/aws-robomaker-sample-application-roverrobotics/simulation_ws/install/simulation_app/share/simulation_app/models/aws_robomaker_warehouse_Sign_01/model.config
-- Installing: /home/nickp/Desktop/aws-robomaker-sample-application-roverrobotics/simulation_ws/install/simulation_app/share/simulation_app/models/aws_robomaker_warehouse_Sign_01/model.sdf
-- Installing: /home/nickp/Desktop/aws-robomaker-sample-application-roverrobotics/simulation_ws/install/simulation_app/share/simulation_app/models/aws_robomaker_warehouse_Roof_01
-- Installing: /home/nickp/Desktop/aws-robomaker-sample-application-roverrobotics/simulation_ws/install/simulation_app/share/simulation_app/models/aws_robomaker_warehouse_Roof_01/meshes
-- Installing: /home/nickp/Desktop/aws-robomaker-sample-application-roverrobotics/simulation_ws/install/simulation_app/share/simulation_app/models/aws_robomaker_warehouse_Roof_01/meshes/aws_robomaker_warehouse_Roof_01_visual.DAE
-- Installing: /home/nickp/Desktop/aws-robomaker-sample-application-roverrobotics/simulation_ws/install/simulation_app/share/simulation_app/models/aws_robomaker_warehouse_Roof_01/meshes/aws_robomaker_warehouse_Roof_01_collision.DAE
-- Installing: /home/nickp/Desktop/aws-robomaker-sample-application-roverrobotics/simulation_ws/install/simulation_app/share/simulation_app/models/aws_robomaker_warehouse_Roof_01/materials
-- Installing: /home/nickp/Desktop/aws-robomaker-sample-application-roverrobotics/simulation_ws/install/simulation_app/share/simulation_app/models/aws_robomaker_warehouse_Roof_01/materials/textures
-- Installing: /home/nickp/Desktop/aws-robomaker-sample-application-roverrobotics/simulation_ws/install/simulation_app/share/simulation_app/models/aws_robomaker_warehouse_Roof_01/materials/textures/aws_robomaker_warehouse_Roof_01.png
-- Installing: /home/nickp/Desktop/aws-robomaker-sample-application-roverrobotics/simulation_ws/install/simulation_app/share/simulation_app/models/aws_robomaker_warehouse_Roof_01/model.config
-- Installing: /home/nickp/Desktop/aws-robomaker-sample-application-roverrobotics/simulation_ws/install/simulation_app/share/simulation_app/models/aws_robomaker_warehouse_Roof_01/model.sdf
-- Installing: /home/nickp/Desktop/aws-robomaker-sample-application-roverrobotics/simulation_ws/install/simulation_app/share/simulation_app/models/._.DS_Store
-- Installing: /home/nickp/Desktop/aws-robomaker-sample-application-roverrobotics/simulation_ws/install/simulation_app/share/simulation_app/models/aws_robomaker_warehouse_DeskA_01
-- Installing: /home/nickp/Desktop/aws-robomaker-sample-application-roverrobotics/simulation_ws/install/simulation_app/share/simulation_app/models/aws_robomaker_warehouse_DeskA_01/meshes
-- Installing: /home/nickp/Desktop/aws-robomaker-sample-application-roverrobotics/simulation_ws/install/simulation_app/share/simulation_app/models/aws_robomaker_warehouse_DeskA_01/meshes/aws_robomaker_warehouse_DeskA_01_visual.DAE
-- Installing: /home/nickp/Desktop/aws-robomaker-sample-application-roverrobotics/simulation_ws/install/simulation_app/share/simulation_app/models/aws_robomaker_warehouse_DeskA_01/meshes/aws_robomaker_warehouse_DeskA_01_collision.DAE
-- Installing: /home/nickp/Desktop/aws-robomaker-sample-application-roverrobotics/simulation_ws/install/simulation_app/share/simulation_app/models/aws_robomaker_warehouse_DeskA_01/materials
-- Installing: /home/nickp/Desktop/aws-robomaker-sample-application-roverrobotics/simulation_ws/install/simulation_app/share/simulation_app/models/aws_robomaker_warehouse_DeskA_01/materials/textures
-- Installing: /home/nickp/Desktop/aws-robomaker-sample-application-roverrobotics/simulation_ws/install/simulation_app/share/simulation_app/models/aws_robomaker_warehouse_DeskA_01/materials/textures/aws_robomaker_warehouse_DeskA_04.png
-- Installing: /home/nickp/Desktop/aws-robomaker-sample-application-roverrobotics/simulation_ws/install/simulation_app/share/simulation_app/models/aws_robomaker_warehouse_DeskA_01/materials/textures/aws_robomaker_warehouse_DeskA_01.png
-- Installing: /home/nickp/Desktop/aws-robomaker-sample-application-roverrobotics/simulation_ws/install/simulation_app/share/simulation_app/models/aws_robomaker_warehouse_DeskA_01/materials/textures/aws_robomaker_warehouse_DeskA_02.png
-- Installing: /home/nickp/Desktop/aws-robomaker-sample-application-roverrobotics/simulation_ws/install/simulation_app/share/simulation_app/models/aws_robomaker_warehouse_DeskA_01/materials/textures/aws_robomaker_warehouse_DeskA_03.png
-- Installing: /home/nickp/Desktop/aws-robomaker-sample-application-roverrobotics/simulation_ws/install/simulation_app/share/simulation_app/models/aws_robomaker_warehouse_DeskA_01/model.config
-- Installing: /home/nickp/Desktop/aws-robomaker-sample-application-roverrobotics/simulation_ws/install/simulation_app/share/simulation_app/models/aws_robomaker_warehouse_DeskA_01/model.sdf
-- Installing: /home/nickp/Desktop/aws-robomaker-sample-application-roverrobotics/simulation_ws/install/simulation_app/share/simulation_app/models/aws_robomaker_warehouse_Roadblock_01
-- Installing: /home/nickp/Desktop/aws-robomaker-sample-application-roverrobotics/simulation_ws/install/simulation_app/share/simulation_app/models/aws_robomaker_warehouse_Roadblock_01/meshes
-- Installing: /home/nickp/Desktop/aws-robomaker-sample-application-roverrobotics/simulation_ws/install/simulation_app/share/simulation_app/models/aws_robomaker_warehouse_Roadblock_01/meshes/aws_robomaker_warehouse_Roadblock_01_visual.DAE
-- Installing: /home/nickp/Desktop/aws-robomaker-sample-application-roverrobotics/simulation_ws/install/simulation_app/share/simulation_app/models/aws_robomaker_warehouse_Roadblock_01/meshes/aws_robomaker_warehouse_Roadblock_01_collision.DAE
-- Installing: /home/nickp/Desktop/aws-robomaker-sample-application-roverrobotics/simulation_ws/install/simulation_app/share/simulation_app/models/aws_robomaker_warehouse_Roadblock_01/materials
-- Installing: /home/nickp/Desktop/aws-robomaker-sample-application-roverrobotics/simulation_ws/install/simulation_app/share/simulation_app/models/aws_robomaker_warehouse_Roadblock_01/materials/textures
-- Installing: /home/nickp/Desktop/aws-robomaker-sample-application-roverrobotics/simulation_ws/install/simulation_app/share/simulation_app/models/aws_robomaker_warehouse_Roadblock_01/materials/textures/aws_robomaker_warehouse_Roadblock_01.png
-- Installing: /home/nickp/Desktop/aws-robomaker-sample-application-roverrobotics/simulation_ws/install/simulation_app/share/simulation_app/models/aws_robomaker_warehouse_Roadblock_01/model.config
-- Installing: /home/nickp/Desktop/aws-robomaker-sample-application-roverrobotics/simulation_ws/install/simulation_app/share/simulation_app/models/aws_robomaker_warehouse_Roadblock_01/model.sdf
-- Installing: /home/nickp/Desktop/aws-robomaker-sample-application-roverrobotics/simulation_ws/install/simulation_app/share/simulation_app/models/aws_robomaker_warehouse_Wall_01
-- Installing: /home/nickp/Desktop/aws-robomaker-sample-application-roverrobotics/simulation_ws/install/simulation_app/share/simulation_app/models/aws_robomaker_warehouse_Wall_01/meshes
-- Installing: /home/nickp/Desktop/aws-robomaker-sample-application-roverrobotics/simulation_ws/install/simulation_app/share/simulation_app/models/aws_robomaker_warehouse_Wall_01/meshes/aws_robomaker_warehouse_Wall_01_collision.DAE
-- Installing: /home/nickp/Desktop/aws-robomaker-sample-application-roverrobotics/simulation_ws/install/simulation_app/share/simulation_app/models/aws_robomaker_warehouse_Wall_01/meshes/aws_robomaker_warehouse_Wall_01_visual.DAE
-- Installing: /home/nickp/Desktop/aws-robomaker-sample-application-roverrobotics/simulation_ws/install/simulation_app/share/simulation_app/models/aws_robomaker_warehouse_Wall_01/materials
-- Installing: /home/nickp/Desktop/aws-robomaker-sample-application-roverrobotics/simulation_ws/install/simulation_app/share/simulation_app/models/aws_robomaker_warehouse_Wall_01/materials/textures
-- Installing: /home/nickp/Desktop/aws-robomaker-sample-application-roverrobotics/simulation_ws/install/simulation_app/share/simulation_app/models/aws_robomaker_warehouse_Wall_01/materials/textures/aws_robomaker_warehouse_Wall_01.png
-- Installing: /home/nickp/Desktop/aws-robomaker-sample-application-roverrobotics/simulation_ws/install/simulation_app/share/simulation_app/models/aws_robomaker_warehouse_Wall_01/materials/textures/aws_robomaker_warehouse_Wall_02.png
-- Installing: /home/nickp/Desktop/aws-robomaker-sample-application-roverrobotics/simulation_ws/install/simulation_app/share/simulation_app/models/aws_robomaker_warehouse_Wall_01/materials/textures/aws_robomaker_warehouse_Wall_03.png
-- Installing: /home/nickp/Desktop/aws-robomaker-sample-application-roverrobotics/simulation_ws/install/simulation_app/share/simulation_app/models/aws_robomaker_warehouse_Wall_01/model.config
-- Installing: /home/nickp/Desktop/aws-robomaker-sample-application-roverrobotics/simulation_ws/install/simulation_app/share/simulation_app/models/aws_robomaker_warehouse_Wall_01/model.sdf
-- Installing: /home/nickp/Desktop/aws-robomaker-sample-application-roverrobotics/simulation_ws/install/simulation_app/share/simulation_app/models/aws_robomaker_warehouse_ClutteringC_01
-- Installing: /home/nickp/Desktop/aws-robomaker-sample-application-roverrobotics/simulation_ws/install/simulation_app/share/simulation_app/models/aws_robomaker_warehouse_ClutteringC_01/meshes
-- Installing: /home/nickp/Desktop/aws-robomaker-sample-application-roverrobotics/simulation_ws/install/simulation_app/share/simulation_app/models/aws_robomaker_warehouse_ClutteringC_01/meshes/aws_robomaker_warehouse_ClutteringC_01_collision.DAE
-- Installing: /home/nickp/Desktop/aws-robomaker-sample-application-roverrobotics/simulation_ws/install/simulation_app/share/simulation_app/models/aws_robomaker_warehouse_ClutteringC_01/meshes/aws_robomaker_warehouse_ClutteringC_01_visual.DAE
-- Installing: /home/nickp/Desktop/aws-robomaker-sample-application-roverrobotics/simulation_ws/install/simulation_app/share/simulation_app/models/aws_robomaker_warehouse_ClutteringC_01/materials
-- Installing: /home/nickp/Desktop/aws-robomaker-sample-application-roverrobotics/simulation_ws/install/simulation_app/share/simulation_app/models/aws_robomaker_warehouse_ClutteringC_01/materials/textures
-- Installing: /home/nickp/Desktop/aws-robomaker-sample-application-roverrobotics/simulation_ws/install/simulation_app/share/simulation_app/models/aws_robomaker_warehouse_ClutteringC_01/materials/textures/aws_robomaker_warehouse_ClutteringC_01.png
-- Installing: /home/nickp/Desktop/aws-robomaker-sample-application-roverrobotics/simulation_ws/install/simulation_app/share/simulation_app/models/aws_robomaker_warehouse_ClutteringC_01/materials/textures/aws_robomaker_warehouse_ClutteringC_02.png
-- Installing: /home/nickp/Desktop/aws-robomaker-sample-application-roverrobotics/simulation_ws/install/simulation_app/share/simulation_app/models/aws_robomaker_warehouse_ClutteringC_01/model.config
-- Installing: /home/nickp/Desktop/aws-robomaker-sample-application-roverrobotics/simulation_ws/install/simulation_app/share/simulation_app/models/aws_robomaker_warehouse_ClutteringC_01/model.sdf
-- Installing: /home/nickp/Desktop/aws-robomaker-sample-application-roverrobotics/simulation_ws/install/simulation_app/share/simulation_app/models/aws_robomaker_warehouse_ShelfB_01
-- Installing: /home/nickp/Desktop/aws-robomaker-sample-application-roverrobotics/simulation_ws/install/simulation_app/share/simulation_app/models/aws_robomaker_warehouse_ShelfB_01/meshes
-- Installing: /home/nickp/Desktop/aws-robomaker-sample-application-roverrobotics/simulation_ws/install/simulation_app/share/simulation_app/models/aws_robomaker_warehouse_ShelfB_01/meshes/aws_robomaker_warehouse_ShelfB_01_collision.DAE
-- Installing: /home/nickp/Desktop/aws-robomaker-sample-application-roverrobotics/simulation_ws/install/simulation_app/share/simulation_app/models/aws_robomaker_warehouse_ShelfB_01/meshes/aws_robomaker_warehouse_ShelfB_01_visual.DAE
-- Installing: /home/nickp/Desktop/aws-robomaker-sample-application-roverrobotics/simulation_ws/install/simulation_app/share/simulation_app/models/aws_robomaker_warehouse_ShelfB_01/materials
-- Installing: /home/nickp/Desktop/aws-robomaker-sample-application-roverrobotics/simulation_ws/install/simulation_app/share/simulation_app/models/aws_robomaker_warehouse_ShelfB_01/materials/textures
-- Installing: /home/nickp/Desktop/aws-robomaker-sample-application-roverrobotics/simulation_ws/install/simulation_app/share/simulation_app/models/aws_robomaker_warehouse_ShelfB_01/materials/textures/aws_robomaker_warehouse_ShelfB_01.png
-- Installing: /home/nickp/Desktop/aws-robomaker-sample-application-roverrobotics/simulation_ws/install/simulation_app/share/simulation_app/models/aws_robomaker_warehouse_ShelfB_01/materials/textures/aws_robomaker_warehouse_ShelfB_02.png
-- Installing: /home/nickp/Desktop/aws-robomaker-sample-application-roverrobotics/simulation_ws/install/simulation_app/share/simulation_app/models/aws_robomaker_warehouse_ShelfB_01/materials/textures/aws_robomaker_warehouse_ShelfB_03.png
-- Installing: /home/nickp/Desktop/aws-robomaker-sample-application-roverrobotics/simulation_ws/install/simulation_app/share/simulation_app/models/aws_robomaker_warehouse_ShelfB_01/materials/textures/aws_robomaker_warehouse_ShelfB_04.png
-- Installing: /home/nickp/Desktop/aws-robomaker-sample-application-roverrobotics/simulation_ws/install/simulation_app/share/simulation_app/models/aws_robomaker_warehouse_ShelfB_01/model.config
-- Installing: /home/nickp/Desktop/aws-robomaker-sample-application-roverrobotics/simulation_ws/install/simulation_app/share/simulation_app/models/aws_robomaker_warehouse_ShelfB_01/model.sdf
-- Installing: /home/nickp/Desktop/aws-robomaker-sample-application-roverrobotics/simulation_ws/install/simulation_app/share/simulation_app/models/aws_robomaker_warehouse_ShelfF_01
-- Installing: /home/nickp/Desktop/aws-robomaker-sample-application-roverrobotics/simulation_ws/install/simulation_app/share/simulation_app/models/aws_robomaker_warehouse_ShelfF_01/meshes
-- Installing: /home/nickp/Desktop/aws-robomaker-sample-application-roverrobotics/simulation_ws/install/simulation_app/share/simulation_app/models/aws_robomaker_warehouse_ShelfF_01/meshes/aws_robomaker_warehouse_ShelfF_01_collision.DAE
-- Installing: /home/nickp/Desktop/aws-robomaker-sample-application-roverrobotics/simulation_ws/install/simulation_app/share/simulation_app/models/aws_robomaker_warehouse_ShelfF_01/meshes/aws_robomaker_warehouse_ShelfF_01_visual.DAE
-- Installing: /home/nickp/Desktop/aws-robomaker-sample-application-roverrobotics/simulation_ws/install/simulation_app/share/simulation_app/models/aws_robomaker_warehouse_ShelfF_01/materials
-- Installing: /home/nickp/Desktop/aws-robomaker-sample-application-roverrobotics/simulation_ws/install/simulation_app/share/simulation_app/models/aws_robomaker_warehouse_ShelfF_01/materials/textures
-- Installing: /home/nickp/Desktop/aws-robomaker-sample-application-roverrobotics/simulation_ws/install/simulation_app/share/simulation_app/models/aws_robomaker_warehouse_ShelfF_01/materials/textures/aws_robomaker_warehouse_ShelfF_03.png
-- Installing: /home/nickp/Desktop/aws-robomaker-sample-application-roverrobotics/simulation_ws/install/simulation_app/share/simulation_app/models/aws_robomaker_warehouse_ShelfF_01/materials/textures/aws_robomaker_warehouse_ShelfF_01.png
-- Installing: /home/nickp/Desktop/aws-robomaker-sample-application-roverrobotics/simulation_ws/install/simulation_app/share/simulation_app/models/aws_robomaker_warehouse_ShelfF_01/materials/textures/aws_robomaker_warehouse_ShelfF_02.png
-- Installing: /home/nickp/Desktop/aws-robomaker-sample-application-roverrobotics/simulation_ws/install/simulation_app/share/simulation_app/models/aws_robomaker_warehouse_ShelfF_01/model.config
-- Installing: /home/nickp/Desktop/aws-robomaker-sample-application-roverrobotics/simulation_ws/install/simulation_app/share/simulation_app/models/aws_robomaker_warehouse_ShelfF_01/model.sdf
-- Installing: /home/nickp/Desktop/aws-robomaker-sample-application-roverrobotics/simulation_ws/install/simulation_app/share/simulation_app/models/aws_robomaker_warehouse_ClutteringA_01
-- Installing: /home/nickp/Desktop/aws-robomaker-sample-application-roverrobotics/simulation_ws/install/simulation_app/share/simulation_app/models/aws_robomaker_warehouse_ClutteringA_01/meshes
-- Installing: /home/nickp/Desktop/aws-robomaker-sample-application-roverrobotics/simulation_ws/install/simulation_app/share/simulation_app/models/aws_robomaker_warehouse_ClutteringA_01/meshes/aws_robomaker_warehouse_ClutteringA_01_visual.DAE
-- Installing: /home/nickp/Desktop/aws-robomaker-sample-application-roverrobotics/simulation_ws/install/simulation_app/share/simulation_app/models/aws_robomaker_warehouse_ClutteringA_01/meshes/aws_robomaker_warehouse_ClutteringA_01_collision.DAE
-- Installing: /home/nickp/Desktop/aws-robomaker-sample-application-roverrobotics/simulation_ws/install/simulation_app/share/simulation_app/models/aws_robomaker_warehouse_ClutteringA_01/materials
-- Installing: /home/nickp/Desktop/aws-robomaker-sample-application-roverrobotics/simulation_ws/install/simulation_app/share/simulation_app/models/aws_robomaker_warehouse_ClutteringA_01/materials/textures
-- Installing: /home/nickp/Desktop/aws-robomaker-sample-application-roverrobotics/simulation_ws/install/simulation_app/share/simulation_app/models/aws_robomaker_warehouse_ClutteringA_01/materials/textures/aws_robomaker_warehouse_ClutteringA_03.png
-- Installing: /home/nickp/Desktop/aws-robomaker-sample-application-roverrobotics/simulation_ws/install/simulation_app/share/simulation_app/models/aws_robomaker_warehouse_ClutteringA_01/materials/textures/aws_robomaker_warehouse_ClutteringA_02.png
-- Installing: /home/nickp/Desktop/aws-robomaker-sample-application-roverrobotics/simulation_ws/install/simulation_app/share/simulation_app/models/aws_robomaker_warehouse_ClutteringA_01/materials/textures/aws_robomaker_warehouse_ClutteringA_01.png
-- Installing: /home/nickp/Desktop/aws-robomaker-sample-application-roverrobotics/simulation_ws/install/simulation_app/share/simulation_app/models/aws_robomaker_warehouse_ClutteringA_01/model.config
-- Installing: /home/nickp/Desktop/aws-robomaker-sample-application-roverrobotics/simulation_ws/install/simulation_app/share/simulation_app/models/aws_robomaker_warehouse_ClutteringA_01/model.sdf
-- Installing: /home/nickp/Desktop/aws-robomaker-sample-application-roverrobotics/simulation_ws/install/simulation_app/share/simulation_app/models/aws_robomaker_warehouse_Lamp_01
-- Installing: /home/nickp/Desktop/aws-robomaker-sample-application-roverrobotics/simulation_ws/install/simulation_app/share/simulation_app/models/aws_robomaker_warehouse_Lamp_01/meshes
-- Installing: /home/nickp/Desktop/aws-robomaker-sample-application-roverrobotics/simulation_ws/install/simulation_app/share/simulation_app/models/aws_robomaker_warehouse_Lamp_01/meshes/aws_robomaker_warehouse_Lamp_01_collision.DAE
-- Installing: /home/nickp/Desktop/aws-robomaker-sample-application-roverrobotics/simulation_ws/install/simulation_app/share/simulation_app/models/aws_robomaker_warehouse_Lamp_01/meshes/aws_robomaker_warehouse_Lamp_01_visual.DAE
-- Installing: /home/nickp/Desktop/aws-robomaker-sample-application-roverrobotics/simulation_ws/install/simulation_app/share/simulation_app/models/aws_robomaker_warehouse_Lamp_01/materials
-- Installing: /home/nickp/Desktop/aws-robomaker-sample-application-roverrobotics/simulation_ws/install/simulation_app/share/simulation_app/models/aws_robomaker_warehouse_Lamp_01/materials/textures
-- Installing: /home/nickp/Desktop/aws-robomaker-sample-application-roverrobotics/simulation_ws/install/simulation_app/share/simulation_app/models/aws_robomaker_warehouse_Lamp_01/materials/textures/aws_robomaker_warehouse_Lamp_01.png
-- Installing: /home/nickp/Desktop/aws-robomaker-sample-application-roverrobotics/simulation_ws/install/simulation_app/share/simulation_app/models/aws_robomaker_warehouse_Lamp_01/model.config
-- Installing: /home/nickp/Desktop/aws-robomaker-sample-application-roverrobotics/simulation_ws/install/simulation_app/share/simulation_app/models/aws_robomaker_warehouse_Lamp_01/model.sdf
-- Installing: /home/nickp/Desktop/aws-robomaker-sample-application-roverrobotics/simulation_ws/install/simulation_app/share/simulation_app/models/remars_arena
-- Installing: /home/nickp/Desktop/aws-robomaker-sample-application-roverrobotics/simulation_ws/install/simulation_app/share/simulation_app/models/remars_arena/meshes
-- Installing: /home/nickp/Desktop/aws-robomaker-sample-application-roverrobotics/simulation_ws/install/simulation_app/share/simulation_app/models/remars_arena/meshes/remars_arena.stl
-- Installing: /home/nickp/Desktop/aws-robomaker-sample-application-roverrobotics/simulation_ws/install/simulation_app/share/simulation_app/models/remars_arena/materials
-- Installing: /home/nickp/Desktop/aws-robomaker-sample-application-roverrobotics/simulation_ws/install/simulation_app/share/simulation_app/models/remars_arena/materials/textures
-- Installing: /home/nickp/Desktop/aws-robomaker-sample-application-roverrobotics/simulation_ws/install/simulation_app/share/simulation_app/models/remars_arena/materials/textures/aws_robomaker_warehouse_Bucket_01.png
-- Installing: /home/nickp/Desktop/aws-robomaker-sample-application-roverrobotics/simulation_ws/install/simulation_app/share/simulation_app/models/remars_arena/model.config
-- Installing: /home/nickp/Desktop/aws-robomaker-sample-application-roverrobotics/simulation_ws/install/simulation_app/share/simulation_app/models/remars_arena/model.sdf
-- Installing: /home/nickp/Desktop/aws-robomaker-sample-application-roverrobotics/simulation_ws/install/simulation_app/share/simulation_app/models/aws_robomaker_warehouse_TrashCanC_01
-- Installing: /home/nickp/Desktop/aws-robomaker-sample-application-roverrobotics/simulation_ws/install/simulation_app/share/simulation_app/models/aws_robomaker_warehouse_TrashCanC_01/meshes
-- Installing: /home/nickp/Desktop/aws-robomaker-sample-application-roverrobotics/simulation_ws/install/simulation_app/share/simulation_app/models/aws_robomaker_warehouse_TrashCanC_01/meshes/aws_robomaker_warehouse_TrashCanC_01_visual.DAE
-- Installing: /home/nickp/Desktop/aws-robomaker-sample-application-roverrobotics/simulation_ws/install/simulation_app/share/simulation_app/models/aws_robomaker_warehouse_TrashCanC_01/meshes/aws_robomaker_warehouse_TrashCanC_01_collision.DAE
-- Installing: /home/nickp/Desktop/aws-robomaker-sample-application-roverrobotics/simulation_ws/install/simulation_app/share/simulation_app/models/aws_robomaker_warehouse_TrashCanC_01/materials
-- Installing: /home/nickp/Desktop/aws-robomaker-sample-application-roverrobotics/simulation_ws/install/simulation_app/share/simulation_app/models/aws_robomaker_warehouse_TrashCanC_01/materials/textures
-- Installing: /home/nickp/Desktop/aws-robomaker-sample-application-roverrobotics/simulation_ws/install/simulation_app/share/simulation_app/models/aws_robomaker_warehouse_TrashCanC_01/materials/textures/aws_robomaker_warehouse_TrashCanC_01.png
-- Installing: /home/nickp/Desktop/aws-robomaker-sample-application-roverrobotics/simulation_ws/install/simulation_app/share/simulation_app/models/aws_robomaker_warehouse_TrashCanC_01/model.config
-- Installing: /home/nickp/Desktop/aws-robomaker-sample-application-roverrobotics/simulation_ws/install/simulation_app/share/simulation_app/models/aws_robomaker_warehouse_TrashCanC_01/model.sdf
-- Installing: /home/nickp/Desktop/aws-robomaker-sample-application-roverrobotics/simulation_ws/install/simulation_app/share/simulation_app/models/aws_robomaker_warehouse_ShelfC_01
-- Installing: /home/nickp/Desktop/aws-robomaker-sample-application-roverrobotics/simulation_ws/install/simulation_app/share/simulation_app/models/aws_robomaker_warehouse_ShelfC_01/meshes
-- Installing: /home/nickp/Desktop/aws-robomaker-sample-application-roverrobotics/simulation_ws/install/simulation_app/share/simulation_app/models/aws_robomaker_warehouse_ShelfC_01/meshes/aws_robomaker_warehouse_ShelfC_01_visual.DAE
-- Installing: /home/nickp/Desktop/aws-robomaker-sample-application-roverrobotics/simulation_ws/install/simulation_app/share/simulation_app/models/aws_robomaker_warehouse_ShelfC_01/meshes/aws_robomaker_warehouse_ShelfC_01_collision.DAE
-- Installing: /home/nickp/Desktop/aws-robomaker-sample-application-roverrobotics/simulation_ws/install/simulation_app/share/simulation_app/models/aws_robomaker_warehouse_ShelfC_01/materials
-- Installing: /home/nickp/Desktop/aws-robomaker-sample-application-roverrobotics/simulation_ws/install/simulation_app/share/simulation_app/models/aws_robomaker_warehouse_ShelfC_01/materials/textures
-- Installing: /home/nickp/Desktop/aws-robomaker-sample-application-roverrobotics/simulation_ws/install/simulation_app/share/simulation_app/models/aws_robomaker_warehouse_ShelfC_01/materials/textures/aws_robomaker_warehouse_ShelfC_02.png
-- Installing: /home/nickp/Desktop/aws-robomaker-sample-application-roverrobotics/simulation_ws/install/simulation_app/share/simulation_app/models/aws_robomaker_warehouse_ShelfC_01/materials/textures/aws_robomaker_warehouse_ShelfC_03.png
-- Installing: /home/nickp/Desktop/aws-robomaker-sample-application-roverrobotics/simulation_ws/install/simulation_app/share/simulation_app/models/aws_robomaker_warehouse_ShelfC_01/materials/textures/aws_robomaker_warehouse_ShelfC_01.png
-- Installing: /home/nickp/Desktop/aws-robomaker-sample-application-roverrobotics/simulation_ws/install/simulation_app/share/simulation_app/models/aws_robomaker_warehouse_ShelfC_01/materials/textures/aws_robomaker_warehouse_ShelfC_04.png
-- Installing: /home/nickp/Desktop/aws-robomaker-sample-application-roverrobotics/simulation_ws/install/simulation_app/share/simulation_app/models/aws_robomaker_warehouse_ShelfC_01/model.config
-- Installing: /home/nickp/Desktop/aws-robomaker-sample-application-roverrobotics/simulation_ws/install/simulation_app/share/simulation_app/models/aws_robomaker_warehouse_ShelfC_01/model.sdf
-- Installing: /home/nickp/Desktop/aws-robomaker-sample-application-roverrobotics/simulation_ws/install/simulation_app/share/simulation_app/models/.DS_Store
-- Installing: /home/nickp/Desktop/aws-robomaker-sample-application-roverrobotics/simulation_ws/install/simulation_app/share/simulation_app/models/aws_robomaker_warehouse_Bucket_01
-- Installing: /home/nickp/Desktop/aws-robomaker-sample-application-roverrobotics/simulation_ws/install/simulation_app/share/simulation_app/models/aws_robomaker_warehouse_Bucket_01/meshes
-- Installing: /home/nickp/Desktop/aws-robomaker-sample-application-roverrobotics/simulation_ws/install/simulation_app/share/simulation_app/models/aws_robomaker_warehouse_Bucket_01/meshes/aws_robomaker_warehouse_Bucket_01_visual.DAE
-- Installing: /home/nickp/Desktop/aws-robomaker-sample-application-roverrobotics/simulation_ws/install/simulation_app/share/simulation_app/models/aws_robomaker_warehouse_Bucket_01/meshes/aws_robomaker_warehouse_Bucket_01_collision.DAE
-- Installing: /home/nickp/Desktop/aws-robomaker-sample-application-roverrobotics/simulation_ws/install/simulation_app/share/simulation_app/models/aws_robomaker_warehouse_Bucket_01/materials
-- Installing: /home/nickp/Desktop/aws-robomaker-sample-application-roverrobotics/simulation_ws/install/simulation_app/share/simulation_app/models/aws_robomaker_warehouse_Bucket_01/materials/textures
-- Installing: /home/nickp/Desktop/aws-robomaker-sample-application-roverrobotics/simulation_ws/install/simulation_app/share/simulation_app/models/aws_robomaker_warehouse_Bucket_01/materials/textures/aws_robomaker_warehouse_Bucket_01.png
-- Installing: /home/nickp/Desktop/aws-robomaker-sample-application-roverrobotics/simulation_ws/install/simulation_app/share/simulation_app/models/aws_robomaker_warehouse_Bucket_01/model.config
-- Installing: /home/nickp/Desktop/aws-robomaker-sample-application-roverrobotics/simulation_ws/install/simulation_app/share/simulation_app/models/aws_robomaker_warehouse_Bucket_01/model.sdf
-- Installing: /home/nickp/Desktop/aws-robomaker-sample-application-roverrobotics/simulation_ws/install/simulation_app/share/simulation_app/models/aws_robomaker_warehouse_Ground_01
-- Installing: /home/nickp/Desktop/aws-robomaker-sample-application-roverrobotics/simulation_ws/install/simulation_app/share/simulation_app/models/aws_robomaker_warehouse_Ground_01/meshes
-- Installing: /home/nickp/Desktop/aws-robomaker-sample-application-roverrobotics/simulation_ws/install/simulation_app/share/simulation_app/models/aws_robomaker_warehouse_Ground_01/meshes/aws_robomaker_warehouse_Ground_01_collision.DAE
-- Installing: /home/nickp/Desktop/aws-robomaker-sample-application-roverrobotics/simulation_ws/install/simulation_app/share/simulation_app/models/aws_robomaker_warehouse_Ground_01/meshes/aws_robomaker_warehouse_Ground_01_visual.DAE
-- Installing: /home/nickp/Desktop/aws-robomaker-sample-application-roverrobotics/simulation_ws/install/simulation_app/share/simulation_app/models/aws_robomaker_warehouse_Ground_01/materials
-- Installing: /home/nickp/Desktop/aws-robomaker-sample-application-roverrobotics/simulation_ws/install/simulation_app/share/simulation_app/models/aws_robomaker_warehouse_Ground_01/materials/textures
-- Installing: /home/nickp/Desktop/aws-robomaker-sample-application-roverrobotics/simulation_ws/install/simulation_app/share/simulation_app/models/aws_robomaker_warehouse_Ground_01/materials/textures/aws_robomaker_warehouse_Ground_01.png
-- Installing: /home/nickp/Desktop/aws-robomaker-sample-application-roverrobotics/simulation_ws/install/simulation_app/share/simulation_app/models/aws_robomaker_warehouse_Ground_01/materials/textures/aws_robomaker_warehouse_Ground_04.png
-- Installing: /home/nickp/Desktop/aws-robomaker-sample-application-roverrobotics/simulation_ws/install/simulation_app/share/simulation_app/models/aws_robomaker_warehouse_Ground_01/materials/textures/aws_robomaker_warehouse_Ground_02.png
-- Installing: /home/nickp/Desktop/aws-robomaker-sample-application-roverrobotics/simulation_ws/install/simulation_app/share/simulation_app/models/aws_robomaker_warehouse_Ground_01/materials/textures/aws_robomaker_warehouse_Ground_03.png
-- Installing: /home/nickp/Desktop/aws-robomaker-sample-application-roverrobotics/simulation_ws/install/simulation_app/share/simulation_app/models/aws_robomaker_warehouse_Ground_01/model.config
-- Installing: /home/nickp/Desktop/aws-robomaker-sample-application-roverrobotics/simulation_ws/install/simulation_app/share/simulation_app/models/aws_robomaker_warehouse_Ground_01/model.sdf
-- Installing: /home/nickp/Desktop/aws-robomaker-sample-application-roverrobotics/simulation_ws/install/simulation_app/share/simulation_app/models/aws_robomaker_warehouse_DeskB_01
-- Installing: /home/nickp/Desktop/aws-robomaker-sample-application-roverrobotics/simulation_ws/install/simulation_app/share/simulation_app/models/aws_robomaker_warehouse_DeskB_01/meshes
-- Installing: /home/nickp/Desktop/aws-robomaker-sample-application-roverrobotics/simulation_ws/install/simulation_app/share/simulation_app/models/aws_robomaker_warehouse_DeskB_01/meshes/aws_robomaker_warehouse_DeskB_01_collision.DAE
-- Installing: /home/nickp/Desktop/aws-robomaker-sample-application-roverrobotics/simulation_ws/install/simulation_app/share/simulation_app/models/aws_robomaker_warehouse_DeskB_01/meshes/aws_robomaker_warehouse_DeskB_01_visual.DAE
-- Installing: /home/nickp/Desktop/aws-robomaker-sample-application-roverrobotics/simulation_ws/install/simulation_app/share/simulation_app/models/aws_robomaker_warehouse_DeskB_01/materials
-- Installing: /home/nickp/Desktop/aws-robomaker-sample-application-roverrobotics/simulation_ws/install/simulation_app/share/simulation_app/models/aws_robomaker_warehouse_DeskB_01/materials/textures
-- Installing: /home/nickp/Desktop/aws-robomaker-sample-application-roverrobotics/simulation_ws/install/simulation_app/share/simulation_app/models/aws_robomaker_warehouse_DeskB_01/materials/textures/aws_robomaker_warehouse_DeskB_01.png
-- Installing: /home/nickp/Desktop/aws-robomaker-sample-application-roverrobotics/simulation_ws/install/simulation_app/share/simulation_app/models/aws_robomaker_warehouse_DeskB_01/materials/textures/aws_robomaker_warehouse_DeskB_04.png
-- Installing: /home/nickp/Desktop/aws-robomaker-sample-application-roverrobotics/simulation_ws/install/simulation_app/share/simulation_app/models/aws_robomaker_warehouse_DeskB_01/materials/textures/aws_robomaker_warehouse_DeskB_03.png
-- Installing: /home/nickp/Desktop/aws-robomaker-sample-application-roverrobotics/simulation_ws/install/simulation_app/share/simulation_app/models/aws_robomaker_warehouse_DeskB_01/materials/textures/aws_robomaker_warehouse_DeskB_02.png
-- Installing: /home/nickp/Desktop/aws-robomaker-sample-application-roverrobotics/simulation_ws/install/simulation_app/share/simulation_app/models/aws_robomaker_warehouse_DeskB_01/model.config
-- Installing: /home/nickp/Desktop/aws-robomaker-sample-application-roverrobotics/simulation_ws/install/simulation_app/share/simulation_app/models/aws_robomaker_warehouse_DeskB_01/model.sdf
-- Installing: /home/nickp/Desktop/aws-robomaker-sample-application-roverrobotics/simulation_ws/install/simulation_app/share/simulation_app/models/aws_robomaker_warehouse_ClutteringD_01
-- Installing: /home/nickp/Desktop/aws-robomaker-sample-application-roverrobotics/simulation_ws/install/simulation_app/share/simulation_app/models/aws_robomaker_warehouse_ClutteringD_01/meshes
-- Installing: /home/nickp/Desktop/aws-robomaker-sample-application-roverrobotics/simulation_ws/install/simulation_app/share/simulation_app/models/aws_robomaker_warehouse_ClutteringD_01/meshes/aws_robomaker_warehouse_ClutteringD_01_collision.DAE
-- Installing: /home/nickp/Desktop/aws-robomaker-sample-application-roverrobotics/simulation_ws/install/simulation_app/share/simulation_app/models/aws_robomaker_warehouse_ClutteringD_01/meshes/aws_robomaker_warehouse_ClutteringD_01_visual.DAE
-- Installing: /home/nickp/Desktop/aws-robomaker-sample-application-roverrobotics/simulation_ws/install/simulation_app/share/simulation_app/models/aws_robomaker_warehouse_ClutteringD_01/materials
-- Installing: /home/nickp/Desktop/aws-robomaker-sample-application-roverrobotics/simulation_ws/install/simulation_app/share/simulation_app/models/aws_robomaker_warehouse_ClutteringD_01/materials/textures
-- Installing: /home/nickp/Desktop/aws-robomaker-sample-application-roverrobotics/simulation_ws/install/simulation_app/share/simulation_app/models/aws_robomaker_warehouse_ClutteringD_01/materials/textures/aws_robomaker_warehouse_ClutteringD_02.png
-- Installing: /home/nickp/Desktop/aws-robomaker-sample-application-roverrobotics/simulation_ws/install/simulation_app/share/simulation_app/models/aws_robomaker_warehouse_ClutteringD_01/materials/textures/aws_robomaker_warehouse_ClutteringD_01.png
-- Installing: /home/nickp/Desktop/aws-robomaker-sample-application-roverrobotics/simulation_ws/install/simulation_app/share/simulation_app/models/aws_robomaker_warehouse_ClutteringD_01/model.config
-- Installing: /home/nickp/Desktop/aws-robomaker-sample-application-roverrobotics/simulation_ws/install/simulation_app/share/simulation_app/models/aws_robomaker_warehouse_ClutteringD_01/model.sdf
-- Installing: /home/nickp/Desktop/aws-robomaker-sample-application-roverrobotics/simulation_ws/install/simulation_app/share/simulation_app/models/remars_swagbot
-- Installing: /home/nickp/Desktop/aws-robomaker-sample-application-roverrobotics/simulation_ws/install/simulation_app/share/simulation_app/models/remars_swagbot/meshes
-- Installing: /home/nickp/Desktop/aws-robomaker-sample-application-roverrobotics/simulation_ws/install/simulation_app/share/simulation_app/models/remars_swagbot/meshes/remars_swagbot.stl
-- Installing: /home/nickp/Desktop/aws-robomaker-sample-application-roverrobotics/simulation_ws/install/simulation_app/share/simulation_app/models/remars_swagbot/materials
-- Installing: /home/nickp/Desktop/aws-robomaker-sample-application-roverrobotics/simulation_ws/install/simulation_app/share/simulation_app/models/remars_swagbot/materials/textures
-- Installing: /home/nickp/Desktop/aws-robomaker-sample-application-roverrobotics/simulation_ws/install/simulation_app/share/simulation_app/models/remars_swagbot/materials/textures/aws_robomaker_warehouse_Bucket_01.png
-- Installing: /home/nickp/Desktop/aws-robomaker-sample-application-roverrobotics/simulation_ws/install/simulation_app/share/simulation_app/models/remars_swagbot/model.config
-- Installing: /home/nickp/Desktop/aws-robomaker-sample-application-roverrobotics/simulation_ws/install/simulation_app/share/simulation_app/models/remars_swagbot/model.sdf
-- Installing: /home/nickp/Desktop/aws-robomaker-sample-application-roverrobotics/simulation_ws/install/simulation_app/share/simulation_app/models/aws_robomaker_warehouse_PalletJackB_01
-- Installing: /home/nickp/Desktop/aws-robomaker-sample-application-roverrobotics/simulation_ws/install/simulation_app/share/simulation_app/models/aws_robomaker_warehouse_PalletJackB_01/meshes
-- Installing: /home/nickp/Desktop/aws-robomaker-sample-application-roverrobotics/simulation_ws/install/simulation_app/share/simulation_app/models/aws_robomaker_warehouse_PalletJackB_01/meshes/aws_robomaker_warehouse_PalletJackB_01_collision.DAE
-- Installing: /home/nickp/Desktop/aws-robomaker-sample-application-roverrobotics/simulation_ws/install/simulation_app/share/simulation_app/models/aws_robomaker_warehouse_PalletJackB_01/meshes/aws_robomaker_warehouse_PalletJackB_01_visual.DAE
-- Installing: /home/nickp/Desktop/aws-robomaker-sample-application-roverrobotics/simulation_ws/install/simulation_app/share/simulation_app/models/aws_robomaker_warehouse_PalletJackB_01/materials
-- Installing: /home/nickp/Desktop/aws-robomaker-sample-application-roverrobotics/simulation_ws/install/simulation_app/share/simulation_app/models/aws_robomaker_warehouse_PalletJackB_01/materials/textures
-- Installing: /home/nickp/Desktop/aws-robomaker-sample-application-roverrobotics/simulation_ws/install/simulation_app/share/simulation_app/models/aws_robomaker_warehouse_PalletJackB_01/materials/textures/aws_robomaker_warehouse_PalletJackB_02.png
-- Installing: /home/nickp/Desktop/aws-robomaker-sample-application-roverrobotics/simulation_ws/install/simulation_app/share/simulation_app/models/aws_robomaker_warehouse_PalletJackB_01/materials/textures/aws_robomaker_warehouse_PalletJackB_01.png
-- Installing: /home/nickp/Desktop/aws-robomaker-sample-application-roverrobotics/simulation_ws/install/simulation_app/share/simulation_app/models/aws_robomaker_warehouse_PalletJackB_01/model.config
-- Installing: /home/nickp/Desktop/aws-robomaker-sample-application-roverrobotics/simulation_ws/install/simulation_app/share/simulation_app/models/aws_robomaker_warehouse_PalletJackB_01/model.sdf
-- Installing: /home/nickp/Desktop/aws-robomaker-sample-application-roverrobotics/simulation_ws/install/simulation_app/share/simulation_app/worlds
-- Installing: /home/nickp/Desktop/aws-robomaker-sample-application-roverrobotics/simulation_ws/install/simulation_app/share/simulation_app/worlds/example.world
-- Installing: /home/nickp/Desktop/aws-robomaker-sample-application-roverrobotics/simulation_ws/install/simulation_app/share/simulation_app/worlds/WareHouse_Light.world
-- Installing: /home/nickp/Desktop/aws-robomaker-sample-application-roverrobotics/simulation_ws/install/simulation_app/share/simulation_app/urdf
-- Installing: /home/nickp/Desktop/aws-robomaker-sample-application-roverrobotics/simulation_ws/install/simulation_app/share/simulation_app/urdf/common_properties.xacro
-- Installing: /home/nickp/Desktop/aws-robomaker-sample-application-roverrobotics/simulation_ws/install/simulation_app/share/simulation_app/urdf/rover.urdf.xacro
-- Installing: /home/nickp/Desktop/aws-robomaker-sample-application-roverrobotics/simulation_ws/install/simulation_app/share/simulation_app/urdf/2WD_Rover.gazebo.xacro
Invoked command in '/home/nickp/Desktop/aws-robomaker-sample-application-roverrobotics/simulation_ws/build/simulation_app' returned '0': /usr/bin/cmake --build /home/nickp/Desktop/aws-robomaker-sample-application-roverrobotics/simulation_ws/build/simulation_app --target install
