-- Using CATKIN_DEVEL_PREFIX: /home/nick/MyApplication/robot_ws/build/robot_app/devel
-- Using CMAKE_PREFIX_PATH: /opt/ros/melodic
-- This workspace overlays: /opt/ros/melodic
-- Found PythonInterp: /usr/bin/python2 (found suitable version "2.7.15", minimum required is "2") 
-- Using PYTHON_EXECUTABLE: /usr/bin/python2
-- Using Debian Python package layout
-- Using empy: /usr/bin/empy
-- Using CATKIN_ENABLE_TESTING: ON
-- Call enable_testing()
-- Using CATKIN_TEST_RESULTS_DIR: /home/nick/MyApplication/robot_ws/build/robot_app/test_results
-- Found gmock sources under '/usr/src/googletest': gmock will be built
-- Found PythonInterp: /usr/bin/python2 (found version "2.7.15") 
-- Found gtest sources under '/usr/src/googletest': gtests will be built
-- Using Python nosetests: /usr/bin/nosetests-2.7
-- catkin 0.7.14
-- Configuring done
-- Generating done
-- Build files have been written to: /home/nick/MyApplication/robot_ws/build/robot_app
[35m[1mScanning dependencies of target tests[0m
Built target tests
[36mInstall the project...[0m
-- Install configuration: ""
+ cd /home/nick/MyApplication/robot_ws/src/robot_app
+ mkdir -p /home/nick/MyApplication/robot_ws/install/robot_app/lib/python2.7/dist-packages
+ /usr/bin/env PYTHONPATH=/home/nick/MyApplication/robot_ws/install/robot_app/lib/python2.7/dist-packages:/home/nick/MyApplication/robot_ws/build/robot_app/lib/python2.7/dist-packages:/opt/ros/melodic/lib/python2.7/dist-packages CATKIN_BINARY_DIR=/home/nick/MyApplication/robot_ws/build/robot_app /usr/bin/python2 /home/nick/MyApplication/robot_ws/src/robot_app/setup.py build --build-base /home/nick/MyApplication/robot_ws/build/robot_app install --install-layout=deb --prefix=/home/nick/MyApplication/robot_ws/install/robot_app --install-scripts=/home/nick/MyApplication/robot_ws/install/robot_app/bin
running build
running build_py
running install
running install_lib
running install_egg_info
Removing /home/nick/MyApplication/robot_ws/install/robot_app/lib/python2.7/dist-packages/robot_app-1.0.0.egg-info
Writing /home/nick/MyApplication/robot_ws/install/robot_app/lib/python2.7/dist-packages/robot_app-1.0.0.egg-info
-- Installing: /home/nick/MyApplication/robot_ws/install/robot_app/lib/pkgconfig/robot_app.pc
-- Up-to-date: /home/nick/MyApplication/robot_ws/install/robot_app/share/robot_app/cmake/robot_appConfig.cmake
-- Up-to-date: /home/nick/MyApplication/robot_ws/install/robot_app/share/robot_app/cmake/robot_appConfig-version.cmake
-- Up-to-date: /home/nick/MyApplication/robot_ws/install/robot_app/share/robot_app/package.xml
-- Installing: /home/nick/MyApplication/robot_ws/install/robot_app/lib/robot_app/rotate.py
-- Up-to-date: /home/nick/MyApplication/robot_ws/install/robot_app/share/robot_app/launch
-- Up-to-date: /home/nick/MyApplication/robot_ws/install/robot_app/share/robot_app/launch/rotate.launch
