[0.139s] DEBUG:colcon:Command line arguments: ['/usr/bin/colcon', 'build']
[0.139s] DEBUG:colcon:Parsed command line arguments: Namespace(ament_cmake_args=None, base_paths='.', build_base='build', catkin_cmake_args=None, cmake_args=None, cmake_clean_cache=False, cmake_clean_first=False, cmake_force_configure=False, cmake_target=None, cmake_target_skip_unavailable=False, continue_on_error=False, event_handlers=None, executor='parallel', ignore_user_meta=False, install_base='install', log_base='log', log_level=None, main=<bound method BuildVerb.main of <colcon_core.verb.build.BuildVerb object at 0x7f94a40f4908>>, merge_install=False, metas='./colcon.meta', packages_above=None, packages_end=None, packages_ignore=None, packages_ignore_regex=None, packages_select=None, packages_select_build_failed=False, packages_select_by_dep=None, packages_select_regex=None, packages_select_test_failures=False, packages_skip=None, packages_skip_build_finished=False, packages_skip_by_dep=None, packages_skip_regex=None, packages_skip_test_passed=False, packages_skip_up_to=None, packages_start=None, packages_up_to=None, parallel_workers=4, paths=None, symlink_install=False, test_result_base=None, verb_extension=<colcon_core.verb.build.BuildVerb object at 0x7f94a40f4908>, verb_name='build', verb_parser=<colcon_defaults.argument_parser.defaults.DefaultArgumentsDecorator object at 0x7f94a40f4c50>)
[0.199s] Level 1:colcon.colcon_core.package_discovery:discover_packages(colcon_meta) check parameters
[0.199s] Level 1:colcon.colcon_core.package_discovery:discover_packages(recursive) check parameters
[0.199s] Level 1:colcon.colcon_core.package_discovery:discover_packages(ignore) check parameters
[0.199s] Level 1:colcon.colcon_core.package_discovery:discover_packages(path) check parameters
[0.200s] Level 1:colcon.colcon_core.package_discovery:discover_packages(recursive) discover
[0.200s] INFO:colcon.colcon_core.package_discovery:Crawling recursively for packages in '/home/nick/MyApplication/robot_ws'
[0.200s] Level 1:colcon.colcon_core.package_identification:_identify(/home/nick/MyApplication/robot_ws) by extensions ['ignore', 'ignore_ament_install']
[0.200s] Level 1:colcon.colcon_core.package_identification:_identify(/home/nick/MyApplication/robot_ws) by extension 'ignore'
[0.200s] Level 1:colcon.colcon_core.package_identification:_identify(/home/nick/MyApplication/robot_ws) by extension 'ignore_ament_install'
[0.200s] Level 1:colcon.colcon_core.package_identification:_identify(/home/nick/MyApplication/robot_ws) by extensions ['colcon_pkg']
[0.200s] Level 1:colcon.colcon_core.package_identification:_identify(/home/nick/MyApplication/robot_ws) by extension 'colcon_pkg'
[0.200s] Level 1:colcon.colcon_core.package_identification:_identify(/home/nick/MyApplication/robot_ws) by extensions ['colcon_meta']
[0.200s] Level 1:colcon.colcon_core.package_identification:_identify(/home/nick/MyApplication/robot_ws) by extension 'colcon_meta'
[0.201s] Level 1:colcon.colcon_core.package_identification:_identify(/home/nick/MyApplication/robot_ws) by extensions ['ros']
[0.201s] Level 1:colcon.colcon_core.package_identification:_identify(/home/nick/MyApplication/robot_ws) by extension 'ros'
[0.215s] Level 1:colcon.colcon_core.package_identification:_identify(/home/nick/MyApplication/robot_ws) by extensions ['cmake', 'python']
[0.215s] Level 1:colcon.colcon_core.package_identification:_identify(/home/nick/MyApplication/robot_ws) by extension 'cmake'
[0.215s] Level 1:colcon.colcon_core.package_identification:_identify(/home/nick/MyApplication/robot_ws) by extension 'python'
[0.216s] Level 1:colcon.colcon_core.package_identification:_identify(/home/nick/MyApplication/robot_ws) by extensions ['python_setup_py']
[0.216s] Level 1:colcon.colcon_core.package_identification:_identify(/home/nick/MyApplication/robot_ws) by extension 'python_setup_py'
[0.216s] Level 1:colcon.colcon_core.package_identification:_identify(/home/nick/MyApplication/robot_ws/build) by extensions ['ignore', 'ignore_ament_install']
[0.216s] Level 1:colcon.colcon_core.package_identification:_identify(/home/nick/MyApplication/robot_ws/build) by extension 'ignore'
[0.216s] Level 1:colcon.colcon_core.package_identification:_identify(/home/nick/MyApplication/robot_ws/build) ignored
[0.216s] Level 1:colcon.colcon_core.package_identification:_identify(/home/nick/MyApplication/robot_ws/install) by extensions ['ignore', 'ignore_ament_install']
[0.217s] Level 1:colcon.colcon_core.package_identification:_identify(/home/nick/MyApplication/robot_ws/install) by extension 'ignore'
[0.217s] Level 1:colcon.colcon_core.package_identification:_identify(/home/nick/MyApplication/robot_ws/install) ignored
[0.217s] Level 1:colcon.colcon_core.package_identification:_identify(/home/nick/MyApplication/robot_ws/log) by extensions ['ignore', 'ignore_ament_install']
[0.217s] Level 1:colcon.colcon_core.package_identification:_identify(/home/nick/MyApplication/robot_ws/log) by extension 'ignore'
[0.217s] Level 1:colcon.colcon_core.package_identification:_identify(/home/nick/MyApplication/robot_ws/log) ignored
[0.217s] Level 1:colcon.colcon_core.package_identification:_identify(/home/nick/MyApplication/robot_ws/src) by extensions ['ignore', 'ignore_ament_install']
[0.217s] Level 1:colcon.colcon_core.package_identification:_identify(/home/nick/MyApplication/robot_ws/src) by extension 'ignore'
[0.217s] Level 1:colcon.colcon_core.package_identification:_identify(/home/nick/MyApplication/robot_ws/src) by extension 'ignore_ament_install'
[0.217s] Level 1:colcon.colcon_core.package_identification:_identify(/home/nick/MyApplication/robot_ws/src) by extensions ['colcon_pkg']
[0.217s] Level 1:colcon.colcon_core.package_identification:_identify(/home/nick/MyApplication/robot_ws/src) by extension 'colcon_pkg'
[0.217s] Level 1:colcon.colcon_core.package_identification:_identify(/home/nick/MyApplication/robot_ws/src) by extensions ['colcon_meta']
[0.218s] Level 1:colcon.colcon_core.package_identification:_identify(/home/nick/MyApplication/robot_ws/src) by extension 'colcon_meta'
[0.218s] Level 1:colcon.colcon_core.package_identification:_identify(/home/nick/MyApplication/robot_ws/src) by extensions ['ros']
[0.218s] Level 1:colcon.colcon_core.package_identification:_identify(/home/nick/MyApplication/robot_ws/src) by extension 'ros'
[0.218s] Level 1:colcon.colcon_core.package_identification:_identify(/home/nick/MyApplication/robot_ws/src) by extensions ['cmake', 'python']
[0.218s] Level 1:colcon.colcon_core.package_identification:_identify(/home/nick/MyApplication/robot_ws/src) by extension 'cmake'
[0.218s] Level 1:colcon.colcon_core.package_identification:_identify(/home/nick/MyApplication/robot_ws/src) by extension 'python'
[0.218s] Level 1:colcon.colcon_core.package_identification:_identify(/home/nick/MyApplication/robot_ws/src) by extensions ['python_setup_py']
[0.218s] Level 1:colcon.colcon_core.package_identification:_identify(/home/nick/MyApplication/robot_ws/src) by extension 'python_setup_py'
[0.218s] Level 1:colcon.colcon_core.package_identification:_identify(/home/nick/MyApplication/robot_ws/src/robot_app) by extensions ['ignore', 'ignore_ament_install']
[0.218s] Level 1:colcon.colcon_core.package_identification:_identify(/home/nick/MyApplication/robot_ws/src/robot_app) by extension 'ignore'
[0.219s] Level 1:colcon.colcon_core.package_identification:_identify(/home/nick/MyApplication/robot_ws/src/robot_app) by extension 'ignore_ament_install'
[0.219s] Level 1:colcon.colcon_core.package_identification:_identify(/home/nick/MyApplication/robot_ws/src/robot_app) by extensions ['colcon_pkg']
[0.219s] Level 1:colcon.colcon_core.package_identification:_identify(/home/nick/MyApplication/robot_ws/src/robot_app) by extension 'colcon_pkg'
[0.219s] Level 1:colcon.colcon_core.package_identification:_identify(/home/nick/MyApplication/robot_ws/src/robot_app) by extensions ['colcon_meta']
[0.219s] Level 1:colcon.colcon_core.package_identification:_identify(/home/nick/MyApplication/robot_ws/src/robot_app) by extension 'colcon_meta'
[0.219s] Level 1:colcon.colcon_core.package_identification:_identify(/home/nick/MyApplication/robot_ws/src/robot_app) by extensions ['ros']
[0.219s] Level 1:colcon.colcon_core.package_identification:_identify(/home/nick/MyApplication/robot_ws/src/robot_app) by extension 'ros'
[0.223s] DEBUG:colcon.colcon_core.package_identification:Package '/home/nick/MyApplication/robot_ws/src/robot_app' with type 'ros.catkin' and name 'robot_app'
[0.223s] Level 1:colcon.colcon_core.package_discovery:discover_packages(recursive) using defaults
[0.227s] Level 5:colcon.colcon_core.verb:set package 'robot_app' build argument 'cmake_args' from command line to 'None'
[0.228s] Level 5:colcon.colcon_core.verb:set package 'robot_app' build argument 'cmake_target' from command line to 'None'
[0.228s] Level 5:colcon.colcon_core.verb:set package 'robot_app' build argument 'cmake_target_skip_unavailable' from command line to 'False'
[0.228s] Level 5:colcon.colcon_core.verb:set package 'robot_app' build argument 'cmake_clean_cache' from command line to 'False'
[0.228s] Level 5:colcon.colcon_core.verb:set package 'robot_app' build argument 'cmake_clean_first' from command line to 'False'
[0.228s] Level 5:colcon.colcon_core.verb:set package 'robot_app' build argument 'cmake_force_configure' from command line to 'False'
[0.228s] Level 5:colcon.colcon_core.verb:set package 'robot_app' build argument 'ament_cmake_args' from command line to 'None'
[0.228s] Level 5:colcon.colcon_core.verb:set package 'robot_app' build argument 'catkin_cmake_args' from command line to 'None'
[0.228s] DEBUG:colcon.colcon_core.verb:Building package 'robot_app' with the following arguments: {'ament_cmake_args': None, 'build_base': '/home/nick/MyApplication/robot_ws/build/robot_app', 'catkin_cmake_args': None, 'cmake_args': None, 'cmake_clean_cache': False, 'cmake_clean_first': False, 'cmake_force_configure': False, 'cmake_target': None, 'cmake_target_skip_unavailable': False, 'install_base': '/home/nick/MyApplication/robot_ws/install/robot_app', 'merge_install': False, 'path': '/home/nick/MyApplication/robot_ws/src/robot_app', 'symlink_install': False, 'test_result_base': None}
[0.229s] INFO:colcon.colcon_core.executor:Executing jobs using 'parallel' executor
[0.230s] DEBUG:colcon.colcon_parallel_executor.executor.parallel:run_until_complete
[0.231s] INFO:colcon.colcon_ros.task.catkin.build:Building ROS package in '/home/nick/MyApplication/robot_ws/src/robot_app' with build type 'catkin'
[0.231s] Level 1:colcon.colcon_core.shell:create_environment_hook('robot_app', 'ros_package_path')
[0.236s] INFO:colcon.colcon_core.plugin_system:Skipping extension 'colcon_core.shell.bat': Not used on non-Windows systems
[0.237s] INFO:colcon.colcon_core.shell:Creating environment hook '/home/nick/MyApplication/robot_ws/install/robot_app/share/robot_app/hook/ros_package_path.ps1'
[0.238s] INFO:colcon.colcon_core.shell:Creating environment hook '/home/nick/MyApplication/robot_ws/install/robot_app/share/robot_app/hook/ros_package_path.sh'
[0.238s] INFO:colcon.colcon_cmake.task.cmake.build:Building CMake package in '/home/nick/MyApplication/robot_ws/src/robot_app'
[0.239s] INFO:colcon.colcon_core.shell:Skip shell extension 'powershell' for command environment: Not usable outside of PowerShell
[0.249s] DEBUG:colcon.colcon_core.event_handler.log_command:Invoking command in '/home/nick/MyApplication/robot_ws/build/robot_app': /usr/bin/cmake /home/nick/MyApplication/robot_ws/src/robot_app -DCATKIN_INSTALL_INTO_PREFIX_ROOT=0 -DCMAKE_INSTALL_PREFIX=/home/nick/MyApplication/robot_ws/install/robot_app
[2.608s] DEBUG:colcon.colcon_core.event_handler.log_command:Invoked command in '/home/nick/MyApplication/robot_ws/build/robot_app' returned '0': /usr/bin/cmake /home/nick/MyApplication/robot_ws/src/robot_app -DCATKIN_INSTALL_INTO_PREFIX_ROOT=0 -DCMAKE_INSTALL_PREFIX=/home/nick/MyApplication/robot_ws/install/robot_app
[2.610s] DEBUG:colcon.colcon_core.event_handler.log_command:Invoking command in '/home/nick/MyApplication/robot_ws/build/robot_app': /usr/bin/cmake --build /home/nick/MyApplication/robot_ws/build/robot_app -- -j4 -l4
[2.648s] DEBUG:colcon.colcon_core.event_handler.log_command:Invoked command in '/home/nick/MyApplication/robot_ws/build/robot_app' returned '0': /usr/bin/cmake --build /home/nick/MyApplication/robot_ws/build/robot_app -- -j4 -l4
[2.677s] DEBUG:colcon.colcon_core.event_handler.log_command:Invoking command in '/home/nick/MyApplication/robot_ws/build/robot_app': /usr/bin/cmake --build /home/nick/MyApplication/robot_ws/build/robot_app --target install
[2.789s] Level 1:colcon.colcon_ros.task.catkin.build:checking '/home/nick/MyApplication/robot_ws/install/robot_app/lib/python2.7/dist-packages'
[2.790s] Level 1:colcon.colcon_core.shell:create_environment_hook('robot_app', 'python2path')
[2.791s] INFO:colcon.colcon_core.shell:Creating environment hook '/home/nick/MyApplication/robot_ws/install/robot_app/share/robot_app/hook/python2path.ps1'
[2.791s] INFO:colcon.colcon_core.shell:Creating environment hook '/home/nick/MyApplication/robot_ws/install/robot_app/share/robot_app/hook/python2path.sh'
[2.792s] DEBUG:colcon.colcon_core.event_handler.log_command:Invoked command in '/home/nick/MyApplication/robot_ws/build/robot_app' returned '0': /usr/bin/cmake --build /home/nick/MyApplication/robot_ws/build/robot_app --target install
[2.792s] Level 1:colcon.colcon_ros.task.catkin.build:checking '/home/nick/MyApplication/robot_ws/install/robot_app/lib/python2.7/site-packages'
[2.793s] Level 1:colcon.colcon_core.environment:create_environment_scripts()
[2.800s] Level 1:colcon.colcon_core.environment:checking '/home/nick/MyApplication/robot_ws/install/robot_app' for CMake module files
[2.801s] Level 1:colcon.colcon_core.environment:checking '/home/nick/MyApplication/robot_ws/install/robot_app' for CMake config files
[2.801s] Level 1:colcon.colcon_core.shell:create_environment_hook('robot_app', 'cmake_prefix_path')
[2.802s] INFO:colcon.colcon_core.shell:Creating environment hook '/home/nick/MyApplication/robot_ws/install/robot_app/share/robot_app/hook/cmake_prefix_path.ps1'
[2.802s] INFO:colcon.colcon_core.shell:Creating environment hook '/home/nick/MyApplication/robot_ws/install/robot_app/share/robot_app/hook/cmake_prefix_path.sh'
[2.803s] Level 1:colcon.colcon_core.environment:checking '/home/nick/MyApplication/robot_ws/install/robot_app/lib'
[2.803s] Level 1:colcon.colcon_core.environment:checking '/home/nick/MyApplication/robot_ws/install/robot_app/bin'
[2.803s] Level 1:colcon.colcon_core.environment:checking '/home/nick/MyApplication/robot_ws/install/robot_app/lib/pkgconfig/robot_app.pc'
[2.803s] Level 1:colcon.colcon_core.shell:create_environment_hook('robot_app', 'pkg_config')
[2.804s] INFO:colcon.colcon_core.shell:Creating environment hook '/home/nick/MyApplication/robot_ws/install/robot_app/share/robot_app/hook/pkg_config.ps1'
[2.804s] INFO:colcon.colcon_core.shell:Creating environment hook '/home/nick/MyApplication/robot_ws/install/robot_app/share/robot_app/hook/pkg_config.sh'
[2.805s] Level 1:colcon.colcon_core.environment:checking '/home/nick/MyApplication/robot_ws/install/robot_app/lib/python3.6/site-packages'
[2.806s] INFO:colcon.colcon_core.shell:Creating package script '/home/nick/MyApplication/robot_ws/install/robot_app/share/robot_app/package.ps1'
[2.807s] INFO:colcon.colcon_core.shell:Creating package script '/home/nick/MyApplication/robot_ws/install/robot_app/share/robot_app/package.sh'
[2.808s] INFO:colcon.colcon_core.shell:Creating package script '/home/nick/MyApplication/robot_ws/install/robot_app/share/robot_app/package.bash'
[2.809s] INFO:colcon.colcon_core.shell:Creating package script '/home/nick/MyApplication/robot_ws/install/robot_app/share/robot_app/package.zsh'
[2.810s] DEBUG:colcon.colcon_parallel_executor.executor.parallel:closing loop
[2.811s] DEBUG:colcon.colcon_parallel_executor.executor.parallel:loop closed
[2.811s] DEBUG:colcon.colcon_parallel_executor.executor.parallel:run_until_complete finished with '0'
[2.811s] DEBUG:colcon.colcon_core.event_reactor:joining thread
[2.833s] INFO:colcon.colcon_core.plugin_system:Skipping extension 'colcon_notification.desktop_notification.terminal_notifier': Not used on non-Darwin systems
[2.833s] INFO:colcon.colcon_core.plugin_system:Skipping extension 'colcon_notification.desktop_notification.win32': Not used on non-Windows systems
[2.833s] INFO:colcon.colcon_notification.desktop_notification:Sending desktop notification using 'notify2'
[2.836s] DEBUG:colcon.colcon_core.event_reactor:joined thread
[2.836s] INFO:colcon.colcon_core.shell:Creating prefix script '/home/nick/MyApplication/robot_ws/install/local_setup.ps1'
[2.838s] INFO:colcon.colcon_core.shell:Creating prefix chain script '/home/nick/MyApplication/robot_ws/install/setup.ps1'
[2.839s] INFO:colcon.colcon_core.shell:Creating prefix script '/home/nick/MyApplication/robot_ws/install/local_setup.sh'
[2.840s] INFO:colcon.colcon_core.shell:Creating prefix chain script '/home/nick/MyApplication/robot_ws/install/setup.sh'
[2.841s] INFO:colcon.colcon_core.shell:Creating prefix script '/home/nick/MyApplication/robot_ws/install/local_setup.bash'
[2.842s] INFO:colcon.colcon_core.shell:Creating prefix chain script '/home/nick/MyApplication/robot_ws/install/setup.bash'
[2.843s] INFO:colcon.colcon_core.shell:Creating prefix script '/home/nick/MyApplication/robot_ws/install/local_setup.zsh'
[2.844s] INFO:colcon.colcon_core.shell:Creating prefix chain script '/home/nick/MyApplication/robot_ws/install/setup.zsh'
