Traceback (most recent call last):
  File "/opt/ros/melodic/share/catkin/cmake/parse_package_xml.py", line 117, in <module>
    main()
  File "/opt/ros/melodic/share/catkin/cmake/parse_package_xml.py", line 103, in main
    package = parse_package(args.package_xml)
  File "/usr/lib/python2.7/dist-packages/catkin_pkg/package.py", line 514, in parse_package
    return parse_package_string(xml, filename, warnings=warnings)
  File "/usr/lib/python2.7/dist-packages/catkin_pkg/package.py", line 709, in parse_package_string
    raise InvalidPackage('Error(s):%s' % (''.join(['\n- %s' % e for e in errors])), filename)
catkin_pkg.package.InvalidPackage: Error(s) in package '/home/nick/aws-robomaker-sample-application-roverrobotics/simulation_ws/src/simulation_app/package.xml':
Error(s):
- The generic dependency on 'gazebo_ros' is redundant with: exec_depend
- The generic dependency on 'gazebo_plugins' is redundant with: exec_depend
CMake Error at /opt/ros/melodic/share/catkin/cmake/safe_execute_process.cmake:11 (message):
  execute_process(/usr/bin/python2
  "/opt/ros/melodic/share/catkin/cmake/parse_package_xml.py"
  "/home/nick/aws-robomaker-sample-application-roverrobotics/simulation_ws/src/simulation_app/package.xml"
  "/home/nick/aws-robomaker-sample-application-roverrobotics/simulation_ws/build/simulation_app/catkin_generated/package.cmake")
  returned error code 1
Call Stack (most recent call first):
  /opt/ros/melodic/share/catkin/cmake/catkin_package_xml.cmake:74 (safe_execute_process)
  /opt/ros/melodic/share/catkin/cmake/catkin_package_xml.cmake:50 (_catkin_package_xml)
  /opt/ros/melodic/share/catkin/cmake/catkin_package.cmake:99 (catkin_package_xml)
  CMakeLists.txt:9 (catkin_package)


