Determining if the pthread_create exist failed with the following output:
Change Dir: /home/nick/MyApplication/robot_ws/build/robot_app/CMakeFiles/CMakeTmp

Run Build Command:"/usr/bin/make" "cmTC_59b4c/fast"
/usr/bin/make -f CMakeFiles/cmTC_59b4c.dir/build.make CMakeFiles/cmTC_59b4c.dir/build
make[1]: Entering directory '/home/nick/MyApplication/robot_ws/build/robot_app/CMakeFiles/CMakeTmp'
Building C object CMakeFiles/cmTC_59b4c.dir/CheckSymbolExists.c.o
/usr/bin/cc    -o CMakeFiles/cmTC_59b4c.dir/CheckSymbolExists.c.o   -c /home/nick/MyApplication/robot_ws/build/robot_app/CMakeFiles/CMakeTmp/CheckSymbolExists.c
Linking C executable cmTC_59b4c
/usr/bin/cmake -E cmake_link_script CMakeFiles/cmTC_59b4c.dir/link.txt --verbose=1
/usr/bin/cc      -rdynamic CMakeFiles/cmTC_59b4c.dir/CheckSymbolExists.c.o  -o cmTC_59b4c 
CMakeFiles/cmTC_59b4c.dir/CheckSymbolExists.c.o: In function `main':
CheckSymbolExists.c:(.text+0x1b): undefined reference to `pthread_create'
collect2: error: ld returned 1 exit status
CMakeFiles/cmTC_59b4c.dir/build.make:97: recipe for target 'cmTC_59b4c' failed
make[1]: *** [cmTC_59b4c] Error 1
make[1]: Leaving directory '/home/nick/MyApplication/robot_ws/build/robot_app/CMakeFiles/CMakeTmp'
Makefile:126: recipe for target 'cmTC_59b4c/fast' failed
make: *** [cmTC_59b4c/fast] Error 2

File /home/nick/MyApplication/robot_ws/build/robot_app/CMakeFiles/CMakeTmp/CheckSymbolExists.c:
/* */
#include <pthread.h>

int main(int argc, char** argv)
{
  (void)argv;
#ifndef pthread_create
  return ((int*)(&pthread_create))[argc];
#else
  (void)argc;
  return 0;
#endif
}

Determining if the function pthread_create exists in the pthreads failed with the following output:
Change Dir: /home/nick/MyApplication/robot_ws/build/robot_app/CMakeFiles/CMakeTmp

Run Build Command:"/usr/bin/make" "cmTC_2e65f/fast"
/usr/bin/make -f CMakeFiles/cmTC_2e65f.dir/build.make CMakeFiles/cmTC_2e65f.dir/build
make[1]: Entering directory '/home/nick/MyApplication/robot_ws/build/robot_app/CMakeFiles/CMakeTmp'
Building C object CMakeFiles/cmTC_2e65f.dir/CheckFunctionExists.c.o
/usr/bin/cc   -DCHECK_FUNCTION_EXISTS=pthread_create   -o CMakeFiles/cmTC_2e65f.dir/CheckFunctionExists.c.o   -c /usr/share/cmake-3.10/Modules/CheckFunctionExists.c
Linking C executable cmTC_2e65f
/usr/bin/cmake -E cmake_link_script CMakeFiles/cmTC_2e65f.dir/link.txt --verbose=1
/usr/bin/cc  -DCHECK_FUNCTION_EXISTS=pthread_create    -rdynamic CMakeFiles/cmTC_2e65f.dir/CheckFunctionExists.c.o  -o cmTC_2e65f -lpthreads 
/usr/bin/ld: cannot find -lpthreads
collect2: error: ld returned 1 exit status
CMakeFiles/cmTC_2e65f.dir/build.make:97: recipe for target 'cmTC_2e65f' failed
make[1]: *** [cmTC_2e65f] Error 1
make[1]: Leaving directory '/home/nick/MyApplication/robot_ws/build/robot_app/CMakeFiles/CMakeTmp'
Makefile:126: recipe for target 'cmTC_2e65f/fast' failed
make: *** [cmTC_2e65f/fast] Error 2


