-- Using CATKIN_DEVEL_PREFIX: /home/nick/aws-robomaker-sample-application-roverrobotics/robot_ws/build/swag_demo_state_machine/devel
-- Using CMAKE_PREFIX_PATH: /home/nick/aws-robomaker-sample-application-roverrobotics/robot_ws/install/tshirt_dispense_msgs;/home/nick/aws-robomaker-sample-application-roverrobotics/robot_ws/install/robot_app;/home/nick/aws-robomaker-sample-application-roverrobotics/simulation_ws/install/simulation_app;/opt/ros/melodic
-- This workspace overlays: /home/nick/aws-robomaker-sample-application-roverrobotics/robot_ws/install/tshirt_dispense_msgs;/home/nick/aws-robomaker-sample-application-roverrobotics/robot_ws/install/robot_app;/home/nick/aws-robomaker-sample-application-roverrobotics/simulation_ws/install/simulation_app;/opt/ros/melodic
-- Found PythonInterp: /usr/bin/python2 (found suitable version "2.7.15", minimum required is "2") 
-- Using PYTHON_EXECUTABLE: /usr/bin/python2
-- Using Debian Python package layout
-- Using empy: /usr/bin/empy
-- Using CATKIN_ENABLE_TESTING: ON
-- Call enable_testing()
-- Using CATKIN_TEST_RESULTS_DIR: /home/nick/aws-robomaker-sample-application-roverrobotics/robot_ws/build/swag_demo_state_machine/test_results
-- Found gmock sources under '/usr/src/googletest': gmock will be built
-- Found PythonInterp: /usr/bin/python2 (found version "2.7.15") 
-- Found gtest sources under '/usr/src/googletest': gtests will be built
-- Using Python nosetests: /usr/bin/nosetests-2.7
-- catkin 0.7.14
-- Using these message generators: gencpp;geneus;genlisp;gennodejs;genpy
-- Configuring done
-- Generating done
-- Build files have been written to: /home/nick/aws-robomaker-sample-application-roverrobotics/robot_ws/build/swag_demo_state_machine
-- Using CATKIN_DEVEL_PREFIX: /home/nick/aws-robomaker-sample-application-roverrobotics/robot_ws/build/swag_demo_state_machine/devel
-- Using CMAKE_PREFIX_PATH: /home/nick/aws-robomaker-sample-application-roverrobotics/robot_ws/install/tshirt_dispense_msgs;/home/nick/aws-robomaker-sample-application-roverrobotics/robot_ws/install/robot_app;/home/nick/aws-robomaker-sample-application-roverrobotics/simulation_ws/install/simulation_app;/opt/ros/melodic
-- This workspace overlays: /home/nick/aws-robomaker-sample-application-roverrobotics/robot_ws/install/tshirt_dispense_msgs;/home/nick/aws-robomaker-sample-application-roverrobotics/robot_ws/install/robot_app;/home/nick/aws-robomaker-sample-application-roverrobotics/simulation_ws/install/simulation_app;/opt/ros/melodic
-- Found PythonInterp: /usr/bin/python2 (found suitable version "2.7.15", minimum required is "2") 
-- Using PYTHON_EXECUTABLE: /usr/bin/python2
-- Using Debian Python package layout
-- Using empy: /usr/bin/empy
-- Using CATKIN_ENABLE_TESTING: ON
-- Call enable_testing()
-- Using CATKIN_TEST_RESULTS_DIR: /home/nick/aws-robomaker-sample-application-roverrobotics/robot_ws/build/swag_demo_state_machine/test_results
-- Found gmock sources under '/usr/src/googletest': gmock will be built
-- Found PythonInterp: /usr/bin/python2 (found version "2.7.15") 
-- Found gtest sources under '/usr/src/googletest': gtests will be built
-- Using Python nosetests: /usr/bin/nosetests-2.7
-- catkin 0.7.14
-- Using these message generators: gencpp;geneus;genlisp;gennodejs;genpy
-- Configuring done
-- Generating done
-- Build files have been written to: /home/nick/aws-robomaker-sample-application-roverrobotics/robot_ws/build/swag_demo_state_machine
-- Using CATKIN_DEVEL_PREFIX: /home/nick/aws-robomaker-sample-application-roverrobotics/robot_ws/build/swag_demo_state_machine/devel
-- Using CMAKE_PREFIX_PATH: /home/nick/aws-robomaker-sample-application-roverrobotics/robot_ws/install/tshirt_dispense_msgs;/home/nick/aws-robomaker-sample-application-roverrobotics/robot_ws/install/robot_app;/home/nick/aws-robomaker-sample-application-roverrobotics/simulation_ws/install/simulation_app;/opt/ros/melodic
-- This workspace overlays: /home/nick/aws-robomaker-sample-application-roverrobotics/robot_ws/install/tshirt_dispense_msgs;/home/nick/aws-robomaker-sample-application-roverrobotics/robot_ws/install/robot_app;/home/nick/aws-robomaker-sample-application-roverrobotics/simulation_ws/install/simulation_app;/opt/ros/melodic
-- Found PythonInterp: /usr/bin/python2 (found suitable version "2.7.15", minimum required is "2") 
-- Using PYTHON_EXECUTABLE: /usr/bin/python2
-- Using Debian Python package layout
-- Using empy: /usr/bin/empy
-- Using CATKIN_ENABLE_TESTING: ON
-- Call enable_testing()
-- Using CATKIN_TEST_RESULTS_DIR: /home/nick/aws-robomaker-sample-application-roverrobotics/robot_ws/build/swag_demo_state_machine/test_results
-- Found gmock sources under '/usr/src/googletest': gmock will be built
-- Found PythonInterp: /usr/bin/python2 (found version "2.7.15") 
-- Found gtest sources under '/usr/src/googletest': gtests will be built
-- Using Python nosetests: /usr/bin/nosetests-2.7
-- catkin 0.7.14
-- Using these message generators: gencpp;geneus;genlisp;gennodejs;genpy
-- Configuring done
-- Generating done
-- Build files have been written to: /home/nick/aws-robomaker-sample-application-roverrobotics/robot_ws/build/swag_demo_state_machine
[35m[1mScanning dependencies of target tests[0m
Built target tests
-- Using CATKIN_DEVEL_PREFIX: /home/nick/aws-robomaker-sample-application-roverrobotics/robot_ws/build/swag_demo_state_machine/devel
-- Using CMAKE_PREFIX_PATH: /home/nick/aws-robomaker-sample-application-roverrobotics/robot_ws/install/tshirt_dispense_msgs;/home/nick/aws-robomaker-sample-application-roverrobotics/robot_ws/install/robot_app;/home/nick/aws-robomaker-sample-application-roverrobotics/simulation_ws/install/simulation_app;/opt/ros/melodic
-- This workspace overlays: /home/nick/aws-robomaker-sample-application-roverrobotics/robot_ws/install/tshirt_dispense_msgs;/home/nick/aws-robomaker-sample-application-roverrobotics/robot_ws/install/robot_app;/home/nick/aws-robomaker-sample-application-roverrobotics/simulation_ws/install/simulation_app;/opt/ros/melodic
-- Found PythonInterp: /usr/bin/python2 (found suitable version "2.7.15", minimum required is "2") 
-- Using PYTHON_EXECUTABLE: /usr/bin/python2
-- Using Debian Python package layout
-- Using empy: /usr/bin/empy
-- Using CATKIN_ENABLE_TESTING: ON
-- Call enable_testing()
-- Using CATKIN_TEST_RESULTS_DIR: /home/nick/aws-robomaker-sample-application-roverrobotics/robot_ws/build/swag_demo_state_machine/test_results
-- Found gmock sources under '/usr/src/googletest': gmock will be built
-- Found PythonInterp: /usr/bin/python2 (found version "2.7.15") 
-- Found gtest sources under '/usr/src/googletest': gtests will be built
-- Using Python nosetests: /usr/bin/nosetests-2.7
-- catkin 0.7.14
-- Using these message generators: gencpp;geneus;genlisp;gennodejs;genpy
-- Configuring done
-- Generating done
-- Build files have been written to: /home/nick/aws-robomaker-sample-application-roverrobotics/robot_ws/build/swag_demo_state_machine
[36mInstall the project...[0m
-- Install configuration: ""
-- Installing: /home/nick/aws-robomaker-sample-application-roverrobotics/robot_ws/install/swag_demo_state_machine/lib/pkgconfig/swag_demo_state_machine.pc
-- Installing: /home/nick/aws-robomaker-sample-application-roverrobotics/robot_ws/install/swag_demo_state_machine/share/swag_demo_state_machine/cmake/swag_demo_state_machineConfig.cmake
-- Installing: /home/nick/aws-robomaker-sample-application-roverrobotics/robot_ws/install/swag_demo_state_machine/share/swag_demo_state_machine/cmake/swag_demo_state_machineConfig-version.cmake
-- Installing: /home/nick/aws-robomaker-sample-application-roverrobotics/robot_ws/install/swag_demo_state_machine/share/swag_demo_state_machine/package.xml
-- Installing: /home/nick/aws-robomaker-sample-application-roverrobotics/robot_ws/install/swag_demo_state_machine/share/swag_demo_state_machine/action_state_machine.py
-- Installing: /home/nick/aws-robomaker-sample-application-roverrobotics/robot_ws/install/swag_demo_state_machine/share/swag_demo_state_machine/state_machine_tests.py
