[  0%] Built target std_msgs_generate_messages_cpp
[  7%] Built target odom_control
[  7%] Built target nav_msgs_generate_messages_cpp
[  7%] Built target _rr_openrover_basic_generate_messages_check_deps_RawRrOpenroverBasicSlowRateData
[  7%] Built target geometry_msgs_generate_messages_cpp
[  7%] Built target _rr_openrover_basic_generate_messages_check_deps_SmartBatteryStatus
[  7%] Built target _rr_openrover_basic_generate_messages_check_deps_RawRrOpenroverBasicFastRateData
[  7%] Built target geometry_msgs_generate_messages_py
[  7%] Built target std_msgs_generate_messages_py
[  7%] Built target _rr_openrover_basic_generate_messages_check_deps_RawRrOpenroverBasicMedRateData
[  7%] Built target nav_msgs_generate_messages_py
[  7%] Built target std_msgs_generate_messages_lisp
[  7%] Built target geometry_msgs_generate_messages_lisp
[  7%] Built target nav_msgs_generate_messages_lisp
[  7%] Built target geometry_msgs_generate_messages_eus
[  7%] Built target std_msgs_generate_messages_eus
[  7%] Built target nav_msgs_generate_messages_eus
[  7%] Built target std_msgs_generate_messages_nodejs
[  7%] Built target geometry_msgs_generate_messages_nodejs
[  7%] Built target nav_msgs_generate_messages_nodejs
[ 26%] Built target rr_openrover_basic_generate_messages_py
[ 42%] Built target rr_openrover_basic_generate_messages_lisp
[ 57%] Built target rr_openrover_basic_generate_messages_cpp
[ 76%] Built target rr_openrover_basic_generate_messages_eus
[ 92%] Built target rr_openrover_basic_generate_messages_nodejs
[ 92%] Built target rr_openrover_basic_generate_messages
[100%] Built target openrover_basic_node
[35m[1mScanning dependencies of target tests[0m
Built target tests
[  7%] Built target odom_control
[  7%] Built target _rr_openrover_basic_generate_messages_check_deps_RawRrOpenroverBasicSlowRateData
[  7%] Built target nav_msgs_generate_messages_cpp
[  7%] Built target std_msgs_generate_messages_cpp
[  7%] Built target _rr_openrover_basic_generate_messages_check_deps_SmartBatteryStatus
[  7%] Built target geometry_msgs_generate_messages_cpp
[  7%] Built target _rr_openrover_basic_generate_messages_check_deps_RawRrOpenroverBasicFastRateData
[  7%] Built target _rr_openrover_basic_generate_messages_check_deps_RawRrOpenroverBasicMedRateData
[ 23%] Built target rr_openrover_basic_generate_messages_cpp
[ 30%] Built target openrover_basic_node
[ 30%] Built target geometry_msgs_generate_messages_py
[ 30%] Built target std_msgs_generate_messages_py
[ 30%] Built target nav_msgs_generate_messages_py
[ 50%] Built target rr_openrover_basic_generate_messages_py
[ 50%] Built target std_msgs_generate_messages_lisp
[ 50%] Built target geometry_msgs_generate_messages_lisp
[ 50%] Built target nav_msgs_generate_messages_lisp
[ 65%] Built target rr_openrover_basic_generate_messages_lisp
[ 65%] Built target geometry_msgs_generate_messages_eus
[ 65%] Built target std_msgs_generate_messages_eus
[ 65%] Built target nav_msgs_generate_messages_eus
[ 84%] Built target rr_openrover_basic_generate_messages_eus
[ 84%] Built target std_msgs_generate_messages_nodejs
[ 84%] Built target geometry_msgs_generate_messages_nodejs
[ 84%] Built target nav_msgs_generate_messages_nodejs
[100%] Built target rr_openrover_basic_generate_messages_nodejs
[100%] Built target rr_openrover_basic_generate_messages
[36mInstall the project...[0m
-- Install configuration: ""
-- Installing: /home/nick/aws-robomaker-sample-application-roverrobotics/robot_ws/install/rr_openrover_basic/share/rr_openrover_basic/msg/RawRrOpenroverBasicFastRateData.msg
-- Installing: /home/nick/aws-robomaker-sample-application-roverrobotics/robot_ws/install/rr_openrover_basic/share/rr_openrover_basic/msg/RawRrOpenroverBasicMedRateData.msg
-- Installing: /home/nick/aws-robomaker-sample-application-roverrobotics/robot_ws/install/rr_openrover_basic/share/rr_openrover_basic/msg/RawRrOpenroverBasicSlowRateData.msg
-- Installing: /home/nick/aws-robomaker-sample-application-roverrobotics/robot_ws/install/rr_openrover_basic/share/rr_openrover_basic/msg/SmartBatteryStatus.msg
-- Installing: /home/nick/aws-robomaker-sample-application-roverrobotics/robot_ws/install/rr_openrover_basic/share/rr_openrover_basic/cmake/rr_openrover_basic-msg-paths.cmake
-- Installing: /home/nick/aws-robomaker-sample-application-roverrobotics/robot_ws/install/rr_openrover_basic/include/rr_openrover_basic
-- Installing: /home/nick/aws-robomaker-sample-application-roverrobotics/robot_ws/install/rr_openrover_basic/include/rr_openrover_basic/SmartBatteryStatus.h
-- Installing: /home/nick/aws-robomaker-sample-application-roverrobotics/robot_ws/install/rr_openrover_basic/include/rr_openrover_basic/RawRrOpenroverBasicFastRateData.h
-- Installing: /home/nick/aws-robomaker-sample-application-roverrobotics/robot_ws/install/rr_openrover_basic/include/rr_openrover_basic/RawRrOpenroverBasicSlowRateData.h
-- Installing: /home/nick/aws-robomaker-sample-application-roverrobotics/robot_ws/install/rr_openrover_basic/include/rr_openrover_basic/RawRrOpenroverBasicMedRateData.h
-- Installing: /home/nick/aws-robomaker-sample-application-roverrobotics/robot_ws/install/rr_openrover_basic/share/roseus/ros/rr_openrover_basic
-- Installing: /home/nick/aws-robomaker-sample-application-roverrobotics/robot_ws/install/rr_openrover_basic/share/roseus/ros/rr_openrover_basic/manifest.l
-- Installing: /home/nick/aws-robomaker-sample-application-roverrobotics/robot_ws/install/rr_openrover_basic/share/roseus/ros/rr_openrover_basic/msg
-- Installing: /home/nick/aws-robomaker-sample-application-roverrobotics/robot_ws/install/rr_openrover_basic/share/roseus/ros/rr_openrover_basic/msg/RawRrOpenroverBasicFastRateData.l
-- Installing: /home/nick/aws-robomaker-sample-application-roverrobotics/robot_ws/install/rr_openrover_basic/share/roseus/ros/rr_openrover_basic/msg/SmartBatteryStatus.l
-- Installing: /home/nick/aws-robomaker-sample-application-roverrobotics/robot_ws/install/rr_openrover_basic/share/roseus/ros/rr_openrover_basic/msg/RawRrOpenroverBasicMedRateData.l
-- Installing: /home/nick/aws-robomaker-sample-application-roverrobotics/robot_ws/install/rr_openrover_basic/share/roseus/ros/rr_openrover_basic/msg/RawRrOpenroverBasicSlowRateData.l
-- Installing: /home/nick/aws-robomaker-sample-application-roverrobotics/robot_ws/install/rr_openrover_basic/share/common-lisp/ros/rr_openrover_basic
-- Installing: /home/nick/aws-robomaker-sample-application-roverrobotics/robot_ws/install/rr_openrover_basic/share/common-lisp/ros/rr_openrover_basic/msg
-- Installing: /home/nick/aws-robomaker-sample-application-roverrobotics/robot_ws/install/rr_openrover_basic/share/common-lisp/ros/rr_openrover_basic/msg/_package_RawRrOpenroverBasicMedRateData.lisp
-- Installing: /home/nick/aws-robomaker-sample-application-roverrobotics/robot_ws/install/rr_openrover_basic/share/common-lisp/ros/rr_openrover_basic/msg/_package_RawRrOpenroverBasicSlowRateData.lisp
-- Installing: /home/nick/aws-robomaker-sample-application-roverrobotics/robot_ws/install/rr_openrover_basic/share/common-lisp/ros/rr_openrover_basic/msg/RawRrOpenroverBasicSlowRateData.lisp
-- Installing: /home/nick/aws-robomaker-sample-application-roverrobotics/robot_ws/install/rr_openrover_basic/share/common-lisp/ros/rr_openrover_basic/msg/SmartBatteryStatus.lisp
-- Installing: /home/nick/aws-robomaker-sample-application-roverrobotics/robot_ws/install/rr_openrover_basic/share/common-lisp/ros/rr_openrover_basic/msg/RawRrOpenroverBasicMedRateData.lisp
-- Installing: /home/nick/aws-robomaker-sample-application-roverrobotics/robot_ws/install/rr_openrover_basic/share/common-lisp/ros/rr_openrover_basic/msg/rr_openrover_basic-msg.asd
-- Installing: /home/nick/aws-robomaker-sample-application-roverrobotics/robot_ws/install/rr_openrover_basic/share/common-lisp/ros/rr_openrover_basic/msg/RawRrOpenroverBasicFastRateData.lisp
-- Installing: /home/nick/aws-robomaker-sample-application-roverrobotics/robot_ws/install/rr_openrover_basic/share/common-lisp/ros/rr_openrover_basic/msg/_package.lisp
-- Installing: /home/nick/aws-robomaker-sample-application-roverrobotics/robot_ws/install/rr_openrover_basic/share/common-lisp/ros/rr_openrover_basic/msg/_package_RawRrOpenroverBasicFastRateData.lisp
-- Installing: /home/nick/aws-robomaker-sample-application-roverrobotics/robot_ws/install/rr_openrover_basic/share/common-lisp/ros/rr_openrover_basic/msg/_package_SmartBatteryStatus.lisp
-- Installing: /home/nick/aws-robomaker-sample-application-roverrobotics/robot_ws/install/rr_openrover_basic/share/gennodejs/ros/rr_openrover_basic
-- Installing: /home/nick/aws-robomaker-sample-application-roverrobotics/robot_ws/install/rr_openrover_basic/share/gennodejs/ros/rr_openrover_basic/msg
-- Installing: /home/nick/aws-robomaker-sample-application-roverrobotics/robot_ws/install/rr_openrover_basic/share/gennodejs/ros/rr_openrover_basic/msg/RawRrOpenroverBasicSlowRateData.js
-- Installing: /home/nick/aws-robomaker-sample-application-roverrobotics/robot_ws/install/rr_openrover_basic/share/gennodejs/ros/rr_openrover_basic/msg/RawRrOpenroverBasicFastRateData.js
-- Installing: /home/nick/aws-robomaker-sample-application-roverrobotics/robot_ws/install/rr_openrover_basic/share/gennodejs/ros/rr_openrover_basic/msg/RawRrOpenroverBasicMedRateData.js
-- Installing: /home/nick/aws-robomaker-sample-application-roverrobotics/robot_ws/install/rr_openrover_basic/share/gennodejs/ros/rr_openrover_basic/msg/_index.js
-- Installing: /home/nick/aws-robomaker-sample-application-roverrobotics/robot_ws/install/rr_openrover_basic/share/gennodejs/ros/rr_openrover_basic/msg/SmartBatteryStatus.js
-- Installing: /home/nick/aws-robomaker-sample-application-roverrobotics/robot_ws/install/rr_openrover_basic/share/gennodejs/ros/rr_openrover_basic/_index.js
Listing /home/nick/aws-robomaker-sample-application-roverrobotics/robot_ws/build/rr_openrover_basic/devel/lib/python2.7/dist-packages/rr_openrover_basic ...
Compiling /home/nick/aws-robomaker-sample-application-roverrobotics/robot_ws/build/rr_openrover_basic/devel/lib/python2.7/dist-packages/rr_openrover_basic/__init__.py ...
Listing /home/nick/aws-robomaker-sample-application-roverrobotics/robot_ws/build/rr_openrover_basic/devel/lib/python2.7/dist-packages/rr_openrover_basic/msg ...
Compiling /home/nick/aws-robomaker-sample-application-roverrobotics/robot_ws/build/rr_openrover_basic/devel/lib/python2.7/dist-packages/rr_openrover_basic/msg/_RawRrOpenroverBasicFastRateData.py ...
Compiling /home/nick/aws-robomaker-sample-application-roverrobotics/robot_ws/build/rr_openrover_basic/devel/lib/python2.7/dist-packages/rr_openrover_basic/msg/_RawRrOpenroverBasicMedRateData.py ...
Compiling /home/nick/aws-robomaker-sample-application-roverrobotics/robot_ws/build/rr_openrover_basic/devel/lib/python2.7/dist-packages/rr_openrover_basic/msg/_RawRrOpenroverBasicSlowRateData.py ...
Compiling /home/nick/aws-robomaker-sample-application-roverrobotics/robot_ws/build/rr_openrover_basic/devel/lib/python2.7/dist-packages/rr_openrover_basic/msg/_SmartBatteryStatus.py ...
Compiling /home/nick/aws-robomaker-sample-application-roverrobotics/robot_ws/build/rr_openrover_basic/devel/lib/python2.7/dist-packages/rr_openrover_basic/msg/__init__.py ...
-- Installing: /home/nick/aws-robomaker-sample-application-roverrobotics/robot_ws/install/rr_openrover_basic/lib/python2.7/dist-packages/rr_openrover_basic
-- Installing: /home/nick/aws-robomaker-sample-application-roverrobotics/robot_ws/install/rr_openrover_basic/lib/python2.7/dist-packages/rr_openrover_basic/__init__.py
-- Installing: /home/nick/aws-robomaker-sample-application-roverrobotics/robot_ws/install/rr_openrover_basic/lib/python2.7/dist-packages/rr_openrover_basic/__init__.pyc
-- Installing: /home/nick/aws-robomaker-sample-application-roverrobotics/robot_ws/install/rr_openrover_basic/lib/python2.7/dist-packages/rr_openrover_basic/msg
-- Installing: /home/nick/aws-robomaker-sample-application-roverrobotics/robot_ws/install/rr_openrover_basic/lib/python2.7/dist-packages/rr_openrover_basic/msg/__init__.py
-- Installing: /home/nick/aws-robomaker-sample-application-roverrobotics/robot_ws/install/rr_openrover_basic/lib/python2.7/dist-packages/rr_openrover_basic/msg/_SmartBatteryStatus.py
-- Installing: /home/nick/aws-robomaker-sample-application-roverrobotics/robot_ws/install/rr_openrover_basic/lib/python2.7/dist-packages/rr_openrover_basic/msg/_RawRrOpenroverBasicMedRateData.pyc
-- Installing: /home/nick/aws-robomaker-sample-application-roverrobotics/robot_ws/install/rr_openrover_basic/lib/python2.7/dist-packages/rr_openrover_basic/msg/__init__.pyc
-- Installing: /home/nick/aws-robomaker-sample-application-roverrobotics/robot_ws/install/rr_openrover_basic/lib/python2.7/dist-packages/rr_openrover_basic/msg/_SmartBatteryStatus.pyc
-- Installing: /home/nick/aws-robomaker-sample-application-roverrobotics/robot_ws/install/rr_openrover_basic/lib/python2.7/dist-packages/rr_openrover_basic/msg/_RawRrOpenroverBasicMedRateData.py
-- Installing: /home/nick/aws-robomaker-sample-application-roverrobotics/robot_ws/install/rr_openrover_basic/lib/python2.7/dist-packages/rr_openrover_basic/msg/_RawRrOpenroverBasicSlowRateData.pyc
-- Installing: /home/nick/aws-robomaker-sample-application-roverrobotics/robot_ws/install/rr_openrover_basic/lib/python2.7/dist-packages/rr_openrover_basic/msg/_RawRrOpenroverBasicSlowRateData.py
-- Installing: /home/nick/aws-robomaker-sample-application-roverrobotics/robot_ws/install/rr_openrover_basic/lib/python2.7/dist-packages/rr_openrover_basic/msg/_RawRrOpenroverBasicFastRateData.pyc
-- Installing: /home/nick/aws-robomaker-sample-application-roverrobotics/robot_ws/install/rr_openrover_basic/lib/python2.7/dist-packages/rr_openrover_basic/msg/_RawRrOpenroverBasicFastRateData.py
-- Installing: /home/nick/aws-robomaker-sample-application-roverrobotics/robot_ws/install/rr_openrover_basic/lib/pkgconfig/rr_openrover_basic.pc
-- Installing: /home/nick/aws-robomaker-sample-application-roverrobotics/robot_ws/install/rr_openrover_basic/share/rr_openrover_basic/cmake/rr_openrover_basic-msg-extras.cmake
-- Installing: /home/nick/aws-robomaker-sample-application-roverrobotics/robot_ws/install/rr_openrover_basic/share/rr_openrover_basic/cmake/rr_openrover_basicConfig.cmake
-- Installing: /home/nick/aws-robomaker-sample-application-roverrobotics/robot_ws/install/rr_openrover_basic/share/rr_openrover_basic/cmake/rr_openrover_basicConfig-version.cmake
-- Installing: /home/nick/aws-robomaker-sample-application-roverrobotics/robot_ws/install/rr_openrover_basic/share/rr_openrover_basic/package.xml
-- Installing: /home/nick/aws-robomaker-sample-application-roverrobotics/robot_ws/install/rr_openrover_basic/lib/rr_openrover_basic/openrover_basic_node
-- Set runtime path of "/home/nick/aws-robomaker-sample-application-roverrobotics/robot_ws/install/rr_openrover_basic/lib/rr_openrover_basic/openrover_basic_node" to ""
-- Installing: /home/nick/aws-robomaker-sample-application-roverrobotics/robot_ws/install/rr_openrover_basic/lib/libodom_control.so
-- Installing: /home/nick/aws-robomaker-sample-application-roverrobotics/robot_ws/install/rr_openrover_basic/share/rr_openrover_basic/launch
-- Installing: /home/nick/aws-robomaker-sample-application-roverrobotics/robot_ws/install/rr_openrover_basic/share/rr_openrover_basic/launch/example.launch
-- Installing: /home/nick/aws-robomaker-sample-application-roverrobotics/robot_ws/install/rr_openrover_basic/share/rr_openrover_basic/launch/teleop.launch
-- Up-to-date: /home/nick/aws-robomaker-sample-application-roverrobotics/robot_ws/install/rr_openrover_basic/include/rr_openrover_basic
-- Installing: /home/nick/aws-robomaker-sample-application-roverrobotics/robot_ws/install/rr_openrover_basic/include/rr_openrover_basic/odom_control.hpp
-- Installing: /home/nick/aws-robomaker-sample-application-roverrobotics/robot_ws/install/rr_openrover_basic/include/rr_openrover_basic/openrover.hpp
-- Installing: /home/nick/aws-robomaker-sample-application-roverrobotics/robot_ws/install/rr_openrover_basic/share/rr_openrover_basic/diagnostics.py
