[0.277s] DEBUG:colcon:Command line arguments: ['/usr/local/bin/colcon', 'build']
[0.277s] DEBUG:colcon:Parsed command line arguments: Namespace(ament_cmake_args=None, base_paths='.', build_base='build', catkin_cmake_args=None, catkin_skip_building_tests=False, cmake_args=None, cmake_clean_cache=False, cmake_clean_first=False, cmake_force_configure=False, cmake_target=None, cmake_target_skip_unavailable=False, continue_on_error=False, event_handlers=None, executor='sequential', install_base='install', log_base='log', log_level=None, main=<bound method BuildVerb.main of <colcon_core.verb.build.BuildVerb object at 0x7fcd384b34e0>>, merge_install=False, paths=None, symlink_install=False, test_result_base=None, verb_extension=<colcon_core.verb.build.BuildVerb object at 0x7fcd384b34e0>, verb_name='build', verb_parser=CustomArgumentParser(prog='colcon build', usage=None, description='Build a set of packages.', formatter_class=<class 'colcon_core.command.CustomFormatter'>, conflict_handler='error', add_help=True))
[0.326s] Level 1:colcon.colcon_core.package_discovery:discover_packages(recursive) check parameters
[0.326s] Level 1:colcon.colcon_core.package_discovery:discover_packages(path) check parameters
[0.326s] Level 1:colcon.colcon_core.package_discovery:discover_packages(recursive) discover
[0.326s] INFO:colcon.colcon_core.package_discovery:Crawling recursively for packages in '/MyApp/simulation_ws'
[0.327s] Level 1:colcon.colcon_core.package_identification:_identify(/MyApp/simulation_ws) by extensions ['ignore', 'ignore_ament_install']
[0.327s] Level 1:colcon.colcon_core.package_identification:_identify(/MyApp/simulation_ws) by extension 'ignore'
[0.327s] Level 1:colcon.colcon_core.package_identification:_identify(/MyApp/simulation_ws) by extension 'ignore_ament_install'
[0.327s] Level 1:colcon.colcon_core.package_identification:_identify(/MyApp/simulation_ws) by extensions ['ros']
[0.327s] Level 1:colcon.colcon_core.package_identification:_identify(/MyApp/simulation_ws) by extension 'ros'
[0.339s] Level 1:colcon.colcon_core.package_identification:_identify(/MyApp/simulation_ws) by extensions ['cmake', 'python']
[0.339s] Level 1:colcon.colcon_core.package_identification:_identify(/MyApp/simulation_ws) by extension 'cmake'
[0.339s] Level 1:colcon.colcon_core.package_identification:_identify(/MyApp/simulation_ws) by extension 'python'
[0.340s] Level 1:colcon.colcon_core.package_identification:_identify(/MyApp/simulation_ws) by extensions ['python_setup_py']
[0.340s] Level 1:colcon.colcon_core.package_identification:_identify(/MyApp/simulation_ws) by extension 'python_setup_py'
[0.340s] Level 1:colcon.colcon_core.package_identification:_identify(/MyApp/simulation_ws/build) by extensions ['ignore', 'ignore_ament_install']
[0.340s] Level 1:colcon.colcon_core.package_identification:_identify(/MyApp/simulation_ws/build) by extension 'ignore'
[0.340s] Level 1:colcon.colcon_core.package_identification:_identify(/MyApp/simulation_ws/build) ignored
[0.340s] Level 1:colcon.colcon_core.package_identification:_identify(/MyApp/simulation_ws/install) by extensions ['ignore', 'ignore_ament_install']
[0.340s] Level 1:colcon.colcon_core.package_identification:_identify(/MyApp/simulation_ws/install) by extension 'ignore'
[0.340s] Level 1:colcon.colcon_core.package_identification:_identify(/MyApp/simulation_ws/install) ignored
[0.340s] Level 1:colcon.colcon_core.package_identification:_identify(/MyApp/simulation_ws/log) by extensions ['ignore', 'ignore_ament_install']
[0.341s] Level 1:colcon.colcon_core.package_identification:_identify(/MyApp/simulation_ws/log) by extension 'ignore'
[0.341s] Level 1:colcon.colcon_core.package_identification:_identify(/MyApp/simulation_ws/log) ignored
[0.341s] Level 1:colcon.colcon_core.package_identification:_identify(/MyApp/simulation_ws/src) by extensions ['ignore', 'ignore_ament_install']
[0.341s] Level 1:colcon.colcon_core.package_identification:_identify(/MyApp/simulation_ws/src) by extension 'ignore'
[0.341s] Level 1:colcon.colcon_core.package_identification:_identify(/MyApp/simulation_ws/src) by extension 'ignore_ament_install'
[0.341s] Level 1:colcon.colcon_core.package_identification:_identify(/MyApp/simulation_ws/src) by extensions ['ros']
[0.341s] Level 1:colcon.colcon_core.package_identification:_identify(/MyApp/simulation_ws/src) by extension 'ros'
[0.341s] Level 1:colcon.colcon_core.package_identification:_identify(/MyApp/simulation_ws/src) by extensions ['cmake', 'python']
[0.341s] Level 1:colcon.colcon_core.package_identification:_identify(/MyApp/simulation_ws/src) by extension 'cmake'
[0.341s] Level 1:colcon.colcon_core.package_identification:_identify(/MyApp/simulation_ws/src) by extension 'python'
[0.342s] Level 1:colcon.colcon_core.package_identification:_identify(/MyApp/simulation_ws/src) by extensions ['python_setup_py']
[0.342s] Level 1:colcon.colcon_core.package_identification:_identify(/MyApp/simulation_ws/src) by extension 'python_setup_py'
[0.342s] Level 1:colcon.colcon_core.package_identification:_identify(/MyApp/simulation_ws/src/2WD_Rover_app) by extensions ['ignore', 'ignore_ament_install']
[0.342s] Level 1:colcon.colcon_core.package_identification:_identify(/MyApp/simulation_ws/src/2WD_Rover_app) by extension 'ignore'
[0.342s] Level 1:colcon.colcon_core.package_identification:_identify(/MyApp/simulation_ws/src/2WD_Rover_app) by extension 'ignore_ament_install'
[0.342s] Level 1:colcon.colcon_core.package_identification:_identify(/MyApp/simulation_ws/src/2WD_Rover_app) by extensions ['ros']
[0.342s] Level 1:colcon.colcon_core.package_identification:_identify(/MyApp/simulation_ws/src/2WD_Rover_app) by extension 'ros'
[0.345s] DEBUG:colcon.colcon_core.package_identification:Package '/MyApp/simulation_ws/src/2WD_Rover_app' with type 'ros.catkin' and name '2WD_Rover_app'
[0.346s] Level 1:colcon.colcon_core.package_identification:_identify(/MyApp/simulation_ws/src/simulation_app) by extensions ['ignore', 'ignore_ament_install']
[0.346s] Level 1:colcon.colcon_core.package_identification:_identify(/MyApp/simulation_ws/src/simulation_app) by extension 'ignore'
[0.346s] Level 1:colcon.colcon_core.package_identification:_identify(/MyApp/simulation_ws/src/simulation_app) by extension 'ignore_ament_install'
[0.346s] Level 1:colcon.colcon_core.package_identification:_identify(/MyApp/simulation_ws/src/simulation_app) by extensions ['ros']
[0.346s] Level 1:colcon.colcon_core.package_identification:_identify(/MyApp/simulation_ws/src/simulation_app) by extension 'ros'
[0.347s] DEBUG:colcon.colcon_core.package_identification:Package '/MyApp/simulation_ws/src/simulation_app' with type 'ros.catkin' and name 'simulation_app'
[0.347s] Level 1:colcon.colcon_core.package_discovery:discover_packages(recursive) using defaults
[0.362s] Level 5:colcon.colcon_core.verb:set package '2WD_Rover_app' build argument 'cmake_args' from command line to 'None'
[0.362s] Level 5:colcon.colcon_core.verb:set package '2WD_Rover_app' build argument 'cmake_target' from command line to 'None'
[0.362s] Level 5:colcon.colcon_core.verb:set package '2WD_Rover_app' build argument 'cmake_target_skip_unavailable' from command line to 'False'
[0.362s] Level 5:colcon.colcon_core.verb:set package '2WD_Rover_app' build argument 'cmake_clean_cache' from command line to 'False'
[0.362s] Level 5:colcon.colcon_core.verb:set package '2WD_Rover_app' build argument 'cmake_clean_first' from command line to 'False'
[0.362s] Level 5:colcon.colcon_core.verb:set package '2WD_Rover_app' build argument 'cmake_force_configure' from command line to 'False'
[0.362s] Level 5:colcon.colcon_core.verb:set package '2WD_Rover_app' build argument 'ament_cmake_args' from command line to 'None'
[0.362s] Level 5:colcon.colcon_core.verb:set package '2WD_Rover_app' build argument 'catkin_cmake_args' from command line to 'None'
[0.362s] Level 5:colcon.colcon_core.verb:set package '2WD_Rover_app' build argument 'catkin_skip_building_tests' from command line to 'False'
[0.362s] DEBUG:colcon.colcon_core.verb:Building package '2WD_Rover_app' with the following arguments: {'ament_cmake_args': None, 'build_base': '/MyApp/simulation_ws/build/2WD_Rover_app', 'catkin_cmake_args': None, 'catkin_skip_building_tests': False, 'cmake_args': None, 'cmake_clean_cache': False, 'cmake_clean_first': False, 'cmake_force_configure': False, 'cmake_target': None, 'cmake_target_skip_unavailable': False, 'install_base': '/MyApp/simulation_ws/install/2WD_Rover_app', 'merge_install': False, 'path': '/MyApp/simulation_ws/src/2WD_Rover_app', 'symlink_install': False, 'test_result_base': None}
[0.374s] Level 5:colcon.colcon_core.verb:set package 'simulation_app' build argument 'cmake_args' from command line to 'None'
[0.375s] Level 5:colcon.colcon_core.verb:set package 'simulation_app' build argument 'cmake_target' from command line to 'None'
[0.375s] Level 5:colcon.colcon_core.verb:set package 'simulation_app' build argument 'cmake_target_skip_unavailable' from command line to 'False'
[0.375s] Level 5:colcon.colcon_core.verb:set package 'simulation_app' build argument 'cmake_clean_cache' from command line to 'False'
[0.375s] Level 5:colcon.colcon_core.verb:set package 'simulation_app' build argument 'cmake_clean_first' from command line to 'False'
[0.375s] Level 5:colcon.colcon_core.verb:set package 'simulation_app' build argument 'cmake_force_configure' from command line to 'False'
[0.375s] Level 5:colcon.colcon_core.verb:set package 'simulation_app' build argument 'ament_cmake_args' from command line to 'None'
[0.375s] Level 5:colcon.colcon_core.verb:set package 'simulation_app' build argument 'catkin_cmake_args' from command line to 'None'
[0.375s] Level 5:colcon.colcon_core.verb:set package 'simulation_app' build argument 'catkin_skip_building_tests' from command line to 'False'
[0.375s] DEBUG:colcon.colcon_core.verb:Building package 'simulation_app' with the following arguments: {'ament_cmake_args': None, 'build_base': '/MyApp/simulation_ws/build/simulation_app', 'catkin_cmake_args': None, 'catkin_skip_building_tests': False, 'cmake_args': None, 'cmake_clean_cache': False, 'cmake_clean_first': False, 'cmake_force_configure': False, 'cmake_target': None, 'cmake_target_skip_unavailable': False, 'install_base': '/MyApp/simulation_ws/install/simulation_app', 'merge_install': False, 'path': '/MyApp/simulation_ws/src/simulation_app', 'symlink_install': False, 'test_result_base': None}
[0.380s] INFO:colcon.colcon_core.executor:Executing jobs using 'sequential' executor
[0.392s] DEBUG:colcon.colcon_core.executor.sequential:run_until_complete '2WD_Rover_app'
[0.393s] INFO:colcon.colcon_ros.task.catkin.build:Building ROS package in '/MyApp/simulation_ws/src/2WD_Rover_app' with build type 'catkin'
[0.393s] INFO:colcon.colcon_cmake.task.cmake.build:Building CMake package in '/MyApp/simulation_ws/src/2WD_Rover_app'
[0.399s] INFO:colcon.colcon_core.plugin_system:Skipping extension 'colcon_core.shell.bat': Not used on non-Windows systems
[0.407s] WARNING:colcon.colcon_ros.prefix_path.catkin:The path '/opt/ros/kinetic' in the environment variable CMAKE_PREFIX_PATH seems to be a catkin workspace but it doesn't contain any 'local_setup.*' files. Maybe the catkin version is not up-to-date?
[0.413s] DEBUG:colcon.colcon_core.event_handler.log_command:Invoking command in '/MyApp/simulation_ws/build/2WD_Rover_app': /usr/bin/cmake /MyApp/simulation_ws/src/2WD_Rover_app -DCATKIN_INSTALL_INTO_PREFIX_ROOT=0 -DCMAKE_INSTALL_PREFIX=/MyApp/simulation_ws/install/2WD_Rover_app
[2.348s] DEBUG:colcon.colcon_core.event_handler.log_command:Invoked command in '/MyApp/simulation_ws/build/2WD_Rover_app' returned '0': /usr/bin/cmake /MyApp/simulation_ws/src/2WD_Rover_app -DCATKIN_INSTALL_INTO_PREFIX_ROOT=0 -DCMAKE_INSTALL_PREFIX=/MyApp/simulation_ws/install/2WD_Rover_app
[2.351s] DEBUG:colcon.colcon_core.event_handler.log_command:Invoking command in '/MyApp/simulation_ws/build/2WD_Rover_app': /usr/bin/cmake --build /MyApp/simulation_ws/build/2WD_Rover_app -- -j4 -l4
[2.389s] DEBUG:colcon.colcon_core.event_handler.log_command:Invoked command in '/MyApp/simulation_ws/build/2WD_Rover_app' returned '0': /usr/bin/cmake --build /MyApp/simulation_ws/build/2WD_Rover_app -- -j4 -l4
[2.454s] DEBUG:colcon.colcon_core.event_handler.log_command:Invoking command in '/MyApp/simulation_ws/build/2WD_Rover_app': /usr/bin/cmake --build /MyApp/simulation_ws/build/2WD_Rover_app --target tests -- -j4 -l4
[2.522s] DEBUG:colcon.colcon_core.event_handler.log_command:Invoked command in '/MyApp/simulation_ws/build/2WD_Rover_app' returned '0': /usr/bin/cmake --build /MyApp/simulation_ws/build/2WD_Rover_app --target tests -- -j4 -l4
[2.590s] DEBUG:colcon.colcon_core.event_handler.log_command:Invoking command in '/MyApp/simulation_ws/build/2WD_Rover_app': /usr/bin/cmake --build /MyApp/simulation_ws/build/2WD_Rover_app --target install
[2.646s] Level 1:colcon.colcon_core.shell:create_environment_hook('2WD_Rover_app', 'ros_package_path')
[2.646s] DEBUG:colcon.colcon_core.event_handler.log_command:Invoked command in '/MyApp/simulation_ws/build/2WD_Rover_app' returned '0': /usr/bin/cmake --build /MyApp/simulation_ws/build/2WD_Rover_app --target install
[2.649s] INFO:colcon.colcon_core.shell:Creating environment hook '/MyApp/simulation_ws/install/2WD_Rover_app/share/2WD_Rover_app/hook/ros_package_path.sh'
[2.651s] Level 1:colcon.colcon_ros.task.catkin:checking '/MyApp/simulation_ws/install/2WD_Rover_app/lib/python2.7/dist-packages'
[2.651s] Level 1:colcon.colcon_ros.task.catkin:checking '/MyApp/simulation_ws/install/2WD_Rover_app/lib/python2.7/site-packages'
[2.654s] Level 1:colcon.colcon_core.environment:create_environment_scripts_only(2WD_Rover_app)
[2.668s] Level 1:colcon.colcon_core.environment:checking '/MyApp/simulation_ws/install/2WD_Rover_app' for CMake module files
[2.668s] Level 1:colcon.colcon_core.environment:checking '/MyApp/simulation_ws/install/2WD_Rover_app' for CMake config files
[2.669s] Level 1:colcon.colcon_core.shell:create_environment_hook('2WD_Rover_app', 'cmake_prefix_path')
[2.671s] INFO:colcon.colcon_core.shell:Creating environment hook '/MyApp/simulation_ws/install/2WD_Rover_app/share/2WD_Rover_app/hook/cmake_prefix_path.sh'
[2.673s] Level 1:colcon.colcon_core.environment:checking '/MyApp/simulation_ws/install/2WD_Rover_app/lib'
[2.673s] Level 1:colcon.colcon_core.environment:checking '/MyApp/simulation_ws/install/2WD_Rover_app/bin'
[2.673s] Level 1:colcon.colcon_core.environment:checking '/MyApp/simulation_ws/install/2WD_Rover_app/lib/pkgconfig/2WD_Rover_app.pc'
[2.673s] Level 1:colcon.colcon_core.shell:create_environment_hook('2WD_Rover_app', 'pkg_config')
[2.676s] INFO:colcon.colcon_core.shell:Creating environment hook '/MyApp/simulation_ws/install/2WD_Rover_app/share/2WD_Rover_app/hook/pkg_config.sh'
[2.676s] Level 1:colcon.colcon_core.environment:checking '/MyApp/simulation_ws/install/2WD_Rover_app/lib/python3.5/site-packages'
[2.679s] INFO:colcon.colcon_core.shell:Creating package script '/MyApp/simulation_ws/install/2WD_Rover_app/share/2WD_Rover_app/package.sh'
[2.680s] Level 1:colcon.colcon_core.environment:create_file_with_runtime_dependencies(/MyApp/simulation_ws/install/2WD_Rover_app/share/colcon-core/packages/2WD_Rover_app)
[2.680s] DEBUG:colcon.colcon_core.executor.sequential:run_until_complete '2WD_Rover_app' finished with '0'
[2.680s] DEBUG:colcon.colcon_core.executor.sequential:run_until_complete 'simulation_app'
[2.681s] INFO:colcon.colcon_ros.task.catkin.build:Building ROS package in '/MyApp/simulation_ws/src/simulation_app' with build type 'catkin'
[2.681s] INFO:colcon.colcon_cmake.task.cmake.build:Building CMake package in '/MyApp/simulation_ws/src/simulation_app'
[2.699s] DEBUG:colcon.colcon_core.event_handler.log_command:Invoking command in '/MyApp/simulation_ws/build/simulation_app': /usr/bin/cmake --build /MyApp/simulation_ws/build/simulation_app -- -j4 -l4
[2.737s] DEBUG:colcon.colcon_core.event_handler.log_command:Invoked command in '/MyApp/simulation_ws/build/simulation_app' returned '0': /usr/bin/cmake --build /MyApp/simulation_ws/build/simulation_app -- -j4 -l4
[2.802s] DEBUG:colcon.colcon_core.event_handler.log_command:Invoking command in '/MyApp/simulation_ws/build/simulation_app': /usr/bin/cmake --build /MyApp/simulation_ws/build/simulation_app --target tests -- -j4 -l4
[2.876s] DEBUG:colcon.colcon_core.event_handler.log_command:Invoked command in '/MyApp/simulation_ws/build/simulation_app' returned '0': /usr/bin/cmake --build /MyApp/simulation_ws/build/simulation_app --target tests -- -j4 -l4
[2.953s] DEBUG:colcon.colcon_core.event_handler.log_command:Invoking command in '/MyApp/simulation_ws/build/simulation_app': /usr/bin/cmake --build /MyApp/simulation_ws/build/simulation_app --target install
[3.016s] Level 1:colcon.colcon_core.shell:create_environment_hook('simulation_app', 'ros_package_path')
[3.020s] INFO:colcon.colcon_core.shell:Creating environment hook '/MyApp/simulation_ws/install/simulation_app/share/simulation_app/hook/ros_package_path.sh'
[3.020s] DEBUG:colcon.colcon_core.event_handler.log_command:Invoked command in '/MyApp/simulation_ws/build/simulation_app' returned '0': /usr/bin/cmake --build /MyApp/simulation_ws/build/simulation_app --target install
[3.021s] Level 1:colcon.colcon_ros.task.catkin:checking '/MyApp/simulation_ws/install/simulation_app/lib/python2.7/dist-packages'
[3.021s] Level 1:colcon.colcon_ros.task.catkin:checking '/MyApp/simulation_ws/install/simulation_app/lib/python2.7/site-packages'
[3.025s] Level 1:colcon.colcon_core.environment:create_environment_scripts_only(simulation_app)
[3.034s] Level 1:colcon.colcon_core.environment:checking '/MyApp/simulation_ws/install/simulation_app' for CMake module files
[3.035s] Level 1:colcon.colcon_core.environment:checking '/MyApp/simulation_ws/install/simulation_app' for CMake config files
[3.035s] Level 1:colcon.colcon_core.shell:create_environment_hook('simulation_app', 'cmake_prefix_path')
[3.039s] INFO:colcon.colcon_core.shell:Creating environment hook '/MyApp/simulation_ws/install/simulation_app/share/simulation_app/hook/cmake_prefix_path.sh'
[3.040s] Level 1:colcon.colcon_core.environment:checking '/MyApp/simulation_ws/install/simulation_app/lib'
[3.040s] Level 1:colcon.colcon_core.environment:checking '/MyApp/simulation_ws/install/simulation_app/bin'
[3.040s] Level 1:colcon.colcon_core.environment:checking '/MyApp/simulation_ws/install/simulation_app/lib/pkgconfig/simulation_app.pc'
[3.040s] Level 1:colcon.colcon_core.shell:create_environment_hook('simulation_app', 'pkg_config')
[3.043s] INFO:colcon.colcon_core.shell:Creating environment hook '/MyApp/simulation_ws/install/simulation_app/share/simulation_app/hook/pkg_config.sh'
[3.043s] Level 1:colcon.colcon_core.environment:checking '/MyApp/simulation_ws/install/simulation_app/lib/python3.5/site-packages'
[3.046s] INFO:colcon.colcon_core.shell:Creating package script '/MyApp/simulation_ws/install/simulation_app/share/simulation_app/package.sh'
[3.047s] Level 1:colcon.colcon_core.environment:create_file_with_runtime_dependencies(/MyApp/simulation_ws/install/simulation_app/share/colcon-core/packages/simulation_app)
[3.047s] DEBUG:colcon.colcon_core.executor.sequential:run_until_complete 'simulation_app' finished with '0'
[3.047s] DEBUG:colcon.colcon_core.executor.sequential:closing loop
[3.048s] DEBUG:colcon.colcon_core.executor.sequential:loop closed
[3.048s] DEBUG:colcon.colcon_core.event_reactor:joining thread
[3.049s] DEBUG:colcon.colcon_core.event_reactor:joined thread
[3.052s] INFO:colcon.colcon_core.shell:Creating prefix script '/MyApp/simulation_ws/install/local_setup.sh'
[3.053s] INFO:colcon.colcon_core.shell:Creating prefix chain script '/MyApp/simulation_ws/install/setup.sh'
