Determining if the pthread_create exist failed with the following output:
Change Dir: /home/nickp/Desktop/aws-robomaker-sample-application-roverrobotics/build/reset_amcl_pose/CMakeFiles/CMakeTmp

Run Build Command:"/usr/bin/make" "cmTC_fe13e/fast"
/usr/bin/make -f CMakeFiles/cmTC_fe13e.dir/build.make CMakeFiles/cmTC_fe13e.dir/build
make[1]: Entering directory '/home/nickp/Desktop/aws-robomaker-sample-application-roverrobotics/build/reset_amcl_pose/CMakeFiles/CMakeTmp'
Building C object CMakeFiles/cmTC_fe13e.dir/CheckSymbolExists.c.o
/usr/bin/cc     -o CMakeFiles/cmTC_fe13e.dir/CheckSymbolExists.c.o   -c /home/nickp/Desktop/aws-robomaker-sample-application-roverrobotics/build/reset_amcl_pose/CMakeFiles/CMakeTmp/CheckSymbolExists.c
Linking C executable cmTC_fe13e
/usr/bin/cmake -E cmake_link_script CMakeFiles/cmTC_fe13e.dir/link.txt --verbose=1
/usr/bin/cc       CMakeFiles/cmTC_fe13e.dir/CheckSymbolExists.c.o  -o cmTC_fe13e -rdynamic 
CMakeFiles/cmTC_fe13e.dir/CheckSymbolExists.c.o: In function `main':
CheckSymbolExists.c:(.text+0x16): undefined reference to `pthread_create'
collect2: error: ld returned 1 exit status
CMakeFiles/cmTC_fe13e.dir/build.make:97: recipe for target 'cmTC_fe13e' failed
make[1]: *** [cmTC_fe13e] Error 1
make[1]: Leaving directory '/home/nickp/Desktop/aws-robomaker-sample-application-roverrobotics/build/reset_amcl_pose/CMakeFiles/CMakeTmp'
Makefile:126: recipe for target 'cmTC_fe13e/fast' failed
make: *** [cmTC_fe13e/fast] Error 2

File /home/nickp/Desktop/aws-robomaker-sample-application-roverrobotics/build/reset_amcl_pose/CMakeFiles/CMakeTmp/CheckSymbolExists.c:
/* */
#include <pthread.h>

int main(int argc, char** argv)
{
  (void)argv;
#ifndef pthread_create
  return ((int*)(&pthread_create))[argc];
#else
  (void)argc;
  return 0;
#endif
}

Determining if the function pthread_create exists in the pthreads failed with the following output:
Change Dir: /home/nickp/Desktop/aws-robomaker-sample-application-roverrobotics/build/reset_amcl_pose/CMakeFiles/CMakeTmp

Run Build Command:"/usr/bin/make" "cmTC_36d1c/fast"
/usr/bin/make -f CMakeFiles/cmTC_36d1c.dir/build.make CMakeFiles/cmTC_36d1c.dir/build
make[1]: Entering directory '/home/nickp/Desktop/aws-robomaker-sample-application-roverrobotics/build/reset_amcl_pose/CMakeFiles/CMakeTmp'
Building C object CMakeFiles/cmTC_36d1c.dir/CheckFunctionExists.c.o
/usr/bin/cc    -DCHECK_FUNCTION_EXISTS=pthread_create   -o CMakeFiles/cmTC_36d1c.dir/CheckFunctionExists.c.o   -c /usr/share/cmake-3.5/Modules/CheckFunctionExists.c
Linking C executable cmTC_36d1c
/usr/bin/cmake -E cmake_link_script CMakeFiles/cmTC_36d1c.dir/link.txt --verbose=1
/usr/bin/cc   -DCHECK_FUNCTION_EXISTS=pthread_create    CMakeFiles/cmTC_36d1c.dir/CheckFunctionExists.c.o  -o cmTC_36d1c -rdynamic -lpthreads 
/usr/bin/ld: cannot find -lpthreads
collect2: error: ld returned 1 exit status
CMakeFiles/cmTC_36d1c.dir/build.make:97: recipe for target 'cmTC_36d1c' failed
make[1]: *** [cmTC_36d1c] Error 1
make[1]: Leaving directory '/home/nickp/Desktop/aws-robomaker-sample-application-roverrobotics/build/reset_amcl_pose/CMakeFiles/CMakeTmp'
Makefile:126: recipe for target 'cmTC_36d1c/fast' failed
make: *** [cmTC_36d1c/fast] Error 2


