[36mInstall the project...[0m
-- Install configuration: ""
-- Up-to-date: /home/nickp/Desktop/aws-robomaker-sample-application-roverrobotics/simulation_ws/install/simulation_app/lib/pkgconfig/simulation_app.pc
-- Up-to-date: /home/nickp/Desktop/aws-robomaker-sample-application-roverrobotics/simulation_ws/install/simulation_app/share/simulation_app/cmake/simulation_appConfig.cmake
-- Up-to-date: /home/nickp/Desktop/aws-robomaker-sample-application-roverrobotics/simulation_ws/install/simulation_app/share/simulation_app/cmake/simulation_appConfig-version.cmake
-- Up-to-date: /home/nickp/Desktop/aws-robomaker-sample-application-roverrobotics/simulation_ws/install/simulation_app/share/simulation_app/package.xml
-- Up-to-date: /home/nickp/Desktop/aws-robomaker-sample-application-roverrobotics/simulation_ws/install/simulation_app/share/simulation_app/launch
-- Up-to-date: /home/nickp/Desktop/aws-robomaker-sample-application-roverrobotics/simulation_ws/install/simulation_app/share/simulation_app/launch/spawn_rover.launch
-- Up-to-date: /home/nickp/Desktop/aws-robomaker-sample-application-roverrobotics/simulation_ws/install/simulation_app/share/simulation_app/launch/example.launch
-- Up-to-date: /home/nickp/Desktop/aws-robomaker-sample-application-roverrobotics/simulation_ws/install/simulation_app/share/simulation_app/models
-- Up-to-date: /home/nickp/Desktop/aws-robomaker-sample-application-roverrobotics/simulation_ws/install/simulation_app/share/simulation_app/models/aws_robomaker_warehouse_Sign_01
-- Up-to-date: /home/nickp/Desktop/aws-robomaker-sample-application-roverrobotics/simulation_ws/install/simulation_app/share/simulation_app/models/aws_robomaker_warehouse_Sign_01/meshes
-- Up-to-date: /home/nickp/Desktop/aws-robomaker-sample-application-roverrobotics/simulation_ws/install/simulation_app/share/simulation_app/models/aws_robomaker_warehouse_Sign_01/meshes/aws_robomaker_warehouse_Sign_01_visual.DAE
-- Up-to-date: /home/nickp/Desktop/aws-robomaker-sample-application-roverrobotics/simulation_ws/install/simulation_app/share/simulation_app/models/aws_robomaker_warehouse_Sign_01/meshes/aws_robomaker_warehouse_Sign_01_collision.DAE
-- Up-to-date: /home/nickp/Desktop/aws-robomaker-sample-application-roverrobotics/simulation_ws/install/simulation_app/share/simulation_app/models/aws_robomaker_warehouse_Sign_01/materials
-- Up-to-date: /home/nickp/Desktop/aws-robomaker-sample-application-roverrobotics/simulation_ws/install/simulation_app/share/simulation_app/models/aws_robomaker_warehouse_Sign_01/materials/textures
-- Up-to-date: /home/nickp/Desktop/aws-robomaker-sample-application-roverrobotics/simulation_ws/install/simulation_app/share/simulation_app/models/aws_robomaker_warehouse_Sign_01/materials/textures/aws_robomaker_warehouse_Sign_01.png
-- Up-to-date: /home/nickp/Desktop/aws-robomaker-sample-application-roverrobotics/simulation_ws/install/simulation_app/share/simulation_app/models/aws_robomaker_warehouse_Sign_01/model.config
-- Up-to-date: /home/nickp/Desktop/aws-robomaker-sample-application-roverrobotics/simulation_ws/install/simulation_app/share/simulation_app/models/aws_robomaker_warehouse_Sign_01/model.sdf
-- Up-to-date: /home/nickp/Desktop/aws-robomaker-sample-application-roverrobotics/simulation_ws/install/simulation_app/share/simulation_app/models/aws_robomaker_warehouse_Roof_01
-- Up-to-date: /home/nickp/Desktop/aws-robomaker-sample-application-roverrobotics/simulation_ws/install/simulation_app/share/simulation_app/models/aws_robomaker_warehouse_Roof_01/meshes
-- Up-to-date: /home/nickp/Desktop/aws-robomaker-sample-application-roverrobotics/simulation_ws/install/simulation_app/share/simulation_app/models/aws_robomaker_warehouse_Roof_01/meshes/aws_robomaker_warehouse_Roof_01_visual.DAE
-- Up-to-date: /home/nickp/Desktop/aws-robomaker-sample-application-roverrobotics/simulation_ws/install/simulation_app/share/simulation_app/models/aws_robomaker_warehouse_Roof_01/meshes/aws_robomaker_warehouse_Roof_01_collision.DAE
-- Up-to-date: /home/nickp/Desktop/aws-robomaker-sample-application-roverrobotics/simulation_ws/install/simulation_app/share/simulation_app/models/aws_robomaker_warehouse_Roof_01/materials
-- Up-to-date: /home/nickp/Desktop/aws-robomaker-sample-application-roverrobotics/simulation_ws/install/simulation_app/share/simulation_app/models/aws_robomaker_warehouse_Roof_01/materials/textures
-- Up-to-date: /home/nickp/Desktop/aws-robomaker-sample-application-roverrobotics/simulation_ws/install/simulation_app/share/simulation_app/models/aws_robomaker_warehouse_Roof_01/materials/textures/aws_robomaker_warehouse_Roof_01.png
-- Up-to-date: /home/nickp/Desktop/aws-robomaker-sample-application-roverrobotics/simulation_ws/install/simulation_app/share/simulation_app/models/aws_robomaker_warehouse_Roof_01/model.config
-- Up-to-date: /home/nickp/Desktop/aws-robomaker-sample-application-roverrobotics/simulation_ws/install/simulation_app/share/simulation_app/models/aws_robomaker_warehouse_Roof_01/model.sdf
-- Up-to-date: /home/nickp/Desktop/aws-robomaker-sample-application-roverrobotics/simulation_ws/install/simulation_app/share/simulation_app/models/._.DS_Store
-- Up-to-date: /home/nickp/Desktop/aws-robomaker-sample-application-roverrobotics/simulation_ws/install/simulation_app/share/simulation_app/models/aws_robomaker_warehouse_DeskA_01
-- Up-to-date: /home/nickp/Desktop/aws-robomaker-sample-application-roverrobotics/simulation_ws/install/simulation_app/share/simulation_app/models/aws_robomaker_warehouse_DeskA_01/meshes
-- Up-to-date: /home/nickp/Desktop/aws-robomaker-sample-application-roverrobotics/simulation_ws/install/simulation_app/share/simulation_app/models/aws_robomaker_warehouse_DeskA_01/meshes/aws_robomaker_warehouse_DeskA_01_visual.DAE
-- Up-to-date: /home/nickp/Desktop/aws-robomaker-sample-application-roverrobotics/simulation_ws/install/simulation_app/share/simulation_app/models/aws_robomaker_warehouse_DeskA_01/meshes/aws_robomaker_warehouse_DeskA_01_collision.DAE
-- Up-to-date: /home/nickp/Desktop/aws-robomaker-sample-application-roverrobotics/simulation_ws/install/simulation_app/share/simulation_app/models/aws_robomaker_warehouse_DeskA_01/materials
-- Up-to-date: /home/nickp/Desktop/aws-robomaker-sample-application-roverrobotics/simulation_ws/install/simulation_app/share/simulation_app/models/aws_robomaker_warehouse_DeskA_01/materials/textures
-- Up-to-date: /home/nickp/Desktop/aws-robomaker-sample-application-roverrobotics/simulation_ws/install/simulation_app/share/simulation_app/models/aws_robomaker_warehouse_DeskA_01/materials/textures/aws_robomaker_warehouse_DeskA_04.png
-- Up-to-date: /home/nickp/Desktop/aws-robomaker-sample-application-roverrobotics/simulation_ws/install/simulation_app/share/simulation_app/models/aws_robomaker_warehouse_DeskA_01/materials/textures/aws_robomaker_warehouse_DeskA_01.png
-- Up-to-date: /home/nickp/Desktop/aws-robomaker-sample-application-roverrobotics/simulation_ws/install/simulation_app/share/simulation_app/models/aws_robomaker_warehouse_DeskA_01/materials/textures/aws_robomaker_warehouse_DeskA_02.png
-- Up-to-date: /home/nickp/Desktop/aws-robomaker-sample-application-roverrobotics/simulation_ws/install/simulation_app/share/simulation_app/models/aws_robomaker_warehouse_DeskA_01/materials/textures/aws_robomaker_warehouse_DeskA_03.png
-- Up-to-date: /home/nickp/Desktop/aws-robomaker-sample-application-roverrobotics/simulation_ws/install/simulation_app/share/simulation_app/models/aws_robomaker_warehouse_DeskA_01/model.config
-- Up-to-date: /home/nickp/Desktop/aws-robomaker-sample-application-roverrobotics/simulation_ws/install/simulation_app/share/simulation_app/models/aws_robomaker_warehouse_DeskA_01/model.sdf
-- Up-to-date: /home/nickp/Desktop/aws-robomaker-sample-application-roverrobotics/simulation_ws/install/simulation_app/share/simulation_app/models/aws_robomaker_warehouse_Roadblock_01
-- Up-to-date: /home/nickp/Desktop/aws-robomaker-sample-application-roverrobotics/simulation_ws/install/simulation_app/share/simulation_app/models/aws_robomaker_warehouse_Roadblock_01/meshes
-- Up-to-date: /home/nickp/Desktop/aws-robomaker-sample-application-roverrobotics/simulation_ws/install/simulation_app/share/simulation_app/models/aws_robomaker_warehouse_Roadblock_01/meshes/aws_robomaker_warehouse_Roadblock_01_visual.DAE
-- Up-to-date: /home/nickp/Desktop/aws-robomaker-sample-application-roverrobotics/simulation_ws/install/simulation_app/share/simulation_app/models/aws_robomaker_warehouse_Roadblock_01/meshes/aws_robomaker_warehouse_Roadblock_01_collision.DAE
-- Up-to-date: /home/nickp/Desktop/aws-robomaker-sample-application-roverrobotics/simulation_ws/install/simulation_app/share/simulation_app/models/aws_robomaker_warehouse_Roadblock_01/materials
-- Up-to-date: /home/nickp/Desktop/aws-robomaker-sample-application-roverrobotics/simulation_ws/install/simulation_app/share/simulation_app/models/aws_robomaker_warehouse_Roadblock_01/materials/textures
-- Up-to-date: /home/nickp/Desktop/aws-robomaker-sample-application-roverrobotics/simulation_ws/install/simulation_app/share/simulation_app/models/aws_robomaker_warehouse_Roadblock_01/materials/textures/aws_robomaker_warehouse_Roadblock_01.png
-- Up-to-date: /home/nickp/Desktop/aws-robomaker-sample-application-roverrobotics/simulation_ws/install/simulation_app/share/simulation_app/models/aws_robomaker_warehouse_Roadblock_01/model.config
-- Up-to-date: /home/nickp/Desktop/aws-robomaker-sample-application-roverrobotics/simulation_ws/install/simulation_app/share/simulation_app/models/aws_robomaker_warehouse_Roadblock_01/model.sdf
-- Up-to-date: /home/nickp/Desktop/aws-robomaker-sample-application-roverrobotics/simulation_ws/install/simulation_app/share/simulation_app/models/aws_robomaker_warehouse_Wall_01
-- Up-to-date: /home/nickp/Desktop/aws-robomaker-sample-application-roverrobotics/simulation_ws/install/simulation_app/share/simulation_app/models/aws_robomaker_warehouse_Wall_01/meshes
-- Up-to-date: /home/nickp/Desktop/aws-robomaker-sample-application-roverrobotics/simulation_ws/install/simulation_app/share/simulation_app/models/aws_robomaker_warehouse_Wall_01/meshes/aws_robomaker_warehouse_Wall_01_collision.DAE
-- Up-to-date: /home/nickp/Desktop/aws-robomaker-sample-application-roverrobotics/simulation_ws/install/simulation_app/share/simulation_app/models/aws_robomaker_warehouse_Wall_01/meshes/aws_robomaker_warehouse_Wall_01_visual.DAE
-- Up-to-date: /home/nickp/Desktop/aws-robomaker-sample-application-roverrobotics/simulation_ws/install/simulation_app/share/simulation_app/models/aws_robomaker_warehouse_Wall_01/materials
-- Up-to-date: /home/nickp/Desktop/aws-robomaker-sample-application-roverrobotics/simulation_ws/install/simulation_app/share/simulation_app/models/aws_robomaker_warehouse_Wall_01/materials/textures
-- Up-to-date: /home/nickp/Desktop/aws-robomaker-sample-application-roverrobotics/simulation_ws/install/simulation_app/share/simulation_app/models/aws_robomaker_warehouse_Wall_01/materials/textures/aws_robomaker_warehouse_Wall_01.png
-- Up-to-date: /home/nickp/Desktop/aws-robomaker-sample-application-roverrobotics/simulation_ws/install/simulation_app/share/simulation_app/models/aws_robomaker_warehouse_Wall_01/materials/textures/aws_robomaker_warehouse_Wall_02.png
-- Up-to-date: /home/nickp/Desktop/aws-robomaker-sample-application-roverrobotics/simulation_ws/install/simulation_app/share/simulation_app/models/aws_robomaker_warehouse_Wall_01/materials/textures/aws_robomaker_warehouse_Wall_03.png
-- Up-to-date: /home/nickp/Desktop/aws-robomaker-sample-application-roverrobotics/simulation_ws/install/simulation_app/share/simulation_app/models/aws_robomaker_warehouse_Wall_01/model.config
-- Up-to-date: /home/nickp/Desktop/aws-robomaker-sample-application-roverrobotics/simulation_ws/install/simulation_app/share/simulation_app/models/aws_robomaker_warehouse_Wall_01/model.sdf
-- Up-to-date: /home/nickp/Desktop/aws-robomaker-sample-application-roverrobotics/simulation_ws/install/simulation_app/share/simulation_app/models/aws_robomaker_warehouse_ClutteringC_01
-- Up-to-date: /home/nickp/Desktop/aws-robomaker-sample-application-roverrobotics/simulation_ws/install/simulation_app/share/simulation_app/models/aws_robomaker_warehouse_ClutteringC_01/meshes
-- Up-to-date: /home/nickp/Desktop/aws-robomaker-sample-application-roverrobotics/simulation_ws/install/simulation_app/share/simulation_app/models/aws_robomaker_warehouse_ClutteringC_01/meshes/aws_robomaker_warehouse_ClutteringC_01_collision.DAE
-- Up-to-date: /home/nickp/Desktop/aws-robomaker-sample-application-roverrobotics/simulation_ws/install/simulation_app/share/simulation_app/models/aws_robomaker_warehouse_ClutteringC_01/meshes/aws_robomaker_warehouse_ClutteringC_01_visual.DAE
-- Up-to-date: /home/nickp/Desktop/aws-robomaker-sample-application-roverrobotics/simulation_ws/install/simulation_app/share/simulation_app/models/aws_robomaker_warehouse_ClutteringC_01/materials
-- Up-to-date: /home/nickp/Desktop/aws-robomaker-sample-application-roverrobotics/simulation_ws/install/simulation_app/share/simulation_app/models/aws_robomaker_warehouse_ClutteringC_01/materials/textures
-- Up-to-date: /home/nickp/Desktop/aws-robomaker-sample-application-roverrobotics/simulation_ws/install/simulation_app/share/simulation_app/models/aws_robomaker_warehouse_ClutteringC_01/materials/textures/aws_robomaker_warehouse_ClutteringC_01.png
-- Up-to-date: /home/nickp/Desktop/aws-robomaker-sample-application-roverrobotics/simulation_ws/install/simulation_app/share/simulation_app/models/aws_robomaker_warehouse_ClutteringC_01/materials/textures/aws_robomaker_warehouse_ClutteringC_02.png
-- Up-to-date: /home/nickp/Desktop/aws-robomaker-sample-application-roverrobotics/simulation_ws/install/simulation_app/share/simulation_app/models/aws_robomaker_warehouse_ClutteringC_01/model.config
-- Up-to-date: /home/nickp/Desktop/aws-robomaker-sample-application-roverrobotics/simulation_ws/install/simulation_app/share/simulation_app/models/aws_robomaker_warehouse_ClutteringC_01/model.sdf
-- Up-to-date: /home/nickp/Desktop/aws-robomaker-sample-application-roverrobotics/simulation_ws/install/simulation_app/share/simulation_app/models/aws_robomaker_warehouse_ShelfB_01
-- Up-to-date: /home/nickp/Desktop/aws-robomaker-sample-application-roverrobotics/simulation_ws/install/simulation_app/share/simulation_app/models/aws_robomaker_warehouse_ShelfB_01/meshes
-- Up-to-date: /home/nickp/Desktop/aws-robomaker-sample-application-roverrobotics/simulation_ws/install/simulation_app/share/simulation_app/models/aws_robomaker_warehouse_ShelfB_01/meshes/aws_robomaker_warehouse_ShelfB_01_collision.DAE
-- Up-to-date: /home/nickp/Desktop/aws-robomaker-sample-application-roverrobotics/simulation_ws/install/simulation_app/share/simulation_app/models/aws_robomaker_warehouse_ShelfB_01/meshes/aws_robomaker_warehouse_ShelfB_01_visual.DAE
-- Up-to-date: /home/nickp/Desktop/aws-robomaker-sample-application-roverrobotics/simulation_ws/install/simulation_app/share/simulation_app/models/aws_robomaker_warehouse_ShelfB_01/materials
-- Up-to-date: /home/nickp/Desktop/aws-robomaker-sample-application-roverrobotics/simulation_ws/install/simulation_app/share/simulation_app/models/aws_robomaker_warehouse_ShelfB_01/materials/textures
-- Up-to-date: /home/nickp/Desktop/aws-robomaker-sample-application-roverrobotics/simulation_ws/install/simulation_app/share/simulation_app/models/aws_robomaker_warehouse_ShelfB_01/materials/textures/aws_robomaker_warehouse_ShelfB_01.png
-- Up-to-date: /home/nickp/Desktop/aws-robomaker-sample-application-roverrobotics/simulation_ws/install/simulation_app/share/simulation_app/models/aws_robomaker_warehouse_ShelfB_01/materials/textures/aws_robomaker_warehouse_ShelfB_02.png
-- Up-to-date: /home/nickp/Desktop/aws-robomaker-sample-application-roverrobotics/simulation_ws/install/simulation_app/share/simulation_app/models/aws_robomaker_warehouse_ShelfB_01/materials/textures/aws_robomaker_warehouse_ShelfB_03.png
-- Up-to-date: /home/nickp/Desktop/aws-robomaker-sample-application-roverrobotics/simulation_ws/install/simulation_app/share/simulation_app/models/aws_robomaker_warehouse_ShelfB_01/materials/textures/aws_robomaker_warehouse_ShelfB_04.png
-- Up-to-date: /home/nickp/Desktop/aws-robomaker-sample-application-roverrobotics/simulation_ws/install/simulation_app/share/simulation_app/models/aws_robomaker_warehouse_ShelfB_01/model.config
-- Up-to-date: /home/nickp/Desktop/aws-robomaker-sample-application-roverrobotics/simulation_ws/install/simulation_app/share/simulation_app/models/aws_robomaker_warehouse_ShelfB_01/model.sdf
-- Up-to-date: /home/nickp/Desktop/aws-robomaker-sample-application-roverrobotics/simulation_ws/install/simulation_app/share/simulation_app/models/aws_robomaker_warehouse_ShelfF_01
-- Up-to-date: /home/nickp/Desktop/aws-robomaker-sample-application-roverrobotics/simulation_ws/install/simulation_app/share/simulation_app/models/aws_robomaker_warehouse_ShelfF_01/meshes
-- Up-to-date: /home/nickp/Desktop/aws-robomaker-sample-application-roverrobotics/simulation_ws/install/simulation_app/share/simulation_app/models/aws_robomaker_warehouse_ShelfF_01/meshes/aws_robomaker_warehouse_ShelfF_01_collision.DAE
-- Up-to-date: /home/nickp/Desktop/aws-robomaker-sample-application-roverrobotics/simulation_ws/install/simulation_app/share/simulation_app/models/aws_robomaker_warehouse_ShelfF_01/meshes/aws_robomaker_warehouse_ShelfF_01_visual.DAE
-- Up-to-date: /home/nickp/Desktop/aws-robomaker-sample-application-roverrobotics/simulation_ws/install/simulation_app/share/simulation_app/models/aws_robomaker_warehouse_ShelfF_01/materials
-- Up-to-date: /home/nickp/Desktop/aws-robomaker-sample-application-roverrobotics/simulation_ws/install/simulation_app/share/simulation_app/models/aws_robomaker_warehouse_ShelfF_01/materials/textures
-- Up-to-date: /home/nickp/Desktop/aws-robomaker-sample-application-roverrobotics/simulation_ws/install/simulation_app/share/simulation_app/models/aws_robomaker_warehouse_ShelfF_01/materials/textures/aws_robomaker_warehouse_ShelfF_03.png
-- Up-to-date: /home/nickp/Desktop/aws-robomaker-sample-application-roverrobotics/simulation_ws/install/simulation_app/share/simulation_app/models/aws_robomaker_warehouse_ShelfF_01/materials/textures/aws_robomaker_warehouse_ShelfF_01.png
-- Up-to-date: /home/nickp/Desktop/aws-robomaker-sample-application-roverrobotics/simulation_ws/install/simulation_app/share/simulation_app/models/aws_robomaker_warehouse_ShelfF_01/materials/textures/aws_robomaker_warehouse_ShelfF_02.png
-- Up-to-date: /home/nickp/Desktop/aws-robomaker-sample-application-roverrobotics/simulation_ws/install/simulation_app/share/simulation_app/models/aws_robomaker_warehouse_ShelfF_01/model.config
-- Up-to-date: /home/nickp/Desktop/aws-robomaker-sample-application-roverrobotics/simulation_ws/install/simulation_app/share/simulation_app/models/aws_robomaker_warehouse_ShelfF_01/model.sdf
-- Up-to-date: /home/nickp/Desktop/aws-robomaker-sample-application-roverrobotics/simulation_ws/install/simulation_app/share/simulation_app/models/aws_robomaker_warehouse_ClutteringA_01
-- Up-to-date: /home/nickp/Desktop/aws-robomaker-sample-application-roverrobotics/simulation_ws/install/simulation_app/share/simulation_app/models/aws_robomaker_warehouse_ClutteringA_01/meshes
-- Up-to-date: /home/nickp/Desktop/aws-robomaker-sample-application-roverrobotics/simulation_ws/install/simulation_app/share/simulation_app/models/aws_robomaker_warehouse_ClutteringA_01/meshes/aws_robomaker_warehouse_ClutteringA_01_visual.DAE
-- Up-to-date: /home/nickp/Desktop/aws-robomaker-sample-application-roverrobotics/simulation_ws/install/simulation_app/share/simulation_app/models/aws_robomaker_warehouse_ClutteringA_01/meshes/aws_robomaker_warehouse_ClutteringA_01_collision.DAE
-- Up-to-date: /home/nickp/Desktop/aws-robomaker-sample-application-roverrobotics/simulation_ws/install/simulation_app/share/simulation_app/models/aws_robomaker_warehouse_ClutteringA_01/materials
-- Up-to-date: /home/nickp/Desktop/aws-robomaker-sample-application-roverrobotics/simulation_ws/install/simulation_app/share/simulation_app/models/aws_robomaker_warehouse_ClutteringA_01/materials/textures
-- Up-to-date: /home/nickp/Desktop/aws-robomaker-sample-application-roverrobotics/simulation_ws/install/simulation_app/share/simulation_app/models/aws_robomaker_warehouse_ClutteringA_01/materials/textures/aws_robomaker_warehouse_ClutteringA_03.png
-- Up-to-date: /home/nickp/Desktop/aws-robomaker-sample-application-roverrobotics/simulation_ws/install/simulation_app/share/simulation_app/models/aws_robomaker_warehouse_ClutteringA_01/materials/textures/aws_robomaker_warehouse_ClutteringA_02.png
-- Up-to-date: /home/nickp/Desktop/aws-robomaker-sample-application-roverrobotics/simulation_ws/install/simulation_app/share/simulation_app/models/aws_robomaker_warehouse_ClutteringA_01/materials/textures/aws_robomaker_warehouse_ClutteringA_01.png
-- Up-to-date: /home/nickp/Desktop/aws-robomaker-sample-application-roverrobotics/simulation_ws/install/simulation_app/share/simulation_app/models/aws_robomaker_warehouse_ClutteringA_01/model.config
-- Up-to-date: /home/nickp/Desktop/aws-robomaker-sample-application-roverrobotics/simulation_ws/install/simulation_app/share/simulation_app/models/aws_robomaker_warehouse_ClutteringA_01/model.sdf
-- Up-to-date: /home/nickp/Desktop/aws-robomaker-sample-application-roverrobotics/simulation_ws/install/simulation_app/share/simulation_app/models/aws_robomaker_warehouse_Lamp_01
-- Up-to-date: /home/nickp/Desktop/aws-robomaker-sample-application-roverrobotics/simulation_ws/install/simulation_app/share/simulation_app/models/aws_robomaker_warehouse_Lamp_01/meshes
-- Up-to-date: /home/nickp/Desktop/aws-robomaker-sample-application-roverrobotics/simulation_ws/install/simulation_app/share/simulation_app/models/aws_robomaker_warehouse_Lamp_01/meshes/aws_robomaker_warehouse_Lamp_01_collision.DAE
-- Up-to-date: /home/nickp/Desktop/aws-robomaker-sample-application-roverrobotics/simulation_ws/install/simulation_app/share/simulation_app/models/aws_robomaker_warehouse_Lamp_01/meshes/aws_robomaker_warehouse_Lamp_01_visual.DAE
-- Up-to-date: /home/nickp/Desktop/aws-robomaker-sample-application-roverrobotics/simulation_ws/install/simulation_app/share/simulation_app/models/aws_robomaker_warehouse_Lamp_01/materials
-- Up-to-date: /home/nickp/Desktop/aws-robomaker-sample-application-roverrobotics/simulation_ws/install/simulation_app/share/simulation_app/models/aws_robomaker_warehouse_Lamp_01/materials/textures
-- Up-to-date: /home/nickp/Desktop/aws-robomaker-sample-application-roverrobotics/simulation_ws/install/simulation_app/share/simulation_app/models/aws_robomaker_warehouse_Lamp_01/materials/textures/aws_robomaker_warehouse_Lamp_01.png
-- Up-to-date: /home/nickp/Desktop/aws-robomaker-sample-application-roverrobotics/simulation_ws/install/simulation_app/share/simulation_app/models/aws_robomaker_warehouse_Lamp_01/model.config
-- Up-to-date: /home/nickp/Desktop/aws-robomaker-sample-application-roverrobotics/simulation_ws/install/simulation_app/share/simulation_app/models/aws_robomaker_warehouse_Lamp_01/model.sdf
-- Up-to-date: /home/nickp/Desktop/aws-robomaker-sample-application-roverrobotics/simulation_ws/install/simulation_app/share/simulation_app/models/remars_arena
-- Up-to-date: /home/nickp/Desktop/aws-robomaker-sample-application-roverrobotics/simulation_ws/install/simulation_app/share/simulation_app/models/remars_arena/meshes
-- Up-to-date: /home/nickp/Desktop/aws-robomaker-sample-application-roverrobotics/simulation_ws/install/simulation_app/share/simulation_app/models/remars_arena/meshes/remars_arena.stl
-- Up-to-date: /home/nickp/Desktop/aws-robomaker-sample-application-roverrobotics/simulation_ws/install/simulation_app/share/simulation_app/models/remars_arena/materials
-- Up-to-date: /home/nickp/Desktop/aws-robomaker-sample-application-roverrobotics/simulation_ws/install/simulation_app/share/simulation_app/models/remars_arena/materials/textures
-- Up-to-date: /home/nickp/Desktop/aws-robomaker-sample-application-roverrobotics/simulation_ws/install/simulation_app/share/simulation_app/models/remars_arena/materials/textures/aws_robomaker_warehouse_Bucket_01.png
-- Up-to-date: /home/nickp/Desktop/aws-robomaker-sample-application-roverrobotics/simulation_ws/install/simulation_app/share/simulation_app/models/remars_arena/model.config
-- Up-to-date: /home/nickp/Desktop/aws-robomaker-sample-application-roverrobotics/simulation_ws/install/simulation_app/share/simulation_app/models/remars_arena/model.sdf
-- Up-to-date: /home/nickp/Desktop/aws-robomaker-sample-application-roverrobotics/simulation_ws/install/simulation_app/share/simulation_app/models/aws_robomaker_warehouse_TrashCanC_01
-- Up-to-date: /home/nickp/Desktop/aws-robomaker-sample-application-roverrobotics/simulation_ws/install/simulation_app/share/simulation_app/models/aws_robomaker_warehouse_TrashCanC_01/meshes
-- Up-to-date: /home/nickp/Desktop/aws-robomaker-sample-application-roverrobotics/simulation_ws/install/simulation_app/share/simulation_app/models/aws_robomaker_warehouse_TrashCanC_01/meshes/aws_robomaker_warehouse_TrashCanC_01_visual.DAE
-- Up-to-date: /home/nickp/Desktop/aws-robomaker-sample-application-roverrobotics/simulation_ws/install/simulation_app/share/simulation_app/models/aws_robomaker_warehouse_TrashCanC_01/meshes/aws_robomaker_warehouse_TrashCanC_01_collision.DAE
-- Up-to-date: /home/nickp/Desktop/aws-robomaker-sample-application-roverrobotics/simulation_ws/install/simulation_app/share/simulation_app/models/aws_robomaker_warehouse_TrashCanC_01/materials
-- Up-to-date: /home/nickp/Desktop/aws-robomaker-sample-application-roverrobotics/simulation_ws/install/simulation_app/share/simulation_app/models/aws_robomaker_warehouse_TrashCanC_01/materials/textures
-- Up-to-date: /home/nickp/Desktop/aws-robomaker-sample-application-roverrobotics/simulation_ws/install/simulation_app/share/simulation_app/models/aws_robomaker_warehouse_TrashCanC_01/materials/textures/aws_robomaker_warehouse_TrashCanC_01.png
-- Up-to-date: /home/nickp/Desktop/aws-robomaker-sample-application-roverrobotics/simulation_ws/install/simulation_app/share/simulation_app/models/aws_robomaker_warehouse_TrashCanC_01/model.config
-- Up-to-date: /home/nickp/Desktop/aws-robomaker-sample-application-roverrobotics/simulation_ws/install/simulation_app/share/simulation_app/models/aws_robomaker_warehouse_TrashCanC_01/model.sdf
-- Up-to-date: /home/nickp/Desktop/aws-robomaker-sample-application-roverrobotics/simulation_ws/install/simulation_app/share/simulation_app/models/aws_robomaker_warehouse_ShelfC_01
-- Up-to-date: /home/nickp/Desktop/aws-robomaker-sample-application-roverrobotics/simulation_ws/install/simulation_app/share/simulation_app/models/aws_robomaker_warehouse_ShelfC_01/meshes
-- Up-to-date: /home/nickp/Desktop/aws-robomaker-sample-application-roverrobotics/simulation_ws/install/simulation_app/share/simulation_app/models/aws_robomaker_warehouse_ShelfC_01/meshes/aws_robomaker_warehouse_ShelfC_01_visual.DAE
-- Up-to-date: /home/nickp/Desktop/aws-robomaker-sample-application-roverrobotics/simulation_ws/install/simulation_app/share/simulation_app/models/aws_robomaker_warehouse_ShelfC_01/meshes/aws_robomaker_warehouse_ShelfC_01_collision.DAE
-- Up-to-date: /home/nickp/Desktop/aws-robomaker-sample-application-roverrobotics/simulation_ws/install/simulation_app/share/simulation_app/models/aws_robomaker_warehouse_ShelfC_01/materials
-- Up-to-date: /home/nickp/Desktop/aws-robomaker-sample-application-roverrobotics/simulation_ws/install/simulation_app/share/simulation_app/models/aws_robomaker_warehouse_ShelfC_01/materials/textures
-- Up-to-date: /home/nickp/Desktop/aws-robomaker-sample-application-roverrobotics/simulation_ws/install/simulation_app/share/simulation_app/models/aws_robomaker_warehouse_ShelfC_01/materials/textures/aws_robomaker_warehouse_ShelfC_02.png
-- Up-to-date: /home/nickp/Desktop/aws-robomaker-sample-application-roverrobotics/simulation_ws/install/simulation_app/share/simulation_app/models/aws_robomaker_warehouse_ShelfC_01/materials/textures/aws_robomaker_warehouse_ShelfC_03.png
-- Up-to-date: /home/nickp/Desktop/aws-robomaker-sample-application-roverrobotics/simulation_ws/install/simulation_app/share/simulation_app/models/aws_robomaker_warehouse_ShelfC_01/materials/textures/aws_robomaker_warehouse_ShelfC_01.png
-- Up-to-date: /home/nickp/Desktop/aws-robomaker-sample-application-roverrobotics/simulation_ws/install/simulation_app/share/simulation_app/models/aws_robomaker_warehouse_ShelfC_01/materials/textures/aws_robomaker_warehouse_ShelfC_04.png
-- Up-to-date: /home/nickp/Desktop/aws-robomaker-sample-application-roverrobotics/simulation_ws/install/simulation_app/share/simulation_app/models/aws_robomaker_warehouse_ShelfC_01/model.config
-- Up-to-date: /home/nickp/Desktop/aws-robomaker-sample-application-roverrobotics/simulation_ws/install/simulation_app/share/simulation_app/models/aws_robomaker_warehouse_ShelfC_01/model.sdf
-- Up-to-date: /home/nickp/Desktop/aws-robomaker-sample-application-roverrobotics/simulation_ws/install/simulation_app/share/simulation_app/models/.DS_Store
-- Up-to-date: /home/nickp/Desktop/aws-robomaker-sample-application-roverrobotics/simulation_ws/install/simulation_app/share/simulation_app/models/aws_robomaker_warehouse_Bucket_01
-- Up-to-date: /home/nickp/Desktop/aws-robomaker-sample-application-roverrobotics/simulation_ws/install/simulation_app/share/simulation_app/models/aws_robomaker_warehouse_Bucket_01/meshes
-- Up-to-date: /home/nickp/Desktop/aws-robomaker-sample-application-roverrobotics/simulation_ws/install/simulation_app/share/simulation_app/models/aws_robomaker_warehouse_Bucket_01/meshes/aws_robomaker_warehouse_Bucket_01_visual.DAE
-- Up-to-date: /home/nickp/Desktop/aws-robomaker-sample-application-roverrobotics/simulation_ws/install/simulation_app/share/simulation_app/models/aws_robomaker_warehouse_Bucket_01/meshes/aws_robomaker_warehouse_Bucket_01_collision.DAE
-- Up-to-date: /home/nickp/Desktop/aws-robomaker-sample-application-roverrobotics/simulation_ws/install/simulation_app/share/simulation_app/models/aws_robomaker_warehouse_Bucket_01/materials
-- Up-to-date: /home/nickp/Desktop/aws-robomaker-sample-application-roverrobotics/simulation_ws/install/simulation_app/share/simulation_app/models/aws_robomaker_warehouse_Bucket_01/materials/textures
-- Up-to-date: /home/nickp/Desktop/aws-robomaker-sample-application-roverrobotics/simulation_ws/install/simulation_app/share/simulation_app/models/aws_robomaker_warehouse_Bucket_01/materials/textures/aws_robomaker_warehouse_Bucket_01.png
-- Up-to-date: /home/nickp/Desktop/aws-robomaker-sample-application-roverrobotics/simulation_ws/install/simulation_app/share/simulation_app/models/aws_robomaker_warehouse_Bucket_01/model.config
-- Up-to-date: /home/nickp/Desktop/aws-robomaker-sample-application-roverrobotics/simulation_ws/install/simulation_app/share/simulation_app/models/aws_robomaker_warehouse_Bucket_01/model.sdf
-- Up-to-date: /home/nickp/Desktop/aws-robomaker-sample-application-roverrobotics/simulation_ws/install/simulation_app/share/simulation_app/models/aws_robomaker_warehouse_Ground_01
-- Up-to-date: /home/nickp/Desktop/aws-robomaker-sample-application-roverrobotics/simulation_ws/install/simulation_app/share/simulation_app/models/aws_robomaker_warehouse_Ground_01/meshes
-- Up-to-date: /home/nickp/Desktop/aws-robomaker-sample-application-roverrobotics/simulation_ws/install/simulation_app/share/simulation_app/models/aws_robomaker_warehouse_Ground_01/meshes/aws_robomaker_warehouse_Ground_01_collision.DAE
-- Up-to-date: /home/nickp/Desktop/aws-robomaker-sample-application-roverrobotics/simulation_ws/install/simulation_app/share/simulation_app/models/aws_robomaker_warehouse_Ground_01/meshes/aws_robomaker_warehouse_Ground_01_visual.DAE
-- Up-to-date: /home/nickp/Desktop/aws-robomaker-sample-application-roverrobotics/simulation_ws/install/simulation_app/share/simulation_app/models/aws_robomaker_warehouse_Ground_01/materials
-- Up-to-date: /home/nickp/Desktop/aws-robomaker-sample-application-roverrobotics/simulation_ws/install/simulation_app/share/simulation_app/models/aws_robomaker_warehouse_Ground_01/materials/textures
-- Up-to-date: /home/nickp/Desktop/aws-robomaker-sample-application-roverrobotics/simulation_ws/install/simulation_app/share/simulation_app/models/aws_robomaker_warehouse_Ground_01/materials/textures/aws_robomaker_warehouse_Ground_01.png
-- Up-to-date: /home/nickp/Desktop/aws-robomaker-sample-application-roverrobotics/simulation_ws/install/simulation_app/share/simulation_app/models/aws_robomaker_warehouse_Ground_01/materials/textures/aws_robomaker_warehouse_Ground_04.png
-- Up-to-date: /home/nickp/Desktop/aws-robomaker-sample-application-roverrobotics/simulation_ws/install/simulation_app/share/simulation_app/models/aws_robomaker_warehouse_Ground_01/materials/textures/aws_robomaker_warehouse_Ground_02.png
-- Up-to-date: /home/nickp/Desktop/aws-robomaker-sample-application-roverrobotics/simulation_ws/install/simulation_app/share/simulation_app/models/aws_robomaker_warehouse_Ground_01/materials/textures/aws_robomaker_warehouse_Ground_03.png
-- Up-to-date: /home/nickp/Desktop/aws-robomaker-sample-application-roverrobotics/simulation_ws/install/simulation_app/share/simulation_app/models/aws_robomaker_warehouse_Ground_01/model.config
-- Up-to-date: /home/nickp/Desktop/aws-robomaker-sample-application-roverrobotics/simulation_ws/install/simulation_app/share/simulation_app/models/aws_robomaker_warehouse_Ground_01/model.sdf
-- Up-to-date: /home/nickp/Desktop/aws-robomaker-sample-application-roverrobotics/simulation_ws/install/simulation_app/share/simulation_app/models/aws_robomaker_warehouse_DeskB_01
-- Up-to-date: /home/nickp/Desktop/aws-robomaker-sample-application-roverrobotics/simulation_ws/install/simulation_app/share/simulation_app/models/aws_robomaker_warehouse_DeskB_01/meshes
-- Up-to-date: /home/nickp/Desktop/aws-robomaker-sample-application-roverrobotics/simulation_ws/install/simulation_app/share/simulation_app/models/aws_robomaker_warehouse_DeskB_01/meshes/aws_robomaker_warehouse_DeskB_01_collision.DAE
-- Up-to-date: /home/nickp/Desktop/aws-robomaker-sample-application-roverrobotics/simulation_ws/install/simulation_app/share/simulation_app/models/aws_robomaker_warehouse_DeskB_01/meshes/aws_robomaker_warehouse_DeskB_01_visual.DAE
-- Up-to-date: /home/nickp/Desktop/aws-robomaker-sample-application-roverrobotics/simulation_ws/install/simulation_app/share/simulation_app/models/aws_robomaker_warehouse_DeskB_01/materials
-- Up-to-date: /home/nickp/Desktop/aws-robomaker-sample-application-roverrobotics/simulation_ws/install/simulation_app/share/simulation_app/models/aws_robomaker_warehouse_DeskB_01/materials/textures
-- Up-to-date: /home/nickp/Desktop/aws-robomaker-sample-application-roverrobotics/simulation_ws/install/simulation_app/share/simulation_app/models/aws_robomaker_warehouse_DeskB_01/materials/textures/aws_robomaker_warehouse_DeskB_01.png
-- Up-to-date: /home/nickp/Desktop/aws-robomaker-sample-application-roverrobotics/simulation_ws/install/simulation_app/share/simulation_app/models/aws_robomaker_warehouse_DeskB_01/materials/textures/aws_robomaker_warehouse_DeskB_04.png
-- Up-to-date: /home/nickp/Desktop/aws-robomaker-sample-application-roverrobotics/simulation_ws/install/simulation_app/share/simulation_app/models/aws_robomaker_warehouse_DeskB_01/materials/textures/aws_robomaker_warehouse_DeskB_03.png
-- Up-to-date: /home/nickp/Desktop/aws-robomaker-sample-application-roverrobotics/simulation_ws/install/simulation_app/share/simulation_app/models/aws_robomaker_warehouse_DeskB_01/materials/textures/aws_robomaker_warehouse_DeskB_02.png
-- Up-to-date: /home/nickp/Desktop/aws-robomaker-sample-application-roverrobotics/simulation_ws/install/simulation_app/share/simulation_app/models/aws_robomaker_warehouse_DeskB_01/model.config
-- Up-to-date: /home/nickp/Desktop/aws-robomaker-sample-application-roverrobotics/simulation_ws/install/simulation_app/share/simulation_app/models/aws_robomaker_warehouse_DeskB_01/model.sdf
-- Up-to-date: /home/nickp/Desktop/aws-robomaker-sample-application-roverrobotics/simulation_ws/install/simulation_app/share/simulation_app/models/aws_robomaker_warehouse_ClutteringD_01
-- Up-to-date: /home/nickp/Desktop/aws-robomaker-sample-application-roverrobotics/simulation_ws/install/simulation_app/share/simulation_app/models/aws_robomaker_warehouse_ClutteringD_01/meshes
-- Up-to-date: /home/nickp/Desktop/aws-robomaker-sample-application-roverrobotics/simulation_ws/install/simulation_app/share/simulation_app/models/aws_robomaker_warehouse_ClutteringD_01/meshes/aws_robomaker_warehouse_ClutteringD_01_collision.DAE
-- Up-to-date: /home/nickp/Desktop/aws-robomaker-sample-application-roverrobotics/simulation_ws/install/simulation_app/share/simulation_app/models/aws_robomaker_warehouse_ClutteringD_01/meshes/aws_robomaker_warehouse_ClutteringD_01_visual.DAE
-- Up-to-date: /home/nickp/Desktop/aws-robomaker-sample-application-roverrobotics/simulation_ws/install/simulation_app/share/simulation_app/models/aws_robomaker_warehouse_ClutteringD_01/materials
-- Up-to-date: /home/nickp/Desktop/aws-robomaker-sample-application-roverrobotics/simulation_ws/install/simulation_app/share/simulation_app/models/aws_robomaker_warehouse_ClutteringD_01/materials/textures
-- Up-to-date: /home/nickp/Desktop/aws-robomaker-sample-application-roverrobotics/simulation_ws/install/simulation_app/share/simulation_app/models/aws_robomaker_warehouse_ClutteringD_01/materials/textures/aws_robomaker_warehouse_ClutteringD_02.png
-- Up-to-date: /home/nickp/Desktop/aws-robomaker-sample-application-roverrobotics/simulation_ws/install/simulation_app/share/simulation_app/models/aws_robomaker_warehouse_ClutteringD_01/materials/textures/aws_robomaker_warehouse_ClutteringD_01.png
-- Up-to-date: /home/nickp/Desktop/aws-robomaker-sample-application-roverrobotics/simulation_ws/install/simulation_app/share/simulation_app/models/aws_robomaker_warehouse_ClutteringD_01/model.config
-- Up-to-date: /home/nickp/Desktop/aws-robomaker-sample-application-roverrobotics/simulation_ws/install/simulation_app/share/simulation_app/models/aws_robomaker_warehouse_ClutteringD_01/model.sdf
-- Up-to-date: /home/nickp/Desktop/aws-robomaker-sample-application-roverrobotics/simulation_ws/install/simulation_app/share/simulation_app/models/remars_swagbot
-- Up-to-date: /home/nickp/Desktop/aws-robomaker-sample-application-roverrobotics/simulation_ws/install/simulation_app/share/simulation_app/models/remars_swagbot/meshes
-- Up-to-date: /home/nickp/Desktop/aws-robomaker-sample-application-roverrobotics/simulation_ws/install/simulation_app/share/simulation_app/models/remars_swagbot/meshes/remars_swagbot.stl
-- Up-to-date: /home/nickp/Desktop/aws-robomaker-sample-application-roverrobotics/simulation_ws/install/simulation_app/share/simulation_app/models/remars_swagbot/materials
-- Up-to-date: /home/nickp/Desktop/aws-robomaker-sample-application-roverrobotics/simulation_ws/install/simulation_app/share/simulation_app/models/remars_swagbot/materials/textures
-- Up-to-date: /home/nickp/Desktop/aws-robomaker-sample-application-roverrobotics/simulation_ws/install/simulation_app/share/simulation_app/models/remars_swagbot/materials/textures/aws_robomaker_warehouse_Bucket_01.png
-- Up-to-date: /home/nickp/Desktop/aws-robomaker-sample-application-roverrobotics/simulation_ws/install/simulation_app/share/simulation_app/models/remars_swagbot/model.config
-- Up-to-date: /home/nickp/Desktop/aws-robomaker-sample-application-roverrobotics/simulation_ws/install/simulation_app/share/simulation_app/models/remars_swagbot/model.sdf
-- Up-to-date: /home/nickp/Desktop/aws-robomaker-sample-application-roverrobotics/simulation_ws/install/simulation_app/share/simulation_app/models/aws_robomaker_warehouse_PalletJackB_01
-- Up-to-date: /home/nickp/Desktop/aws-robomaker-sample-application-roverrobotics/simulation_ws/install/simulation_app/share/simulation_app/models/aws_robomaker_warehouse_PalletJackB_01/meshes
-- Up-to-date: /home/nickp/Desktop/aws-robomaker-sample-application-roverrobotics/simulation_ws/install/simulation_app/share/simulation_app/models/aws_robomaker_warehouse_PalletJackB_01/meshes/aws_robomaker_warehouse_PalletJackB_01_collision.DAE
-- Up-to-date: /home/nickp/Desktop/aws-robomaker-sample-application-roverrobotics/simulation_ws/install/simulation_app/share/simulation_app/models/aws_robomaker_warehouse_PalletJackB_01/meshes/aws_robomaker_warehouse_PalletJackB_01_visual.DAE
-- Up-to-date: /home/nickp/Desktop/aws-robomaker-sample-application-roverrobotics/simulation_ws/install/simulation_app/share/simulation_app/models/aws_robomaker_warehouse_PalletJackB_01/materials
-- Up-to-date: /home/nickp/Desktop/aws-robomaker-sample-application-roverrobotics/simulation_ws/install/simulation_app/share/simulation_app/models/aws_robomaker_warehouse_PalletJackB_01/materials/textures
-- Up-to-date: /home/nickp/Desktop/aws-robomaker-sample-application-roverrobotics/simulation_ws/install/simulation_app/share/simulation_app/models/aws_robomaker_warehouse_PalletJackB_01/materials/textures/aws_robomaker_warehouse_PalletJackB_02.png
-- Up-to-date: /home/nickp/Desktop/aws-robomaker-sample-application-roverrobotics/simulation_ws/install/simulation_app/share/simulation_app/models/aws_robomaker_warehouse_PalletJackB_01/materials/textures/aws_robomaker_warehouse_PalletJackB_01.png
-- Up-to-date: /home/nickp/Desktop/aws-robomaker-sample-application-roverrobotics/simulation_ws/install/simulation_app/share/simulation_app/models/aws_robomaker_warehouse_PalletJackB_01/model.config
-- Up-to-date: /home/nickp/Desktop/aws-robomaker-sample-application-roverrobotics/simulation_ws/install/simulation_app/share/simulation_app/models/aws_robomaker_warehouse_PalletJackB_01/model.sdf
-- Up-to-date: /home/nickp/Desktop/aws-robomaker-sample-application-roverrobotics/simulation_ws/install/simulation_app/share/simulation_app/worlds
-- Up-to-date: /home/nickp/Desktop/aws-robomaker-sample-application-roverrobotics/simulation_ws/install/simulation_app/share/simulation_app/worlds/example.world
-- Up-to-date: /home/nickp/Desktop/aws-robomaker-sample-application-roverrobotics/simulation_ws/install/simulation_app/share/simulation_app/worlds/WareHouse_Light.world
-- Up-to-date: /home/nickp/Desktop/aws-robomaker-sample-application-roverrobotics/simulation_ws/install/simulation_app/share/simulation_app/urdf
-- Up-to-date: /home/nickp/Desktop/aws-robomaker-sample-application-roverrobotics/simulation_ws/install/simulation_app/share/simulation_app/urdf/common_properties.xacro
-- Up-to-date: /home/nickp/Desktop/aws-robomaker-sample-application-roverrobotics/simulation_ws/install/simulation_app/share/simulation_app/urdf/rover.urdf.xacro
-- Installing: /home/nickp/Desktop/aws-robomaker-sample-application-roverrobotics/simulation_ws/install/simulation_app/share/simulation_app/urdf/2WD_Rover.gazebo.xacro
-- Up-to-date: /home/nickp/Desktop/aws-robomaker-sample-application-roverrobotics/simulation_ws/install/simulation_app/share/simulation_app/meshes
-- Up-to-date: /home/nickp/Desktop/aws-robomaker-sample-application-roverrobotics/simulation_ws/install/simulation_app/share/simulation_app/meshes/right_caster_wheel.stl
-- Up-to-date: /home/nickp/Desktop/aws-robomaker-sample-application-roverrobotics/simulation_ws/install/simulation_app/share/simulation_app/meshes/right_wheel.stl
-- Up-to-date: /home/nickp/Desktop/aws-robomaker-sample-application-roverrobotics/simulation_ws/install/simulation_app/share/simulation_app/meshes/2WD_OpenRover.stl
-- Up-to-date: /home/nickp/Desktop/aws-robomaker-sample-application-roverrobotics/simulation_ws/install/simulation_app/share/simulation_app/meshes/left_caster_wheel.stl
-- Up-to-date: /home/nickp/Desktop/aws-robomaker-sample-application-roverrobotics/simulation_ws/install/simulation_app/share/simulation_app/meshes/sheetmetal_part.stl
-- Up-to-date: /home/nickp/Desktop/aws-robomaker-sample-application-roverrobotics/simulation_ws/install/simulation_app/share/simulation_app/meshes/left_wheel.stl
