Determining if the pthread_create exist failed with the following output:
Change Dir: /home/nick/aws-robomaker-sample-application-roverrobotics/robot_ws/build/swag_demo_state_machine/CMakeFiles/CMakeTmp

Run Build Command:"/usr/bin/make" "cmTC_8e922/fast"
/usr/bin/make -f CMakeFiles/cmTC_8e922.dir/build.make CMakeFiles/cmTC_8e922.dir/build
make[1]: Entering directory '/home/nick/aws-robomaker-sample-application-roverrobotics/robot_ws/build/swag_demo_state_machine/CMakeFiles/CMakeTmp'
Building C object CMakeFiles/cmTC_8e922.dir/CheckSymbolExists.c.o
/usr/bin/cc    -o CMakeFiles/cmTC_8e922.dir/CheckSymbolExists.c.o   -c /home/nick/aws-robomaker-sample-application-roverrobotics/robot_ws/build/swag_demo_state_machine/CMakeFiles/CMakeTmp/CheckSymbolExists.c
Linking C executable cmTC_8e922
/usr/bin/cmake -E cmake_link_script CMakeFiles/cmTC_8e922.dir/link.txt --verbose=1
/usr/bin/cc      -rdynamic CMakeFiles/cmTC_8e922.dir/CheckSymbolExists.c.o  -o cmTC_8e922 
CMakeFiles/cmTC_8e922.dir/CheckSymbolExists.c.o: In function `main':
CheckSymbolExists.c:(.text+0x1b): undefined reference to `pthread_create'
collect2: error: ld returned 1 exit status
CMakeFiles/cmTC_8e922.dir/build.make:97: recipe for target 'cmTC_8e922' failed
make[1]: *** [cmTC_8e922] Error 1
make[1]: Leaving directory '/home/nick/aws-robomaker-sample-application-roverrobotics/robot_ws/build/swag_demo_state_machine/CMakeFiles/CMakeTmp'
Makefile:126: recipe for target 'cmTC_8e922/fast' failed
make: *** [cmTC_8e922/fast] Error 2

File /home/nick/aws-robomaker-sample-application-roverrobotics/robot_ws/build/swag_demo_state_machine/CMakeFiles/CMakeTmp/CheckSymbolExists.c:
/* */
#include <pthread.h>

int main(int argc, char** argv)
{
  (void)argv;
#ifndef pthread_create
  return ((int*)(&pthread_create))[argc];
#else
  (void)argc;
  return 0;
#endif
}

Determining if the function pthread_create exists in the pthreads failed with the following output:
Change Dir: /home/nick/aws-robomaker-sample-application-roverrobotics/robot_ws/build/swag_demo_state_machine/CMakeFiles/CMakeTmp

Run Build Command:"/usr/bin/make" "cmTC_6008a/fast"
/usr/bin/make -f CMakeFiles/cmTC_6008a.dir/build.make CMakeFiles/cmTC_6008a.dir/build
make[1]: Entering directory '/home/nick/aws-robomaker-sample-application-roverrobotics/robot_ws/build/swag_demo_state_machine/CMakeFiles/CMakeTmp'
Building C object CMakeFiles/cmTC_6008a.dir/CheckFunctionExists.c.o
/usr/bin/cc   -DCHECK_FUNCTION_EXISTS=pthread_create   -o CMakeFiles/cmTC_6008a.dir/CheckFunctionExists.c.o   -c /usr/share/cmake-3.10/Modules/CheckFunctionExists.c
Linking C executable cmTC_6008a
/usr/bin/cmake -E cmake_link_script CMakeFiles/cmTC_6008a.dir/link.txt --verbose=1
/usr/bin/cc  -DCHECK_FUNCTION_EXISTS=pthread_create    -rdynamic CMakeFiles/cmTC_6008a.dir/CheckFunctionExists.c.o  -o cmTC_6008a -lpthreads 
/usr/bin/ld: cannot find -lpthreads
collect2: error: ld returned 1 exit status
CMakeFiles/cmTC_6008a.dir/build.make:97: recipe for target 'cmTC_6008a' failed
make[1]: *** [cmTC_6008a] Error 1
make[1]: Leaving directory '/home/nick/aws-robomaker-sample-application-roverrobotics/robot_ws/build/swag_demo_state_machine/CMakeFiles/CMakeTmp'
Makefile:126: recipe for target 'cmTC_6008a/fast' failed
make: *** [cmTC_6008a/fast] Error 2


