[0.263s] DEBUG:colcon:Command line arguments: ['/usr/local/bin/colcon', 'build']
[0.263s] DEBUG:colcon:Parsed command line arguments: Namespace(ament_cmake_args=None, base_paths='.', build_base='build', catkin_cmake_args=None, catkin_skip_building_tests=False, cmake_args=None, cmake_clean_cache=False, cmake_clean_first=False, cmake_force_configure=False, cmake_target=None, cmake_target_skip_unavailable=False, continue_on_error=False, event_handlers=None, executor='sequential', install_base='install', log_base='log', log_level=None, main=<bound method BuildVerb.main of <colcon_core.verb.build.BuildVerb object at 0x7fd8ca712978>>, merge_install=False, paths=None, symlink_install=False, test_result_base=None, verb_extension=<colcon_core.verb.build.BuildVerb object at 0x7fd8ca712978>, verb_name='build', verb_parser=CustomArgumentParser(prog='colcon build', usage=None, description='Build a set of packages.', formatter_class=<class 'colcon_core.command.CustomFormatter'>, conflict_handler='error', add_help=True))
[0.313s] Level 1:colcon.colcon_core.package_discovery:discover_packages(recursive) check parameters
[0.313s] Level 1:colcon.colcon_core.package_discovery:discover_packages(path) check parameters
[0.313s] Level 1:colcon.colcon_core.package_discovery:discover_packages(recursive) discover
[0.313s] INFO:colcon.colcon_core.package_discovery:Crawling recursively for packages in '/MyApp/simulation_ws'
[0.314s] Level 1:colcon.colcon_core.package_identification:_identify(/MyApp/simulation_ws) by extensions ['ignore', 'ignore_ament_install']
[0.314s] Level 1:colcon.colcon_core.package_identification:_identify(/MyApp/simulation_ws) by extension 'ignore'
[0.314s] Level 1:colcon.colcon_core.package_identification:_identify(/MyApp/simulation_ws) by extension 'ignore_ament_install'
[0.314s] Level 1:colcon.colcon_core.package_identification:_identify(/MyApp/simulation_ws) by extensions ['ros']
[0.314s] Level 1:colcon.colcon_core.package_identification:_identify(/MyApp/simulation_ws) by extension 'ros'
[0.326s] Level 1:colcon.colcon_core.package_identification:_identify(/MyApp/simulation_ws) by extensions ['cmake', 'python']
[0.326s] Level 1:colcon.colcon_core.package_identification:_identify(/MyApp/simulation_ws) by extension 'cmake'
[0.326s] Level 1:colcon.colcon_core.package_identification:_identify(/MyApp/simulation_ws) by extension 'python'
[0.326s] Level 1:colcon.colcon_core.package_identification:_identify(/MyApp/simulation_ws) by extensions ['python_setup_py']
[0.327s] Level 1:colcon.colcon_core.package_identification:_identify(/MyApp/simulation_ws) by extension 'python_setup_py'
[0.327s] Level 1:colcon.colcon_core.package_identification:_identify(/MyApp/simulation_ws/build) by extensions ['ignore', 'ignore_ament_install']
[0.327s] Level 1:colcon.colcon_core.package_identification:_identify(/MyApp/simulation_ws/build) by extension 'ignore'
[0.327s] Level 1:colcon.colcon_core.package_identification:_identify(/MyApp/simulation_ws/build) ignored
[0.327s] Level 1:colcon.colcon_core.package_identification:_identify(/MyApp/simulation_ws/install) by extensions ['ignore', 'ignore_ament_install']
[0.327s] Level 1:colcon.colcon_core.package_identification:_identify(/MyApp/simulation_ws/install) by extension 'ignore'
[0.327s] Level 1:colcon.colcon_core.package_identification:_identify(/MyApp/simulation_ws/install) ignored
[0.327s] Level 1:colcon.colcon_core.package_identification:_identify(/MyApp/simulation_ws/log) by extensions ['ignore', 'ignore_ament_install']
[0.327s] Level 1:colcon.colcon_core.package_identification:_identify(/MyApp/simulation_ws/log) by extension 'ignore'
[0.328s] Level 1:colcon.colcon_core.package_identification:_identify(/MyApp/simulation_ws/log) ignored
[0.328s] Level 1:colcon.colcon_core.package_identification:_identify(/MyApp/simulation_ws/src) by extensions ['ignore', 'ignore_ament_install']
[0.328s] Level 1:colcon.colcon_core.package_identification:_identify(/MyApp/simulation_ws/src) by extension 'ignore'
[0.328s] Level 1:colcon.colcon_core.package_identification:_identify(/MyApp/simulation_ws/src) by extension 'ignore_ament_install'
[0.328s] Level 1:colcon.colcon_core.package_identification:_identify(/MyApp/simulation_ws/src) by extensions ['ros']
[0.328s] Level 1:colcon.colcon_core.package_identification:_identify(/MyApp/simulation_ws/src) by extension 'ros'
[0.328s] Level 1:colcon.colcon_core.package_identification:_identify(/MyApp/simulation_ws/src) by extensions ['cmake', 'python']
[0.328s] Level 1:colcon.colcon_core.package_identification:_identify(/MyApp/simulation_ws/src) by extension 'cmake'
[0.328s] Level 1:colcon.colcon_core.package_identification:_identify(/MyApp/simulation_ws/src) by extension 'python'
[0.328s] Level 1:colcon.colcon_core.package_identification:_identify(/MyApp/simulation_ws/src) by extensions ['python_setup_py']
[0.329s] Level 1:colcon.colcon_core.package_identification:_identify(/MyApp/simulation_ws/src) by extension 'python_setup_py'
[0.329s] Level 1:colcon.colcon_core.package_identification:_identify(/MyApp/simulation_ws/src/simulation_app) by extensions ['ignore', 'ignore_ament_install']
[0.329s] Level 1:colcon.colcon_core.package_identification:_identify(/MyApp/simulation_ws/src/simulation_app) by extension 'ignore'
[0.329s] Level 1:colcon.colcon_core.package_identification:_identify(/MyApp/simulation_ws/src/simulation_app) by extension 'ignore_ament_install'
[0.329s] Level 1:colcon.colcon_core.package_identification:_identify(/MyApp/simulation_ws/src/simulation_app) by extensions ['ros']
[0.329s] Level 1:colcon.colcon_core.package_identification:_identify(/MyApp/simulation_ws/src/simulation_app) by extension 'ros'
[0.332s] DEBUG:colcon.colcon_core.package_identification:Package '/MyApp/simulation_ws/src/simulation_app' with type 'ros.catkin' and name 'simulation_app'
[0.332s] Level 1:colcon.colcon_core.package_discovery:discover_packages(recursive) using defaults
[0.344s] Level 5:colcon.colcon_core.verb:set package 'simulation_app' build argument 'cmake_args' from command line to 'None'
[0.345s] Level 5:colcon.colcon_core.verb:set package 'simulation_app' build argument 'cmake_target' from command line to 'None'
[0.345s] Level 5:colcon.colcon_core.verb:set package 'simulation_app' build argument 'cmake_target_skip_unavailable' from command line to 'False'
[0.345s] Level 5:colcon.colcon_core.verb:set package 'simulation_app' build argument 'cmake_clean_cache' from command line to 'False'
[0.345s] Level 5:colcon.colcon_core.verb:set package 'simulation_app' build argument 'cmake_clean_first' from command line to 'False'
[0.345s] Level 5:colcon.colcon_core.verb:set package 'simulation_app' build argument 'cmake_force_configure' from command line to 'False'
[0.345s] Level 5:colcon.colcon_core.verb:set package 'simulation_app' build argument 'ament_cmake_args' from command line to 'None'
[0.345s] Level 5:colcon.colcon_core.verb:set package 'simulation_app' build argument 'catkin_cmake_args' from command line to 'None'
[0.345s] Level 5:colcon.colcon_core.verb:set package 'simulation_app' build argument 'catkin_skip_building_tests' from command line to 'False'
[0.345s] DEBUG:colcon.colcon_core.verb:Building package 'simulation_app' with the following arguments: {'ament_cmake_args': None, 'build_base': '/MyApp/simulation_ws/build/simulation_app', 'catkin_cmake_args': None, 'catkin_skip_building_tests': False, 'cmake_args': None, 'cmake_clean_cache': False, 'cmake_clean_first': False, 'cmake_force_configure': False, 'cmake_target': None, 'cmake_target_skip_unavailable': False, 'install_base': '/MyApp/simulation_ws/install/simulation_app', 'merge_install': False, 'path': '/MyApp/simulation_ws/src/simulation_app', 'symlink_install': False, 'test_result_base': None}
[0.350s] INFO:colcon.colcon_core.executor:Executing jobs using 'sequential' executor
[0.350s] DEBUG:colcon.colcon_core.executor.sequential:run_until_complete 'simulation_app'
[0.350s] INFO:colcon.colcon_ros.task.catkin.build:Building ROS package in '/MyApp/simulation_ws/src/simulation_app' with build type 'catkin'
[0.351s] INFO:colcon.colcon_cmake.task.cmake.build:Building CMake package in '/MyApp/simulation_ws/src/simulation_app'
[0.370s] INFO:colcon.colcon_core.plugin_system:Skipping extension 'colcon_core.shell.bat': Not used on non-Windows systems
[0.377s] WARNING:colcon.colcon_ros.prefix_path.catkin:The path '/opt/ros/kinetic' in the environment variable CMAKE_PREFIX_PATH seems to be a catkin workspace but it doesn't contain any 'local_setup.*' files. Maybe the catkin version is not up-to-date?
[0.383s] DEBUG:colcon.colcon_core.event_handler.log_command:Invoking command in '/MyApp/simulation_ws/build/simulation_app': /usr/bin/cmake /MyApp/simulation_ws/src/simulation_app -DCATKIN_INSTALL_INTO_PREFIX_ROOT=0 -DCMAKE_INSTALL_PREFIX=/MyApp/simulation_ws/install/simulation_app
[2.455s] DEBUG:colcon.colcon_core.event_handler.log_command:Invoked command in '/MyApp/simulation_ws/build/simulation_app' returned '0': /usr/bin/cmake /MyApp/simulation_ws/src/simulation_app -DCATKIN_INSTALL_INTO_PREFIX_ROOT=0 -DCMAKE_INSTALL_PREFIX=/MyApp/simulation_ws/install/simulation_app
[2.459s] DEBUG:colcon.colcon_core.event_handler.log_command:Invoking command in '/MyApp/simulation_ws/build/simulation_app': /usr/bin/cmake --build /MyApp/simulation_ws/build/simulation_app -- -j4 -l4
[2.499s] DEBUG:colcon.colcon_core.event_handler.log_command:Invoked command in '/MyApp/simulation_ws/build/simulation_app' returned '0': /usr/bin/cmake --build /MyApp/simulation_ws/build/simulation_app -- -j4 -l4
[2.565s] DEBUG:colcon.colcon_core.event_handler.log_command:Invoking command in '/MyApp/simulation_ws/build/simulation_app': /usr/bin/cmake --build /MyApp/simulation_ws/build/simulation_app --target tests -- -j4 -l4
[2.632s] DEBUG:colcon.colcon_core.event_handler.log_command:Invoked command in '/MyApp/simulation_ws/build/simulation_app' returned '0': /usr/bin/cmake --build /MyApp/simulation_ws/build/simulation_app --target tests -- -j4 -l4
[2.702s] DEBUG:colcon.colcon_core.event_handler.log_command:Invoking command in '/MyApp/simulation_ws/build/simulation_app': /usr/bin/cmake --build /MyApp/simulation_ws/build/simulation_app --target install
[2.755s] Level 1:colcon.colcon_core.shell:create_environment_hook('simulation_app', 'ros_package_path')
[2.759s] INFO:colcon.colcon_core.shell:Creating environment hook '/MyApp/simulation_ws/install/simulation_app/share/simulation_app/hook/ros_package_path.sh'
[2.760s] DEBUG:colcon.colcon_core.event_handler.log_command:Invoked command in '/MyApp/simulation_ws/build/simulation_app' returned '0': /usr/bin/cmake --build /MyApp/simulation_ws/build/simulation_app --target install
[2.760s] Level 1:colcon.colcon_ros.task.catkin:checking '/MyApp/simulation_ws/install/simulation_app/lib/python2.7/dist-packages'
[2.760s] Level 1:colcon.colcon_ros.task.catkin:checking '/MyApp/simulation_ws/install/simulation_app/lib/python2.7/site-packages'
[2.763s] Level 1:colcon.colcon_core.environment:create_environment_scripts_only(simulation_app)
[2.775s] Level 1:colcon.colcon_core.environment:checking '/MyApp/simulation_ws/install/simulation_app' for CMake module files
[2.776s] Level 1:colcon.colcon_core.environment:checking '/MyApp/simulation_ws/install/simulation_app' for CMake config files
[2.776s] Level 1:colcon.colcon_core.shell:create_environment_hook('simulation_app', 'cmake_prefix_path')
[2.779s] INFO:colcon.colcon_core.shell:Creating environment hook '/MyApp/simulation_ws/install/simulation_app/share/simulation_app/hook/cmake_prefix_path.sh'
[2.780s] Level 1:colcon.colcon_core.environment:checking '/MyApp/simulation_ws/install/simulation_app/lib'
[2.780s] Level 1:colcon.colcon_core.environment:checking '/MyApp/simulation_ws/install/simulation_app/bin'
[2.781s] Level 1:colcon.colcon_core.environment:checking '/MyApp/simulation_ws/install/simulation_app/lib/pkgconfig/simulation_app.pc'
[2.781s] Level 1:colcon.colcon_core.shell:create_environment_hook('simulation_app', 'pkg_config')
[2.783s] INFO:colcon.colcon_core.shell:Creating environment hook '/MyApp/simulation_ws/install/simulation_app/share/simulation_app/hook/pkg_config.sh'
[2.784s] Level 1:colcon.colcon_core.environment:checking '/MyApp/simulation_ws/install/simulation_app/lib/python3.5/site-packages'
[2.787s] INFO:colcon.colcon_core.shell:Creating package script '/MyApp/simulation_ws/install/simulation_app/share/simulation_app/package.sh'
[2.788s] Level 1:colcon.colcon_core.environment:create_file_with_runtime_dependencies(/MyApp/simulation_ws/install/simulation_app/share/colcon-core/packages/simulation_app)
[2.788s] DEBUG:colcon.colcon_core.executor.sequential:run_until_complete 'simulation_app' finished with '0'
[2.788s] DEBUG:colcon.colcon_core.executor.sequential:closing loop
[2.789s] DEBUG:colcon.colcon_core.executor.sequential:loop closed
[2.790s] DEBUG:colcon.colcon_core.event_reactor:joining thread
[2.790s] DEBUG:colcon.colcon_core.event_reactor:joined thread
[2.794s] INFO:colcon.colcon_core.shell:Creating prefix script '/MyApp/simulation_ws/install/local_setup.sh'
[2.795s] INFO:colcon.colcon_core.shell:Creating prefix chain script '/MyApp/simulation_ws/install/setup.sh'
