-- The C compiler identification is GNU 5.5.0
-- The CXX compiler identification is GNU 5.5.0
-- Check for working C compiler: /usr/bin/cc
-- Check for working C compiler: /usr/bin/cc -- works
-- Detecting C compiler ABI info
-- Detecting C compiler ABI info - done
-- Detecting C compile features
-- Detecting C compile features - done
-- Check for working CXX compiler: /usr/bin/c++
-- Check for working CXX compiler: /usr/bin/c++ -- works
-- Detecting CXX compiler ABI info
-- Detecting CXX compiler ABI info - done
-- Detecting CXX compile features
-- Detecting CXX compile features - done
-- Using CATKIN_DEVEL_PREFIX: /home/nickp/Desktop/aws-robomaker-sample-application-roverrobotics/robot_ws/build/bno055_usb_stick_msgs/devel
-- Using CMAKE_PREFIX_PATH: /opt/ros/kinetic
-- This workspace overlays: /opt/ros/kinetic
-- Found PythonInterp: /usr/bin/python (found version "2.7.12") 
-- Using PYTHON_EXECUTABLE: /usr/bin/python
-- Using Debian Python package layout
-- Using empy: /usr/bin/empy
-- Using CATKIN_ENABLE_TESTING: ON
-- Call enable_testing()
-- Using CATKIN_TEST_RESULTS_DIR: /home/nickp/Desktop/aws-robomaker-sample-application-roverrobotics/robot_ws/build/bno055_usb_stick_msgs/test_results
-- Found gmock sources under '/usr/src/gmock': gmock will be built
-- Looking for pthread.h
-- Looking for pthread.h - found
-- Looking for pthread_create
-- Looking for pthread_create - not found
-- Looking for pthread_create in pthreads
-- Looking for pthread_create in pthreads - not found
-- Looking for pthread_create in pthread
-- Looking for pthread_create in pthread - found
-- Found Threads: TRUE  
-- Found gtest sources under '/usr/src/gmock': gtests will be built
-- Using Python nosetests: /usr/bin/nosetests-2.7
-- catkin 0.7.14
-- Using these message generators: gencpp;geneus;genlisp;gennodejs;genpy
-- bno055_usb_stick_msgs: 3 messages, 0 services
-- Configuring done
-- Generating done
-- Build files have been written to: /home/nickp/Desktop/aws-robomaker-sample-application-roverrobotics/robot_ws/build/bno055_usb_stick_msgs
[35m[1mScanning dependencies of target _bno055_usb_stick_msgs_generate_messages_check_deps_CalibrationStatus[0m
[35m[1mScanning dependencies of target _bno055_usb_stick_msgs_generate_messages_check_deps_Output[0m
[35m[1mScanning dependencies of target std_msgs_generate_messages_lisp[0m
[35m[1mScanning dependencies of target geometry_msgs_generate_messages_nodejs[0m
[35m[1mScanning dependencies of target geometry_msgs_generate_messages_py[0m
[35m[1mScanning dependencies of target std_msgs_generate_messages_eus[0m
[35m[1mScanning dependencies of target std_msgs_generate_messages_nodejs[0m
[35m[1mScanning dependencies of target geometry_msgs_generate_messages_cpp[0m
[35m[1mScanning dependencies of target geometry_msgs_generate_messages_eus[0m
[35m[1mScanning dependencies of target std_msgs_generate_messages_py[0m
[35m[1mScanning dependencies of target geometry_msgs_generate_messages_lisp[0m
[35m[1mScanning dependencies of target _bno055_usb_stick_msgs_generate_messages_check_deps_EulerAngles[0m
[  0%] Built target geometry_msgs_generate_messages_nodejs
[  0%] Built target geometry_msgs_generate_messages_py
[  0%] Built target std_msgs_generate_messages_nodejs
[  0%] Built target std_msgs_generate_messages_eus
[  0%] Built target std_msgs_generate_messages_py
[  0%] Built target geometry_msgs_generate_messages_lisp
[  0%] Built target geometry_msgs_generate_messages_eus
[  0%] Built target std_msgs_generate_messages_lisp
[  0%] Built target geometry_msgs_generate_messages_cpp
[35m[1mScanning dependencies of target std_msgs_generate_messages_cpp[0m
[  0%] Built target std_msgs_generate_messages_cpp
[  0%] Built target _bno055_usb_stick_msgs_generate_messages_check_deps_CalibrationStatus
[  0%] Built target _bno055_usb_stick_msgs_generate_messages_check_deps_Output
[  0%] Built target _bno055_usb_stick_msgs_generate_messages_check_deps_EulerAngles
[35m[1mScanning dependencies of target bno055_usb_stick_msgs_generate_messages_cpp[0m
[35m[1mScanning dependencies of target bno055_usb_stick_msgs_generate_messages_eus[0m
[35m[1mScanning dependencies of target bno055_usb_stick_msgs_generate_messages_lisp[0m
[35m[1mScanning dependencies of target bno055_usb_stick_msgs_generate_messages_nodejs[0m
[35m[1mScanning dependencies of target bno055_usb_stick_msgs_generate_messages_py[0m
[  5%] [34m[1mGenerating Lisp code from bno055_usb_stick_msgs/Output.msg[0m
[ 11%] [34m[1mGenerating Lisp code from bno055_usb_stick_msgs/EulerAngles.msg[0m
[ 17%] [34m[1mGenerating EusLisp code from bno055_usb_stick_msgs/EulerAngles.msg[0m
[ 23%] [34m[1mGenerating EusLisp code from bno055_usb_stick_msgs/CalibrationStatus.msg[0m
[ 29%] [34m[1mGenerating Lisp code from bno055_usb_stick_msgs/CalibrationStatus.msg[0m
[ 35%] [34m[1mGenerating Javascript code from bno055_usb_stick_msgs/EulerAngles.msg[0m
[ 41%] [34m[1mGenerating C++ code from bno055_usb_stick_msgs/Output.msg[0m
[ 52%] [34m[1mGenerating EusLisp manifest code for bno055_usb_stick_msgs[0m
[ 52%] [34m[1mGenerating Python from MSG bno055_usb_stick_msgs/EulerAngles[0m
[ 58%] [34m[1mGenerating EusLisp code from bno055_usb_stick_msgs/Output.msg[0m
[ 64%] [34m[1mGenerating C++ code from bno055_usb_stick_msgs/CalibrationStatus.msg[0m
[ 70%] [34m[1mGenerating C++ code from bno055_usb_stick_msgs/EulerAngles.msg[0m
[ 76%] [34m[1mGenerating Python from MSG bno055_usb_stick_msgs/Output[0m
[ 82%] [34m[1mGenerating Javascript code from bno055_usb_stick_msgs/Output.msg[0m
[ 82%] Built target bno055_usb_stick_msgs_generate_messages_lisp
[ 88%] [34m[1mGenerating Javascript code from bno055_usb_stick_msgs/CalibrationStatus.msg[0m
[ 94%] [34m[1mGenerating Python from MSG bno055_usb_stick_msgs/CalibrationStatus[0m
[ 94%] Built target bno055_usb_stick_msgs_generate_messages_nodejs
[ 94%] Built target bno055_usb_stick_msgs_generate_messages_cpp
[100%] [34m[1mGenerating Python msg __init__.py for bno055_usb_stick_msgs[0m
[100%] Built target bno055_usb_stick_msgs_generate_messages_py
[100%] Built target bno055_usb_stick_msgs_generate_messages_eus
[35m[1mScanning dependencies of target bno055_usb_stick_msgs_generate_messages[0m
[100%] Built target bno055_usb_stick_msgs_generate_messages
[  0%] Built target _bno055_usb_stick_msgs_generate_messages_check_deps_CalibrationStatus
[  0%] Built target _bno055_usb_stick_msgs_generate_messages_check_deps_Output
[  0%] Built target geometry_msgs_generate_messages_eus
[  0%] Built target std_msgs_generate_messages_eus
[  0%] Built target _bno055_usb_stick_msgs_generate_messages_check_deps_EulerAngles
[ 23%] Built target bno055_usb_stick_msgs_generate_messages_eus
[ 23%] Built target geometry_msgs_generate_messages_nodejs
[ 23%] Built target std_msgs_generate_messages_nodejs
[ 41%] Built target bno055_usb_stick_msgs_generate_messages_nodejs
[ 41%] Built target std_msgs_generate_messages_lisp
[ 41%] Built target geometry_msgs_generate_messages_lisp
[ 58%] Built target bno055_usb_stick_msgs_generate_messages_lisp
[ 58%] Built target geometry_msgs_generate_messages_py
[ 58%] Built target std_msgs_generate_messages_py
[ 82%] Built target bno055_usb_stick_msgs_generate_messages_py
[ 82%] Built target geometry_msgs_generate_messages_cpp
[ 82%] Built target std_msgs_generate_messages_cpp
[100%] Built target bno055_usb_stick_msgs_generate_messages_cpp
[100%] Built target bno055_usb_stick_msgs_generate_messages
[36mInstall the project...[0m
-- Install configuration: ""
-- Up-to-date: /home/nickp/Desktop/aws-robomaker-sample-application-roverrobotics/robot_ws/install/bno055_usb_stick_msgs/share/bno055_usb_stick_msgs/msg/CalibrationStatus.msg
-- Up-to-date: /home/nickp/Desktop/aws-robomaker-sample-application-roverrobotics/robot_ws/install/bno055_usb_stick_msgs/share/bno055_usb_stick_msgs/msg/EulerAngles.msg
-- Up-to-date: /home/nickp/Desktop/aws-robomaker-sample-application-roverrobotics/robot_ws/install/bno055_usb_stick_msgs/share/bno055_usb_stick_msgs/msg/Output.msg
-- Installing: /home/nickp/Desktop/aws-robomaker-sample-application-roverrobotics/robot_ws/install/bno055_usb_stick_msgs/share/bno055_usb_stick_msgs/cmake/bno055_usb_stick_msgs-msg-paths.cmake
-- Up-to-date: /home/nickp/Desktop/aws-robomaker-sample-application-roverrobotics/robot_ws/install/bno055_usb_stick_msgs/include/bno055_usb_stick_msgs
-- Installing: /home/nickp/Desktop/aws-robomaker-sample-application-roverrobotics/robot_ws/install/bno055_usb_stick_msgs/include/bno055_usb_stick_msgs/CalibrationStatus.h
-- Installing: /home/nickp/Desktop/aws-robomaker-sample-application-roverrobotics/robot_ws/install/bno055_usb_stick_msgs/include/bno055_usb_stick_msgs/EulerAngles.h
-- Installing: /home/nickp/Desktop/aws-robomaker-sample-application-roverrobotics/robot_ws/install/bno055_usb_stick_msgs/include/bno055_usb_stick_msgs/Output.h
-- Up-to-date: /home/nickp/Desktop/aws-robomaker-sample-application-roverrobotics/robot_ws/install/bno055_usb_stick_msgs/share/roseus/ros/bno055_usb_stick_msgs
-- Installing: /home/nickp/Desktop/aws-robomaker-sample-application-roverrobotics/robot_ws/install/bno055_usb_stick_msgs/share/roseus/ros/bno055_usb_stick_msgs/manifest.l
-- Up-to-date: /home/nickp/Desktop/aws-robomaker-sample-application-roverrobotics/robot_ws/install/bno055_usb_stick_msgs/share/roseus/ros/bno055_usb_stick_msgs/msg
-- Installing: /home/nickp/Desktop/aws-robomaker-sample-application-roverrobotics/robot_ws/install/bno055_usb_stick_msgs/share/roseus/ros/bno055_usb_stick_msgs/msg/EulerAngles.l
-- Installing: /home/nickp/Desktop/aws-robomaker-sample-application-roverrobotics/robot_ws/install/bno055_usb_stick_msgs/share/roseus/ros/bno055_usb_stick_msgs/msg/Output.l
-- Installing: /home/nickp/Desktop/aws-robomaker-sample-application-roverrobotics/robot_ws/install/bno055_usb_stick_msgs/share/roseus/ros/bno055_usb_stick_msgs/msg/CalibrationStatus.l
-- Up-to-date: /home/nickp/Desktop/aws-robomaker-sample-application-roverrobotics/robot_ws/install/bno055_usb_stick_msgs/share/common-lisp/ros/bno055_usb_stick_msgs
-- Up-to-date: /home/nickp/Desktop/aws-robomaker-sample-application-roverrobotics/robot_ws/install/bno055_usb_stick_msgs/share/common-lisp/ros/bno055_usb_stick_msgs/msg
-- Installing: /home/nickp/Desktop/aws-robomaker-sample-application-roverrobotics/robot_ws/install/bno055_usb_stick_msgs/share/common-lisp/ros/bno055_usb_stick_msgs/msg/_package_Output.lisp
-- Installing: /home/nickp/Desktop/aws-robomaker-sample-application-roverrobotics/robot_ws/install/bno055_usb_stick_msgs/share/common-lisp/ros/bno055_usb_stick_msgs/msg/_package_EulerAngles.lisp
-- Installing: /home/nickp/Desktop/aws-robomaker-sample-application-roverrobotics/robot_ws/install/bno055_usb_stick_msgs/share/common-lisp/ros/bno055_usb_stick_msgs/msg/_package_CalibrationStatus.lisp
-- Installing: /home/nickp/Desktop/aws-robomaker-sample-application-roverrobotics/robot_ws/install/bno055_usb_stick_msgs/share/common-lisp/ros/bno055_usb_stick_msgs/msg/bno055_usb_stick_msgs-msg.asd
-- Installing: /home/nickp/Desktop/aws-robomaker-sample-application-roverrobotics/robot_ws/install/bno055_usb_stick_msgs/share/common-lisp/ros/bno055_usb_stick_msgs/msg/Output.lisp
-- Installing: /home/nickp/Desktop/aws-robomaker-sample-application-roverrobotics/robot_ws/install/bno055_usb_stick_msgs/share/common-lisp/ros/bno055_usb_stick_msgs/msg/_package.lisp
-- Installing: /home/nickp/Desktop/aws-robomaker-sample-application-roverrobotics/robot_ws/install/bno055_usb_stick_msgs/share/common-lisp/ros/bno055_usb_stick_msgs/msg/EulerAngles.lisp
-- Installing: /home/nickp/Desktop/aws-robomaker-sample-application-roverrobotics/robot_ws/install/bno055_usb_stick_msgs/share/common-lisp/ros/bno055_usb_stick_msgs/msg/CalibrationStatus.lisp
-- Up-to-date: /home/nickp/Desktop/aws-robomaker-sample-application-roverrobotics/robot_ws/install/bno055_usb_stick_msgs/share/gennodejs/ros/bno055_usb_stick_msgs
-- Installing: /home/nickp/Desktop/aws-robomaker-sample-application-roverrobotics/robot_ws/install/bno055_usb_stick_msgs/share/gennodejs/ros/bno055_usb_stick_msgs/_index.js
-- Up-to-date: /home/nickp/Desktop/aws-robomaker-sample-application-roverrobotics/robot_ws/install/bno055_usb_stick_msgs/share/gennodejs/ros/bno055_usb_stick_msgs/msg
-- Installing: /home/nickp/Desktop/aws-robomaker-sample-application-roverrobotics/robot_ws/install/bno055_usb_stick_msgs/share/gennodejs/ros/bno055_usb_stick_msgs/msg/CalibrationStatus.js
-- Installing: /home/nickp/Desktop/aws-robomaker-sample-application-roverrobotics/robot_ws/install/bno055_usb_stick_msgs/share/gennodejs/ros/bno055_usb_stick_msgs/msg/_index.js
-- Installing: /home/nickp/Desktop/aws-robomaker-sample-application-roverrobotics/robot_ws/install/bno055_usb_stick_msgs/share/gennodejs/ros/bno055_usb_stick_msgs/msg/EulerAngles.js
-- Installing: /home/nickp/Desktop/aws-robomaker-sample-application-roverrobotics/robot_ws/install/bno055_usb_stick_msgs/share/gennodejs/ros/bno055_usb_stick_msgs/msg/Output.js
Listing /home/nickp/Desktop/aws-robomaker-sample-application-roverrobotics/robot_ws/build/bno055_usb_stick_msgs/devel/lib/python2.7/dist-packages/bno055_usb_stick_msgs ...
Compiling /home/nickp/Desktop/aws-robomaker-sample-application-roverrobotics/robot_ws/build/bno055_usb_stick_msgs/devel/lib/python2.7/dist-packages/bno055_usb_stick_msgs/__init__.py ...
Listing /home/nickp/Desktop/aws-robomaker-sample-application-roverrobotics/robot_ws/build/bno055_usb_stick_msgs/devel/lib/python2.7/dist-packages/bno055_usb_stick_msgs/msg ...
Compiling /home/nickp/Desktop/aws-robomaker-sample-application-roverrobotics/robot_ws/build/bno055_usb_stick_msgs/devel/lib/python2.7/dist-packages/bno055_usb_stick_msgs/msg/_CalibrationStatus.py ...
Compiling /home/nickp/Desktop/aws-robomaker-sample-application-roverrobotics/robot_ws/build/bno055_usb_stick_msgs/devel/lib/python2.7/dist-packages/bno055_usb_stick_msgs/msg/_EulerAngles.py ...
Compiling /home/nickp/Desktop/aws-robomaker-sample-application-roverrobotics/robot_ws/build/bno055_usb_stick_msgs/devel/lib/python2.7/dist-packages/bno055_usb_stick_msgs/msg/_Output.py ...
Compiling /home/nickp/Desktop/aws-robomaker-sample-application-roverrobotics/robot_ws/build/bno055_usb_stick_msgs/devel/lib/python2.7/dist-packages/bno055_usb_stick_msgs/msg/__init__.py ...
-- Up-to-date: /home/nickp/Desktop/aws-robomaker-sample-application-roverrobotics/robot_ws/install/bno055_usb_stick_msgs/lib/python2.7/dist-packages/bno055_usb_stick_msgs
-- Installing: /home/nickp/Desktop/aws-robomaker-sample-application-roverrobotics/robot_ws/install/bno055_usb_stick_msgs/lib/python2.7/dist-packages/bno055_usb_stick_msgs/__init__.py
-- Installing: /home/nickp/Desktop/aws-robomaker-sample-application-roverrobotics/robot_ws/install/bno055_usb_stick_msgs/lib/python2.7/dist-packages/bno055_usb_stick_msgs/__init__.pyc
-- Up-to-date: /home/nickp/Desktop/aws-robomaker-sample-application-roverrobotics/robot_ws/install/bno055_usb_stick_msgs/lib/python2.7/dist-packages/bno055_usb_stick_msgs/msg
-- Installing: /home/nickp/Desktop/aws-robomaker-sample-application-roverrobotics/robot_ws/install/bno055_usb_stick_msgs/lib/python2.7/dist-packages/bno055_usb_stick_msgs/msg/_Output.py
-- Installing: /home/nickp/Desktop/aws-robomaker-sample-application-roverrobotics/robot_ws/install/bno055_usb_stick_msgs/lib/python2.7/dist-packages/bno055_usb_stick_msgs/msg/__init__.py
-- Installing: /home/nickp/Desktop/aws-robomaker-sample-application-roverrobotics/robot_ws/install/bno055_usb_stick_msgs/lib/python2.7/dist-packages/bno055_usb_stick_msgs/msg/_EulerAngles.pyc
-- Installing: /home/nickp/Desktop/aws-robomaker-sample-application-roverrobotics/robot_ws/install/bno055_usb_stick_msgs/lib/python2.7/dist-packages/bno055_usb_stick_msgs/msg/_Output.pyc
-- Installing: /home/nickp/Desktop/aws-robomaker-sample-application-roverrobotics/robot_ws/install/bno055_usb_stick_msgs/lib/python2.7/dist-packages/bno055_usb_stick_msgs/msg/_CalibrationStatus.py
-- Installing: /home/nickp/Desktop/aws-robomaker-sample-application-roverrobotics/robot_ws/install/bno055_usb_stick_msgs/lib/python2.7/dist-packages/bno055_usb_stick_msgs/msg/__init__.pyc
-- Installing: /home/nickp/Desktop/aws-robomaker-sample-application-roverrobotics/robot_ws/install/bno055_usb_stick_msgs/lib/python2.7/dist-packages/bno055_usb_stick_msgs/msg/_EulerAngles.py
-- Installing: /home/nickp/Desktop/aws-robomaker-sample-application-roverrobotics/robot_ws/install/bno055_usb_stick_msgs/lib/python2.7/dist-packages/bno055_usb_stick_msgs/msg/_CalibrationStatus.pyc
-- Installing: /home/nickp/Desktop/aws-robomaker-sample-application-roverrobotics/robot_ws/install/bno055_usb_stick_msgs/lib/pkgconfig/bno055_usb_stick_msgs.pc
-- Installing: /home/nickp/Desktop/aws-robomaker-sample-application-roverrobotics/robot_ws/install/bno055_usb_stick_msgs/share/bno055_usb_stick_msgs/cmake/bno055_usb_stick_msgs-msg-extras.cmake
-- Installing: /home/nickp/Desktop/aws-robomaker-sample-application-roverrobotics/robot_ws/install/bno055_usb_stick_msgs/share/bno055_usb_stick_msgs/cmake/bno055_usb_stick_msgsConfig.cmake
-- Installing: /home/nickp/Desktop/aws-robomaker-sample-application-roverrobotics/robot_ws/install/bno055_usb_stick_msgs/share/bno055_usb_stick_msgs/cmake/bno055_usb_stick_msgsConfig-version.cmake
-- Up-to-date: /home/nickp/Desktop/aws-robomaker-sample-application-roverrobotics/robot_ws/install/bno055_usb_stick_msgs/share/bno055_usb_stick_msgs/package.xml
