Invoking command in '/home/nickp/Desktop/aws-robomaker-sample-application-roverrobotics/build/reset_amcl_pose': /usr/bin/cmake /home/nickp/Desktop/aws-robomaker-sample-application-roverrobotics/robot_ws/src/reset_amcl_pose -DCATKIN_INSTALL_INTO_PREFIX_ROOT=0 -DCMAKE_INSTALL_PREFIX=/home/nickp/Desktop/aws-robomaker-sample-application-roverrobotics/install/reset_amcl_pose
-- The C compiler identification is GNU 5.5.0
-- The CXX compiler identification is GNU 5.5.0
-- Check for working C compiler: /usr/bin/cc
-- Check for working C compiler: /usr/bin/cc -- works
-- Detecting C compiler ABI info
-- Detecting C compiler ABI info - done
-- Detecting C compile features
-- Detecting C compile features - done
-- Check for working CXX compiler: /usr/bin/c++
-- Check for working CXX compiler: /usr/bin/c++ -- works
-- Detecting CXX compiler ABI info
-- Detecting CXX compiler ABI info - done
-- Detecting CXX compile features
-- Detecting CXX compile features - done
-- Using CATKIN_DEVEL_PREFIX: /home/nickp/Desktop/aws-robomaker-sample-application-roverrobotics/build/reset_amcl_pose/devel
-- Using CMAKE_PREFIX_PATH: /home/nickp/Desktop/aws-robomaker-sample-application-roverrobotics/simulation_ws/install/simulation_app;/opt/ros/kinetic
-- This workspace overlays: /home/nickp/Desktop/aws-robomaker-sample-application-roverrobotics/simulation_ws/install/simulation_app;/opt/ros/kinetic
-- Found PythonInterp: /usr/bin/python (found version "2.7.12") 
-- Using PYTHON_EXECUTABLE: /usr/bin/python
-- Using Debian Python package layout
-- Using empy: /usr/bin/empy
-- Using CATKIN_ENABLE_TESTING: ON
-- Call enable_testing()
-- Using CATKIN_TEST_RESULTS_DIR: /home/nickp/Desktop/aws-robomaker-sample-application-roverrobotics/build/reset_amcl_pose/test_results
-- Found gmock sources under '/usr/src/gmock': gmock will be built
-- Looking for pthread.h
-- Looking for pthread.h - found
-- Looking for pthread_create
-- Looking for pthread_create - not found
-- Looking for pthread_create in pthreads
-- Looking for pthread_create in pthreads - not found
-- Looking for pthread_create in pthread
-- Looking for pthread_create in pthread - found
-- Found Threads: TRUE  
-- Found gtest sources under '/usr/src/gmock': gtests will be built
-- Using Python nosetests: /usr/bin/nosetests-2.7
-- catkin 0.7.14
-- Configuring done
-- Generating done
-- Build files have been written to: /home/nickp/Desktop/aws-robomaker-sample-application-roverrobotics/build/reset_amcl_pose
Invoked command in '/home/nickp/Desktop/aws-robomaker-sample-application-roverrobotics/build/reset_amcl_pose' returned '0': /usr/bin/cmake /home/nickp/Desktop/aws-robomaker-sample-application-roverrobotics/robot_ws/src/reset_amcl_pose -DCATKIN_INSTALL_INTO_PREFIX_ROOT=0 -DCMAKE_INSTALL_PREFIX=/home/nickp/Desktop/aws-robomaker-sample-application-roverrobotics/install/reset_amcl_pose
Invoking command in '/home/nickp/Desktop/aws-robomaker-sample-application-roverrobotics/build/reset_amcl_pose': /usr/bin/cmake --build /home/nickp/Desktop/aws-robomaker-sample-application-roverrobotics/build/reset_amcl_pose -- -j12 -l12
Invoked command in '/home/nickp/Desktop/aws-robomaker-sample-application-roverrobotics/build/reset_amcl_pose' returned '0': /usr/bin/cmake --build /home/nickp/Desktop/aws-robomaker-sample-application-roverrobotics/build/reset_amcl_pose -- -j12 -l12
Invoking command in '/home/nickp/Desktop/aws-robomaker-sample-application-roverrobotics/build/reset_amcl_pose': /usr/bin/cmake --build /home/nickp/Desktop/aws-robomaker-sample-application-roverrobotics/build/reset_amcl_pose --target install
[36mInstall the project...[0m
-- Install configuration: ""
-- Installing: /home/nickp/Desktop/aws-robomaker-sample-application-roverrobotics/install/reset_amcl_pose/lib/pkgconfig/reset_amcl_pose.pc
-- Installing: /home/nickp/Desktop/aws-robomaker-sample-application-roverrobotics/install/reset_amcl_pose/share/reset_amcl_pose/cmake/reset_amcl_poseConfig.cmake
-- Installing: /home/nickp/Desktop/aws-robomaker-sample-application-roverrobotics/install/reset_amcl_pose/share/reset_amcl_pose/cmake/reset_amcl_poseConfig-version.cmake
-- Installing: /home/nickp/Desktop/aws-robomaker-sample-application-roverrobotics/install/reset_amcl_pose/share/reset_amcl_pose/package.xml
Invoked command in '/home/nickp/Desktop/aws-robomaker-sample-application-roverrobotics/build/reset_amcl_pose' returned '0': /usr/bin/cmake --build /home/nickp/Desktop/aws-robomaker-sample-application-roverrobotics/build/reset_amcl_pose --target install
