Invoking command in '/home/nick/aws-robomaker-sample-application-roverrobotics/robot_ws/build/bno055_usb_stick': CMAKE_PREFIX_PATH=/home/nick/aws-robomaker-sample-application-roverrobotics/robot_ws/install/bno055_usb_stick_msgs:${CMAKE_PREFIX_PATH} PKG_CONFIG_PATH=/home/nick/aws-robomaker-sample-application-roverrobotics/robot_ws/install/bno055_usb_stick_msgs/lib/pkgconfig:${PKG_CONFIG_PATH} PYTHONPATH=/home/nick/aws-robomaker-sample-application-roverrobotics/robot_ws/install/bno055_usb_stick_msgs/lib/python2.7/dist-packages:${PYTHONPATH} ROS_PACKAGE_PATH=/home/nick/aws-robomaker-sample-application-roverrobotics/robot_ws/install/bno055_usb_stick_msgs/share:${ROS_PACKAGE_PATH} /usr/bin/cmake /home/nick/aws-robomaker-sample-application-roverrobotics/robot_ws/src/bno055_usb_stick -DCATKIN_INSTALL_INTO_PREFIX_ROOT=0 -DCMAKE_INSTALL_PREFIX=/home/nick/aws-robomaker-sample-application-roverrobotics/robot_ws/install/bno055_usb_stick
-- The C compiler identification is GNU 7.3.0
-- The CXX compiler identification is GNU 7.3.0
-- Check for working C compiler: /usr/bin/cc
-- Check for working C compiler: /usr/bin/cc -- works
-- Detecting C compiler ABI info
-- Detecting C compiler ABI info - done
-- Detecting C compile features
-- Detecting C compile features - done
-- Check for working CXX compiler: /usr/bin/c++
-- Check for working CXX compiler: /usr/bin/c++ -- works
-- Detecting CXX compiler ABI info
-- Detecting CXX compiler ABI info - done
-- Detecting CXX compile features
-- Detecting CXX compile features - done
-- Using CATKIN_DEVEL_PREFIX: /home/nick/aws-robomaker-sample-application-roverrobotics/robot_ws/build/bno055_usb_stick/devel
-- Using CMAKE_PREFIX_PATH: /home/nick/aws-robomaker-sample-application-roverrobotics/robot_ws/install/bno055_usb_stick_msgs;/home/nick/aws-robomaker-sample-application-roverrobotics/robot_ws/install/robot_app;/home/nick/aws-robomaker-sample-application-roverrobotics/simulation_ws/install/simulation_app;/opt/ros/melodic
-- This workspace overlays: /home/nick/aws-robomaker-sample-application-roverrobotics/robot_ws/install/bno055_usb_stick_msgs;/home/nick/aws-robomaker-sample-application-roverrobotics/robot_ws/install/robot_app;/home/nick/aws-robomaker-sample-application-roverrobotics/simulation_ws/install/simulation_app;/opt/ros/melodic
-- Found PythonInterp: /usr/bin/python2 (found suitable version "2.7.15", minimum required is "2") 
-- Using PYTHON_EXECUTABLE: /usr/bin/python2
-- Using Debian Python package layout
-- Using empy: /usr/bin/empy
-- Using CATKIN_ENABLE_TESTING: ON
-- Call enable_testing()
-- Using CATKIN_TEST_RESULTS_DIR: /home/nick/aws-robomaker-sample-application-roverrobotics/robot_ws/build/bno055_usb_stick/test_results
-- Found gmock sources under '/usr/src/googletest': gmock will be built
-- Found PythonInterp: /usr/bin/python2 (found version "2.7.15") 
-- Looking for pthread.h
-- Looking for pthread.h - found
-- Looking for pthread_create
-- Looking for pthread_create - not found
-- Looking for pthread_create in pthreads
-- Looking for pthread_create in pthreads - not found
-- Looking for pthread_create in pthread
-- Looking for pthread_create in pthread - found
-- Found Threads: TRUE  
-- Found gtest sources under '/usr/src/googletest': gtests will be built
-- Using Python nosetests: /usr/bin/nosetests-2.7
-- catkin 0.7.14
-- Using these message generators: gencpp;geneus;genlisp;gennodejs;genpy
-- Boost version: 1.65.1
-- Found the following Boost libraries:
--   system
-- Configuring done
-- Generating done
-- Build files have been written to: /home/nick/aws-robomaker-sample-application-roverrobotics/robot_ws/build/bno055_usb_stick
Invoked command in '/home/nick/aws-robomaker-sample-application-roverrobotics/robot_ws/build/bno055_usb_stick' returned '0': CMAKE_PREFIX_PATH=/home/nick/aws-robomaker-sample-application-roverrobotics/robot_ws/install/bno055_usb_stick_msgs:${CMAKE_PREFIX_PATH} PKG_CONFIG_PATH=/home/nick/aws-robomaker-sample-application-roverrobotics/robot_ws/install/bno055_usb_stick_msgs/lib/pkgconfig:${PKG_CONFIG_PATH} PYTHONPATH=/home/nick/aws-robomaker-sample-application-roverrobotics/robot_ws/install/bno055_usb_stick_msgs/lib/python2.7/dist-packages:${PYTHONPATH} ROS_PACKAGE_PATH=/home/nick/aws-robomaker-sample-application-roverrobotics/robot_ws/install/bno055_usb_stick_msgs/share:${ROS_PACKAGE_PATH} /usr/bin/cmake /home/nick/aws-robomaker-sample-application-roverrobotics/robot_ws/src/bno055_usb_stick -DCATKIN_INSTALL_INTO_PREFIX_ROOT=0 -DCMAKE_INSTALL_PREFIX=/home/nick/aws-robomaker-sample-application-roverrobotics/robot_ws/install/bno055_usb_stick
Invoking command in '/home/nick/aws-robomaker-sample-application-roverrobotics/robot_ws/build/bno055_usb_stick': CMAKE_PREFIX_PATH=/home/nick/aws-robomaker-sample-application-roverrobotics/robot_ws/install/bno055_usb_stick_msgs:${CMAKE_PREFIX_PATH} PKG_CONFIG_PATH=/home/nick/aws-robomaker-sample-application-roverrobotics/robot_ws/install/bno055_usb_stick_msgs/lib/pkgconfig:${PKG_CONFIG_PATH} PYTHONPATH=/home/nick/aws-robomaker-sample-application-roverrobotics/robot_ws/install/bno055_usb_stick_msgs/lib/python2.7/dist-packages:${PYTHONPATH} ROS_PACKAGE_PATH=/home/nick/aws-robomaker-sample-application-roverrobotics/robot_ws/install/bno055_usb_stick_msgs/share:${ROS_PACKAGE_PATH} /usr/bin/cmake --build /home/nick/aws-robomaker-sample-application-roverrobotics/robot_ws/build/bno055_usb_stick -- -j4 -l4
[35m[1mScanning dependencies of target bno055_usb_stick_msgs_generate_messages_cpp[0m
[  0%] Built target bno055_usb_stick_msgs_generate_messages_cpp
[35m[1mScanning dependencies of target bno055_usb_stick_node[0m
[ 50%] [32mBuilding CXX object CMakeFiles/bno055_usb_stick_node.dir/src/bno055_usb_stick_node.cpp.o[0m
[100%] [32m[1mLinking CXX executable devel/lib/bno055_usb_stick/bno055_usb_stick_node[0m
[100%] Built target bno055_usb_stick_node
