-- The C compiler identification is GNU 7.3.0
-- The CXX compiler identification is GNU 7.3.0
-- Check for working C compiler: /usr/bin/cc
-- Check for working C compiler: /usr/bin/cc -- works
-- Detecting C compiler ABI info
-- Detecting C compiler ABI info - done
-- Detecting C compile features
-- Detecting C compile features - done
-- Check for working CXX compiler: /usr/bin/c++
-- Check for working CXX compiler: /usr/bin/c++ -- works
-- Detecting CXX compiler ABI info
-- Detecting CXX compiler ABI info - done
-- Detecting CXX compile features
-- Detecting CXX compile features - done
-- Using CATKIN_DEVEL_PREFIX: /home/nick/aws-robomaker-sample-application-roverrobotics/robot_ws/build/robot_app/devel
-- Using CMAKE_PREFIX_PATH: /home/nick/MyApp/robot_ws/install/robot_app;/opt/ros/melodic
-- This workspace overlays: /opt/ros/melodic
-- Found PythonInterp: /usr/bin/python2 (found suitable version "2.7.15", minimum required is "2") 
-- Using PYTHON_EXECUTABLE: /usr/bin/python2
-- Using Debian Python package layout
-- Using empy: /usr/bin/empy
-- Using CATKIN_ENABLE_TESTING: ON
-- Call enable_testing()
-- Using CATKIN_TEST_RESULTS_DIR: /home/nick/aws-robomaker-sample-application-roverrobotics/robot_ws/build/robot_app/test_results
-- Found gmock sources under '/usr/src/googletest': gmock will be built
-- Found PythonInterp: /usr/bin/python2 (found version "2.7.15") 
-- Looking for pthread.h
-- Looking for pthread.h - found
-- Looking for pthread_create
-- Looking for pthread_create - not found
-- Looking for pthread_create in pthreads
-- Looking for pthread_create in pthreads - not found
-- Looking for pthread_create in pthread
-- Looking for pthread_create in pthread - found
-- Found Threads: TRUE  
-- Found gtest sources under '/usr/src/googletest': gtests will be built
-- Using Python nosetests: /usr/bin/nosetests-2.7
-- catkin 0.7.14
-- Configuring done
-- Generating done
-- Build files have been written to: /home/nick/aws-robomaker-sample-application-roverrobotics/robot_ws/build/robot_app
[35m[1mScanning dependencies of target tests[0m
Built target tests
[36mInstall the project...[0m
-- Install configuration: ""
+ cd /home/nick/aws-robomaker-sample-application-roverrobotics/robot_ws/src/robot_app
+ mkdir -p /home/nick/aws-robomaker-sample-application-roverrobotics/robot_ws/install/robot_app/lib/python2.7/dist-packages
+ /usr/bin/env PYTHONPATH=/home/nick/aws-robomaker-sample-application-roverrobotics/robot_ws/install/robot_app/lib/python2.7/dist-packages:/home/nick/aws-robomaker-sample-application-roverrobotics/robot_ws/build/robot_app/lib/python2.7/dist-packages:/home/nick/MyApp/robot_ws/install/robot_app/lib/python2.7/dist-packages:/opt/ros/melodic/lib/python2.7/dist-packages:/opt/ros/crystal/lib/python3.6/site-packages CATKIN_BINARY_DIR=/home/nick/aws-robomaker-sample-application-roverrobotics/robot_ws/build/robot_app /usr/bin/python2 /home/nick/aws-robomaker-sample-application-roverrobotics/robot_ws/src/robot_app/setup.py build --build-base /home/nick/aws-robomaker-sample-application-roverrobotics/robot_ws/build/robot_app install --install-layout=deb --prefix=/home/nick/aws-robomaker-sample-application-roverrobotics/robot_ws/install/robot_app --install-scripts=/home/nick/aws-robomaker-sample-application-roverrobotics/robot_ws/install/robot_app/bin
running build
running build_py
creating /home/nick/aws-robomaker-sample-application-roverrobotics/robot_ws/build/robot_app/lib.linux-x86_64-2.7
creating /home/nick/aws-robomaker-sample-application-roverrobotics/robot_ws/build/robot_app/lib.linux-x86_64-2.7/robot_app
copying src/robot_app/__init__.py -> /home/nick/aws-robomaker-sample-application-roverrobotics/robot_ws/build/robot_app/lib.linux-x86_64-2.7/robot_app
running install
running install_lib
creating /home/nick/aws-robomaker-sample-application-roverrobotics/robot_ws/install/robot_app/lib/python2.7/dist-packages/robot_app
copying /home/nick/aws-robomaker-sample-application-roverrobotics/robot_ws/build/robot_app/lib.linux-x86_64-2.7/robot_app/__init__.py -> /home/nick/aws-robomaker-sample-application-roverrobotics/robot_ws/install/robot_app/lib/python2.7/dist-packages/robot_app
byte-compiling /home/nick/aws-robomaker-sample-application-roverrobotics/robot_ws/install/robot_app/lib/python2.7/dist-packages/robot_app/__init__.py to __init__.pyc
running install_egg_info
Writing /home/nick/aws-robomaker-sample-application-roverrobotics/robot_ws/install/robot_app/lib/python2.7/dist-packages/robot_app-1.0.0.egg-info
-- Installing: /home/nick/aws-robomaker-sample-application-roverrobotics/robot_ws/install/robot_app/lib/pkgconfig/robot_app.pc
-- Installing: /home/nick/aws-robomaker-sample-application-roverrobotics/robot_ws/install/robot_app/share/robot_app/cmake/robot_appConfig.cmake
-- Installing: /home/nick/aws-robomaker-sample-application-roverrobotics/robot_ws/install/robot_app/share/robot_app/cmake/robot_appConfig-version.cmake
-- Installing: /home/nick/aws-robomaker-sample-application-roverrobotics/robot_ws/install/robot_app/share/robot_app/package.xml
-- Installing: /home/nick/aws-robomaker-sample-application-roverrobotics/robot_ws/install/robot_app/lib/robot_app/rotate.py
-- Installing: /home/nick/aws-robomaker-sample-application-roverrobotics/robot_ws/install/robot_app/share/robot_app/launch
-- Installing: /home/nick/aws-robomaker-sample-application-roverrobotics/robot_ws/install/robot_app/share/robot_app/launch/rotate.launch
