[0.457s] DEBUG:colcon:Command line arguments: ['/home/nick/.local/bin/colcon', 'build']
[0.457s] DEBUG:colcon:Parsed command line arguments: Namespace(ament_cmake_args=None, base_paths='.', build_base='build', catkin_cmake_args=None, catkin_skip_building_tests=False, cmake_args=None, cmake_clean_cache=False, cmake_clean_first=False, cmake_force_configure=False, cmake_target=None, cmake_target_skip_unavailable=False, continue_on_error=False, event_handlers=None, executor='parallel', ignore_user_meta=False, install_base='install', log_base='log', log_level=None, main=<bound method BuildVerb.main of <colcon_core.verb.build.BuildVerb object at 0x7f2c4dd0e208>>, merge_install=False, metas='./colcon.meta', packages_above=None, packages_end=None, packages_ignore=None, packages_ignore_regex=None, packages_select=None, packages_select_build_failed=False, packages_select_by_dep=None, packages_select_regex=None, packages_select_test_failures=False, packages_skip=None, packages_skip_build_finished=False, packages_skip_by_dep=None, packages_skip_regex=None, packages_skip_test_passed=False, packages_skip_up_to=None, packages_start=None, packages_up_to=None, parallel_workers=4, paths=None, symlink_install=False, test_result_base=None, verb_extension=<colcon_core.verb.build.BuildVerb object at 0x7f2c4dd0e208>, verb_name='build', verb_parser=<colcon_defaults.argument_parser.defaults.DefaultArgumentsDecorator object at 0x7f2c4d81cda0>)
[0.517s] Level 1:colcon.colcon_core.package_discovery:discover_packages(colcon_meta) check parameters
[0.517s] Level 1:colcon.colcon_core.package_discovery:discover_packages(recursive) check parameters
[0.517s] Level 1:colcon.colcon_core.package_discovery:discover_packages(ignore) check parameters
[0.517s] Level 1:colcon.colcon_core.package_discovery:discover_packages(path) check parameters
[0.517s] Level 1:colcon.colcon_core.package_discovery:discover_packages(recursive) discover
[0.518s] INFO:colcon.colcon_core.package_discovery:Crawling recursively for packages in '/home/nick/aws-robomaker-sample-application-roverrobotics/simulation_ws'
[0.518s] Level 1:colcon.colcon_core.package_identification:_identify(/home/nick/aws-robomaker-sample-application-roverrobotics/simulation_ws) by extensions ['ignore', 'ignore_ament_install']
[0.518s] Level 1:colcon.colcon_core.package_identification:_identify(/home/nick/aws-robomaker-sample-application-roverrobotics/simulation_ws) by extension 'ignore'
[0.518s] Level 1:colcon.colcon_core.package_identification:_identify(/home/nick/aws-robomaker-sample-application-roverrobotics/simulation_ws) by extension 'ignore_ament_install'
[0.518s] Level 1:colcon.colcon_core.package_identification:_identify(/home/nick/aws-robomaker-sample-application-roverrobotics/simulation_ws) by extensions ['colcon_pkg']
[0.518s] Level 1:colcon.colcon_core.package_identification:_identify(/home/nick/aws-robomaker-sample-application-roverrobotics/simulation_ws) by extension 'colcon_pkg'
[0.518s] Level 1:colcon.colcon_core.package_identification:_identify(/home/nick/aws-robomaker-sample-application-roverrobotics/simulation_ws) by extensions ['colcon_meta']
[0.518s] Level 1:colcon.colcon_core.package_identification:_identify(/home/nick/aws-robomaker-sample-application-roverrobotics/simulation_ws) by extension 'colcon_meta'
[0.518s] Level 1:colcon.colcon_core.package_identification:_identify(/home/nick/aws-robomaker-sample-application-roverrobotics/simulation_ws) by extensions ['ros']
[0.518s] Level 1:colcon.colcon_core.package_identification:_identify(/home/nick/aws-robomaker-sample-application-roverrobotics/simulation_ws) by extension 'ros'
[0.529s] Level 1:colcon.colcon_core.package_identification:_identify(/home/nick/aws-robomaker-sample-application-roverrobotics/simulation_ws) by extensions ['cmake', 'python']
[0.529s] Level 1:colcon.colcon_core.package_identification:_identify(/home/nick/aws-robomaker-sample-application-roverrobotics/simulation_ws) by extension 'cmake'
[0.529s] Level 1:colcon.colcon_core.package_identification:_identify(/home/nick/aws-robomaker-sample-application-roverrobotics/simulation_ws) by extension 'python'
[0.530s] Level 1:colcon.colcon_core.package_identification:_identify(/home/nick/aws-robomaker-sample-application-roverrobotics/simulation_ws) by extensions ['python_setup_py']
[0.530s] Level 1:colcon.colcon_core.package_identification:_identify(/home/nick/aws-robomaker-sample-application-roverrobotics/simulation_ws) by extension 'python_setup_py'
[0.530s] Level 1:colcon.colcon_core.package_identification:_identify(/home/nick/aws-robomaker-sample-application-roverrobotics/simulation_ws/build) by extensions ['ignore', 'ignore_ament_install']
[0.530s] Level 1:colcon.colcon_core.package_identification:_identify(/home/nick/aws-robomaker-sample-application-roverrobotics/simulation_ws/build) by extension 'ignore'
[0.530s] Level 1:colcon.colcon_core.package_identification:_identify(/home/nick/aws-robomaker-sample-application-roverrobotics/simulation_ws/build) ignored
[0.530s] Level 1:colcon.colcon_core.package_identification:_identify(/home/nick/aws-robomaker-sample-application-roverrobotics/simulation_ws/install) by extensions ['ignore', 'ignore_ament_install']
[0.530s] Level 1:colcon.colcon_core.package_identification:_identify(/home/nick/aws-robomaker-sample-application-roverrobotics/simulation_ws/install) by extension 'ignore'
[0.530s] Level 1:colcon.colcon_core.package_identification:_identify(/home/nick/aws-robomaker-sample-application-roverrobotics/simulation_ws/install) ignored
[0.530s] Level 1:colcon.colcon_core.package_identification:_identify(/home/nick/aws-robomaker-sample-application-roverrobotics/simulation_ws/log) by extensions ['ignore', 'ignore_ament_install']
[0.531s] Level 1:colcon.colcon_core.package_identification:_identify(/home/nick/aws-robomaker-sample-application-roverrobotics/simulation_ws/log) by extension 'ignore'
[0.531s] Level 1:colcon.colcon_core.package_identification:_identify(/home/nick/aws-robomaker-sample-application-roverrobotics/simulation_ws/log) ignored
[0.531s] Level 1:colcon.colcon_core.package_identification:_identify(/home/nick/aws-robomaker-sample-application-roverrobotics/simulation_ws/src) by extensions ['ignore', 'ignore_ament_install']
[0.531s] Level 1:colcon.colcon_core.package_identification:_identify(/home/nick/aws-robomaker-sample-application-roverrobotics/simulation_ws/src) by extension 'ignore'
[0.531s] Level 1:colcon.colcon_core.package_identification:_identify(/home/nick/aws-robomaker-sample-application-roverrobotics/simulation_ws/src) by extension 'ignore_ament_install'
[0.531s] Level 1:colcon.colcon_core.package_identification:_identify(/home/nick/aws-robomaker-sample-application-roverrobotics/simulation_ws/src) by extensions ['colcon_pkg']
[0.531s] Level 1:colcon.colcon_core.package_identification:_identify(/home/nick/aws-robomaker-sample-application-roverrobotics/simulation_ws/src) by extension 'colcon_pkg'
[0.531s] Level 1:colcon.colcon_core.package_identification:_identify(/home/nick/aws-robomaker-sample-application-roverrobotics/simulation_ws/src) by extensions ['colcon_meta']
[0.531s] Level 1:colcon.colcon_core.package_identification:_identify(/home/nick/aws-robomaker-sample-application-roverrobotics/simulation_ws/src) by extension 'colcon_meta'
[0.531s] Level 1:colcon.colcon_core.package_identification:_identify(/home/nick/aws-robomaker-sample-application-roverrobotics/simulation_ws/src) by extensions ['ros']
[0.531s] Level 1:colcon.colcon_core.package_identification:_identify(/home/nick/aws-robomaker-sample-application-roverrobotics/simulation_ws/src) by extension 'ros'
[0.532s] Level 1:colcon.colcon_core.package_identification:_identify(/home/nick/aws-robomaker-sample-application-roverrobotics/simulation_ws/src) by extensions ['cmake', 'python']
[0.532s] Level 1:colcon.colcon_core.package_identification:_identify(/home/nick/aws-robomaker-sample-application-roverrobotics/simulation_ws/src) by extension 'cmake'
[0.532s] Level 1:colcon.colcon_core.package_identification:_identify(/home/nick/aws-robomaker-sample-application-roverrobotics/simulation_ws/src) by extension 'python'
[0.532s] Level 1:colcon.colcon_core.package_identification:_identify(/home/nick/aws-robomaker-sample-application-roverrobotics/simulation_ws/src) by extensions ['python_setup_py']
[0.532s] Level 1:colcon.colcon_core.package_identification:_identify(/home/nick/aws-robomaker-sample-application-roverrobotics/simulation_ws/src) by extension 'python_setup_py'
[0.532s] Level 1:colcon.colcon_core.package_identification:_identify(/home/nick/aws-robomaker-sample-application-roverrobotics/simulation_ws/src/simulation_app) by extensions ['ignore', 'ignore_ament_install']
[0.532s] Level 1:colcon.colcon_core.package_identification:_identify(/home/nick/aws-robomaker-sample-application-roverrobotics/simulation_ws/src/simulation_app) by extension 'ignore'
[0.532s] Level 1:colcon.colcon_core.package_identification:_identify(/home/nick/aws-robomaker-sample-application-roverrobotics/simulation_ws/src/simulation_app) by extension 'ignore_ament_install'
[0.532s] Level 1:colcon.colcon_core.package_identification:_identify(/home/nick/aws-robomaker-sample-application-roverrobotics/simulation_ws/src/simulation_app) by extensions ['colcon_pkg']
[0.532s] Level 1:colcon.colcon_core.package_identification:_identify(/home/nick/aws-robomaker-sample-application-roverrobotics/simulation_ws/src/simulation_app) by extension 'colcon_pkg'
[0.532s] Level 1:colcon.colcon_core.package_identification:_identify(/home/nick/aws-robomaker-sample-application-roverrobotics/simulation_ws/src/simulation_app) by extensions ['colcon_meta']
[0.533s] Level 1:colcon.colcon_core.package_identification:_identify(/home/nick/aws-robomaker-sample-application-roverrobotics/simulation_ws/src/simulation_app) by extension 'colcon_meta'
[0.533s] Level 1:colcon.colcon_core.package_identification:_identify(/home/nick/aws-robomaker-sample-application-roverrobotics/simulation_ws/src/simulation_app) by extensions ['ros']
[0.533s] Level 1:colcon.colcon_core.package_identification:_identify(/home/nick/aws-robomaker-sample-application-roverrobotics/simulation_ws/src/simulation_app) by extension 'ros'
[0.535s] DEBUG:colcon.colcon_core.package_identification:Package '/home/nick/aws-robomaker-sample-application-roverrobotics/simulation_ws/src/simulation_app' with type 'ros.catkin' and name 'simulation_app'
[0.535s] Level 1:colcon.colcon_core.package_discovery:discover_packages(recursive) using defaults
[0.554s] Level 5:colcon.colcon_core.verb:set package 'simulation_app' build argument 'cmake_args' from command line to 'None'
[0.554s] Level 5:colcon.colcon_core.verb:set package 'simulation_app' build argument 'cmake_target' from command line to 'None'
[0.554s] Level 5:colcon.colcon_core.verb:set package 'simulation_app' build argument 'cmake_target_skip_unavailable' from command line to 'False'
[0.554s] Level 5:colcon.colcon_core.verb:set package 'simulation_app' build argument 'cmake_clean_cache' from command line to 'False'
[0.554s] Level 5:colcon.colcon_core.verb:set package 'simulation_app' build argument 'cmake_clean_first' from command line to 'False'
[0.554s] Level 5:colcon.colcon_core.verb:set package 'simulation_app' build argument 'cmake_force_configure' from command line to 'False'
[0.554s] Level 5:colcon.colcon_core.verb:set package 'simulation_app' build argument 'ament_cmake_args' from command line to 'None'
[0.554s] Level 5:colcon.colcon_core.verb:set package 'simulation_app' build argument 'catkin_cmake_args' from command line to 'None'
[0.554s] Level 5:colcon.colcon_core.verb:set package 'simulation_app' build argument 'catkin_skip_building_tests' from command line to 'False'
[0.554s] DEBUG:colcon.colcon_core.verb:Building package 'simulation_app' with the following arguments: {'ament_cmake_args': None, 'build_base': '/home/nick/aws-robomaker-sample-application-roverrobotics/simulation_ws/build/simulation_app', 'catkin_cmake_args': None, 'catkin_skip_building_tests': False, 'cmake_args': None, 'cmake_clean_cache': False, 'cmake_clean_first': False, 'cmake_force_configure': False, 'cmake_target': None, 'cmake_target_skip_unavailable': False, 'install_base': '/home/nick/aws-robomaker-sample-application-roverrobotics/simulation_ws/install/simulation_app', 'merge_install': False, 'path': '/home/nick/aws-robomaker-sample-application-roverrobotics/simulation_ws/src/simulation_app', 'symlink_install': False, 'test_result_base': None}
[0.567s] INFO:colcon.colcon_core.executor:Executing jobs using 'parallel' executor
[0.568s] DEBUG:colcon.colcon_parallel_executor.executor.parallel:run_until_complete
[0.569s] INFO:colcon.colcon_ros.task.catkin.build:Building ROS package in '/home/nick/aws-robomaker-sample-application-roverrobotics/simulation_ws/src/simulation_app' with build type 'catkin'
[0.569s] INFO:colcon.colcon_cmake.task.cmake.build:Building CMake package in '/home/nick/aws-robomaker-sample-application-roverrobotics/simulation_ws/src/simulation_app'
[0.578s] INFO:colcon.colcon_core.plugin_system:Skipping extension 'colcon_core.shell.bat': Not used on non-Windows systems
[0.578s] INFO:colcon.colcon_core.shell:Skip shell extension 'powershell' for command environment: Not usable outside of PowerShell
[0.584s] WARNING:colcon.colcon_ros.prefix_path.catkin:The path '/opt/ros/melodic' in the environment variable CMAKE_PREFIX_PATH seems to be a catkin workspace but it doesn't contain any 'local_setup.*' files. Maybe the catkin version is not up-to-date?
[0.595s] DEBUG:colcon.colcon_core.event_handler.log_command:Invoking command in '/home/nick/aws-robomaker-sample-application-roverrobotics/simulation_ws/build/simulation_app': /usr/bin/cmake --build /home/nick/aws-robomaker-sample-application-roverrobotics/simulation_ws/build/simulation_app -- -j4 -l4
[0.640s] DEBUG:colcon.colcon_core.event_handler.log_command:Invoked command in '/home/nick/aws-robomaker-sample-application-roverrobotics/simulation_ws/build/simulation_app' returned '0': /usr/bin/cmake --build /home/nick/aws-robomaker-sample-application-roverrobotics/simulation_ws/build/simulation_app -- -j4 -l4
[0.710s] DEBUG:colcon.colcon_core.event_handler.log_command:Invoking command in '/home/nick/aws-robomaker-sample-application-roverrobotics/simulation_ws/build/simulation_app': /usr/bin/cmake --build /home/nick/aws-robomaker-sample-application-roverrobotics/simulation_ws/build/simulation_app --target tests -- -j4 -l4
[0.787s] DEBUG:colcon.colcon_core.event_handler.log_command:Invoked command in '/home/nick/aws-robomaker-sample-application-roverrobotics/simulation_ws/build/simulation_app' returned '0': /usr/bin/cmake --build /home/nick/aws-robomaker-sample-application-roverrobotics/simulation_ws/build/simulation_app --target tests -- -j4 -l4
[0.868s] DEBUG:colcon.colcon_core.event_handler.log_command:Invoking command in '/home/nick/aws-robomaker-sample-application-roverrobotics/simulation_ws/build/simulation_app': /usr/bin/cmake --build /home/nick/aws-robomaker-sample-application-roverrobotics/simulation_ws/build/simulation_app --target install
[0.953s] Level 1:colcon.colcon_core.shell:create_environment_hook('simulation_app', 'ros_package_path')
[0.961s] INFO:colcon.colcon_core.shell:Creating environment hook '/home/nick/aws-robomaker-sample-application-roverrobotics/simulation_ws/install/simulation_app/share/simulation_app/hook/ros_package_path.ps1'
[0.962s] INFO:colcon.colcon_core.shell:Creating environment hook '/home/nick/aws-robomaker-sample-application-roverrobotics/simulation_ws/install/simulation_app/share/simulation_app/hook/ros_package_path.sh'
[0.964s] Level 1:colcon.colcon_ros.task.catkin:checking '/home/nick/aws-robomaker-sample-application-roverrobotics/simulation_ws/install/simulation_app/lib/python2.7/dist-packages'
[0.964s] Level 1:colcon.colcon_ros.task.catkin:checking '/home/nick/aws-robomaker-sample-application-roverrobotics/simulation_ws/install/simulation_app/lib/python2.7/site-packages'
[0.972s] Level 1:colcon.colcon_core.environment:create_environment_scripts_only(simulation_app)
[0.985s] Level 1:colcon.colcon_core.environment:checking '/home/nick/aws-robomaker-sample-application-roverrobotics/simulation_ws/install/simulation_app' for CMake module files
[0.986s] Level 1:colcon.colcon_core.environment:checking '/home/nick/aws-robomaker-sample-application-roverrobotics/simulation_ws/install/simulation_app' for CMake config files
[0.994s] Level 1:colcon.colcon_core.shell:create_environment_hook('simulation_app', 'cmake_prefix_path')
[0.998s] INFO:colcon.colcon_core.shell:Creating environment hook '/home/nick/aws-robomaker-sample-application-roverrobotics/simulation_ws/install/simulation_app/share/simulation_app/hook/cmake_prefix_path.ps1'
[0.999s] INFO:colcon.colcon_core.shell:Creating environment hook '/home/nick/aws-robomaker-sample-application-roverrobotics/simulation_ws/install/simulation_app/share/simulation_app/hook/cmake_prefix_path.sh'
[1.000s] Level 1:colcon.colcon_core.environment:checking '/home/nick/aws-robomaker-sample-application-roverrobotics/simulation_ws/install/simulation_app/lib'
[1.000s] Level 1:colcon.colcon_core.environment:checking '/home/nick/aws-robomaker-sample-application-roverrobotics/simulation_ws/install/simulation_app/bin'
[1.001s] Level 1:colcon.colcon_core.environment:checking '/home/nick/aws-robomaker-sample-application-roverrobotics/simulation_ws/install/simulation_app/lib/pkgconfig/simulation_app.pc'
[1.001s] Level 1:colcon.colcon_core.shell:create_environment_hook('simulation_app', 'pkg_config')
[1.005s] INFO:colcon.colcon_core.shell:Creating environment hook '/home/nick/aws-robomaker-sample-application-roverrobotics/simulation_ws/install/simulation_app/share/simulation_app/hook/pkg_config.ps1'
[1.006s] INFO:colcon.colcon_core.shell:Creating environment hook '/home/nick/aws-robomaker-sample-application-roverrobotics/simulation_ws/install/simulation_app/share/simulation_app/hook/pkg_config.sh'
[1.007s] Level 1:colcon.colcon_core.environment:checking '/home/nick/aws-robomaker-sample-application-roverrobotics/simulation_ws/install/simulation_app/lib/python3.6/site-packages'
[1.012s] INFO:colcon.colcon_core.shell:Creating package script '/home/nick/aws-robomaker-sample-application-roverrobotics/simulation_ws/install/simulation_app/share/simulation_app/package.ps1'
[1.013s] INFO:colcon.colcon_core.shell:Creating package script '/home/nick/aws-robomaker-sample-application-roverrobotics/simulation_ws/install/simulation_app/share/simulation_app/package.sh'
[1.014s] INFO:colcon.colcon_core.shell:Creating package script '/home/nick/aws-robomaker-sample-application-roverrobotics/simulation_ws/install/simulation_app/share/simulation_app/package.bash'
[1.015s] INFO:colcon.colcon_core.shell:Creating package script '/home/nick/aws-robomaker-sample-application-roverrobotics/simulation_ws/install/simulation_app/share/simulation_app/package.zsh'
[1.016s] Level 1:colcon.colcon_core.environment:create_file_with_runtime_dependencies(/home/nick/aws-robomaker-sample-application-roverrobotics/simulation_ws/install/simulation_app/share/colcon-core/packages/simulation_app)
[1.017s] DEBUG:colcon.colcon_parallel_executor.executor.parallel:closing loop
[1.017s] DEBUG:colcon.colcon_parallel_executor.executor.parallel:loop closed
[1.017s] DEBUG:colcon.colcon_parallel_executor.executor.parallel:run_until_complete finished with '0'
[1.017s] DEBUG:colcon.colcon_core.event_reactor:joining thread
[1.035s] DEBUG:colcon.colcon_core.event_handler.log_command:Invoked command in '/home/nick/aws-robomaker-sample-application-roverrobotics/simulation_ws/build/simulation_app' returned '0': /usr/bin/cmake --build /home/nick/aws-robomaker-sample-application-roverrobotics/simulation_ws/build/simulation_app --target install
[1.046s] INFO:colcon.colcon_core.plugin_system:Skipping extension 'colcon_notification.desktop_notification.terminal_notifier': Not used on non-Darwin systems
[1.046s] INFO:colcon.colcon_core.plugin_system:Skipping extension 'colcon_notification.desktop_notification.win32': Not used on non-Windows systems
[1.046s] INFO:colcon.colcon_notification.desktop_notification:Sending desktop notification using 'notify2'
[1.049s] DEBUG:colcon.colcon_core.event_reactor:joined thread
[1.055s] INFO:colcon.colcon_core.shell:Creating prefix script '/home/nick/aws-robomaker-sample-application-roverrobotics/simulation_ws/install/local_setup.ps1'
[1.056s] INFO:colcon.colcon_core.shell:Creating prefix chain script '/home/nick/aws-robomaker-sample-application-roverrobotics/simulation_ws/install/setup.ps1'
[1.061s] INFO:colcon.colcon_core.shell:Creating prefix script '/home/nick/aws-robomaker-sample-application-roverrobotics/simulation_ws/install/local_setup.sh'
[1.063s] INFO:colcon.colcon_core.shell:Creating prefix chain script '/home/nick/aws-robomaker-sample-application-roverrobotics/simulation_ws/install/setup.sh'
[1.068s] INFO:colcon.colcon_core.shell:Creating prefix script '/home/nick/aws-robomaker-sample-application-roverrobotics/simulation_ws/install/local_setup.bash'
[1.069s] INFO:colcon.colcon_core.shell:Creating prefix chain script '/home/nick/aws-robomaker-sample-application-roverrobotics/simulation_ws/install/setup.bash'
[1.074s] INFO:colcon.colcon_core.shell:Creating prefix script '/home/nick/aws-robomaker-sample-application-roverrobotics/simulation_ws/install/local_setup.zsh'
[1.075s] INFO:colcon.colcon_core.shell:Creating prefix chain script '/home/nick/aws-robomaker-sample-application-roverrobotics/simulation_ws/install/setup.zsh'
