Determining if the pthread_create exist failed with the following output:
Change Dir: /home/nick/aws-robomaker-sample-application-roverrobotics/robot_ws/build/localization/CMakeFiles/CMakeTmp

Run Build Command:"/usr/bin/make" "cmTC_aad15/fast"
/usr/bin/make -f CMakeFiles/cmTC_aad15.dir/build.make CMakeFiles/cmTC_aad15.dir/build
make[1]: Entering directory '/home/nick/aws-robomaker-sample-application-roverrobotics/robot_ws/build/localization/CMakeFiles/CMakeTmp'
Building C object CMakeFiles/cmTC_aad15.dir/CheckSymbolExists.c.o
/usr/bin/cc    -o CMakeFiles/cmTC_aad15.dir/CheckSymbolExists.c.o   -c /home/nick/aws-robomaker-sample-application-roverrobotics/robot_ws/build/localization/CMakeFiles/CMakeTmp/CheckSymbolExists.c
Linking C executable cmTC_aad15
/usr/bin/cmake -E cmake_link_script CMakeFiles/cmTC_aad15.dir/link.txt --verbose=1
/usr/bin/cc      -rdynamic CMakeFiles/cmTC_aad15.dir/CheckSymbolExists.c.o  -o cmTC_aad15 
CMakeFiles/cmTC_aad15.dir/CheckSymbolExists.c.o: In function `main':
CheckSymbolExists.c:(.text+0x1b): undefined reference to `pthread_create'
collect2: error: ld returned 1 exit status
CMakeFiles/cmTC_aad15.dir/build.make:97: recipe for target 'cmTC_aad15' failed
make[1]: *** [cmTC_aad15] Error 1
make[1]: Leaving directory '/home/nick/aws-robomaker-sample-application-roverrobotics/robot_ws/build/localization/CMakeFiles/CMakeTmp'
Makefile:126: recipe for target 'cmTC_aad15/fast' failed
make: *** [cmTC_aad15/fast] Error 2

File /home/nick/aws-robomaker-sample-application-roverrobotics/robot_ws/build/localization/CMakeFiles/CMakeTmp/CheckSymbolExists.c:
/* */
#include <pthread.h>

int main(int argc, char** argv)
{
  (void)argv;
#ifndef pthread_create
  return ((int*)(&pthread_create))[argc];
#else
  (void)argc;
  return 0;
#endif
}

Determining if the function pthread_create exists in the pthreads failed with the following output:
Change Dir: /home/nick/aws-robomaker-sample-application-roverrobotics/robot_ws/build/localization/CMakeFiles/CMakeTmp

Run Build Command:"/usr/bin/make" "cmTC_55903/fast"
/usr/bin/make -f CMakeFiles/cmTC_55903.dir/build.make CMakeFiles/cmTC_55903.dir/build
make[1]: Entering directory '/home/nick/aws-robomaker-sample-application-roverrobotics/robot_ws/build/localization/CMakeFiles/CMakeTmp'
Building C object CMakeFiles/cmTC_55903.dir/CheckFunctionExists.c.o
/usr/bin/cc   -DCHECK_FUNCTION_EXISTS=pthread_create   -o CMakeFiles/cmTC_55903.dir/CheckFunctionExists.c.o   -c /usr/share/cmake-3.10/Modules/CheckFunctionExists.c
Linking C executable cmTC_55903
/usr/bin/cmake -E cmake_link_script CMakeFiles/cmTC_55903.dir/link.txt --verbose=1
/usr/bin/cc  -DCHECK_FUNCTION_EXISTS=pthread_create    -rdynamic CMakeFiles/cmTC_55903.dir/CheckFunctionExists.c.o  -o cmTC_55903 -lpthreads 
/usr/bin/ld: cannot find -lpthreads
collect2: error: ld returned 1 exit status
CMakeFiles/cmTC_55903.dir/build.make:97: recipe for target 'cmTC_55903' failed
make[1]: *** [cmTC_55903] Error 1
make[1]: Leaving directory '/home/nick/aws-robomaker-sample-application-roverrobotics/robot_ws/build/localization/CMakeFiles/CMakeTmp'
Makefile:126: recipe for target 'cmTC_55903/fast' failed
make: *** [cmTC_55903/fast] Error 2


