Invoking command in '/home/nick/aws-robomaker-sample-application-roverrobotics/robot_ws/build/bno055_usb_stick': CMAKE_PREFIX_PATH=/home/nick/aws-robomaker-sample-application-roverrobotics/robot_ws/install/bno055_usb_stick_msgs:${CMAKE_PREFIX_PATH} PKG_CONFIG_PATH=/home/nick/aws-robomaker-sample-application-roverrobotics/robot_ws/install/bno055_usb_stick_msgs/lib/pkgconfig:${PKG_CONFIG_PATH} PYTHONPATH=/home/nick/aws-robomaker-sample-application-roverrobotics/robot_ws/install/bno055_usb_stick_msgs/lib/python2.7/dist-packages:${PYTHONPATH} ROS_PACKAGE_PATH=/home/nick/aws-robomaker-sample-application-roverrobotics/robot_ws/install/bno055_usb_stick_msgs/share:${ROS_PACKAGE_PATH} /usr/bin/cmake --build /home/nick/aws-robomaker-sample-application-roverrobotics/robot_ws/build/bno055_usb_stick -- -j4 -l4
[  0%] Built target bno055_usb_stick_msgs_generate_messages_cpp
[100%] Built target bno055_usb_stick_node
Invoked command in '/home/nick/aws-robomaker-sample-application-roverrobotics/robot_ws/build/bno055_usb_stick' returned '0': CMAKE_PREFIX_PATH=/home/nick/aws-robomaker-sample-application-roverrobotics/robot_ws/install/bno055_usb_stick_msgs:${CMAKE_PREFIX_PATH} PKG_CONFIG_PATH=/home/nick/aws-robomaker-sample-application-roverrobotics/robot_ws/install/bno055_usb_stick_msgs/lib/pkgconfig:${PKG_CONFIG_PATH} PYTHONPATH=/home/nick/aws-robomaker-sample-application-roverrobotics/robot_ws/install/bno055_usb_stick_msgs/lib/python2.7/dist-packages:${PYTHONPATH} ROS_PACKAGE_PATH=/home/nick/aws-robomaker-sample-application-roverrobotics/robot_ws/install/bno055_usb_stick_msgs/share:${ROS_PACKAGE_PATH} /usr/bin/cmake --build /home/nick/aws-robomaker-sample-application-roverrobotics/robot_ws/build/bno055_usb_stick -- -j4 -l4
Invoking command in '/home/nick/aws-robomaker-sample-application-roverrobotics/robot_ws/build/bno055_usb_stick': CMAKE_PREFIX_PATH=/home/nick/aws-robomaker-sample-application-roverrobotics/robot_ws/install/bno055_usb_stick_msgs:${CMAKE_PREFIX_PATH} PKG_CONFIG_PATH=/home/nick/aws-robomaker-sample-application-roverrobotics/robot_ws/install/bno055_usb_stick_msgs/lib/pkgconfig:${PKG_CONFIG_PATH} PYTHONPATH=/home/nick/aws-robomaker-sample-application-roverrobotics/robot_ws/install/bno055_usb_stick_msgs/lib/python2.7/dist-packages:${PYTHONPATH} ROS_PACKAGE_PATH=/home/nick/aws-robomaker-sample-application-roverrobotics/robot_ws/install/bno055_usb_stick_msgs/share:${ROS_PACKAGE_PATH} /usr/bin/cmake --build /home/nick/aws-robomaker-sample-application-roverrobotics/robot_ws/build/bno055_usb_stick --target tests -- -j4 -l4
[35m[1mScanning dependencies of target tests[0m
Built target tests
Invoked command in '/home/nick/aws-robomaker-sample-application-roverrobotics/robot_ws/build/bno055_usb_stick' returned '0': CMAKE_PREFIX_PATH=/home/nick/aws-robomaker-sample-application-roverrobotics/robot_ws/install/bno055_usb_stick_msgs:${CMAKE_PREFIX_PATH} PKG_CONFIG_PATH=/home/nick/aws-robomaker-sample-application-roverrobotics/robot_ws/install/bno055_usb_stick_msgs/lib/pkgconfig:${PKG_CONFIG_PATH} PYTHONPATH=/home/nick/aws-robomaker-sample-application-roverrobotics/robot_ws/install/bno055_usb_stick_msgs/lib/python2.7/dist-packages:${PYTHONPATH} ROS_PACKAGE_PATH=/home/nick/aws-robomaker-sample-application-roverrobotics/robot_ws/install/bno055_usb_stick_msgs/share:${ROS_PACKAGE_PATH} /usr/bin/cmake --build /home/nick/aws-robomaker-sample-application-roverrobotics/robot_ws/build/bno055_usb_stick --target tests -- -j4 -l4
Invoking command in '/home/nick/aws-robomaker-sample-application-roverrobotics/robot_ws/build/bno055_usb_stick': CMAKE_PREFIX_PATH=/home/nick/aws-robomaker-sample-application-roverrobotics/robot_ws/install/bno055_usb_stick_msgs:${CMAKE_PREFIX_PATH} PKG_CONFIG_PATH=/home/nick/aws-robomaker-sample-application-roverrobotics/robot_ws/install/bno055_usb_stick_msgs/lib/pkgconfig:${PKG_CONFIG_PATH} PYTHONPATH=/home/nick/aws-robomaker-sample-application-roverrobotics/robot_ws/install/bno055_usb_stick_msgs/lib/python2.7/dist-packages:${PYTHONPATH} ROS_PACKAGE_PATH=/home/nick/aws-robomaker-sample-application-roverrobotics/robot_ws/install/bno055_usb_stick_msgs/share:${ROS_PACKAGE_PATH} /usr/bin/cmake --build /home/nick/aws-robomaker-sample-application-roverrobotics/robot_ws/build/bno055_usb_stick --target install
[  0%] Built target bno055_usb_stick_msgs_generate_messages_cpp
[100%] Built target bno055_usb_stick_node
[36mInstall the project...[0m
-- Install configuration: ""
-- Installing: /home/nick/aws-robomaker-sample-application-roverrobotics/robot_ws/install/bno055_usb_stick/lib/pkgconfig/bno055_usb_stick.pc
-- Installing: /home/nick/aws-robomaker-sample-application-roverrobotics/robot_ws/install/bno055_usb_stick/share/bno055_usb_stick/cmake/bno055_usb_stickConfig.cmake
-- Installing: /home/nick/aws-robomaker-sample-application-roverrobotics/robot_ws/install/bno055_usb_stick/share/bno055_usb_stick/cmake/bno055_usb_stickConfig-version.cmake
-- Installing: /home/nick/aws-robomaker-sample-application-roverrobotics/robot_ws/install/bno055_usb_stick/share/bno055_usb_stick/package.xml
-- Installing: /home/nick/aws-robomaker-sample-application-roverrobotics/robot_ws/install/bno055_usb_stick/lib/bno055_usb_stick/bno055_usb_stick_node
-- Set runtime path of "/home/nick/aws-robomaker-sample-application-roverrobotics/robot_ws/install/bno055_usb_stick/lib/bno055_usb_stick/bno055_usb_stick_node" to ""
-- Installing: /home/nick/aws-robomaker-sample-application-roverrobotics/robot_ws/install/bno055_usb_stick/include/bno055_usb_stick
-- Installing: /home/nick/aws-robomaker-sample-application-roverrobotics/robot_ws/install/bno055_usb_stick/include/bno055_usb_stick/constants.hpp
-- Installing: /home/nick/aws-robomaker-sample-application-roverrobotics/robot_ws/install/bno055_usb_stick/include/bno055_usb_stick/bno055_usb_stick.hpp
-- Installing: /home/nick/aws-robomaker-sample-application-roverrobotics/robot_ws/install/bno055_usb_stick/include/bno055_usb_stick/decoder.hpp
-- Installing: /home/nick/aws-robomaker-sample-application-roverrobotics/robot_ws/install/bno055_usb_stick/include/bno055_usb_stick/match_conditions.hpp
Invoked command in '/home/nick/aws-robomaker-sample-application-roverrobotics/robot_ws/build/bno055_usb_stick' returned '0': CMAKE_PREFIX_PATH=/home/nick/aws-robomaker-sample-application-roverrobotics/robot_ws/install/bno055_usb_stick_msgs:${CMAKE_PREFIX_PATH} PKG_CONFIG_PATH=/home/nick/aws-robomaker-sample-application-roverrobotics/robot_ws/install/bno055_usb_stick_msgs/lib/pkgconfig:${PKG_CONFIG_PATH} PYTHONPATH=/home/nick/aws-robomaker-sample-application-roverrobotics/robot_ws/install/bno055_usb_stick_msgs/lib/python2.7/dist-packages:${PYTHONPATH} ROS_PACKAGE_PATH=/home/nick/aws-robomaker-sample-application-roverrobotics/robot_ws/install/bno055_usb_stick_msgs/share:${ROS_PACKAGE_PATH} /usr/bin/cmake --build /home/nick/aws-robomaker-sample-application-roverrobotics/robot_ws/build/bno055_usb_stick --target install
